<?xml version="1.0" encoding="utf-8"?>
<TestRun id="a06b1a38-a225-4f08-a619-eb55cf28e5f8" name="ADMIN@DESKTOP-F8U90NP 2026-09-04 17:56:34" runUser="DESKTOP-F8U90NP\CodexSandboxOffline" xmlns="http://microsoft.com/schemas/VisualStudio/TeamTest/2010">
  <Times creation="2026-09-04T17:56:34.6610622+07:00" queuing="2026-09-04T17:56:34.6610628+07:00" start="2026-09-04T17:56:34.0640476+07:00" finish="2026-09-04T17:56:42.1671035+07:00" />
  <TestSettings name="default" id="352f12d7-c9d9-4943-b426-b11e5e815fa3">
    <Deployment runDeploymentRoot="ADMIN_DESKTOP-F8U90NP_2026-09-04_17_56_34" />
  </TestSettings>
  <Results>
    <UnitTestResult executionId="c6f07d20-857a-43b8-9d81-58e0807f55e0" testId="f06715ed-0f15-c460-7dde-c3ac4dcb7099" testName="AISAM.IntegrationTests.ExecutionSecurityTests.BackgroundCredit_UsesCapturedTeamAfterTransfer_AndSeparatesSystemAudit" computerName="DESKTOP-F8U90NP" duration="00:00:00.2477564" startTime="2026-09-04T17:56:36.9380211+07:00" endTime="2026-09-04T17:56:36.9380212+07:00" testType="13cdc9d9-ddb5-4fa4-a97d-d965ccfc6d4b" outcome="Passed" testListId="8c84fa94-04c1-424b-9868-57a2d4851a1d" relativeResultsDirectory="c6f07d20-857a-43b8-9d81-58e0807f55e0" />
    <UnitTestResult executionId="696cb52a-9383-4530-9853-22ed31137dfb" testId="69f1a899-8e5c-2476-208b-7790927a1732" testName="AISAM.IntegrationTests.WorkspaceMemberServiceTests.TransferOwnershipAsync_RejectsNonOwnerNonManagerAndLimitedWorkspace" computerName="DESKTOP-F8U90NP" duration="00:00:01.1519361" startTime="2026-09-04T17:56:35.8129301+07:00" endTime="2026-09-04T17:56:35.8129301+07:00" testType="13cdc9d9-ddb5-4fa4-a97d-d965ccfc6d4b" outcome="Passed" testListId="8c84fa94-04c1-424b-9868-57a2d4851a1d" relativeResultsDirectory="696cb52a-9383-4530-9853-22ed31137dfb" />
    <UnitTestResult executionId="e696326e-6282-4256-b81b-8af14ab85a9a" testId="dda59a3f-8bae-28f5-98bb-019399b89736" testName="AISAM.IntegrationTests.SocialServiceTests.GetAuthUrlAsync_CreatesStateForActiveProfile" computerName="DESKTOP-F8U90NP" duration="00:00:00.0018886" startTime="2026-09-04T17:56:34.6602053+07:00" endTime="2026-09-04T17:56:34.6602056+07:00" testType="13cdc9d9-ddb5-4fa4-a97d-d965ccfc6d4b" outcome="Passed" testListId="8c84fa94-04c1-424b-9868-57a2d4851a1d" relativeResultsDirectory="e696326e-6282-4256-b81b-8af14ab85a9a" />
    <UnitTestResult executionId="cb13c6a3-e345-4dbe-baf1-62fd7bc1399f" testId="225921e3-e63b-c818-b933-3d335a30c92b" testName="AISAM.IntegrationTests.WorkspaceLifecyclePolicyTests.SynchronizeStatus_AppliesBusinessExpirationLifecycle(expirationOffsetDays: -181, expected: EligibleForDeletion)" computerName="DESKTOP-F8U90NP" duration="00:00:00.0033910" startTime="2026-09-04T17:56:34.7134749+07:00" endTime="2026-09-04T17:56:34.7134750+07:00" testType="13cdc9d9-ddb5-4fa4-a97d-d965ccfc6d4b" outcome="Passed" testListId="8c84fa94-04c1-424b-9868-57a2d4851a1d" relativeResultsDirectory="cb13c6a3-e345-4dbe-baf1-62fd7bc1399f" />
    <UnitTestResult executionId="a1cd121b-9d8d-4d49-92b0-cacffa69c6df" testId="7111bbc3-460d-aaac-1ed1-9929d2e02fe1" testName="AISAM.IntegrationTests.ActiveWorkspaceMiddlewareTests.InvokeAsync_AllowsContentWritersToCreateAndSubmit(role: ContentCreator, path: &quot;/api/content/11111111-1111-1111-1111-111111111111/&quot;···)" computerName="DESKTOP-F8U90NP" duration="00:00:00.0005090" startTime="2026-09-04T17:56:34.7915405+07:00" endTime="2026-09-04T17:56:34.7915406+07:00" testType="13cdc9d9-ddb5-4fa4-a97d-d965ccfc6d4b" outcome="Passed" testListId="8c84fa94-04c1-424b-9868-57a2d4851a1d" relativeResultsDirectory="a1cd121b-9d8d-4d49-92b0-cacffa69c6df" />
    <UnitTestResult executionId="3fbd6447-f3c2-4b21-a802-5a6d45da2ef1" testId="85cb1fab-2213-dff1-dafa-232b9d2424ba" testName="AISAM.IntegrationTests.ContentServiceTests.CreateAsync_UsesActiveProfile_WhenBrandBelongsToProfile" computerName="DESKTOP-F8U90NP" duration="00:00:00.0008683" startTime="2026-09-04T17:56:35.7908944+07:00" endTime="2026-09-04T17:56:35.7908946+07:00" testType="13cdc9d9-ddb5-4fa4-a97d-d965ccfc6d4b" outcome="Passed" testListId="8c84fa94-04c1-424b-9868-57a2d4851a1d" relativeResultsDirectory="3fbd6447-f3c2-4b21-a802-5a6d45da2ef1" />
    <UnitTestResult executionId="bb270c76-c09b-496c-b876-8ea28899d076" testId="af2fa528-cdcb-8264-2e33-fc78ad33bd29" testName="AISAM.IntegrationTests.PaymentRepositoryTests.GetCurrentActiveByWorkspaceIdAsync_ReturnsOnlyWorkspaceSubscription" computerName="DESKTOP-F8U90NP" duration="00:00:00.0073320" startTime="2026-09-04T17:56:36.2231025+07:00" endTime="2026-09-04T17:56:36.2231026+07:00" testType="13cdc9d9-ddb5-4fa4-a97d-d965ccfc6d4b" outcome="Passed" testListId="8c84fa94-04c1-424b-9868-57a2d4851a1d" relativeResultsDirectory="bb270c76-c09b-496c-b876-8ea28899d076" />
    <UnitTestResult executionId="03fd0de0-cabd-498d-b399-04f52207d7e5" testId="7768c943-a536-890b-c3fa-414589060ae3" testName="AISAM.IntegrationTests.PostsControllerTests.GetById_ReturnsServiceStatusCode_WhenPostBelongsToAnotherProfile" computerName="DESKTOP-F8U90NP" duration="00:00:00.0030276" startTime="2026-09-04T17:56:34.6422131+07:00" endTime="2026-09-04T17:56:34.6422132+07:00" testType="13cdc9d9-ddb5-4fa4-a97d-d965ccfc6d4b" outcome="Passed" testListId="8c84fa94-04c1-424b-9868-57a2d4851a1d" relativeResultsDirectory="03fd0de0-cabd-498d-b399-04f52207d7e5" />
    <UnitTestResult executionId="e62649bf-6e64-4cea-8c6b-93202cde3b3a" testId="8e7eedd9-4d5e-8021-8f8f-5824584c7a32" testName="AISAM.IntegrationTests.ActiveWorkspaceMiddlewareTests.InvokeAsync_DoesNotRequireWorkspaceHeader_ForPaymentProviderRoutes(path: &quot;/api/payment/webhook&quot;)" computerName="DESKTOP-F8U90NP" duration="00:00:00.0004317" startTime="2026-09-04T17:56:34.7966875+07:00" endTime="2026-09-04T17:56:34.7966877+07:00" testType="13cdc9d9-ddb5-4fa4-a97d-d965ccfc6d4b" outcome="Passed" testListId="8c84fa94-04c1-424b-9868-57a2d4851a1d" relativeResultsDirectory="e62649bf-6e64-4cea-8c6b-93202cde3b3a" />
    <UnitTestResult executionId="59933c2c-b975-4d79-b12c-8d7eb37c471f" testId="b4a53208-641c-3acc-04f6-189cc02c2e99" testName="AISAM.IntegrationTests.AIControllerTests.Chat_ReturnsServiceStatusCode_WhenGeminiIsUnavailable" computerName="DESKTOP-F8U90NP" duration="00:00:00.0014584" startTime="2026-09-04T17:56:34.7786895+07:00" endTime="2026-09-04T17:56:34.7786898+07:00" testType="13cdc9d9-ddb5-4fa4-a97d-d965ccfc6d4b" outcome="Passed" testListId="8c84fa94-04c1-424b-9868-57a2d4851a1d" relativeResultsDirectory="59933c2c-b975-4d79-b12c-8d7eb37c471f" />
    <UnitTestResult executionId="a2dc6fa5-a445-4526-ab1b-7b64fbc606f2" testId="1545a7b6-0de5-5d02-33d7-9c07c0e136d8" testName="AISAM.IntegrationTests.ConversationControllerTests.GetById_ReturnsServiceStatusCode_WhenConversationBelongsToAnotherProfile" computerName="DESKTOP-F8U90NP" duration="00:00:00.0209369" startTime="2026-09-04T17:56:34.6421596+07:00" endTime="2026-09-04T17:56:34.6421597+07:00" testType="13cdc9d9-ddb5-4fa4-a97d-d965ccfc6d4b" outcome="Passed" testListId="8c84fa94-04c1-424b-9868-57a2d4851a1d" relativeResultsDirectory="a2dc6fa5-a445-4526-ab1b-7b64fbc606f2" />
    <UnitTestResult executionId="577dad78-d671-4b28-b5b2-1d0047013ccd" testId="2f9e4ced-5030-95ff-5568-164e471fa908" testName="AISAM.IntegrationTests.PermissionSecurityTests.TemporaryExpiry_IsEnforcedWithoutWorker(seconds: 600, expected: True)" computerName="DESKTOP-F8U90NP" duration="00:00:00.1063075" startTime="2026-09-04T17:56:37.8176128+07:00" endTime="2026-09-04T17:56:37.8176129+07:00" testType="13cdc9d9-ddb5-4fa4-a97d-d965ccfc6d4b" outcome="Passed" testListId="8c84fa94-04c1-424b-9868-57a2d4851a1d" relativeResultsDirectory="577dad78-d671-4b28-b5b2-1d0047013ccd" />
    <UnitTestResult executionId="33253b4c-978b-4c4f-96a3-1324b806f3a6" testId="c90aabb2-8d28-4d7a-99da-a19f92068348" testName="AISAM.IntegrationTests.PromptEnhancerTests.EnhanceImagePromptAsync_MetaPrompt_ContainsSafetyInstructions" computerName="DESKTOP-F8U90NP" duration="00:00:00.0004410" startTime="2026-09-04T17:56:35.5733690+07:00" endTime="2026-09-04T17:56:35.5733691+07:00" testType="13cdc9d9-ddb5-4fa4-a97d-d965ccfc6d4b" outcome="Passed" testListId="8c84fa94-04c1-424b-9868-57a2d4851a1d" relativeResultsDirectory="33253b4c-978b-4c4f-96a3-1324b806f3a6" />
    <UnitTestResult executionId="55394738-ce39-431a-ab6d-fb945dc6c7d7" testId="f71198b3-1337-14dc-b81f-e9a638b4ca9b" testName="AISAM.IntegrationTests.AdCampaignServiceTests.CreateAsync_WithBudgetBelowMinimum_ReturnsError" computerName="DESKTOP-F8U90NP" duration="00:00:00.0009195" startTime="2026-09-04T17:56:34.7298082+07:00" endTime="2026-09-04T17:56:34.7298084+07:00" testType="13cdc9d9-ddb5-4fa4-a97d-d965ccfc6d4b" outcome="Passed" testListId="8c84fa94-04c1-424b-9868-57a2d4851a1d" relativeResultsDirectory="55394738-ce39-431a-ab6d-fb945dc6c7d7" />
    <UnitTestResult executionId="3c25b966-b3da-4ac2-93c6-190e0938eed5" testId="9689d947-63f4-a80f-7e51-5d64753ce5f6" testName="AISAM.IntegrationTests.WorkspaceDomainFoundationTests.WorkspaceTypeEnum_UsesApprovedValues" computerName="DESKTOP-F8U90NP" duration="00:00:00.0000691" startTime="2026-09-04T17:56:35.3927207+07:00" endTime="2026-09-04T17:56:35.3927207+07:00" testType="13cdc9d9-ddb5-4fa4-a97d-d965ccfc6d4b" outcome="Passed" testListId="8c84fa94-04c1-424b-9868-57a2d4851a1d" relativeResultsDirectory="3c25b966-b3da-4ac2-93c6-190e0938eed5" />
    <UnitTestResult executionId="188a70fa-2ac9-4a43-8f02-05a756d4e64c" testId="012effeb-9863-2723-3bc8-afbb5237629e" testName="AISAM.IntegrationTests.WorkspaceServiceTests.GetByIdAsync_ReturnsNotFoundForNonMember" computerName="DESKTOP-F8U90NP" duration="00:00:00.0020925" startTime="2026-09-04T17:56:36.0698600+07:00" endTime="2026-09-04T17:56:36.0698601+07:00" testType="13cdc9d9-ddb5-4fa4-a97d-d965ccfc6d4b" outcome="Passed" testListId="8c84fa94-04c1-424b-9868-57a2d4851a1d" relativeResultsDirectory="188a70fa-2ac9-4a43-8f02-05a756d4e64c" />
    <UnitTestResult executionId="e706f6ab-f766-4351-b184-cb71b2c30006" testId="2e146ff3-c9b2-85cf-afb9-27aa7954a336" testName="AISAM.IntegrationTests.ActiveProfileMiddlewareTests.InvokeAsync_SkipsDevSchedulerPrefix_WhenEnvironmentIsNotDevelopment" computerName="DESKTOP-F8U90NP" duration="00:00:00.0015954" startTime="2026-09-04T17:56:34.7565820+07:00" endTime="2026-09-04T17:56:34.7565821+07:00" testType="13cdc9d9-ddb5-4fa4-a97d-d965ccfc6d4b" outcome="Passed" testListId="8c84fa94-04c1-424b-9868-57a2d4851a1d" relativeResultsDirectory="e706f6ab-f766-4351-b184-cb71b2c30006" />
    <UnitTestResult executionId="2af176e8-2171-4fb5-9b9b-4415042b6cd0" testId="9396e997-195c-1c6b-d7c7-2e75da8aca4b" testName="AISAM.IntegrationTests.SocialControllerTests.LinkTargets_ReturnsNotFound_WhenAccountBelongsToAnotherProfile" computerName="DESKTOP-F8U90NP" duration="00:00:00.0042815" startTime="2026-09-04T17:56:34.6440364+07:00" endTime="2026-09-04T17:56:34.6440364+07:00" testType="13cdc9d9-ddb5-4fa4-a97d-d965ccfc6d4b" outcome="Passed" testListId="8c84fa94-04c1-424b-9868-57a2d4851a1d" relativeResultsDirectory="2af176e8-2171-4fb5-9b9b-4415042b6cd0" />
    <UnitTestResult executionId="94400793-7d94-4bae-840a-a6750ca2cdd5" testId="97337d0d-a260-cbdc-0d49-be33c098c32b" testName="AISAM.IntegrationTests.ExecutionSecurityTests.UnapprovedDispatch_DeniesWithoutSelectingAuthority(operation: &quot;ScheduledPublish&quot;)" computerName="DESKTOP-F8U90NP" duration="00:00:00.0000015" startTime="2026-09-04T17:56:37.8829584+07:00" endTime="2026-09-04T17:56:37.8829584+07:00" testType="13cdc9d9-ddb5-4fa4-a97d-d965ccfc6d4b" outcome="Passed" testListId="8c84fa94-04c1-424b-9868-57a2d4851a1d" relativeResultsDirectory="94400793-7d94-4bae-840a-a6750ca2cdd5" />
    <UnitTestResult executionId="7f058d8b-896c-4f0c-b7dc-1bfff06fb980" testId="3319c657-ac6d-b24a-f06d-2427635b2015" testName="AISAM.IntegrationTests.ContentServiceTests.CreateAsync_ReturnsBadRequest_WhenProductDoesNotBelongToBrand" computerName="DESKTOP-F8U90NP" duration="00:00:00.0012218" startTime="2026-09-04T17:56:35.7811755+07:00" endTime="2026-09-04T17:56:35.7811756+07:00" testType="13cdc9d9-ddb5-4fa4-a97d-d965ccfc6d4b" outcome="Passed" testListId="8c84fa94-04c1-424b-9868-57a2d4851a1d" relativeResultsDirectory="7f058d8b-896c-4f0c-b7dc-1bfff06fb980" />
    <UnitTestResult executionId="0ab027b1-3852-4e7e-bb7d-29564b8dd04b" testId="7e31acc9-7684-5c6b-bc1b-00a96ee5aca0" testName="AISAM.IntegrationTests.OAuthStateStoreTests.ConsumeAsync_ReturnsNull_WhenProfileIdDoesNotMatch" computerName="DESKTOP-F8U90NP" duration="00:00:00.0016417" startTime="2026-09-04T17:56:34.6589740+07:00" endTime="2026-09-04T17:56:34.6589741+07:00" testType="13cdc9d9-ddb5-4fa4-a97d-d965ccfc6d4b" outcome="Passed" testListId="8c84fa94-04c1-424b-9868-57a2d4851a1d" relativeResultsDirectory="0ab027b1-3852-4e7e-bb7d-29564b8dd04b" />
    <UnitTestResult executionId="4de6dd80-c2cf-4ca1-ae5c-1af4c185b084" testId="b6fbea1d-7508-3d6f-97c9-1549a8fc62be" testName="AISAM.IntegrationTests.PromptEnhancerTests.EnhanceImagePromptAsync_IncludesProductContextInMetaPrompt" computerName="DESKTOP-F8U90NP" duration="00:00:00.0080302" startTime="2026-09-04T17:56:35.5886050+07:00" endTime="2026-09-04T17:56:35.5886051+07:00" testType="13cdc9d9-ddb5-4fa4-a97d-d965ccfc6d4b" outcome="Passed" testListId="8c84fa94-04c1-424b-9868-57a2d4851a1d" relativeResultsDirectory="4de6dd80-c2cf-4ca1-ae5c-1af4c185b084" />
    <UnitTestResult executionId="d44ebb70-54f3-4f99-b40e-3ee0ae823afd" testId="fcc8c892-2da0-1dfe-5cac-d2d0e1a578de" testName="AISAM.IntegrationTests.PermissionHttpTests.RefreshRotation_RevokesOldSignedSession_AndReuseRevokesReplacement" computerName="DESKTOP-F8U90NP" duration="00:00:00.2580968" startTime="2026-09-04T17:56:39.5413779+07:00" endTime="2026-09-04T17:56:39.5413780+07:00" testType="13cdc9d9-ddb5-4fa4-a97d-d965ccfc6d4b" outcome="Passed" testListId="8c84fa94-04c1-424b-9868-57a2d4851a1d" relativeResultsDirectory="d44ebb70-54f3-4f99-b40e-3ee0ae823afd" />
    <UnitTestResult executionId="5a6b9d48-fc56-4ec2-ad3c-99b7361e5bf5" testId="75d8e5f2-e16e-0093-7dec-b420188804df" testName="AISAM.IntegrationTests.FacebookProviderTests.CreateAdSetAsync_AwarenessObjective_UsesReachOptimization" computerName="DESKTOP-F8U90NP" duration="00:00:00.0008711" startTime="2026-09-04T17:56:34.7398918+07:00" endTime="2026-09-04T17:56:34.7398919+07:00" testType="13cdc9d9-ddb5-4fa4-a97d-d965ccfc6d4b" outcome="Passed" testListId="8c84fa94-04c1-424b-9868-57a2d4851a1d" relativeResultsDirectory="5a6b9d48-fc56-4ec2-ad3c-99b7361e5bf5" />
    <UnitTestResult executionId="de526a8b-cdea-4e6f-bbcb-5e60f6f780f1" testId="46ec19b2-9331-6f30-1e09-f9b3ab98fa0e" testName="AISAM.IntegrationTests.WorkspaceLifecyclePolicyTests.SynchronizeStatus_AppliesBusinessExpirationLifecycle(expirationOffsetDays: -90, expected: Archived)" computerName="DESKTOP-F8U90NP" duration="00:00:00.0000206" startTime="2026-09-04T17:56:34.7142970+07:00" endTime="2026-09-04T17:56:34.7142971+07:00" testType="13cdc9d9-ddb5-4fa4-a97d-d965ccfc6d4b" outcome="Passed" testListId="8c84fa94-04c1-424b-9868-57a2d4851a1d" relativeResultsDirectory="de526a8b-cdea-4e6f-bbcb-5e60f6f780f1" />
    <UnitTestResult executionId="89b5e21f-efa2-4702-8c75-401e74b2e8d6" testId="e4631ead-456c-56b6-3c4f-3c3f95a0665a" testName="AISAM.IntegrationTests.WorkspaceRepositoryTests.UpdateAsync_RejectsPromotingMemberToOwnerWithoutOwnershipTransfer" computerName="DESKTOP-F8U90NP" duration="00:00:00.0127730" startTime="2026-09-04T17:56:35.9791653+07:00" endTime="2026-09-04T17:56:35.9791655+07:00" testType="13cdc9d9-ddb5-4fa4-a97d-d965ccfc6d4b" outcome="Passed" testListId="8c84fa94-04c1-424b-9868-57a2d4851a1d" relativeResultsDirectory="89b5e21f-efa2-4702-8c75-401e74b2e8d6" />
    <UnitTestResult executionId="c8729eb4-3a7d-416c-b602-8d6745240629" testId="b7adb93b-a7d6-c326-d986-b6168d100111" testName="AISAM.IntegrationTests.SubscriptionRepositoryTests.GetCurrentActiveByProfileIdAsync_ReturnsSubscriptionInsideActiveDates" computerName="DESKTOP-F8U90NP" duration="00:00:00.1851635" startTime="2026-09-04T17:56:35.7754533+07:00" endTime="2026-09-04T17:56:35.7754534+07:00" testType="13cdc9d9-ddb5-4fa4-a97d-d965ccfc6d4b" outcome="Passed" testListId="8c84fa94-04c1-424b-9868-57a2d4851a1d" relativeResultsDirectory="c8729eb4-3a7d-416c-b602-8d6745240629" />
    <UnitTestResult executionId="ac01a3c7-1e21-4a42-a18c-75e869727043" testId="9215a641-b5f1-0a9b-d62e-56906c197c66" testName="AISAM.IntegrationTests.AutomationServiceTests.CreateAndConfirm_RejectsInvalidTikTokTextButQueuesValidItems" computerName="DESKTOP-F8U90NP" duration="00:00:00.0025606" startTime="2026-09-04T17:56:35.5164435+07:00" endTime="2026-09-04T17:56:35.5164436+07:00" testType="13cdc9d9-ddb5-4fa4-a97d-d965ccfc6d4b" outcome="Passed" testListId="8c84fa94-04c1-424b-9868-57a2d4851a1d" relativeResultsDirectory="ac01a3c7-1e21-4a42-a18c-75e869727043" />
    <UnitTestResult executionId="97a81289-a945-4f9e-943f-14e34c6707c9" testId="9d3e5411-66da-e303-69f7-dda094d4763f" testName="AISAM.IntegrationTests.ActiveWorkspaceMiddlewareTests.InvokeAsync_AllowsBusinessPlusWorkspaceDashboardFeature" computerName="DESKTOP-F8U90NP" duration="00:00:00.0006001" startTime="2026-09-04T17:56:34.8030598+07:00" endTime="2026-09-04T17:56:34.8030599+07:00" testType="13cdc9d9-ddb5-4fa4-a97d-d965ccfc6d4b" outcome="Passed" testListId="8c84fa94-04c1-424b-9868-57a2d4851a1d" relativeResultsDirectory="97a81289-a945-4f9e-943f-14e34c6707c9" />
    <UnitTestResult executionId="8e5e74ae-06d1-4003-b251-d524c71cc374" testId="55703ffa-e372-6b98-9e0b-0fea11ed105e" testName="AISAM.IntegrationTests.AiJsonResponseParserTests.Parse_ReturnsJson_WhenResponseContainsRecoverableJson(response: &quot;Here is the result:\n\n{\&quot;name\&quot;:\&quot;test\&quot;,\&quot;value\&quot;···, expectedJson: &quot;{\&quot;name\&quot;:\&quot;test\&quot;,\&quot;value\&quot;:123}&quot;)" computerName="DESKTOP-F8U90NP" duration="00:00:00.0000038" startTime="2026-09-04T17:56:34.7453925+07:00" endTime="2026-09-04T17:56:34.7453926+07:00" testType="13cdc9d9-ddb5-4fa4-a97d-d965ccfc6d4b" outcome="Passed" testListId="8c84fa94-04c1-424b-9868-57a2d4851a1d" relativeResultsDirectory="8e5e74ae-06d1-4003-b251-d524c71cc374" />
    <UnitTestResult executionId="bfb8b241-c015-4b7f-ba06-c655b195120e" testId="3822e406-80f8-411a-7636-993881a2a518" testName="AISAM.IntegrationTests.DeApiVideoClientTests.PollAsync_PreservesRateLimit_WhenFallbackKeyReturnsNotFound" computerName="DESKTOP-F8U90NP" duration="00:00:00.0151645" startTime="2026-09-04T17:56:34.6497729+07:00" endTime="2026-09-04T17:56:34.6497730+07:00" testType="13cdc9d9-ddb5-4fa4-a97d-d965ccfc6d4b" outcome="Passed" testListId="8c84fa94-04c1-424b-9868-57a2d4851a1d" relativeResultsDirectory="bfb8b241-c015-4b7f-ba06-c655b195120e" />
    <UnitTestResult executionId="471e9abf-7981-4c39-ac16-e16d16cb512f" testId="08a539a2-f5ed-462e-cb6b-585aecd5d4b3" testName="AISAM.IntegrationTests.ContentServicePublishTests.PublishAsync_ReturnsReconnectRequired_WhenTokenKeyIsUnavailable" computerName="DESKTOP-F8U90NP" duration="00:00:00.0010177" startTime="2026-09-04T17:56:34.7416697+07:00" endTime="2026-09-04T17:56:34.7416699+07:00" testType="13cdc9d9-ddb5-4fa4-a97d-d965ccfc6d4b" outcome="Passed" testListId="8c84fa94-04c1-424b-9868-57a2d4851a1d" relativeResultsDirectory="471e9abf-7981-4c39-ac16-e16d16cb512f" />
    <UnitTestResult executionId="0b951824-c71a-436c-b6c6-4df8514e0689" testId="bb68f882-a25a-52b5-cc1b-ccafa55ff4a3" testName="AISAM.IntegrationTests.DeApiVideoClientTests.StartAsync_UsesV2AnimationEndpoint_WithoutLtxOnlyParameters_ForMiniMax" computerName="DESKTOP-F8U90NP" duration="00:00:00.0190312" startTime="2026-09-04T17:56:34.7031127+07:00" endTime="2026-09-04T17:56:34.7031130+07:00" testType="13cdc9d9-ddb5-4fa4-a97d-d965ccfc6d4b" outcome="Passed" testListId="8c84fa94-04c1-424b-9868-57a2d4851a1d" relativeResultsDirectory="0b951824-c71a-436c-b6c6-4df8514e0689" />
    <UnitTestResult executionId="9fe73c41-6649-47ab-af04-8540b0a9a30f" testId="34816176-e6fc-c466-bd23-241ec843d506" testName="AISAM.IntegrationTests.DeApiVideoClientTests.PollAsync_StripsInternalPrefix_AndRetriesTransient404BeforeFailing" computerName="DESKTOP-F8U90NP" duration="00:00:00.0036659" startTime="2026-09-04T17:56:34.7083419+07:00" endTime="2026-09-04T17:56:34.7083420+07:00" testType="13cdc9d9-ddb5-4fa4-a97d-d965ccfc6d4b" outcome="Passed" testListId="8c84fa94-04c1-424b-9868-57a2d4851a1d" relativeResultsDirectory="9fe73c41-6649-47ab-af04-8540b0a9a30f" />
    <UnitTestResult executionId="09640a0d-412a-4f21-8393-d2420e65b175" testId="f4db6ee6-bb27-1679-3863-b78452f0687c" testName="AISAM.IntegrationTests.PaymentServiceTests.HandleWebhookAsync_RejectsPayloadWithoutSignature" computerName="DESKTOP-F8U90NP" duration="00:00:00.0006683" startTime="2026-09-04T17:56:34.6942928+07:00" endTime="2026-09-04T17:56:34.6942929+07:00" testType="13cdc9d9-ddb5-4fa4-a97d-d965ccfc6d4b" outcome="Passed" testListId="8c84fa94-04c1-424b-9868-57a2d4851a1d" relativeResultsDirectory="09640a0d-412a-4f21-8393-d2420e65b175" />
    <UnitTestResult executionId="07d829ca-f8da-4a40-9fb4-01dda1603bd7" testId="b000a762-0e3c-5f89-958e-77647b5ac1bf" testName="AISAM.IntegrationTests.ContentServiceTests.RejectAsync_PersistsNotesAndIncludesThemInNotification" computerName="DESKTOP-F8U90NP" duration="00:00:00.0030874" startTime="2026-09-04T17:56:35.7899390+07:00" endTime="2026-09-04T17:56:35.7899391+07:00" testType="13cdc9d9-ddb5-4fa4-a97d-d965ccfc6d4b" outcome="Passed" testListId="8c84fa94-04c1-424b-9868-57a2d4851a1d" relativeResultsDirectory="07d829ca-f8da-4a40-9fb4-01dda1603bd7" />
    <UnitTestResult executionId="4e358d21-38af-4f0e-b62b-130f7da7a2a5" testId="a639e708-a0a5-e8e6-ad86-f29414fb683e" testName="AISAM.IntegrationTests.ContentControllerTests.GetPaged_UsesValidatedActiveProfileFromHttpContext" computerName="DESKTOP-F8U90NP" duration="00:00:00.0023531" startTime="2026-09-04T17:56:35.7901050+07:00" endTime="2026-09-04T17:56:35.7901051+07:00" testType="13cdc9d9-ddb5-4fa4-a97d-d965ccfc6d4b" outcome="Passed" testListId="8c84fa94-04c1-424b-9868-57a2d4851a1d" relativeResultsDirectory="4e358d21-38af-4f0e-b62b-130f7da7a2a5" />
    <UnitTestResult executionId="a64bb8cf-de0d-4b76-b06b-58cf7e0fc5ac" testId="0d058870-b730-ea89-f27a-297398445081" testName="AISAM.IntegrationTests.PermissionHttpTests.SessionChange_InvalidatesExistingSignedToken(change: &quot;inactive&quot;)" computerName="DESKTOP-F8U90NP" duration="00:00:00.1549026" startTime="2026-09-04T17:56:41.5470066+07:00" endTime="2026-09-04T17:56:41.5470066+07:00" testType="13cdc9d9-ddb5-4fa4-a97d-d965ccfc6d4b" outcome="Passed" testListId="8c84fa94-04c1-424b-9868-57a2d4851a1d" relativeResultsDirectory="a64bb8cf-de0d-4b76-b06b-58cf7e0fc5ac" />
    <UnitTestResult executionId="9c3519e5-b622-473e-b400-2fb8f7eb9a78" testId="a980fa5d-c098-1813-66d9-e89ee286a7e0" testName="AISAM.IntegrationTests.PermissionHttpTests.LegacySignedTokenWithoutSessionId_IsRejected" computerName="DESKTOP-F8U90NP" duration="00:00:02.1553905" startTime="2026-09-04T17:56:36.7684282+07:00" endTime="2026-09-04T17:56:36.7684284+07:00" testType="13cdc9d9-ddb5-4fa4-a97d-d965ccfc6d4b" outcome="Passed" testListId="8c84fa94-04c1-424b-9868-57a2d4851a1d" relativeResultsDirectory="9c3519e5-b622-473e-b400-2fb8f7eb9a78" />
    <UnitTestResult executionId="f3cb627c-aa6c-4ab3-9762-02030153ab46" testId="a1996394-6543-9031-1464-0f80e4e6d28a" testName="AISAM.IntegrationTests.ExecutionSecurityTests.CreditOfAnotherUser_DoesNotInheritAdministratorsActiveTeam" computerName="DESKTOP-F8U90NP" duration="00:00:00.1441982" startTime="2026-09-04T17:56:39.8070467+07:00" endTime="2026-09-04T17:56:39.8070469+07:00" testType="13cdc9d9-ddb5-4fa4-a97d-d965ccfc6d4b" outcome="Passed" testListId="8c84fa94-04c1-424b-9868-57a2d4851a1d" relativeResultsDirectory="f3cb627c-aa6c-4ab3-9762-02030153ab46" />
    <UnitTestResult executionId="d617b774-6c3d-4218-b154-80da2d56fc98" testId="8a2cc846-c2a9-a7cc-64c1-9db5aa0359ee" testName="AISAM.IntegrationTests.ContentServiceTests.RestoreAsync_ResetsStatusToDraft" computerName="DESKTOP-F8U90NP" duration="00:00:00.0023498" startTime="2026-09-04T17:56:35.7623702+07:00" endTime="2026-09-04T17:56:35.7623704+07:00" testType="13cdc9d9-ddb5-4fa4-a97d-d965ccfc6d4b" outcome="Passed" testListId="8c84fa94-04c1-424b-9868-57a2d4851a1d" relativeResultsDirectory="d617b774-6c3d-4218-b154-80da2d56fc98" />
    <UnitTestResult executionId="062cd801-2eb9-408a-b9f6-93f24ef8252c" testId="2c460500-7bdd-1e89-770f-04dffe41d8dc" testName="AISAM.IntegrationTests.ActiveProfileMiddlewareTests.InvokeAsync_UsesExistingPendingProfile_WhenWorkspaceMemberHasNoActiveProfileHeader" computerName="DESKTOP-F8U90NP" duration="00:00:00.0013449" startTime="2026-09-04T17:56:34.7768735+07:00" endTime="2026-09-04T17:56:34.7768736+07:00" testType="13cdc9d9-ddb5-4fa4-a97d-d965ccfc6d4b" outcome="Passed" testListId="8c84fa94-04c1-424b-9868-57a2d4851a1d" relativeResultsDirectory="062cd801-2eb9-408a-b9f6-93f24ef8252c" />
    <UnitTestResult executionId="baf94e66-7041-4e45-8fa9-9a494cec8203" testId="31f85b47-d0e4-0b5d-648e-356657d0a891" testName="AISAM.IntegrationTests.AIServiceTests.StartVideoGenerationAsync_ReturnsExistingProcessingGeneration_WithoutCreatingDuplicateProviderJob" computerName="DESKTOP-F8U90NP" duration="00:00:00.0184369" startTime="2026-09-04T17:56:35.9447175+07:00" endTime="2026-09-04T17:56:35.9447177+07:00" testType="13cdc9d9-ddb5-4fa4-a97d-d965ccfc6d4b" outcome="Passed" testListId="8c84fa94-04c1-424b-9868-57a2d4851a1d" relativeResultsDirectory="baf94e66-7041-4e45-8fa9-9a494cec8203" />
    <UnitTestResult executionId="4d93cb05-4990-48b2-b99a-83ef93673a35" testId="776abf0a-3786-1c0e-1dc3-01e60248909b" testName="AISAM.IntegrationTests.FacebookProviderTests.GetAuthUrlAsync_BuildsFacebookOAuthUrlWithConfiguredPermissions" computerName="DESKTOP-F8U90NP" duration="00:00:00.0007858" startTime="2026-09-04T17:56:34.7360508+07:00" endTime="2026-09-04T17:56:34.7360509+07:00" testType="13cdc9d9-ddb5-4fa4-a97d-d965ccfc6d4b" outcome="Passed" testListId="8c84fa94-04c1-424b-9868-57a2d4851a1d" relativeResultsDirectory="4d93cb05-4990-48b2-b99a-83ef93673a35" />
    <UnitTestResult executionId="4d952881-8f43-4d81-8b01-9c2438b8c3d2" testId="ab4d58c3-8f9a-24c4-b678-74cba0d97a2d" testName="AISAM.IntegrationTests.ActiveProfileMiddlewareTests.InvokeAsync_DoesNotRequireProfileHeaderForWorkspacePaymentRoutes(path: &quot;/api/payment/checkout&quot;)" computerName="DESKTOP-F8U90NP" duration="00:00:00.0002415" startTime="2026-09-04T17:56:34.7590106+07:00" endTime="2026-09-04T17:56:34.7590108+07:00" testType="13cdc9d9-ddb5-4fa4-a97d-d965ccfc6d4b" outcome="Passed" testListId="8c84fa94-04c1-424b-9868-57a2d4851a1d" relativeResultsDirectory="4d952881-8f43-4d81-8b01-9c2438b8c3d2" />
    <UnitTestResult executionId="4914ea17-36c6-4574-b460-2e9b0b08fc26" testId="8920a5c4-d137-3c5b-e123-c30b1b9fc408" testName="AISAM.IntegrationTests.WorkspaceRepositoryTests.TransferOwnershipAsync_SwapsOwnerAndManagerRoles" computerName="DESKTOP-F8U90NP" duration="00:00:00.0265443" startTime="2026-09-04T17:56:35.9510039+07:00" endTime="2026-09-04T17:56:35.9510041+07:00" testType="13cdc9d9-ddb5-4fa4-a97d-d965ccfc6d4b" outcome="Passed" testListId="8c84fa94-04c1-424b-9868-57a2d4851a1d" relativeResultsDirectory="4914ea17-36c6-4574-b460-2e9b0b08fc26" />
    <UnitTestResult executionId="8813ea82-e0ff-4d84-8fd1-9618f6b8b946" testId="dff8a469-202b-e148-d68b-ad214e4e7a72" testName="AISAM.IntegrationTests.TikTokProviderTests.PublishAsync_RequiresVideo" computerName="DESKTOP-F8U90NP" duration="00:00:00.0008885" startTime="2026-09-04T17:56:34.7361818+07:00" endTime="2026-09-04T17:56:34.7361818+07:00" testType="13cdc9d9-ddb5-4fa4-a97d-d965ccfc6d4b" outcome="Passed" testListId="8c84fa94-04c1-424b-9868-57a2d4851a1d" relativeResultsDirectory="8813ea82-e0ff-4d84-8fd1-9618f6b8b946" />
    <UnitTestResult executionId="3816369c-db20-49ed-9441-a675b3ed6275" testId="976116d7-90d3-7c2c-eab8-a19dbdd6a3cc" testName="AISAM.IntegrationTests.SubscriptionRepositoryTests.GetCurrentActiveByWorkspaceIdAsync_IgnoresOtherWorkspaceAndExpiredSubscription" computerName="DESKTOP-F8U90NP" duration="00:00:00.0373087" startTime="2026-09-04T17:56:35.8128608+07:00" endTime="2026-09-04T17:56:35.8128609+07:00" testType="13cdc9d9-ddb5-4fa4-a97d-d965ccfc6d4b" outcome="Passed" testListId="8c84fa94-04c1-424b-9868-57a2d4851a1d" relativeResultsDirectory="3816369c-db20-49ed-9441-a675b3ed6275" />
    <UnitTestResult executionId="f794e00a-296b-483e-9bb4-c1c4f8c0e435" testId="d82364ac-0fb1-8702-3df4-0422346dfadd" testName="AISAM.IntegrationTests.WorkspaceInvitationServiceTests.InviteAsync_RejectsDuplicatePendingInvitation" computerName="DESKTOP-F8U90NP" duration="00:00:00.0498704" startTime="2026-09-04T17:56:35.9695368+07:00" endTime="2026-09-04T17:56:35.9695370+07:00" testType="13cdc9d9-ddb5-4fa4-a97d-d965ccfc6d4b" outcome="Passed" testListId="8c84fa94-04c1-424b-9868-57a2d4851a1d" relativeResultsDirectory="f794e00a-296b-483e-9bb4-c1c4f8c0e435" />
    <UnitTestResult executionId="45fafa9a-cd5d-4771-8b77-9629dec36a6d" testId="5b4b5901-e14e-97a5-235b-2c7b19791c9f" testName="AISAM.IntegrationTests.WorkspaceInvitationRepositoryTests.AcceptAsync_ReactivatesExistingInactiveMembershipAndAcceptsInvitation" computerName="DESKTOP-F8U90NP" duration="00:00:00.0528366" startTime="2026-09-04T17:56:35.8369522+07:00" endTime="2026-09-04T17:56:35.8369524+07:00" testType="13cdc9d9-ddb5-4fa4-a97d-d965ccfc6d4b" outcome="Passed" testListId="8c84fa94-04c1-424b-9868-57a2d4851a1d" relativeResultsDirectory="45fafa9a-cd5d-4771-8b77-9629dec36a6d" />
    <UnitTestResult executionId="7bc526fd-c332-44f7-ba5a-c5bd3f6bea5f" testId="a1f7bb90-5e34-2026-a362-b2523b1bad10" testName="AISAM.IntegrationTests.ExecutionSecurityTests.MultiChannelContent_ManagerFiltersBeforeSum_AndRevokeTakesEffect" computerName="DESKTOP-F8U90NP" duration="00:00:00.1488197" startTime="2026-09-04T17:56:38.9996955+07:00" endTime="2026-09-04T17:56:38.9996957+07:00" testType="13cdc9d9-ddb5-4fa4-a97d-d965ccfc6d4b" outcome="Passed" testListId="8c84fa94-04c1-424b-9868-57a2d4851a1d" relativeResultsDirectory="7bc526fd-c332-44f7-ba5a-c5bd3f6bea5f" />
    <UnitTestResult executionId="02f6121f-91f3-4bd3-a1ee-3ff2d25ca41d" testId="ce6e4c2e-086a-1857-619d-646e24f91acf" testName="AISAM.IntegrationTests.NotificationServiceTests.GetByIdInWorkspaceAsync_ReturnsNotFound_ForAnotherProfileNotification" computerName="DESKTOP-F8U90NP" duration="00:00:00.0098399" startTime="2026-09-04T17:56:34.6310244+07:00" endTime="2026-09-04T17:56:34.6310245+07:00" testType="13cdc9d9-ddb5-4fa4-a97d-d965ccfc6d4b" outcome="Passed" testListId="8c84fa94-04c1-424b-9868-57a2d4851a1d" relativeResultsDirectory="02f6121f-91f3-4bd3-a1ee-3ff2d25ca41d" />
    <UnitTestResult executionId="a38ed50a-be21-46db-bd5c-6e08383e0db0" testId="e19cced3-c237-6afc-f844-6deef2765e4a" testName="AISAM.IntegrationTests.ContentServiceTests.RejectAsync_ReturnsBadRequest_WhenNotesAreMissingOrTooShort(notes: &quot;&quot;)" computerName="DESKTOP-F8U90NP" duration="00:00:00.0047632" startTime="2026-09-04T17:56:35.7593058+07:00" endTime="2026-09-04T17:56:35.7593059+07:00" testType="13cdc9d9-ddb5-4fa4-a97d-d965ccfc6d4b" outcome="Passed" testListId="8c84fa94-04c1-424b-9868-57a2d4851a1d" relativeResultsDirectory="a38ed50a-be21-46db-bd5c-6e08383e0db0" />
    <UnitTestResult executionId="662372fb-32d8-49ec-8fc2-2ca5d4b17899" testId="c67feb86-0b67-2966-28ef-2736de044918" testName="AISAM.IntegrationTests.AdCampaignServiceTests.CreateAsync_NonMember_ReturnsError" computerName="DESKTOP-F8U90NP" duration="00:00:00.0007796" startTime="2026-09-04T17:56:34.6814631+07:00" endTime="2026-09-04T17:56:34.6814633+07:00" testType="13cdc9d9-ddb5-4fa4-a97d-d965ccfc6d4b" outcome="Passed" testListId="8c84fa94-04c1-424b-9868-57a2d4851a1d" relativeResultsDirectory="662372fb-32d8-49ec-8fc2-2ca5d4b17899" />
    <UnitTestResult executionId="cda7b4b4-584d-41b2-92f0-3be0b4116e7b" testId="fe456ace-c9e5-6f67-06dd-69deb3c33aa4" testName="AISAM.IntegrationTests.AdCampaignServiceTests.UpdateAsync_WithBudgetBelowMin_ReturnsError" computerName="DESKTOP-F8U90NP" duration="00:00:00.0071140" startTime="2026-09-04T17:56:34.7182535+07:00" endTime="2026-09-04T17:56:34.7182536+07:00" testType="13cdc9d9-ddb5-4fa4-a97d-d965ccfc6d4b" outcome="Passed" testListId="8c84fa94-04c1-424b-9868-57a2d4851a1d" relativeResultsDirectory="cda7b4b4-584d-41b2-92f0-3be0b4116e7b" />
    <UnitTestResult executionId="c4f1ada0-b44b-4c81-8eec-bc4978e8d21f" testId="ec49f7bd-1631-4ee9-2d20-89d7b2023b43" testName="AISAM.IntegrationTests.ContentServicePublishTests.PublishAsync_ReturnsForbiddenWithPostQuotaError_WhenPostQuotaExceeded" computerName="DESKTOP-F8U90NP" duration="00:00:00.0043584" startTime="2026-09-04T17:56:34.7531228+07:00" endTime="2026-09-04T17:56:34.7531229+07:00" testType="13cdc9d9-ddb5-4fa4-a97d-d965ccfc6d4b" outcome="Passed" testListId="8c84fa94-04c1-424b-9868-57a2d4851a1d" relativeResultsDirectory="c4f1ada0-b44b-4c81-8eec-bc4978e8d21f" />
    <UnitTestResult executionId="41daec5e-e9f3-475f-ac24-e02ab431e3ab" testId="1a7d2e92-1340-08c3-d033-cc7e65a4c34e" testName="AISAM.IntegrationTests.ContentServiceTests.CreateAsync_ReturnsNotFound_WhenBrandBelongsToAnotherProfile" computerName="DESKTOP-F8U90NP" duration="00:00:00.0042138" startTime="2026-09-04T17:56:35.7667093+07:00" endTime="2026-09-04T17:56:35.7667095+07:00" testType="13cdc9d9-ddb5-4fa4-a97d-d965ccfc6d4b" outcome="Passed" testListId="8c84fa94-04c1-424b-9868-57a2d4851a1d" relativeResultsDirectory="41daec5e-e9f3-475f-ac24-e02ab431e3ab" />
    <UnitTestResult executionId="eb9c473f-a699-4943-951a-a6aa6cf6160e" testId="9644a716-7a82-739b-3bfa-f9b2cecb131e" testName="AISAM.IntegrationTests.PermissionHttpTests.SessionLifecycle_ExistingSignedTokenDeniedAfterRealStateChange(change: &quot;inactive-user&quot;)" computerName="DESKTOP-F8U90NP" duration="00:00:00.1620629" startTime="2026-09-04T17:56:40.8152233+07:00" endTime="2026-09-04T17:56:40.8152234+07:00" testType="13cdc9d9-ddb5-4fa4-a97d-d965ccfc6d4b" outcome="Passed" testListId="8c84fa94-04c1-424b-9868-57a2d4851a1d" relativeResultsDirectory="eb9c473f-a699-4943-951a-a6aa6cf6160e" />
    <UnitTestResult executionId="143ffdfe-c286-4caa-91ad-a25eebb220f3" testId="4f419028-3b98-f567-e4e8-9a3896ea964b" testName="AISAM.IntegrationTests.AIServiceTests.ExtractGeneratedTitle_UsesSafeFallback_NotBrandName_WhenAiOutputHasNoTitle" computerName="DESKTOP-F8U90NP" duration="00:00:00.0002802" startTime="2026-09-04T17:56:35.9498451+07:00" endTime="2026-09-04T17:56:35.9498451+07:00" testType="13cdc9d9-ddb5-4fa4-a97d-d965ccfc6d4b" outcome="Passed" testListId="8c84fa94-04c1-424b-9868-57a2d4851a1d" relativeResultsDirectory="143ffdfe-c286-4caa-91ad-a25eebb220f3" />
    <UnitTestResult executionId="20904a62-1852-460e-b4b4-d576ad8e1404" testId="136578c1-6442-4bee-493b-dd4fbc8b9706" testName="AISAM.IntegrationTests.SocialServiceTests.LinkAccountAsync_UpdatesExistingAccountToken_WhenFacebookAccountAlreadyLinked" computerName="DESKTOP-F8U90NP" duration="00:00:00.0014840" startTime="2026-09-04T17:56:34.6582509+07:00" endTime="2026-09-04T17:56:34.6582510+07:00" testType="13cdc9d9-ddb5-4fa4-a97d-d965ccfc6d4b" outcome="Passed" testListId="8c84fa94-04c1-424b-9868-57a2d4851a1d" relativeResultsDirectory="20904a62-1852-460e-b4b4-d576ad8e1404" />
    <UnitTestResult executionId="bd81168f-a268-4f58-a9a6-3f1e1e1d3f4d" testId="f923681b-6ca0-e440-9d3f-3366529c7518" testName="AISAM.IntegrationTests.PaymentServiceTests.HandleWebhookAsync_AcceptsPayOsSignature_WhenSignedDataContainsNullValue" computerName="DESKTOP-F8U90NP" duration="00:00:00.0204142" startTime="2026-09-04T17:56:34.6759268+07:00" endTime="2026-09-04T17:56:34.6759270+07:00" testType="13cdc9d9-ddb5-4fa4-a97d-d965ccfc6d4b" outcome="Passed" testListId="8c84fa94-04c1-424b-9868-57a2d4851a1d" relativeResultsDirectory="bd81168f-a268-4f58-a9a6-3f1e1e1d3f4d" />
    <UnitTestResult executionId="167f81d6-bd7f-4288-8767-e7e6d16fa028" testId="dca0edbc-5ce8-87ab-0b33-28f8366bdb4f" testName="AISAM.IntegrationTests.FacebookProviderTests.ExchangeCodeAsync_ReturnsSocialAccountDto_WhenFacebookReturnsTokenAndProfile" computerName="DESKTOP-F8U90NP" duration="00:00:00.0093110" startTime="2026-09-04T17:56:34.7137182+07:00" endTime="2026-09-04T17:56:34.7137183+07:00" testType="13cdc9d9-ddb5-4fa4-a97d-d965ccfc6d4b" outcome="Passed" testListId="8c84fa94-04c1-424b-9868-57a2d4851a1d" relativeResultsDirectory="167f81d6-bd7f-4288-8767-e7e6d16fa028" />
    <UnitTestResult executionId="a5eb93c9-a680-4fbc-947b-150d5ddb59fb" testId="e1a46359-e667-e62a-50b9-361bc511f0da" testName="AISAM.IntegrationTests.PermissionHttpTests.ViewerCannotBypassAnalyticsThroughRouteVariants(path: &quot;/api/credit-usage/&quot;)" computerName="DESKTOP-F8U90NP" duration="00:00:00.1986180" startTime="2026-09-04T17:56:40.3276992+07:00" endTime="2026-09-04T17:56:40.3276993+07:00" testType="13cdc9d9-ddb5-4fa4-a97d-d965ccfc6d4b" outcome="Passed" testListId="8c84fa94-04c1-424b-9868-57a2d4851a1d" relativeResultsDirectory="a5eb93c9-a680-4fbc-947b-150d5ddb59fb" />
    <UnitTestResult executionId="fda6fb4f-8b1a-4e8a-b393-c959c023d3f6" testId="81f030fb-f85a-a901-9946-4a247f3d621a" testName="AISAM.IntegrationTests.PhaseEQuotaIntegrationTests.GenerateDraftAsync_DoesNotIncreaseUsage_WhenGeminiFails" computerName="DESKTOP-F8U90NP" duration="00:00:00.0074289" startTime="2026-09-04T17:56:34.7701430+07:00" endTime="2026-09-04T17:56:34.7701431+07:00" testType="13cdc9d9-ddb5-4fa4-a97d-d965ccfc6d4b" outcome="Passed" testListId="8c84fa94-04c1-424b-9868-57a2d4851a1d" relativeResultsDirectory="fda6fb4f-8b1a-4e8a-b393-c959c023d3f6" />
    <UnitTestResult executionId="b99af328-2c4e-4bde-b9af-d9164b214f6e" testId="cb0affdf-8200-9215-ffd6-644ba723bc22" testName="AISAM.IntegrationTests.AIServiceTests.ExtractGeneratedTitle_DoesNotUseBrandOrProductName_AsContentTitleFallback" computerName="DESKTOP-F8U90NP" duration="00:00:00.0002230" startTime="2026-09-04T17:56:35.9498727+07:00" endTime="2026-09-04T17:56:35.9498727+07:00" testType="13cdc9d9-ddb5-4fa4-a97d-d965ccfc6d4b" outcome="Passed" testListId="8c84fa94-04c1-424b-9868-57a2d4851a1d" relativeResultsDirectory="b99af328-2c4e-4bde-b9af-d9164b214f6e" />
    <UnitTestResult executionId="e87a421b-b687-4707-82f0-4ec583630278" testId="d1fa0e89-c895-ad91-6205-01bb084a5f22" testName="AISAM.IntegrationTests.CreditServiceTests.EnsureCurrentFreeCreditsAsync_ResetsPersonalFreeWalletAtNewSevenDayCycle" computerName="DESKTOP-F8U90NP" duration="00:00:00.0265021" startTime="2026-09-04T17:56:35.9324005+07:00" endTime="2026-09-04T17:56:35.9324007+07:00" testType="13cdc9d9-ddb5-4fa4-a97d-d965ccfc6d4b" outcome="Passed" testListId="8c84fa94-04c1-424b-9868-57a2d4851a1d" relativeResultsDirectory="e87a421b-b687-4707-82f0-4ec583630278" />
    <UnitTestResult executionId="9b6994e8-a94e-47df-bd88-ce7dac50aefd" testId="2fde13de-9025-1b15-73e8-69972a290e99" testName="AISAM.IntegrationTests.PaymentServiceTests.HandleWebhookAsync_RejectsCreditGrantThatWouldExceedWorkspaceMaximumBalance" computerName="DESKTOP-F8U90NP" duration="00:00:00.0010831" startTime="2026-09-04T17:56:34.7582983+07:00" endTime="2026-09-04T17:56:34.7582985+07:00" testType="13cdc9d9-ddb5-4fa4-a97d-d965ccfc6d4b" outcome="Passed" testListId="8c84fa94-04c1-424b-9868-57a2d4851a1d" relativeResultsDirectory="9b6994e8-a94e-47df-bd88-ce7dac50aefd" />
    <UnitTestResult executionId="b586e04e-0558-46b1-84d1-27395f35cfa5" testId="9de321e4-d7a0-a09e-058b-966b9e365cbd" testName="AISAM.IntegrationTests.CreditWalletRepositoryTests.Model_ConfiguresUniqueWalletPerWorkspace" computerName="DESKTOP-F8U90NP" duration="00:00:00.0024691" startTime="2026-09-04T17:56:35.7184072+07:00" endTime="2026-09-04T17:56:35.7184074+07:00" testType="13cdc9d9-ddb5-4fa4-a97d-d965ccfc6d4b" outcome="Passed" testListId="8c84fa94-04c1-424b-9868-57a2d4851a1d" relativeResultsDirectory="b586e04e-0558-46b1-84d1-27395f35cfa5" />
    <UnitTestResult executionId="89cad5d0-2d8f-464a-b97e-4bf58c1cc761" testId="7c0f16d6-b40f-b15e-6eec-815fdf3ffe83" testName="AISAM.IntegrationTests.PermissionSecurityTests.MemberDirectory_DoesNotExposeOtherUsersCredit(role: ContentCreator)" computerName="DESKTOP-F8U90NP" duration="00:00:00.0865201" startTime="2026-09-04T17:56:37.7110928+07:00" endTime="2026-09-04T17:56:37.7110931+07:00" testType="13cdc9d9-ddb5-4fa4-a97d-d965ccfc6d4b" outcome="Passed" testListId="8c84fa94-04c1-424b-9868-57a2d4851a1d" relativeResultsDirectory="89cad5d0-2d8f-464a-b97e-4bf58c1cc761" />
    <UnitTestResult executionId="94d3557a-0995-4542-a3da-13c2b234927a" testId="bcf9b6b4-7fdc-28aa-b2e9-f3044c37a89f" testName="AISAM.IntegrationTests.WorkspaceInvitationServiceTests.InviteAsync_RejectsAssignedLimitForBusinessPlus" computerName="DESKTOP-F8U90NP" duration="00:00:00.0031993" startTime="2026-09-04T17:56:36.0733769+07:00" endTime="2026-09-04T17:56:36.0733771+07:00" testType="13cdc9d9-ddb5-4fa4-a97d-d965ccfc6d4b" outcome="Passed" testListId="8c84fa94-04c1-424b-9868-57a2d4851a1d" relativeResultsDirectory="94d3557a-0995-4542-a3da-13c2b234927a" />
    <UnitTestResult executionId="07b2398a-a697-40c0-95fd-046afd742c58" testId="9353fb1a-a9b9-c143-5bd4-c6fbf367df8d" testName="AISAM.IntegrationTests.PermissionSecurityTests.WorkspaceAccounting_IsIndependentOfVisibility(role: Manager)" computerName="DESKTOP-F8U90NP" duration="00:00:00.0974463" startTime="2026-09-04T17:56:38.3109986+07:00" endTime="2026-09-04T17:56:38.3109988+07:00" testType="13cdc9d9-ddb5-4fa4-a97d-d965ccfc6d4b" outcome="Passed" testListId="8c84fa94-04c1-424b-9868-57a2d4851a1d" relativeResultsDirectory="07b2398a-a697-40c0-95fd-046afd742c58" />
    <UnitTestResult executionId="57da7b11-112b-4c16-bd45-a6cbf0ad3cbb" testId="9af56290-9019-d357-6313-e5ff3ea6f2a8" testName="AISAM.IntegrationTests.ContentServicePublishTests.PublishAsync_KeepsContentStatusUnchanged_WhenProviderFails" computerName="DESKTOP-F8U90NP" duration="00:00:00.0020217" startTime="2026-09-04T17:56:34.7564960+07:00" endTime="2026-09-04T17:56:34.7564960+07:00" testType="13cdc9d9-ddb5-4fa4-a97d-d965ccfc6d4b" outcome="Passed" testListId="8c84fa94-04c1-424b-9868-57a2d4851a1d" relativeResultsDirectory="57da7b11-112b-4c16-bd45-a6cbf0ad3cbb" />
    <UnitTestResult executionId="50c6a3b9-6fe7-4fb9-85e6-645b04630a2d" testId="6016720b-9a62-8005-ba56-010f7a4b6046" testName="AISAM.IntegrationTests.AIServiceTests.ExtractGeneratedTitle_UsesCaptionFirstSentence_WhenNoAiTitle" computerName="DESKTOP-F8U90NP" duration="00:00:00.0004287" startTime="2026-09-04T17:56:35.9255331+07:00" endTime="2026-09-04T17:56:35.9255332+07:00" testType="13cdc9d9-ddb5-4fa4-a97d-d965ccfc6d4b" outcome="Passed" testListId="8c84fa94-04c1-424b-9868-57a2d4851a1d" relativeResultsDirectory="50c6a3b9-6fe7-4fb9-85e6-645b04630a2d" />
    <UnitTestResult executionId="eaaedb13-3a46-418c-b8b1-0b7417a2aa07" testId="8fada356-5404-e8bf-6ed5-8735e5c616d6" testName="AISAM.IntegrationTests.CreditServiceTests.EnsureCurrentFreeCreditsAsync_DoesNotResetExpiredFreeSubscription" computerName="DESKTOP-F8U90NP" duration="00:00:00.0102360" startTime="2026-09-04T17:56:35.8643370+07:00" endTime="2026-09-04T17:56:35.8643371+07:00" testType="13cdc9d9-ddb5-4fa4-a97d-d965ccfc6d4b" outcome="Passed" testListId="8c84fa94-04c1-424b-9868-57a2d4851a1d" relativeResultsDirectory="eaaedb13-3a46-418c-b8b1-0b7417a2aa07" />
    <UnitTestResult executionId="06d23fcc-971b-4440-a096-6f4bf9599ebc" testId="6668cdbc-0d16-8326-7011-c8d2d793c6b6" testName="AISAM.IntegrationTests.PermissionSecurityTests.TemporaryCanEdit_DoesNotGrantOtherActions(action: Delete, expected: False)" computerName="DESKTOP-F8U90NP" duration="00:00:00.0904655" startTime="2026-09-04T17:56:37.0488909+07:00" endTime="2026-09-04T17:56:37.0488910+07:00" testType="13cdc9d9-ddb5-4fa4-a97d-d965ccfc6d4b" outcome="Passed" testListId="8c84fa94-04c1-424b-9868-57a2d4851a1d" relativeResultsDirectory="06d23fcc-971b-4440-a096-6f4bf9599ebc" />
    <UnitTestResult executionId="62bb9e52-ed28-4edb-84e3-cc6b9d10df94" testId="32c7798f-c085-0f46-6608-a44d0340afa2" testName="AISAM.IntegrationTests.PaymentControllerTests.CreateCheckout_ReturnsServiceUnavailable_WhenPayOsConfigMissingAsync" computerName="DESKTOP-F8U90NP" duration="00:00:00.0008787" startTime="2026-09-04T17:56:34.6455711+07:00" endTime="2026-09-04T17:56:34.6455711+07:00" testType="13cdc9d9-ddb5-4fa4-a97d-d965ccfc6d4b" outcome="Passed" testListId="8c84fa94-04c1-424b-9868-57a2d4851a1d" relativeResultsDirectory="62bb9e52-ed28-4edb-84e3-cc6b9d10df94" />
    <UnitTestResult executionId="b0cd4015-f3fe-4282-86f5-2b48dd5978cf" testId="3bc69801-d150-2c9d-829a-9f053b55e8ee" testName="AISAM.IntegrationTests.GeminiTextClientTests.GenerateAsync_ThrowsClearErrorBeforeHttpCall_WhenApiKeyIsMissing" computerName="DESKTOP-F8U90NP" duration="00:00:00.0008746" startTime="2026-09-04T17:56:34.7341372+07:00" endTime="2026-09-04T17:56:34.7341372+07:00" testType="13cdc9d9-ddb5-4fa4-a97d-d965ccfc6d4b" outcome="Passed" testListId="8c84fa94-04c1-424b-9868-57a2d4851a1d" relativeResultsDirectory="b0cd4015-f3fe-4282-86f5-2b48dd5978cf" />
    <UnitTestResult executionId="95fc5e0e-8db0-4554-b80f-f705abed4060" testId="c271b9f0-1ef4-ff91-247e-4cf358225127" testName="AISAM.IntegrationTests.PromptEnhancerTests.EnhanceImagePromptAsync_ReturnsEnhancedEnglishPrompt_WhenGeminiSucceeds" computerName="DESKTOP-F8U90NP" duration="00:00:00.0005233" startTime="2026-09-04T17:56:35.5793993+07:00" endTime="2026-09-04T17:56:35.5793995+07:00" testType="13cdc9d9-ddb5-4fa4-a97d-d965ccfc6d4b" outcome="Passed" testListId="8c84fa94-04c1-424b-9868-57a2d4851a1d" relativeResultsDirectory="95fc5e0e-8db0-4554-b80f-f705abed4060" />
    <UnitTestResult executionId="35aa8f3a-0734-43a7-9210-965440c35f9e" testId="8a47b356-2144-e6d6-e54c-d95d1f2978ac" testName="AISAM.IntegrationTests.AdCampaignServiceTests.DeployAsync_AlreadyCompleted_ReturnsAlreadyDeployed" computerName="DESKTOP-F8U90NP" duration="00:00:00.0018017" startTime="2026-09-04T17:56:34.7288346+07:00" endTime="2026-09-04T17:56:34.7288348+07:00" testType="13cdc9d9-ddb5-4fa4-a97d-d965ccfc6d4b" outcome="Passed" testListId="8c84fa94-04c1-424b-9868-57a2d4851a1d" relativeResultsDirectory="35aa8f3a-0734-43a7-9210-965440c35f9e" />
    <UnitTestResult executionId="7c59a581-43a0-4c50-b037-18679b726d18" testId="6e09f47a-d6ea-18a0-0274-a25c5269de45" testName="AISAM.IntegrationTests.SocialRepositoryTests.GetByProfileIdAsync_ExcludesSoftDeletedAccountsAndIntegrations" computerName="DESKTOP-F8U90NP" duration="00:00:00.2407520" startTime="2026-09-04T17:56:36.0330063+07:00" endTime="2026-09-04T17:56:36.0330064+07:00" testType="13cdc9d9-ddb5-4fa4-a97d-d965ccfc6d4b" outcome="Passed" testListId="8c84fa94-04c1-424b-9868-57a2d4851a1d" relativeResultsDirectory="7c59a581-43a0-4c50-b037-18679b726d18" />
    <UnitTestResult executionId="462ac174-ef2d-456f-ab94-67011019866e" testId="8397fc4c-9cb0-be46-eae6-5e96eb12042d" testName="AISAM.IntegrationTests.FacebookProviderTests.PublishAsync_RetriesWithFreshPageToken_WhenInitialPageTokenFails" computerName="DESKTOP-F8U90NP" duration="00:00:00.0151125" startTime="2026-09-04T17:56:34.7288881+07:00" endTime="2026-09-04T17:56:34.7288882+07:00" testType="13cdc9d9-ddb5-4fa4-a97d-d965ccfc6d4b" outcome="Passed" testListId="8c84fa94-04c1-424b-9868-57a2d4851a1d" relativeResultsDirectory="462ac174-ef2d-456f-ab94-67011019866e" />
    <UnitTestResult executionId="b94c0022-2c79-4f0c-936e-289be173bf8d" testId="b4568cf0-78d5-c0f7-9ffe-2e8b9585143d" testName="AISAM.IntegrationTests.AdCampaignServiceTests.RestoreAsync_WithDeletedCampaign_RestoresToDraft" computerName="DESKTOP-F8U90NP" duration="00:00:00.0010665" startTime="2026-09-04T17:56:34.7054910+07:00" endTime="2026-09-04T17:56:34.7054912+07:00" testType="13cdc9d9-ddb5-4fa4-a97d-d965ccfc6d4b" outcome="Passed" testListId="8c84fa94-04c1-424b-9868-57a2d4851a1d" relativeResultsDirectory="b94c0022-2c79-4f0c-936e-289be173bf8d" />
    <UnitTestResult executionId="40aea25d-2725-4662-8873-22ce7dea16a9" testId="b9513bb7-e5e2-3853-6e18-d3ee65df7dd1" testName="AISAM.IntegrationTests.ContentScheduleServiceTests.CreateAsync_ReturnsNotFound_WhenIntegrationBelongsToAnotherProfile" computerName="DESKTOP-F8U90NP" duration="00:00:00.0057268" startTime="2026-09-04T17:56:34.6640556+07:00" endTime="2026-09-04T17:56:34.6640557+07:00" testType="13cdc9d9-ddb5-4fa4-a97d-d965ccfc6d4b" outcome="Passed" testListId="8c84fa94-04c1-424b-9868-57a2d4851a1d" relativeResultsDirectory="40aea25d-2725-4662-8873-22ce7dea16a9" />
    <UnitTestResult executionId="22df17a9-8779-4f7d-b376-e0784ba1c55c" testId="f2bae1b5-45a4-143f-47af-69787fcc1b51" testName="AISAM.IntegrationTests.PostServiceTests.GetPagedAsync_ReturnsOnlyPostsForActiveProfile" computerName="DESKTOP-F8U90NP" duration="00:00:00.0084374" startTime="2026-09-04T17:56:35.8100184+07:00" endTime="2026-09-04T17:56:35.8100185+07:00" testType="13cdc9d9-ddb5-4fa4-a97d-d965ccfc6d4b" outcome="Passed" testListId="8c84fa94-04c1-424b-9868-57a2d4851a1d" relativeResultsDirectory="22df17a9-8779-4f7d-b376-e0784ba1c55c" />
    <UnitTestResult executionId="d5af6ba9-6422-4b16-a51a-4548da075ce7" testId="dfaa1178-9363-c08f-ab4b-7a72a61291a9" testName="AISAM.IntegrationTests.QuotaServiceTests.EnsureWorkspacePostQuotaAsync_ReturnsForbidden_WhenWorkspacePostQuotaExceeded" computerName="DESKTOP-F8U90NP" duration="00:00:00.0058263" startTime="2026-09-04T17:56:35.5227572+07:00" endTime="2026-09-04T17:56:35.5227574+07:00" testType="13cdc9d9-ddb5-4fa4-a97d-d965ccfc6d4b" outcome="Passed" testListId="8c84fa94-04c1-424b-9868-57a2d4851a1d" relativeResultsDirectory="d5af6ba9-6422-4b16-a51a-4548da075ce7" />
    <UnitTestResult executionId="0898b36d-4bd4-477a-baa0-1532d11eaac8" testId="3ca790df-8cf1-0dfc-fca5-84b22f85e306" testName="AISAM.IntegrationTests.ContentControllerTests.Create_ReturnsServiceStatusCode_WhenValidationFails" computerName="DESKTOP-F8U90NP" duration="00:00:00.0017624" startTime="2026-09-04T17:56:35.7919442+07:00" endTime="2026-09-04T17:56:35.7919443+07:00" testType="13cdc9d9-ddb5-4fa4-a97d-d965ccfc6d4b" outcome="Passed" testListId="8c84fa94-04c1-424b-9868-57a2d4851a1d" relativeResultsDirectory="0898b36d-4bd4-477a-baa0-1532d11eaac8" />
    <UnitTestResult executionId="b91ba650-8410-4ee9-88e4-9cc99da34998" testId="ec05c899-6d94-9099-1a91-6b4299a697d4" testName="AISAM.IntegrationTests.AdCampaignServiceTests.DeployAsync_WithoutLandingUrl_ReturnsError" computerName="DESKTOP-F8U90NP" duration="00:00:00.0010575" startTime="2026-09-04T17:56:34.7193708+07:00" endTime="2026-09-04T17:56:34.7193710+07:00" testType="13cdc9d9-ddb5-4fa4-a97d-d965ccfc6d4b" outcome="Passed" testListId="8c84fa94-04c1-424b-9868-57a2d4851a1d" relativeResultsDirectory="b91ba650-8410-4ee9-88e4-9cc99da34998" />
    <UnitTestResult executionId="e42b4043-4e23-432e-aeb2-ada8d1c0892e" testId="befbbd08-419b-2589-7009-ff85d84e5a4e" testName="AISAM.IntegrationTests.PermissionHttpTests.ViewerMutation_IsDeniedBeforeControllerExecution(method: &quot;POST&quot;, path: &quot;/api/content&quot;)" computerName="DESKTOP-F8U90NP" duration="00:00:00.1756919" startTime="2026-09-04T17:56:38.4909550+07:00" endTime="2026-09-04T17:56:38.4909553+07:00" testType="13cdc9d9-ddb5-4fa4-a97d-d965ccfc6d4b" outcome="Passed" testListId="8c84fa94-04c1-424b-9868-57a2d4851a1d" relativeResultsDirectory="e42b4043-4e23-432e-aeb2-ada8d1c0892e" />
    <UnitTestResult executionId="6b362ab0-5d23-4e0c-9c5b-0bd4f34f43e8" testId="ecabf300-fb48-7cc1-5e1d-fd0799de9055" testName="AISAM.IntegrationTests.AnalyticsServiceTests.GetAiRecommendationsAsync_PrimaryUnparsable_RetryReceivesFreshBudget" computerName="DESKTOP-F8U90NP" duration="00:00:00.2479251" startTime="2026-09-04T17:56:35.9670269+07:00" endTime="2026-09-04T17:56:35.9670270+07:00" testType="13cdc9d9-ddb5-4fa4-a97d-d965ccfc6d4b" outcome="Passed" testListId="8c84fa94-04c1-424b-9868-57a2d4851a1d" relativeResultsDirectory="6b362ab0-5d23-4e0c-9c5b-0bd4f34f43e8" />
    <UnitTestResult executionId="cb331b93-13b0-4ba0-bfa6-bd46f981d21f" testId="b06e4c0f-4dc7-d765-605e-1d0105f895d7" testName="AISAM.IntegrationTests.ActiveProfileMiddlewareTests.InvokeAsync_AutoCreatesProfile_WhenProfileHeaderIsInvalid" computerName="DESKTOP-F8U90NP" duration="00:00:00.0007134" startTime="2026-09-04T17:56:34.7594878+07:00" endTime="2026-09-04T17:56:34.7594879+07:00" testType="13cdc9d9-ddb5-4fa4-a97d-d965ccfc6d4b" outcome="Passed" testListId="8c84fa94-04c1-424b-9868-57a2d4851a1d" relativeResultsDirectory="cb331b93-13b0-4ba0-bfa6-bd46f981d21f" />
    <UnitTestResult executionId="813ea2c1-1931-4cbd-bc0c-a8f0b387bd7e" testId="70482ddf-8b77-1a63-7b21-db91e7c37afd" testName="AISAM.IntegrationTests.ExecutionSecurityTests.ExecutionIntegrity_DeniesTamperedRelationships(field: &quot;channel&quot;)" computerName="DESKTOP-F8U90NP" duration="00:00:00.1160807" startTime="2026-09-04T17:56:37.0542402+07:00" endTime="2026-09-04T17:56:37.0542404+07:00" testType="13cdc9d9-ddb5-4fa4-a97d-d965ccfc6d4b" outcome="Passed" testListId="8c84fa94-04c1-424b-9868-57a2d4851a1d" relativeResultsDirectory="813ea2c1-1931-4cbd-bc0c-a8f0b387bd7e" />
    <UnitTestResult executionId="6734bc2d-5090-407c-a45d-82796aaaaaa5" testId="a6f50d56-9f06-230d-8a19-a93871ddc8de" testName="AISAM.IntegrationTests.DevSchedulerControllerTests.RunNow_ReturnsNotFound_WhenEnvironmentIsNotDevelopment" computerName="DESKTOP-F8U90NP" duration="00:00:00.0022976" startTime="2026-09-04T17:56:34.6446599+07:00" endTime="2026-09-04T17:56:34.6446600+07:00" testType="13cdc9d9-ddb5-4fa4-a97d-d965ccfc6d4b" outcome="Passed" testListId="8c84fa94-04c1-424b-9868-57a2d4851a1d" relativeResultsDirectory="6734bc2d-5090-407c-a45d-82796aaaaaa5" />
    <UnitTestResult executionId="5d877a63-2186-425c-890f-900c38eddd84" testId="ada1c676-5198-5a30-228d-c3110100c76e" testName="AISAM.IntegrationTests.CreditServiceTests.RecordUsageAsync_StoresCreditUsageMetadataWithoutPromptContent" computerName="DESKTOP-F8U90NP" duration="00:00:00.0278468" startTime="2026-09-04T17:56:35.9009499+07:00" endTime="2026-09-04T17:56:35.9009500+07:00" testType="13cdc9d9-ddb5-4fa4-a97d-d965ccfc6d4b" outcome="Passed" testListId="8c84fa94-04c1-424b-9868-57a2d4851a1d" relativeResultsDirectory="5d877a63-2186-425c-890f-900c38eddd84" />
    <UnitTestResult executionId="c268ce51-a87d-442b-8e49-b11d988628a5" testId="bf8630dc-006b-df39-46ec-e6b3034ba204" testName="AISAM.IntegrationTests.PaymentControllerTests.GetCurrentSubscription_ReturnsOnlyActiveWorkspacesSubscriptionAsync" computerName="DESKTOP-F8U90NP" duration="00:00:00.0016779" startTime="2026-09-04T17:56:34.6455316+07:00" endTime="2026-09-04T17:56:34.6455316+07:00" testType="13cdc9d9-ddb5-4fa4-a97d-d965ccfc6d4b" outcome="Passed" testListId="8c84fa94-04c1-424b-9868-57a2d4851a1d" relativeResultsDirectory="c268ce51-a87d-442b-8e49-b11d988628a5" />
    <UnitTestResult executionId="ec41a6dc-f312-4c05-ab0a-a3fb5a7bbfe8" testId="b07a1c8e-4bd6-d96e-63c7-41bba5ef01b9" testName="AISAM.IntegrationTests.PermissionSecurityTests.TemporaryExpiry_IsEnforcedWithoutWorker(seconds: -60, expected: False)" computerName="DESKTOP-F8U90NP" duration="00:00:00.1008061" startTime="2026-09-04T17:56:38.0219338+07:00" endTime="2026-09-04T17:56:38.0219340+07:00" testType="13cdc9d9-ddb5-4fa4-a97d-d965ccfc6d4b" outcome="Passed" testListId="8c84fa94-04c1-424b-9868-57a2d4851a1d" relativeResultsDirectory="ec41a6dc-f312-4c05-ab0a-a3fb5a7bbfe8" />
    <UnitTestResult executionId="1b3d72a7-a443-4c52-9794-69f828bef578" testId="a46cd579-d3a7-bdc2-7028-3b3f96be2229" testName="AISAM.IntegrationTests.ActiveWorkspaceMiddlewareTests.InvokeAsync_BlocksContentCreatorFromReviewingPublishingAndManagingSchedules(path: &quot;/api/content/11111111-1111-1111-1111-111111111111/&quot;···)" computerName="DESKTOP-F8U90NP" duration="00:00:00.0001269" startTime="2026-09-04T17:56:34.7901494+07:00" endTime="2026-09-04T17:56:34.7901495+07:00" testType="13cdc9d9-ddb5-4fa4-a97d-d965ccfc6d4b" outcome="Passed" testListId="8c84fa94-04c1-424b-9868-57a2d4851a1d" relativeResultsDirectory="1b3d72a7-a443-4c52-9794-69f828bef578" />
    <UnitTestResult executionId="53a93ca6-5b39-4aab-ba17-14cdc48b97c4" testId="36fabaec-11d1-674e-4a3b-8ddb8327f5e0" testName="AISAM.IntegrationTests.SocialServiceTests.LinkSelectedTargetsInWorkspaceAsync_AllowsMemberWhoseProfileDoesNotOwnBrand" computerName="DESKTOP-F8U90NP" duration="00:00:00.0011573" startTime="2026-09-04T17:56:34.6488993+07:00" endTime="2026-09-04T17:56:34.6488994+07:00" testType="13cdc9d9-ddb5-4fa4-a97d-d965ccfc6d4b" outcome="Passed" testListId="8c84fa94-04c1-424b-9868-57a2d4851a1d" relativeResultsDirectory="53a93ca6-5b39-4aab-ba17-14cdc48b97c4" />
    <UnitTestResult executionId="fffb8c37-09fe-40ab-8f74-af76eed54d8d" testId="462a2856-7a89-2c0d-a0ee-dad79f166bdf" testName="AISAM.IntegrationTests.ScheduledPostingServiceTests.RunDueSchedulesAsync_BlocksExpiredWorkspaceWithoutFallingBackToLegacyProfilePublish" computerName="DESKTOP-F8U90NP" duration="00:00:00.0146352" startTime="2026-09-04T17:56:34.7549682+07:00" endTime="2026-09-04T17:56:34.7549682+07:00" testType="13cdc9d9-ddb5-4fa4-a97d-d965ccfc6d4b" outcome="Passed" testListId="8c84fa94-04c1-424b-9868-57a2d4851a1d" relativeResultsDirectory="fffb8c37-09fe-40ab-8f74-af76eed54d8d" />
    <UnitTestResult executionId="9a4317fc-687e-48fb-8e22-edb40e6cca9d" testId="cb919530-e3f1-abea-f898-0086b4cdfeba" testName="AISAM.IntegrationTests.GeminiTextClientTests.GenerateAsync_ReturnsTrimmedText_WhenGeminiResponseIsValid" computerName="DESKTOP-F8U90NP" duration="00:00:00.0129611" startTime="2026-09-04T17:56:34.7242967+07:00" endTime="2026-09-04T17:56:34.7242969+07:00" testType="13cdc9d9-ddb5-4fa4-a97d-d965ccfc6d4b" outcome="Passed" testListId="8c84fa94-04c1-424b-9868-57a2d4851a1d" relativeResultsDirectory="9a4317fc-687e-48fb-8e22-edb40e6cca9d" />
    <UnitTestResult executionId="8110a22f-b02b-4599-b491-952c81f070ce" testId="e7df0e0e-0a4a-6de9-4698-5ca7c10bb6f7" testName="AISAM.IntegrationTests.ExecutionSecurityTests.ScheduledService_BlocksBeforeClaimOrPublishDependenciesAreTouched" computerName="DESKTOP-F8U90NP" duration="00:00:00.1174910" startTime="2026-09-04T17:56:40.3873779+07:00" endTime="2026-09-04T17:56:40.3873781+07:00" testType="13cdc9d9-ddb5-4fa4-a97d-d965ccfc6d4b" outcome="Passed" testListId="8c84fa94-04c1-424b-9868-57a2d4851a1d" relativeResultsDirectory="8110a22f-b02b-4599-b491-952c81f070ce" />
    <UnitTestResult executionId="04a1ddef-1350-452f-ab15-d1cc813b8301" testId="6ad4f898-be08-fa22-8063-eaf1e10031da" testName="AISAM.IntegrationTests.WorkspaceServiceTests.GetByUserIdAsync_ReturnsAllWorkspacesCurrentUserParticipatesIn" computerName="DESKTOP-F8U90NP" duration="00:00:00.0091912" startTime="2026-09-04T17:56:36.0251590+07:00" endTime="2026-09-04T17:56:36.0251591+07:00" testType="13cdc9d9-ddb5-4fa4-a97d-d965ccfc6d4b" outcome="Passed" testListId="8c84fa94-04c1-424b-9868-57a2d4851a1d" relativeResultsDirectory="04a1ddef-1350-452f-ab15-d1cc813b8301" />
    <UnitTestResult executionId="eb1e76a3-b2f7-4268-8fbb-040b7b08dff6" testId="9bd938a1-ecf9-4bbf-a614-9e02bb5e7f7e" testName="AISAM.IntegrationTests.ActiveWorkspaceMiddlewareTests.InvokeAsync_AllowsAnonymousFacebookCallbackRelay" computerName="DESKTOP-F8U90NP" duration="00:00:00.0003250" startTime="2026-09-04T17:56:34.8020454+07:00" endTime="2026-09-04T17:56:34.8020455+07:00" testType="13cdc9d9-ddb5-4fa4-a97d-d965ccfc6d4b" outcome="Passed" testListId="8c84fa94-04c1-424b-9868-57a2d4851a1d" relativeResultsDirectory="eb1e76a3-b2f7-4268-8fbb-040b7b08dff6" />
    <UnitTestResult executionId="787158cc-1b58-427d-9eb4-caed8742ffda" testId="0a5abacf-4c76-210f-3b47-06cc13c76ef3" testName="AISAM.IntegrationTests.PermissionHttpTests.RevokedTimestampAlone_PreventsRefreshEvenIfActiveFlagIsStale" computerName="DESKTOP-F8U90NP" duration="00:00:00.0864243" startTime="2026-09-04T17:56:41.2264718+07:00" endTime="2026-09-04T17:56:41.2264719+07:00" testType="13cdc9d9-ddb5-4fa4-a97d-d965ccfc6d4b" outcome="Passed" testListId="8c84fa94-04c1-424b-9868-57a2d4851a1d" relativeResultsDirectory="787158cc-1b58-427d-9eb4-caed8742ffda" />
    <UnitTestResult executionId="8c407660-ca36-4126-ade8-a47cea8d7ee5" testId="48dc47c8-9bf8-9ce5-cad4-1278c7ff0f5e" testName="AISAM.IntegrationTests.InstagramProviderTests.PublishAsync_Reel_WaitsUntilFinishedThenPublishes" computerName="DESKTOP-F8U90NP" duration="00:00:00.0089705" startTime="2026-09-04T17:56:34.7535911+07:00" endTime="2026-09-04T17:56:34.7535911+07:00" testType="13cdc9d9-ddb5-4fa4-a97d-d965ccfc6d4b" outcome="Passed" testListId="8c84fa94-04c1-424b-9868-57a2d4851a1d" relativeResultsDirectory="8c407660-ca36-4126-ade8-a47cea8d7ee5" />
    <UnitTestResult executionId="0f6252f0-4867-4e60-b819-43c9cae660a9" testId="79b36498-905f-db0d-63e6-28af887444bc" testName="AISAM.IntegrationTests.PermissionSecurityTests.TemporaryCanEdit_DoesNotGrantOtherActions(action: Edit, expected: True)" computerName="DESKTOP-F8U90NP" duration="00:00:00.1327312" startTime="2026-09-04T17:56:37.1816965+07:00" endTime="2026-09-04T17:56:37.1816969+07:00" testType="13cdc9d9-ddb5-4fa4-a97d-d965ccfc6d4b" outcome="Passed" testListId="8c84fa94-04c1-424b-9868-57a2d4851a1d" relativeResultsDirectory="0f6252f0-4867-4e60-b819-43c9cae660a9" />
    <UnitTestResult executionId="90a231f5-3572-48c3-86da-741adf05bcb5" testId="bf15befd-50d3-7e85-63df-b8679041af3f" testName="AISAM.IntegrationTests.PermissionHttpTests.MemberTransfer_ChangesAccessVersionEvenWhenManagerBrandAndChannelsStaySame" computerName="DESKTOP-F8U90NP" duration="00:00:00.2216189" startTime="2026-09-04T17:56:39.2833023+07:00" endTime="2026-09-04T17:56:39.2833024+07:00" testType="13cdc9d9-ddb5-4fa4-a97d-d965ccfc6d4b" outcome="Passed" testListId="8c84fa94-04c1-424b-9868-57a2d4851a1d" relativeResultsDirectory="90a231f5-3572-48c3-86da-741adf05bcb5" />
    <UnitTestResult executionId="b379f4b4-cb22-4fb7-99aa-06d89f9998b2" testId="48232128-7475-0e97-1877-073a2d3694ca" testName="AISAM.IntegrationTests.FoundationTests.EmailService_ReturnsFalse_WhenSmtpIsNotConfiguredAsync" computerName="DESKTOP-F8U90NP" duration="00:00:00.0180654" startTime="2026-09-04T17:56:34.6333214+07:00" endTime="2026-09-04T17:56:34.6333215+07:00" testType="13cdc9d9-ddb5-4fa4-a97d-d965ccfc6d4b" outcome="Passed" testListId="8c84fa94-04c1-424b-9868-57a2d4851a1d" relativeResultsDirectory="b379f4b4-cb22-4fb7-99aa-06d89f9998b2" />
    <UnitTestResult executionId="9f81e898-5327-4a49-af86-ba4146fdb21c" testId="bd8e83aa-95b2-825d-b5bf-330cc1b8008d" testName="AISAM.IntegrationTests.ExecutionSecurityTests.ExecutionIntegrity_DeniesTamperedRelationships(field: &quot;missing-team&quot;)" computerName="DESKTOP-F8U90NP" duration="00:00:00.1006898" startTime="2026-09-04T17:56:37.3896243+07:00" endTime="2026-09-04T17:56:37.3896246+07:00" testType="13cdc9d9-ddb5-4fa4-a97d-d965ccfc6d4b" outcome="Passed" testListId="8c84fa94-04c1-424b-9868-57a2d4851a1d" relativeResultsDirectory="9f81e898-5327-4a49-af86-ba4146fdb21c" />
    <UnitTestResult executionId="4ec7dfd7-95a8-444a-8763-b17132500571" testId="f1b6c1f5-0164-e3c2-f8e0-ef4ef650d2fb" testName="AISAM.IntegrationTests.PaymentServiceTests.GetCurrentSubscriptionAsync_DoesNotRequirePayOsOutboundConfig" computerName="DESKTOP-F8U90NP" duration="00:00:00.0024432" startTime="2026-09-04T17:56:34.7608140+07:00" endTime="2026-09-04T17:56:34.7608141+07:00" testType="13cdc9d9-ddb5-4fa4-a97d-d965ccfc6d4b" outcome="Passed" testListId="8c84fa94-04c1-424b-9868-57a2d4851a1d" relativeResultsDirectory="4ec7dfd7-95a8-444a-8763-b17132500571" />
    <UnitTestResult executionId="dcf44e8b-7a8a-489c-b503-95ff33deecfb" testId="e190ebf6-2049-7d5e-e80e-bf49790374b6" testName="AISAM.IntegrationTests.PromptEnhancerTests.EnhanceImagePromptAsync_IncludesReferenceImageInstructions_WhenHasReferenceImages" computerName="DESKTOP-F8U90NP" duration="00:00:00.0005044" startTime="2026-09-04T17:56:35.5722543+07:00" endTime="2026-09-04T17:56:35.5722544+07:00" testType="13cdc9d9-ddb5-4fa4-a97d-d965ccfc6d4b" outcome="Passed" testListId="8c84fa94-04c1-424b-9868-57a2d4851a1d" relativeResultsDirectory="dcf44e8b-7a8a-489c-b503-95ff33deecfb" />
    <UnitTestResult executionId="0f50bafb-0cd5-419b-a678-46a24a4d460d" testId="4cf78448-f984-ed8b-341d-a84131ff79ae" testName="AISAM.IntegrationTests.AdCampaignServiceTests.CreateAsync_WithVariants_NotSummingTo100_ReturnsError" computerName="DESKTOP-F8U90NP" duration="00:00:00.0013495" startTime="2026-09-04T17:56:34.7208358+07:00" endTime="2026-09-04T17:56:34.7208360+07:00" testType="13cdc9d9-ddb5-4fa4-a97d-d965ccfc6d4b" outcome="Passed" testListId="8c84fa94-04c1-424b-9868-57a2d4851a1d" relativeResultsDirectory="0f50bafb-0cd5-419b-a678-46a24a4d460d" />
    <UnitTestResult executionId="94ba50cd-1f1d-4241-812f-b705143542d6" testId="72e4ea89-1659-765d-7d02-9e8a9582d41a" testName="AISAM.IntegrationTests.SocialAuthRelayControllerTests.RelayFacebookCallback_RedirectsToFrontendAndPreservesOAuthQuery" computerName="DESKTOP-F8U90NP" duration="00:00:00.0008739" startTime="2026-09-04T17:56:35.4200216+07:00" endTime="2026-09-04T17:56:35.4200217+07:00" testType="13cdc9d9-ddb5-4fa4-a97d-d965ccfc6d4b" outcome="Passed" testListId="8c84fa94-04c1-424b-9868-57a2d4851a1d" relativeResultsDirectory="94ba50cd-1f1d-4241-812f-b705143542d6" />
    <UnitTestResult executionId="d37e2c41-63f7-42d7-93d5-7bdb2647ece8" testId="94852fc0-83e7-cd63-790a-6b87e7706401" testName="AISAM.IntegrationTests.PermissionHttpTests.TemporaryEdit_UsesRealMutationServiceAndImmediatelyDeniesRevocation" computerName="DESKTOP-F8U90NP" duration="00:00:01.0453043" startTime="2026-09-04T17:56:37.8139415+07:00" endTime="2026-09-04T17:56:37.8139418+07:00" testType="13cdc9d9-ddb5-4fa4-a97d-d965ccfc6d4b" outcome="Passed" testListId="8c84fa94-04c1-424b-9868-57a2d4851a1d" relativeResultsDirectory="d37e2c41-63f7-42d7-93d5-7bdb2647ece8" />
    <UnitTestResult executionId="c2f4b1f8-3d6f-42aa-b5a7-2316518d5e06" testId="f80e8e79-9b24-98f2-2f33-379533af736d" testName="AISAM.IntegrationTests.WorkspaceRepositoryTests.UpdateAsync_RejectsChangingWorkspaceOwnerRole" computerName="DESKTOP-F8U90NP" duration="00:00:00.0215805" startTime="2026-09-04T17:56:36.0008383+07:00" endTime="2026-09-04T17:56:36.0008385+07:00" testType="13cdc9d9-ddb5-4fa4-a97d-d965ccfc6d4b" outcome="Passed" testListId="8c84fa94-04c1-424b-9868-57a2d4851a1d" relativeResultsDirectory="c2f4b1f8-3d6f-42aa-b5a7-2316518d5e06" />
    <UnitTestResult executionId="fc01e78d-d639-4b3c-a6ae-7d6a429ed261" testId="18565436-a0e4-3f94-327d-fcf205d6e212" testName="AISAM.IntegrationTests.FoundationTests.ProfileService_ReturnsNotFound_WhenProfileIsOwnedByDifferentUserAsync" computerName="DESKTOP-F8U90NP" duration="00:00:00.0012678" startTime="2026-09-04T17:56:34.6462802+07:00" endTime="2026-09-04T17:56:34.6462802+07:00" testType="13cdc9d9-ddb5-4fa4-a97d-d965ccfc6d4b" outcome="Passed" testListId="8c84fa94-04c1-424b-9868-57a2d4851a1d" relativeResultsDirectory="fc01e78d-d639-4b3c-a6ae-7d6a429ed261" />
    <UnitTestResult executionId="c0027013-3296-4e5c-aed5-b8a071ebbfeb" testId="a23b5c95-a5be-26b2-8d01-809962f547b8" testName="AISAM.IntegrationTests.WorkspaceDomainFoundationTests.UserCanBeRepresentedAsMemberOfMultipleWorkspaces" computerName="DESKTOP-F8U90NP" duration="00:00:00.0001420" startTime="2026-09-04T17:56:35.4189056+07:00" endTime="2026-09-04T17:56:35.4189057+07:00" testType="13cdc9d9-ddb5-4fa4-a97d-d965ccfc6d4b" outcome="Passed" testListId="8c84fa94-04c1-424b-9868-57a2d4851a1d" relativeResultsDirectory="c0027013-3296-4e5c-aed5-b8a071ebbfeb" />
    <UnitTestResult executionId="068d016d-5870-404b-8cb3-c2270adeeb22" testId="8b40b91b-8e21-b68a-e051-d5f9438f08f9" testName="AISAM.IntegrationTests.ActiveWorkspaceMiddlewareTests.InvokeAsync_ReturnsForbidden_WhenViewerWritesContent(path: &quot;/api/content/11111111-1111-1111-1111-111111111111/&quot;···, method: &quot;POST&quot;)" computerName="DESKTOP-F8U90NP" duration="00:00:00.0006782" startTime="2026-09-04T17:56:34.7927083+07:00" endTime="2026-09-04T17:56:34.7927083+07:00" testType="13cdc9d9-ddb5-4fa4-a97d-d965ccfc6d4b" outcome="Passed" testListId="8c84fa94-04c1-424b-9868-57a2d4851a1d" relativeResultsDirectory="068d016d-5870-404b-8cb3-c2270adeeb22" />
    <UnitTestResult executionId="e15119ca-ebfe-4e92-a1c4-16cf67ab6b6b" testId="8bd8ec0c-bb95-bd60-57db-5133d49d50d2" testName="AISAM.IntegrationTests.WorkspaceServiceTests.AdminSoftDeleteAsync_RejectsWorkspaceBeforeDeletionEligibility" computerName="DESKTOP-F8U90NP" duration="00:00:00.0036484" startTime="2026-09-04T17:56:36.0735901+07:00" endTime="2026-09-04T17:56:36.0735902+07:00" testType="13cdc9d9-ddb5-4fa4-a97d-d965ccfc6d4b" outcome="Passed" testListId="8c84fa94-04c1-424b-9868-57a2d4851a1d" relativeResultsDirectory="e15119ca-ebfe-4e92-a1c4-16cf67ab6b6b" />
    <UnitTestResult executionId="a5d648b6-4b69-4cd7-96b4-49c1dc55d407" testId="f37c5710-a7f1-9921-8441-663d77a6d24d" testName="AISAM.IntegrationTests.WorkspaceRepositoryTests.AddAsync_RejectsAssigningOwnerRole" computerName="DESKTOP-F8U90NP" duration="00:00:00.0033595" startTime="2026-09-04T17:56:35.9629197+07:00" endTime="2026-09-04T17:56:35.9629199+07:00" testType="13cdc9d9-ddb5-4fa4-a97d-d965ccfc6d4b" outcome="Passed" testListId="8c84fa94-04c1-424b-9868-57a2d4851a1d" relativeResultsDirectory="a5d648b6-4b69-4cd7-96b4-49c1dc55d407" />
    <UnitTestResult executionId="26875368-cf3f-463c-89f0-3bf4e034b63c" testId="5bc03789-e1c8-12f6-5de2-ad6dcfb8ae81" testName="AISAM.IntegrationTests.PaymentRepositoryTests.GetCurrentActiveByProfileIdAsync_ReturnsOnlyCurrentProfilesActiveSubscription" computerName="DESKTOP-F8U90NP" duration="00:00:00.0032133" startTime="2026-09-04T17:56:36.2689044+07:00" endTime="2026-09-04T17:56:36.2689046+07:00" testType="13cdc9d9-ddb5-4fa4-a97d-d965ccfc6d4b" outcome="Passed" testListId="8c84fa94-04c1-424b-9868-57a2d4851a1d" relativeResultsDirectory="26875368-cf3f-463c-89f0-3bf4e034b63c" />
    <UnitTestResult executionId="d427f09f-dc4f-4493-b04b-dc32064ec5c4" testId="56091376-0759-1316-fa70-2a20dea07d9b" testName="AISAM.IntegrationTests.ExecutionSecurityTests.ConcurrentTaskTransition_LoserCannotCommitDuplicateAudit" computerName="DESKTOP-F8U90NP" duration="00:00:00.1552705" startTime="2026-09-04T17:56:39.4245261+07:00" endTime="2026-09-04T17:56:39.4245262+07:00" testType="13cdc9d9-ddb5-4fa4-a97d-d965ccfc6d4b" outcome="Passed" testListId="8c84fa94-04c1-424b-9868-57a2d4851a1d" relativeResultsDirectory="d427f09f-dc4f-4493-b04b-dc32064ec5c4" />
    <UnitTestResult executionId="dbd15fc2-5e38-4c4e-a3b2-74ac9575138a" testId="ad54bc10-f43f-80d3-dd15-657ca31cf12d" testName="AISAM.IntegrationTests.PermissionSecurityTests.TemporaryCanEdit_DoesNotGrantOtherActions(action: Publish, expected: False)" computerName="DESKTOP-F8U90NP" duration="00:00:00.0924165" startTime="2026-09-04T17:56:36.9582328+07:00" endTime="2026-09-04T17:56:36.9582329+07:00" testType="13cdc9d9-ddb5-4fa4-a97d-d965ccfc6d4b" outcome="Passed" testListId="8c84fa94-04c1-424b-9868-57a2d4851a1d" relativeResultsDirectory="dbd15fc2-5e38-4c4e-a3b2-74ac9575138a" />
    <UnitTestResult executionId="d009e0db-91cf-465d-bdd6-90fe7f97c6d1" testId="afd2212a-327a-d633-be2e-5904b0a6f352" testName="AISAM.IntegrationTests.SocialServiceTests.LinkSelectedTargetsForAccountAsync_ReturnsBrandError_WhenBrandBelongsToAnotherProfile" computerName="DESKTOP-F8U90NP" duration="00:00:00.0055162" startTime="2026-09-04T17:56:34.6544772+07:00" endTime="2026-09-04T17:56:34.6544774+07:00" testType="13cdc9d9-ddb5-4fa4-a97d-d965ccfc6d4b" outcome="Passed" testListId="8c84fa94-04c1-424b-9868-57a2d4851a1d" relativeResultsDirectory="d009e0db-91cf-465d-bdd6-90fe7f97c6d1" />
    <UnitTestResult executionId="b23481f8-1167-4f0d-aa97-2df235a8eda3" testId="c6107fda-c438-8f17-a79a-a713e00fa030" testName="AISAM.IntegrationTests.AIServiceTests.ExtractGeneratedTitle_UsesUppercaseCaptionHeadline_InsteadOfAiTitle" computerName="DESKTOP-F8U90NP" duration="00:00:00.0019791" startTime="2026-09-04T17:56:35.9619070+07:00" endTime="2026-09-04T17:56:35.9619072+07:00" testType="13cdc9d9-ddb5-4fa4-a97d-d965ccfc6d4b" outcome="Passed" testListId="8c84fa94-04c1-424b-9868-57a2d4851a1d" relativeResultsDirectory="b23481f8-1167-4f0d-aa97-2df235a8eda3" />
    <UnitTestResult executionId="389a5097-f1ef-4653-b0ae-73bd5d357fe5" testId="db4de9a9-e16d-cfd2-309f-e8f36db103d1" testName="AISAM.IntegrationTests.ExecutionSecurityTests.TemporaryCanEdit_DoesNotElevateNewActions(action: AiImprove)" computerName="DESKTOP-F8U90NP" duration="00:00:00.1224196" startTime="2026-09-04T17:56:38.7275652+07:00" endTime="2026-09-04T17:56:38.7275654+07:00" testType="13cdc9d9-ddb5-4fa4-a97d-d965ccfc6d4b" outcome="Passed" testListId="8c84fa94-04c1-424b-9868-57a2d4851a1d" relativeResultsDirectory="389a5097-f1ef-4653-b0ae-73bd5d357fe5" />
    <UnitTestResult executionId="3e02f639-0229-4615-9ab1-b0376e80d6d2" testId="413c08c1-27db-f786-49d3-0449c128790d" testName="AISAM.IntegrationTests.AIServiceTests.ApproveGenerationAsync_CopiesTextAndSetsPendingApproval" computerName="DESKTOP-F8U90NP" duration="00:00:00.0029080" startTime="2026-09-04T17:56:35.9531130+07:00" endTime="2026-09-04T17:56:35.9531133+07:00" testType="13cdc9d9-ddb5-4fa4-a97d-d965ccfc6d4b" outcome="Passed" testListId="8c84fa94-04c1-424b-9868-57a2d4851a1d" relativeResultsDirectory="3e02f639-0229-4615-9ab1-b0376e80d6d2" />
    <UnitTestResult executionId="c0d0c154-58f9-4965-be7d-2a63c90c9d08" testId="7a84df03-8a83-e7d1-4edd-5354d5d1b881" testName="AISAM.IntegrationTests.PaymentServiceTests.HandleWebhookAsync_RenewsFromCurrentWorkspaceExpiryAndDeactivatesPreviousSubscription" computerName="DESKTOP-F8U90NP" duration="00:00:00.0057928" startTime="2026-09-04T17:56:34.6904551+07:00" endTime="2026-09-04T17:56:34.6904552+07:00" testType="13cdc9d9-ddb5-4fa4-a97d-d965ccfc6d4b" outcome="Passed" testListId="8c84fa94-04c1-424b-9868-57a2d4851a1d" relativeResultsDirectory="c0d0c154-58f9-4965-be7d-2a63c90c9d08" />
    <UnitTestResult executionId="d4041770-f152-4b21-bcaa-0661fbd8017d" testId="77ba9e33-239d-948b-8b9d-023cc629395d" testName="AISAM.IntegrationTests.AdCampaignServiceTests.CreateAsync_WithValidData_ReturnsSuccess" computerName="DESKTOP-F8U90NP" duration="00:00:00.0029792" startTime="2026-09-04T17:56:34.6902102+07:00" endTime="2026-09-04T17:56:34.6902103+07:00" testType="13cdc9d9-ddb5-4fa4-a97d-d965ccfc6d4b" outcome="Passed" testListId="8c84fa94-04c1-424b-9868-57a2d4851a1d" relativeResultsDirectory="d4041770-f152-4b21-bcaa-0661fbd8017d" />
    <UnitTestResult executionId="f2a4fd94-6d79-4832-a8bc-6c031ad4e534" testId="c6f96d72-d9fe-afaf-9c4c-45ff6039166b" testName="AISAM.IntegrationTests.ConversationServiceTests.GetByIdAsync_RecoversContentId_ForLegacyVideoMessage" computerName="DESKTOP-F8U90NP" duration="00:00:00.0169300" startTime="2026-09-04T17:56:34.7780003+07:00" endTime="2026-09-04T17:56:34.7780005+07:00" testType="13cdc9d9-ddb5-4fa4-a97d-d965ccfc6d4b" outcome="Passed" testListId="8c84fa94-04c1-424b-9868-57a2d4851a1d" relativeResultsDirectory="f2a4fd94-6d79-4832-a8bc-6c031ad4e534" />
    <UnitTestResult executionId="beeed0b4-7657-40de-b8b1-cd73fc1613ba" testId="2969c757-8dec-ae10-8593-d6ab3223b8be" testName="AISAM.IntegrationTests.PermissionSecurityTests.PermissionRelations_RejectCrossWorkspaceWrites(relation: &quot;brand&quot;)" computerName="DESKTOP-F8U90NP" duration="00:00:00.1220886" startTime="2026-09-04T17:56:38.6823136+07:00" endTime="2026-09-04T17:56:38.6823137+07:00" testType="13cdc9d9-ddb5-4fa4-a97d-d965ccfc6d4b" outcome="Passed" testListId="8c84fa94-04c1-424b-9868-57a2d4851a1d" relativeResultsDirectory="beeed0b4-7657-40de-b8b1-cd73fc1613ba" />
    <UnitTestResult executionId="6e4eb90f-a409-4890-9a16-a7e0359529d2" testId="9abce9a1-33f8-3ab2-67a3-81a4feb1edd9" testName="AISAM.IntegrationTests.WorkspaceServiceTests.AdminSoftDeleteAsync_SoftDeletesEligibleWorkspace" computerName="DESKTOP-F8U90NP" duration="00:00:00.0887146" startTime="2026-09-04T17:56:36.0158988+07:00" endTime="2026-09-04T17:56:36.0158990+07:00" testType="13cdc9d9-ddb5-4fa4-a97d-d965ccfc6d4b" outcome="Passed" testListId="8c84fa94-04c1-424b-9868-57a2d4851a1d" relativeResultsDirectory="6e4eb90f-a409-4890-9a16-a7e0359529d2" />
    <UnitTestResult executionId="0fd13e12-1abb-4b6a-97cf-bcd7a2f64299" testId="03d8dd15-cee1-bcfa-6348-39bb145e86d6" testName="AISAM.IntegrationTests.PaymentControllerTests.GetPaymentHistory_ReturnsWorkspacesPaymentsAsync" computerName="DESKTOP-F8U90NP" duration="00:00:00.0181397" startTime="2026-09-04T17:56:34.6419944+07:00" endTime="2026-09-04T17:56:34.6419945+07:00" testType="13cdc9d9-ddb5-4fa4-a97d-d965ccfc6d4b" outcome="Passed" testListId="8c84fa94-04c1-424b-9868-57a2d4851a1d" relativeResultsDirectory="0fd13e12-1abb-4b6a-97cf-bcd7a2f64299" />
    <UnitTestResult executionId="6be50633-5ec0-49c4-ba74-8a6349729f4f" testId="b9990326-ece5-0d87-e317-7ceaf733af39" testName="AISAM.IntegrationTests.AIServiceTests.ExtractGeneratedTitle_ProductNameNotUsedAsFallback_WhenOnlyWhitespaceInput" computerName="DESKTOP-F8U90NP" duration="00:00:00.0002561" startTime="2026-09-04T17:56:35.9619676+07:00" endTime="2026-09-04T17:56:35.9619677+07:00" testType="13cdc9d9-ddb5-4fa4-a97d-d965ccfc6d4b" outcome="Passed" testListId="8c84fa94-04c1-424b-9868-57a2d4851a1d" relativeResultsDirectory="6be50633-5ec0-49c4-ba74-8a6349729f4f" />
    <UnitTestResult executionId="3282dda4-1456-40ac-9be9-b2c380a2e65b" testId="aa5e79e6-0486-3907-7401-f20d34b2bc1f" testName="AISAM.IntegrationTests.ContentControllerTests.UploadMedia_RejectsFileLargerThan50Mb_WithApplicationError" computerName="DESKTOP-F8U90NP" duration="00:00:00.0038474" startTime="2026-09-04T17:56:35.7837450+07:00" endTime="2026-09-04T17:56:35.7837451+07:00" testType="13cdc9d9-ddb5-4fa4-a97d-d965ccfc6d4b" outcome="Passed" testListId="8c84fa94-04c1-424b-9868-57a2d4851a1d" relativeResultsDirectory="3282dda4-1456-40ac-9be9-b2c380a2e65b" />
    <UnitTestResult executionId="53eac7d1-4239-4011-b31f-4a4ad2740927" testId="719d8cc1-0059-6c70-ab06-4662f633fb21" testName="AISAM.IntegrationTests.QuotaServiceTests.GetWorkspaceSummaryAsync_UsesOnlyActiveWorkspaceUsage" computerName="DESKTOP-F8U90NP" duration="00:00:00.0011444" startTime="2026-09-04T17:56:35.5272131+07:00" endTime="2026-09-04T17:56:35.5272132+07:00" testType="13cdc9d9-ddb5-4fa4-a97d-d965ccfc6d4b" outcome="Passed" testListId="8c84fa94-04c1-424b-9868-57a2d4851a1d" relativeResultsDirectory="53eac7d1-4239-4011-b31f-4a4ad2740927" />
    <UnitTestResult executionId="2d5172c9-683c-474f-862e-7328ba9e45e1" testId="b8741a96-422f-a7be-e927-cdb2ae5648eb" testName="AISAM.IntegrationTests.WorkspaceServiceTests.CreateAsync_CreatesWorkspaceWithExactlyOneOwner" computerName="DESKTOP-F8U90NP" duration="00:00:00.0353502" startTime="2026-09-04T17:56:36.0606133+07:00" endTime="2026-09-04T17:56:36.0606134+07:00" testType="13cdc9d9-ddb5-4fa4-a97d-d965ccfc6d4b" outcome="Passed" testListId="8c84fa94-04c1-424b-9868-57a2d4851a1d" relativeResultsDirectory="2d5172c9-683c-474f-862e-7328ba9e45e1" />
    <UnitTestResult executionId="7d21a88a-b002-49d1-8283-6fc56b030fb2" testId="d56ee679-c7c3-1c87-6025-3fd04e1316e4" testName="AISAM.IntegrationTests.PermissionSecurityTests.TemporaryEdit_DoesNotSurviveRemovalFromAssignedTeam" computerName="DESKTOP-F8U90NP" duration="00:00:00.1238873" startTime="2026-09-04T17:56:40.0852579+07:00" endTime="2026-09-04T17:56:40.0852581+07:00" testType="13cdc9d9-ddb5-4fa4-a97d-d965ccfc6d4b" outcome="Passed" testListId="8c84fa94-04c1-424b-9868-57a2d4851a1d" relativeResultsDirectory="7d21a88a-b002-49d1-8283-6fc56b030fb2" />
    <UnitTestResult executionId="874291aa-c7b8-4e93-875e-33619fb27e0e" testId="31304b44-750a-1df2-cc70-54a31e57352d" testName="AISAM.IntegrationTests.AuthRegistrationWorkspaceTests.RegisterAsync_CreatesExactlyOnePersonalWorkspace" computerName="DESKTOP-F8U90NP" duration="00:00:01.1173382" startTime="2026-09-04T17:56:35.8773084+07:00" endTime="2026-09-04T17:56:35.8773085+07:00" testType="13cdc9d9-ddb5-4fa4-a97d-d965ccfc6d4b" outcome="Passed" testListId="8c84fa94-04c1-424b-9868-57a2d4851a1d" relativeResultsDirectory="874291aa-c7b8-4e93-875e-33619fb27e0e" />
[...]
    <TestEntry testId="0c480646-8435-4af7-cc82-8240501d9ffb" executionId="86fcd30a-f63a-4bcf-9a9b-a32c0a78081d" testListId="8c84fa94-04c1-424b-9868-57a2d4851a1d" />
    <TestEntry testId="782752eb-45f4-e533-5cf2-280918bd8fcd" executionId="76bcbca8-001d-4bf7-a111-96535d86f99b" testListId="8c84fa94-04c1-424b-9868-57a2d4851a1d" />
    <TestEntry testId="19c85d25-0886-5ff4-7a75-3c56dcb36a7b" executionId="d3a2dc28-fb18-4f68-86d4-6596c986690b" testListId="8c84fa94-04c1-424b-9868-57a2d4851a1d" />
    <TestEntry testId="0bd18b3c-047e-8a86-94d8-d2eca312b994" executionId="8271457e-85b0-4270-98f3-7b9ee79f6828" testListId="8c84fa94-04c1-424b-9868-57a2d4851a1d" />
    <TestEntry testId="99c38eb2-1e4d-2e09-9130-20ba687c7158" executionId="3dd11588-6fda-4a21-939f-accfb20065a1" testListId="8c84fa94-04c1-424b-9868-57a2d4851a1d" />
    <TestEntry testId="0ac53135-a00f-9b09-f8f7-440207ed992e" executionId="f1b04bc6-40e9-4035-9815-347991cdfc70" testListId="8c84fa94-04c1-424b-9868-57a2d4851a1d" />
    <TestEntry testId="d9b10d52-567f-1811-4b63-3ce616c601c9" executionId="4de3c112-e61e-432f-a1c2-ef6e51b618e2" testListId="8c84fa94-04c1-424b-9868-57a2d4851a1d" />
    <TestEntry testId="55432698-0af4-b184-f9aa-aa0a85017989" executionId="36413017-0911-4b8e-9a43-ec1e6574e8d9" testListId="8c84fa94-04c1-424b-9868-57a2d4851a1d" />
    <TestEntry testId="568a7f84-8963-8a5e-af6f-05301bc96ff0" executionId="c7f04441-fa83-48fe-a905-06f947ea2b32" testListId="8c84fa94-04c1-424b-9868-57a2d4851a1d" />
    <TestEntry testId="dcdafd64-b664-da19-40db-566d66dde3eb" executionId="ec98d6f8-6e85-4ced-83f2-4c42ceb2e296" testListId="8c84fa94-04c1-424b-9868-57a2d4851a1d" />
    <TestEntry testId="bf663640-77f9-4e77-9b84-d895b574d4ff" executionId="fc34286e-d243-45b2-b7d8-c7bd58a7bcf7" testListId="8c84fa94-04c1-424b-9868-57a2d4851a1d" />
    <TestEntry testId="45c32a0a-8065-e78a-2477-24e18eaabbb4" executionId="2bd6308f-b986-4a37-ab27-9e60422c8cae" testListId="8c84fa94-04c1-424b-9868-57a2d4851a1d" />
    <TestEntry testId="2b8458a6-2f9c-8051-4d1e-28aea4df622c" executionId="2edb1029-498f-4cea-9736-c34ab0625616" testListId="8c84fa94-04c1-424b-9868-57a2d4851a1d" />
    <TestEntry testId="aeae8ce4-0dbd-23b4-2c0d-1d2187e965a6" executionId="e7087a2d-adb9-4e98-9a12-6076cf203ed1" testListId="8c84fa94-04c1-424b-9868-57a2d4851a1d" />
    <TestEntry testId="fa5b97e2-5310-aea2-91a3-515a18a30cc1" executionId="e00228f5-116c-4b26-a271-bc5d91e1c6d4" testListId="8c84fa94-04c1-424b-9868-57a2d4851a1d" />
    <TestEntry testId="ee7a3522-3f2c-70c7-2624-dff6dd4c49c0" executionId="8f83d5d9-eeba-4359-a110-53b64285a521" testListId="8c84fa94-04c1-424b-9868-57a2d4851a1d" />
    <TestEntry testId="4b7c7ebb-53ff-4e6c-693c-4d1802b6f00d" executionId="0afe486f-79dd-4e5f-8d4a-338c5adc28be" testListId="8c84fa94-04c1-424b-9868-57a2d4851a1d" />
    <TestEntry testId="07d8f615-360c-b868-8b5a-97d41da680e4" executionId="8251d179-cbac-4083-8896-33b596d2a546" testListId="8c84fa94-04c1-424b-9868-57a2d4851a1d" />
    <TestEntry testId="7af4237c-279d-b51f-c353-938e43cb789c" executionId="6780073e-366e-4d3b-b4c0-0eaa11d24444" testListId="8c84fa94-04c1-424b-9868-57a2d4851a1d" />
    <TestEntry testId="326fafca-a5e5-66db-b8f6-61e672d5af47" executionId="004a5cb0-3fbb-404d-b8ee-68c8246f9786" testListId="8c84fa94-04c1-424b-9868-57a2d4851a1d" />
    <TestEntry testId="ecbac7c0-7541-a409-a33c-5cdbe1c53b81" executionId="e3027a90-2a3d-48c2-b166-b4c7c5ba4da0" testListId="8c84fa94-04c1-424b-9868-57a2d4851a1d" />
    <TestEntry testId="4e93dc94-0969-ce9d-1d54-f87b052494e3" executionId="bbb15086-8e92-4b69-b387-dabd08c0c68e" testListId="8c84fa94-04c1-424b-9868-57a2d4851a1d" />
    <TestEntry testId="ac96d1fa-957b-a3b8-5b20-50f84e3854b1" executionId="423eacb6-8991-43f9-9e24-11841bfbc7f0" testListId="8c84fa94-04c1-424b-9868-57a2d4851a1d" />
    <TestEntry testId="c6907d93-5552-9e34-e768-c6b293d412f8" executionId="02403013-141e-4dae-98e3-0cf9103c0a06" testListId="8c84fa94-04c1-424b-9868-57a2d4851a1d" />
    <TestEntry testId="5eccee65-3591-31dd-265f-38c89493511c" executionId="f243986d-c7e8-4294-a568-fa82398f8a1e" testListId="8c84fa94-04c1-424b-9868-57a2d4851a1d" />
    <TestEntry testId="731a1e24-9274-5791-142b-6d5b2c59d01d" executionId="86c9809d-0bf4-455a-92ff-37668395ec20" testListId="8c84fa94-04c1-424b-9868-57a2d4851a1d" />
    <TestEntry testId="00ed4ad2-b730-f9bf-ddc2-2207800a1115" executionId="a19b28fc-aeff-40f7-8c6e-79d88c01abb9" testListId="8c84fa94-04c1-424b-9868-57a2d4851a1d" />
    <TestEntry testId="d417cf38-4c82-4b92-1f70-062ab5ffaa94" executionId="ab8ea64f-caf0-46d6-98fe-c660759bf777" testListId="8c84fa94-04c1-424b-9868-57a2d4851a1d" />
    <TestEntry testId="da7cf84b-26c6-67b8-f867-7fe12da8db0b" executionId="8fe92cd5-3a4f-4674-949b-96222f37afdd" testListId="8c84fa94-04c1-424b-9868-57a2d4851a1d" />
    <TestEntry testId="86c6cc22-9c9e-3918-8826-5f78e8b081e7" executionId="1d9ec9e2-3756-466f-86a2-0fdab9fea437" testListId="8c84fa94-04c1-424b-9868-57a2d4851a1d" />
    <TestEntry testId="9df79c3a-753a-7e39-ffab-103057080822" executionId="4a06fa9d-d225-4e64-884a-21712f9de37d" testListId="8c84fa94-04c1-424b-9868-57a2d4851a1d" />
    <TestEntry testId="d49dca8d-700e-7eba-e0d1-e9f0a7c7e143" executionId="7c1c9145-0e53-467a-86cc-acc8672d5d07" testListId="8c84fa94-04c1-424b-9868-57a2d4851a1d" />
    <TestEntry testId="e29efcef-e23b-4ef8-bab4-14f57e52b2cd" executionId="207d2a9d-0c1b-452d-babb-41b7d0327648" testListId="8c84fa94-04c1-424b-9868-57a2d4851a1d" />
    <TestEntry testId="c628af6f-3cc3-c740-1b6f-1858ef01fd66" executionId="a275a085-ad0b-408c-9d50-cc489291eab8" testListId="8c84fa94-04c1-424b-9868-57a2d4851a1d" />
    <TestEntry testId="42585d1f-fa6e-4482-f6e9-79035f862bd4" executionId="32195505-f474-4078-bb43-3ed2bf7ee4e5" testListId="8c84fa94-04c1-424b-9868-57a2d4851a1d" />
    <TestEntry testId="f629fc0b-d925-1d53-2235-9c7527d66826" executionId="40c9723d-d3fb-42a1-bf83-5b5a0a1b2329" testListId="8c84fa94-04c1-424b-9868-57a2d4851a1d" />
    <TestEntry testId="346ae3c3-1b4c-ca0d-f9de-625b695f77ad" executionId="116de5bf-cb0f-458d-a4a8-fa74efa0b220" testListId="8c84fa94-04c1-424b-9868-57a2d4851a1d" />
    <TestEntry testId="906d80f0-8d12-c658-9f8f-eb47e0a0353d" executionId="6a970c67-d42d-4d3f-ad7e-bfbab58648c6" testListId="8c84fa94-04c1-424b-9868-57a2d4851a1d" />
    <TestEntry testId="7a292477-500a-ae8f-7404-ff3667e0e25a" executionId="67c34b7b-3f45-4e93-9ee1-2095d0ac5a43" testListId="8c84fa94-04c1-424b-9868-57a2d4851a1d" />
    <TestEntry testId="6386fc51-9785-58cc-ebed-5bda13ac3493" executionId="b6edd5b2-d935-4064-bf26-09cb28f97de1" testListId="8c84fa94-04c1-424b-9868-57a2d4851a1d" />
    <TestEntry testId="be142cd6-b25a-4ca2-ec0f-5edb1bb26511" executionId="aab54b0b-5ddb-46e1-9d8b-ac203bf75bed" testListId="8c84fa94-04c1-424b-9868-57a2d4851a1d" />
    <TestEntry testId="60cb067d-2a51-6dd6-b59d-c2ecd1152f8d" executionId="45b0dad7-4b4f-4ce2-afbc-87bd9f6f1ea1" testListId="8c84fa94-04c1-424b-9868-57a2d4851a1d" />
    <TestEntry testId="3ebcea35-182f-ae9c-4872-144c3520473e" executionId="c27209d9-dc40-4019-86a6-4dc6ea95df06" testListId="8c84fa94-04c1-424b-9868-57a2d4851a1d" />
    <TestEntry testId="b3542913-11d8-1edb-214c-929c8e02134f" executionId="2cbfff5f-3d64-4041-890f-05247090695a" testListId="8c84fa94-04c1-424b-9868-57a2d4851a1d" />
    <TestEntry testId="9055264d-8e02-1b58-a545-3b3aa607c76c" executionId="fa941805-c8f4-49d4-96be-0e223a18dfaf" testListId="8c84fa94-04c1-424b-9868-57a2d4851a1d" />
    <TestEntry testId="d338a4e7-1534-5db1-385d-810d5f2a89c8" executionId="f71bf341-dffd-4577-80fe-00e342ae2e8e" testListId="8c84fa94-04c1-424b-9868-57a2d4851a1d" />
    <TestEntry testId="c4de5e84-b796-3e67-411a-78aca3fa5d19" executionId="3f6842fa-0082-4d02-b6ad-381e0a41d5cc" testListId="8c84fa94-04c1-424b-9868-57a2d4851a1d" />
    <TestEntry testId="84898d85-1fa6-c190-e5b7-ffc82a27a657" executionId="a8d5830b-3fe4-43df-bb0a-7870a6eb8081" testListId="8c84fa94-04c1-424b-9868-57a2d4851a1d" />
    <TestEntry testId="3724496d-9c33-db56-0763-9c7c69c6d63d" executionId="d65c2a52-5739-4ffd-9e0f-03054c4d922e" testListId="8c84fa94-04c1-424b-9868-57a2d4851a1d" />
    <TestEntry testId="aa9244ce-1578-f2ff-ea40-9844e36418bd" executionId="e40a548b-8535-4c97-84c9-205677845767" testListId="8c84fa94-04c1-424b-9868-57a2d4851a1d" />
    <TestEntry testId="4a5898a0-b6d4-85ca-5588-79417fdf46cf" executionId="bc42753a-af0b-4c54-ada2-25e04a1f1c66" testListId="8c84fa94-04c1-424b-9868-57a2d4851a1d" />
    <TestEntry testId="6aefba8b-b0a5-23ea-b686-82d0b3d0e05b" executionId="0ccea212-d1b9-42ba-8402-e06ada3b76ad" testListId="8c84fa94-04c1-424b-9868-57a2d4851a1d" />
    <TestEntry testId="d41dbed6-2461-1632-1d0f-a0452bbbe5ec" executionId="49fbaf1a-9794-4d9a-a768-4f578d73da47" testListId="8c84fa94-04c1-424b-9868-57a2d4851a1d" />
    <TestEntry testId="a17af3e6-b70d-7136-b508-0dc3d2313562" executionId="be950643-885d-47ac-8a38-7c8937409c20" testListId="8c84fa94-04c1-424b-9868-57a2d4851a1d" />
    <TestEntry testId="9a151c21-2761-90eb-cc15-8aa94b72ef41" executionId="a9d676fa-ef1d-41d6-87a7-8dce453d5318" testListId="8c84fa94-04c1-424b-9868-57a2d4851a1d" />
    <TestEntry testId="8e193f31-e3d7-bbf3-e838-7214a633c17a" executionId="bd833e89-00dd-44d7-bdf5-023a6d0cdda6" testListId="8c84fa94-04c1-424b-9868-57a2d4851a1d" />
    <TestEntry testId="1bfe01a3-d256-e659-f69e-9291ea4bfffb" executionId="0061d099-0454-4fa2-b3c2-cecf9ed2f431" testListId="8c84fa94-04c1-424b-9868-57a2d4851a1d" />
    <TestEntry testId="2d18197e-880a-0e92-7e26-14391e548248" executionId="9877cbfa-e8bc-41f1-9bea-c75e2703babb" testListId="8c84fa94-04c1-424b-9868-57a2d4851a1d" />
    <TestEntry testId="11749792-fc4f-695e-6b09-5d97491a1989" executionId="671e84dd-b831-4e02-9ba8-e97072fbd22b" testListId="8c84fa94-04c1-424b-9868-57a2d4851a1d" />
    <TestEntry testId="5c22ef57-fa49-e939-b29f-031c5ca39b1c" executionId="54c394ef-20fe-4332-9c1e-2d0010474a65" testListId="8c84fa94-04c1-424b-9868-57a2d4851a1d" />
    <TestEntry testId="0c445002-ed02-2607-62c5-35e71981213f" executionId="dbdc34c3-8d46-4783-882e-df93a83f509f" testListId="8c84fa94-04c1-424b-9868-57a2d4851a1d" />
    <TestEntry testId="07311e62-2a8c-3eb4-8bb7-41999a19f3a9" executionId="04603f2f-4bd9-4eda-a4f9-040d484a3c17" testListId="8c84fa94-04c1-424b-9868-57a2d4851a1d" />
    <TestEntry testId="9bb2fc65-54b3-863b-93ab-84debd005b73" executionId="59ec5199-44cc-4ed0-adfc-6c00c27ed0fc" testListId="8c84fa94-04c1-424b-9868-57a2d4851a1d" />
    <TestEntry testId="227ac7b6-ab70-5184-f679-6a4a8459f450" executionId="94bec5a9-1fae-4138-8d83-d9ec3b512b47" testListId="8c84fa94-04c1-424b-9868-57a2d4851a1d" />
    <TestEntry testId="63fa1c67-648f-a858-2306-23d4566ac700" executionId="23e41c0e-2e20-49b3-a01e-a1fefc0ddf4f" testListId="8c84fa94-04c1-424b-9868-57a2d4851a1d" />
    <TestEntry testId="c6f021cb-3334-6da1-fee8-bedb863fda92" executionId="2eb6e641-36bb-45bb-b495-9b61d47a715c" testListId="8c84fa94-04c1-424b-9868-57a2d4851a1d" />
    <TestEntry testId="7cb5ee10-7843-3285-e236-bfe5a7384b18" executionId="6e350d7b-0fca-4148-8037-4fc44e1bffc0" testListId="8c84fa94-04c1-424b-9868-57a2d4851a1d" />
    <TestEntry testId="8aaceb92-a64a-0d1a-8c39-479bfd27e0b0" executionId="554d56cf-6a44-4b44-9fea-41e3f96760cf" testListId="8c84fa94-04c1-424b-9868-57a2d4851a1d" />
    <TestEntry testId="af90a7d3-afb3-9961-7ef0-7ad6f9a14839" executionId="f7dd62dc-6120-4003-bff6-070c4b173478" testListId="8c84fa94-04c1-424b-9868-57a2d4851a1d" />
    <TestEntry testId="78c1cf46-6400-fc66-e8ff-f757bd21a0f3" executionId="527003ec-2bc8-4375-b0bd-1aafb6f79b2c" testListId="8c84fa94-04c1-424b-9868-57a2d4851a1d" />
    <TestEntry testId="9d40e1a1-a265-515c-820a-786d046dea16" executionId="a4aebbf8-45aa-45a6-9e8c-dd3b7c989408" testListId="8c84fa94-04c1-424b-9868-57a2d4851a1d" />
    <TestEntry testId="c6f956b4-5bac-6499-591b-24fe0533c613" executionId="8bf15696-6264-4e3f-8965-2096298f041d" testListId="8c84fa94-04c1-424b-9868-57a2d4851a1d" />
    <TestEntry testId="2db03d7f-ac2f-cb94-b7b0-f19c1a3406d8" executionId="0469d6e4-a559-4fdd-8482-84910f2f43a7" testListId="8c84fa94-04c1-424b-9868-57a2d4851a1d" />
    <TestEntry testId="47cef590-68ad-0af9-3221-33e7c5d8cbae" executionId="0584ae69-fd2e-4071-9f16-81432245accb" testListId="8c84fa94-04c1-424b-9868-57a2d4851a1d" />
    <TestEntry testId="d5669c6c-523b-20eb-71cb-54388e66a10b" executionId="ca6016b8-f550-4d88-aabc-96ef977092d7" testListId="8c84fa94-04c1-424b-9868-57a2d4851a1d" />
    <TestEntry testId="416566bd-e119-a169-37a9-9ada7f2ad6ce" executionId="5d168958-a5d3-4f02-a3b5-9ed88de1e4da" testListId="8c84fa94-04c1-424b-9868-57a2d4851a1d" />
    <TestEntry testId="1b17aaf6-3669-31ea-c498-0fa206994d67" executionId="36360f9a-a5f5-45df-bb76-2082df269e0c" testListId="8c84fa94-04c1-424b-9868-57a2d4851a1d" />
    <TestEntry testId="a896aea7-05a2-6931-a449-80cdaa11c4b7" executionId="f03c7af8-5d21-4b94-ba9d-fd85c1f17f7c" testListId="8c84fa94-04c1-424b-9868-57a2d4851a1d" />
    <TestEntry testId="b4792e22-73aa-ad98-9cd9-4c756df35319" executionId="13f1ded1-d221-40fe-aa4b-bf97a93261e6" testListId="8c84fa94-04c1-424b-9868-57a2d4851a1d" />
    <TestEntry testId="48d3cad1-748b-3b15-6d9f-dc78cc00a1d0" executionId="54340599-0aef-4f7c-81db-8f5dc5c6bf81" testListId="8c84fa94-04c1-424b-9868-57a2d4851a1d" />
    <TestEntry testId="9a08b9df-a99b-90d0-3206-f0cef811e6f8" executionId="0d3e4eef-b0ad-461b-bcba-a12e2f7487db" testListId="8c84fa94-04c1-424b-9868-57a2d4851a1d" />
    <TestEntry testId="8cc5ad64-f185-2373-4e9b-378add887566" executionId="7abce296-0ce2-418f-9afd-c4fa4b0657bf" testListId="8c84fa94-04c1-424b-9868-57a2d4851a1d" />
    <TestEntry testId="b12d837c-e027-0fc9-dae7-eebb1cd09481" executionId="13a5ee76-9190-4927-8267-fc94cb037d69" testListId="8c84fa94-04c1-424b-9868-57a2d4851a1d" />
    <TestEntry testId="80de22e5-ba87-3894-4c83-3794a4e5d4cd" executionId="fc271b74-cb73-4068-85cf-6457d30fa67d" testListId="8c84fa94-04c1-424b-9868-57a2d4851a1d" />
    <TestEntry testId="8890f9fd-1308-e557-6cb3-4d2f5c895b8f" executionId="ba6f3c82-85df-4faf-94ed-047e80680dde" testListId="8c84fa94-04c1-424b-9868-57a2d4851a1d" />
    <TestEntry testId="0bccbb87-236e-c914-c25f-6a9070254c9c" executionId="b5d37209-2d8a-4eab-abd6-7087cee15148" testListId="8c84fa94-04c1-424b-9868-57a2d4851a1d" />
  </TestEntries>
  <TestLists>
    <TestList name="Results Not in a List" id="8c84fa94-04c1-424b-9868-57a2d4851a1d" />
    <TestList name="All Loaded Results" id="19431567-8539-422a-85d7-44ee4e166bda" />
  </TestLists>
  <ResultSummary outcome="Completed">
    <Counters total="516" executed="516" passed="516" failed="0" error="0" timeout="0" aborted="0" inconclusive="0" passedButRunAborted="0" notRunnable="0" notExecuted="0" disconnected="0" warning="0" completed="0" inProgress="0" pending="0" />
    <Output>
      <StdOut>[xUnit.net 00:00:00.00] xUnit.net VSTest Adapter v2.5.3.1+6b60a9e56a (64-bit .NET 8.0.20)&#xD;
[xUnit.net 00:00:00.08]   Discovering: AISAM.IntegrationTests&#xD;
[xUnit.net 00:00:00.15]   Discovered:  AISAM.IntegrationTests&#xD;
[xUnit.net 00:00:00.15]   Starting:    AISAM.IntegrationTests&#xD;
[AIService.ChatInternalAsync] profileId=cce0fd41-32ae-42af-aa17-987417a45a01, workspaceId=3ddf72fb-660e-476b-a2de-b6f7f5b7bbb1, userId=cf3e4934-714e-42c2-8c6a-960cf656aea8, message=User message&#xD;
[AIService.ChatInternalAsync] User message saved. ConversationId=a68559a8-8c61-485e-a056-da3fd2dda557&#xD;
[AIService.ChatInternalAsync] Parsed AI intent=, effectiveIntent=. ConversationId=a68559a8-8c61-485e-a056-da3fd2dda557&#xD;
[AIService.ChatInternalAsync] Attempting to deduct credits. workspaceId=3ddf72fb-660e-476b-a2de-b6f7f5b7bbb1, userId=cf3e4934-714e-42c2-8c6a-960cf656aea8&#xD;
[AIService.ChatInternalAsync] Credit deduction result: success=False, message=Workspace does not have enough credits.&#xD;
[AIService.ChatInternalAsync] profileId=88e8fcac-008b-4381-933e-72080212f819, workspaceId=0eb31922-57a9-4b6f-8e19-41926844c728, userId=0820bfc2-2392-4607-9374-212d6f55a0cb, message=User message&#xD;
[AIService.ChatInternalAsync] User message saved. ConversationId=b44268c7-5521-4809-b241-e2e6ebc12884&#xD;
[AIService.ChatInternalAsync] Parsed AI intent=, effectiveIntent=. ConversationId=b44268c7-5521-4809-b241-e2e6ebc12884&#xD;
[AIService.ChatInternalAsync] Attempting to deduct credits. workspaceId=0eb31922-57a9-4b6f-8e19-41926844c728, userId=0820bfc2-2392-4607-9374-212d6f55a0cb&#xD;
[AIService.ChatInternalAsync] Credit deduction result: success=True, message=Operation successful&#xD;
[AIService.ChatInternalAsync] profileId=3cc0b33b-847d-4c7d-97b3-c780bf3e8d29, workspaceId=2176bf8f-37f6-4285-ad9c-4a1990f70e92, userId=d6e449bb-81a2-4b90-aef5-8b84e7c6acd3, message=Xin chao, noi tieng Viet duoc khong?&#xD;
[AIService.ChatInternalAsync] User message saved. ConversationId=3002d347-7054-4d25-8778-948c5c684366&#xD;
[AIService.ChatInternalAsync] Parsed AI intent=chat, effectiveIntent=chat. ConversationId=3002d347-7054-4d25-8778-948c5c684366&#xD;
[AIService.ChatInternalAsync] Attempting to deduct credits. workspaceId=2176bf8f-37f6-4285-ad9c-4a1990f70e92, userId=d6e449bb-81a2-4b90-aef5-8b84e7c6acd3&#xD;
[AIService.ChatInternalAsync] Credit deduction result: success=True, message=Operation successful&#xD;
[AIService.ChatInternalAsync] profileId=23804881-1c25-40cc-ad4a-bdaea6c7aa8e, workspaceId=75ab10ba-59df-43ab-b199-d5cba955c1e4, userId=38ec2596-2ffc-401b-a324-d42f02cdf2d9, message=User message&#xD;
[AIService.ChatInternalAsync] User message saved. ConversationId=ec9ab9d3-81e5-469d-9047-444acefaa428&#xD;
[AIService.ChatInternalAsync] Exception: Gemini API key is not configured.&#xD;
[AIService.ChatInternalAsync] profileId=34ad700e-941b-4299-9475-748d8e0a1dd0, workspaceId=34ad700e-941b-4299-9475-748d8e0a1dd0, userId=febc83f1-0d0a-444f-9971-5f386191a254, message=User message&#xD;
[AIService.ChatInternalAsync] User message saved. ConversationId=ee24d89a-55ea-4486-b7ae-bcda585e9402&#xD;
[AIService.ChatInternalAsync] Parsed AI intent=, effectiveIntent=. ConversationId=ee24d89a-55ea-4486-b7ae-bcda585e9402&#xD;
[AIService.ChatInternalAsync] Attempting to deduct credits. workspaceId=34ad700e-941b-4299-9475-748d8e0a1dd0, userId=febc83f1-0d0a-444f-9971-5f386191a254&#xD;
[AIService.ChatInternalAsync] Credit deduction result: success=True, message=Operation successful&#xD;
[AIService.ChatInternalAsync] profileId=a3038484-1300-4a19-924a-ab6482653e2f, workspaceId=7a642b87-4d02-40da-821f-a63cacd18a06, userId=6e59ea71-6fca-4798-8678-cf9276b5cff2, message=Hay xem thong tin san pham hien tai.&#xD;
[AIService.ChatInternalAsync] User message saved. ConversationId=95e2c457-746b-4310-93f1-c76581a53eee&#xD;
[AIService.ChatInternalAsync] Parsed AI intent=chat, effectiveIntent=chat. ConversationId=95e2c457-746b-4310-93f1-c76581a53eee&#xD;
[AIService.ChatInternalAsync] Attempting to deduct credits. workspaceId=7a642b87-4d02-40da-821f-a63cacd18a06, userId=6e59ea71-6fca-4798-8678-cf9276b5cff2&#xD;
[AIService.ChatInternalAsync] Credit deduction result: success=True, message=Operation successful&#xD;
[AIService.ChatInternalAsync] profileId=515ae351-c200-4f1e-b0c2-00444da3d9ae, workspaceId=c756f682-385d-4031-a977-0b2e88814276, userId=ac747ac1-44a9-4cac-aa4b-c4c08baee151, message=Viet cho toi mot bai quang cao.&#xD;
[AIService.ChatInternalAsync] User message saved. ConversationId=05a22357-7ed8-43e5-bb71-7db2d6df1e78&#xD;
[AIService.ChatInternalAsync] Parsed AI intent=content, effectiveIntent=content. ConversationId=05a22357-7ed8-43e5-bb71-7db2d6df1e78&#xD;
[AIService.ChatInternalAsync] Attempting to deduct credits. workspaceId=c756f682-385d-4031-a977-0b2e88814276, userId=ac747ac1-44a9-4cac-aa4b-c4c08baee151&#xD;
[AIService.ChatInternalAsync] Credit deduction result: success=True, message=Operation successful&#xD;
[AIService.ChatInternalAsync] profileId=cc45bff0-cad8-423b-ad7f-6d5edccb7f96, workspaceId=, userId=, message=User message&#xD;
[xUnit.net 00:00:07.68]   Finished:    AISAM.IntegrationTests&#xD;
</StdOut>
    </Output>
  </ResultSummary>
</TestRun>