<?xml version="1.0" encoding="utf-8"?>
<TestRun id="983e80db-8873-4dda-86e5-cb1691f9e9fc" name="ADMIN@DESKTOP-F8U90NP 2026-09-04 17:38:17" runUser="DESKTOP-F8U90NP\CodexSandboxOffline" xmlns="http://microsoft.com/schemas/VisualStudio/TeamTest/2010">
  <Times creation="2026-09-04T17:38:17.1528227+07:00" queuing="2026-09-04T17:38:17.1528228+07:00" start="2026-09-04T17:38:16.5429164+07:00" finish="2026-09-04T17:38:24.0986804+07:00" />
  <TestSettings name="default" id="ed8b3b6c-7409-4ec4-b334-1e3b4e6e9635">
    <Deployment runDeploymentRoot="ADMIN_DESKTOP-F8U90NP_2026-09-04_17_38_17" />
  </TestSettings>
  <Results>
    <UnitTestResult executionId="69eac3c2-ad8b-4753-ad31-bee46e5af835" testId="b33a951d-e316-d7cc-6b20-eb3f632df3d2" testName="AISAM.IntegrationTests.PermissionHttpTests.ContentActions_ViewerCanReadSafeCapabilitiesWithoutAnalytics" computerName="DESKTOP-F8U90NP" duration="00:00:00.2107955" startTime="2026-09-04T17:38:21.8457734+07:00" endTime="2026-09-04T17:38:21.8457735+07:00" testType="13cdc9d9-ddb5-4fa4-a97d-d965ccfc6d4b" outcome="Passed" testListId="8c84fa94-04c1-424b-9868-57a2d4851a1d" relativeResultsDirectory="69eac3c2-ad8b-4753-ad31-bee46e5af835" />
    <UnitTestResult executionId="ed9a3578-1a4c-49dd-94bc-d7b47e649900" testId="b36edde6-2b7e-3eda-4ba2-51dc5895490e" testName="AISAM.IntegrationTests.AIServiceTests.GetGenerationsAsync_ReturnsNotFound_ForAnotherProfileContent" computerName="DESKTOP-F8U90NP" duration="00:00:00.0016388" startTime="2026-09-04T17:38:18.6353993+07:00" endTime="2026-09-04T17:38:18.6353995+07:00" testType="13cdc9d9-ddb5-4fa4-a97d-d965ccfc6d4b" outcome="Passed" testListId="8c84fa94-04c1-424b-9868-57a2d4851a1d" relativeResultsDirectory="ed9a3578-1a4c-49dd-94bc-d7b47e649900" />
    <UnitTestResult executionId="4bdf1ec4-8e12-4efb-b10c-449df87334a4" testId="7af1cda7-e508-ef30-ae47-2384725f7586" testName="AISAM.IntegrationTests.ActiveWorkspaceMiddlewareTests.InvokeAsync_DoesNotRequireWorkspaceHeader_ForInvitationAcceptRoute" computerName="DESKTOP-F8U90NP" duration="00:00:00.0009856" startTime="2026-09-04T17:38:18.5568179+07:00" endTime="2026-09-04T17:38:18.5568180+07:00" testType="13cdc9d9-ddb5-4fa4-a97d-d965ccfc6d4b" outcome="Passed" testListId="8c84fa94-04c1-424b-9868-57a2d4851a1d" relativeResultsDirectory="4bdf1ec4-8e12-4efb-b10c-449df87334a4" />
    <UnitTestResult executionId="fa9fed44-2a41-422b-b186-b7a4f5c306a3" testId="dbfb5894-d467-c339-d165-0876e358a2b6" testName="AISAM.IntegrationTests.ConversationServiceTests.DeleteAsync_DoesNotDeleteAnotherProfilesConversation" computerName="DESKTOP-F8U90NP" duration="00:00:00.0024469" startTime="2026-09-04T17:38:17.1378799+07:00" endTime="2026-09-04T17:38:17.1378799+07:00" testType="13cdc9d9-ddb5-4fa4-a97d-d965ccfc6d4b" outcome="Passed" testListId="8c84fa94-04c1-424b-9868-57a2d4851a1d" relativeResultsDirectory="fa9fed44-2a41-422b-b186-b7a4f5c306a3" />
    <UnitTestResult executionId="b39b7749-5f10-4cb0-b60b-b28ad4b30de8" testId="3c8adda9-53fd-4411-8c67-f834757dbd92" testName="AISAM.IntegrationTests.WorkspaceServiceTests.GetByIdAsync_SynchronizesExpiredBusinessWorkspaceLifecycle" computerName="DESKTOP-F8U90NP" duration="00:00:00.0043592" startTime="2026-09-04T17:38:18.6382498+07:00" endTime="2026-09-04T17:38:18.6382500+07:00" testType="13cdc9d9-ddb5-4fa4-a97d-d965ccfc6d4b" outcome="Passed" testListId="8c84fa94-04c1-424b-9868-57a2d4851a1d" relativeResultsDirectory="b39b7749-5f10-4cb0-b60b-b28ad4b30de8" />
    <UnitTestResult executionId="c3e1c17e-b804-48f3-9426-24c59dbec7e6" testId="a980fa5d-c098-1813-66d9-e89ee286a7e0" testName="AISAM.IntegrationTests.PermissionHttpTests.LegacySignedTokenWithoutSessionId_IsRejected" computerName="DESKTOP-F8U90NP" duration="00:00:02.0873924" startTime="2026-09-04T17:38:19.3429846+07:00" endTime="2026-09-04T17:38:19.3429848+07:00" testType="13cdc9d9-ddb5-4fa4-a97d-d965ccfc6d4b" outcome="Passed" testListId="8c84fa94-04c1-424b-9868-57a2d4851a1d" relativeResultsDirectory="c3e1c17e-b804-48f3-9426-24c59dbec7e6" />
    <UnitTestResult executionId="d7d527db-e4af-41de-95fc-cc6003a46cb6" testId="8ca04916-6019-73b4-3f7d-f8b981546df3" testName="AISAM.IntegrationTests.AIServiceTests.CheckVideoStatusAsync_TimesOutStaleJob_WithoutCallingProvider" computerName="DESKTOP-F8U90NP" duration="00:00:00.0007896" startTime="2026-09-04T17:38:18.7238044+07:00" endTime="2026-09-04T17:38:18.7238046+07:00" testType="13cdc9d9-ddb5-4fa4-a97d-d965ccfc6d4b" outcome="Passed" testListId="8c84fa94-04c1-424b-9868-57a2d4851a1d" relativeResultsDirectory="d7d527db-e4af-41de-95fc-cc6003a46cb6" />
    <UnitTestResult executionId="0c70c3af-d974-44d4-9ab1-2bd23ce57308" testId="f9420f9c-b3f8-55c0-f84e-88f54a1cb452" testName="AISAM.IntegrationTests.AIServiceTests.ChatAsync_IncludesSelectedBrandAndProductDetailsInPrompt" computerName="DESKTOP-F8U90NP" duration="00:00:00.0038467" startTime="2026-09-04T17:38:18.6270050+07:00" endTime="2026-09-04T17:38:18.6270052+07:00" testType="13cdc9d9-ddb5-4fa4-a97d-d965ccfc6d4b" outcome="Passed" testListId="8c84fa94-04c1-424b-9868-57a2d4851a1d" relativeResultsDirectory="0c70c3af-d974-44d4-9ab1-2bd23ce57308" />
    <UnitTestResult executionId="ae73b33e-3e53-43a9-8c99-a7f75f9fe5bf" testId="eecfd1a7-f6ec-4a48-10e4-966af1fa7972" testName="AISAM.IntegrationTests.PaymentControllerTests.CreateCheckout_ForCreditPack_ForwardsPaymentTypeAndPackCodeAsync" computerName="DESKTOP-F8U90NP" duration="00:00:00.0062461" startTime="2026-09-04T17:38:17.1361019+07:00" endTime="2026-09-04T17:38:17.1361020+07:00" testType="13cdc9d9-ddb5-4fa4-a97d-d965ccfc6d4b" outcome="Passed" testListId="8c84fa94-04c1-424b-9868-57a2d4851a1d" relativeResultsDirectory="ae73b33e-3e53-43a9-8c99-a7f75f9fe5bf" />
    <UnitTestResult executionId="189aaf7e-1a00-40db-b615-e5dbafd716cf" testId="84898d85-1fa6-c190-e5b7-ffc82a27a657" testName="AISAM.IntegrationTests.PaymentServiceTests.CreateBusinessWorkspaceCheckoutAsync_DoesNotCreateWorkspaceBeforePayment" computerName="DESKTOP-F8U90NP" duration="00:00:00.0100499" startTime="2026-09-04T17:38:17.2962883+07:00" endTime="2026-09-04T17:38:17.2962884+07:00" testType="13cdc9d9-ddb5-4fa4-a97d-d965ccfc6d4b" outcome="Passed" testListId="8c84fa94-04c1-424b-9868-57a2d4851a1d" relativeResultsDirectory="189aaf7e-1a00-40db-b615-e5dbafd716cf" />
    <UnitTestResult executionId="f7f48e60-9c4f-493a-a0c5-4c5bcb2636fa" testId="3b94c807-a0c9-6d02-99f7-e9648537465b" testName="AISAM.IntegrationTests.WorkspaceMemberServiceTests.UpdateQuotaAsync_AllowsBusinessProOwnerToAssignMonthlyLimit" computerName="DESKTOP-F8U90NP" duration="00:00:00.0284681" startTime="2026-09-04T17:38:18.4717396+07:00" endTime="2026-09-04T17:38:18.4717398+07:00" testType="13cdc9d9-ddb5-4fa4-a97d-d965ccfc6d4b" outcome="Passed" testListId="8c84fa94-04c1-424b-9868-57a2d4851a1d" relativeResultsDirectory="f7f48e60-9c4f-493a-a0c5-4c5bcb2636fa" />
    <UnitTestResult executionId="b17d176d-0763-4d03-a2d8-d21c87c1825b" testId="3ca790df-8cf1-0dfc-fca5-84b22f85e306" testName="AISAM.IntegrationTests.ContentControllerTests.Create_ReturnsServiceStatusCode_WhenValidationFails" computerName="DESKTOP-F8U90NP" duration="00:00:00.0026933" startTime="2026-09-04T17:38:17.1367253+07:00" endTime="2026-09-04T17:38:17.1367253+07:00" testType="13cdc9d9-ddb5-4fa4-a97d-d965ccfc6d4b" outcome="Passed" testListId="8c84fa94-04c1-424b-9868-57a2d4851a1d" relativeResultsDirectory="b17d176d-0763-4d03-a2d8-d21c87c1825b" />
    <UnitTestResult executionId="167a0a55-9b58-49bd-936b-f7f10be33a86" testId="7c0f16d6-b40f-b15e-6eec-815fdf3ffe83" testName="AISAM.IntegrationTests.PermissionSecurityTests.MemberDirectory_DoesNotExposeOtherUsersCredit(role: ContentCreator)" computerName="DESKTOP-F8U90NP" duration="00:00:00.1027481" startTime="2026-09-04T17:38:20.3769996+07:00" endTime="2026-09-04T17:38:20.3770001+07:00" testType="13cdc9d9-ddb5-4fa4-a97d-d965ccfc6d4b" outcome="Passed" testListId="8c84fa94-04c1-424b-9868-57a2d4851a1d" relativeResultsDirectory="167a0a55-9b58-49bd-936b-f7f10be33a86" />
    <UnitTestResult executionId="0139f222-a014-4562-82dc-e01cee3fd2c5" testId="3ad0c2c1-f1b1-194b-8435-88e330c37c45" testName="AISAM.IntegrationTests.WorkspaceRepositoryTests.RemoveAsync_DeactivatesMembership" computerName="DESKTOP-F8U90NP" duration="00:00:00.0307561" startTime="2026-09-04T17:38:18.4455996+07:00" endTime="2026-09-04T17:38:18.4455998+07:00" testType="13cdc9d9-ddb5-4fa4-a97d-d965ccfc6d4b" outcome="Passed" testListId="8c84fa94-04c1-424b-9868-57a2d4851a1d" relativeResultsDirectory="0139f222-a014-4562-82dc-e01cee3fd2c5" />
    <UnitTestResult executionId="e640593c-441a-4152-8e99-74507da6b84b" testId="d338a4e7-1534-5db1-385d-810d5f2a89c8" testName="AISAM.IntegrationTests.NotificationRepositoryTests.MarkAllAsReadByWorkspaceIdAsync_MarksCurrentAndWorkspaceNotificationsOnly" computerName="DESKTOP-F8U90NP" duration="00:00:00.0216685" startTime="2026-09-04T17:38:18.3255660+07:00" endTime="2026-09-04T17:38:18.3255662+07:00" testType="13cdc9d9-ddb5-4fa4-a97d-d965ccfc6d4b" outcome="Passed" testListId="8c84fa94-04c1-424b-9868-57a2d4851a1d" relativeResultsDirectory="e640593c-441a-4152-8e99-74507da6b84b" />
    <UnitTestResult executionId="926e2a00-dcac-4b0f-af3b-29ca69378e55" testId="5e60baa5-f0c0-9eb3-bc8f-09bc4e9be285" testName="AISAM.IntegrationTests.ActiveProfileMiddlewareTests.InvokeAsync_ReturnsForbidden_WhenProfileBelongsToAnotherUser" computerName="DESKTOP-F8U90NP" duration="00:00:00.0090983" startTime="2026-09-04T17:38:17.2525862+07:00" endTime="2026-09-04T17:38:17.2525865+07:00" testType="13cdc9d9-ddb5-4fa4-a97d-d965ccfc6d4b" outcome="Passed" testListId="8c84fa94-04c1-424b-9868-57a2d4851a1d" relativeResultsDirectory="926e2a00-dcac-4b0f-af3b-29ca69378e55" />
    <UnitTestResult executionId="2b8a4194-3f86-4196-b476-c2de81f6b6a4" testId="cc4de8ac-db03-0982-ec33-58332e297b5a" testName="AISAM.IntegrationTests.AdCampaignServiceTests.ActivateAsync_NotDeployed_ReturnsError" computerName="DESKTOP-F8U90NP" duration="00:00:00.0018789" startTime="2026-09-04T17:38:17.1562493+07:00" endTime="2026-09-04T17:38:17.1562495+07:00" testType="13cdc9d9-ddb5-4fa4-a97d-d965ccfc6d4b" outcome="Passed" testListId="8c84fa94-04c1-424b-9868-57a2d4851a1d" relativeResultsDirectory="2b8a4194-3f86-4196-b476-c2de81f6b6a4" />
    <UnitTestResult executionId="431356e4-ceea-4def-b4c2-d23e16d58836" testId="ecabf300-fb48-7cc1-5e1d-fd0799de9055" testName="AISAM.IntegrationTests.AnalyticsServiceTests.GetAiRecommendationsAsync_PrimaryUnparsable_RetryReceivesFreshBudget" computerName="DESKTOP-F8U90NP" duration="00:00:01.3151890" startTime="2026-09-04T17:38:18.5636579+07:00" endTime="2026-09-04T17:38:18.5636580+07:00" testType="13cdc9d9-ddb5-4fa4-a97d-d965ccfc6d4b" outcome="Passed" testListId="8c84fa94-04c1-424b-9868-57a2d4851a1d" relativeResultsDirectory="431356e4-ceea-4def-b4c2-d23e16d58836" />
    <UnitTestResult executionId="d32c63c8-48db-473e-b284-edb96ef384e5" testId="a4b7cb61-4f5b-63fc-c612-44387dc87487" testName="AISAM.IntegrationTests.DeApiVideoClientTests.TryExtractVideoUrl_Should_Return_Null_When_No_Url_Field_Exists" computerName="DESKTOP-F8U90NP" duration="00:00:00.0008607" startTime="2026-09-04T17:38:18.4109932+07:00" endTime="2026-09-04T17:38:18.4109934+07:00" testType="13cdc9d9-ddb5-4fa4-a97d-d965ccfc6d4b" outcome="Passed" testListId="8c84fa94-04c1-424b-9868-57a2d4851a1d" relativeResultsDirectory="d32c63c8-48db-473e-b284-edb96ef384e5" />
    <UnitTestResult executionId="3786d640-473b-49a0-91b5-b2262534c2fb" testId="4885fdf4-b44b-a993-fad7-41270d1a0f9e" testName="AISAM.IntegrationTests.PaymentRepositoryTests.UsageQueries_AcceptUnspecifiedSubscriptionDatesFromPostgreSqlDateColumns" computerName="DESKTOP-F8U90NP" duration="00:00:01.3576820" startTime="2026-09-04T17:38:18.5016455+07:00" endTime="2026-09-04T17:38:18.5016457+07:00" testType="13cdc9d9-ddb5-4fa4-a97d-d965ccfc6d4b" outcome="Passed" testListId="8c84fa94-04c1-424b-9868-57a2d4851a1d" relativeResultsDirectory="3786d640-473b-49a0-91b5-b2262534c2fb" />
    <UnitTestResult executionId="0705588b-a2a0-480c-9202-8654596d56f6" testId="6ebfeb71-0847-9481-4aac-811f8c51e897" testName="AISAM.IntegrationTests.AutomationServiceTests.UpdateItemAsync_RevalidatesInvalidItemBeforeConfirmation" computerName="DESKTOP-F8U90NP" duration="00:00:00.0357484" startTime="2026-09-04T17:38:17.2267802+07:00" endTime="2026-09-04T17:38:17.2267803+07:00" testType="13cdc9d9-ddb5-4fa4-a97d-d965ccfc6d4b" outcome="Passed" testListId="8c84fa94-04c1-424b-9868-57a2d4851a1d" relativeResultsDirectory="0705588b-a2a0-480c-9202-8654596d56f6" />
    <UnitTestResult executionId="adeb9ef9-37c1-44f6-9846-f67265afe72c" testId="4a5898a0-b6d4-85ca-5588-79417fdf46cf" testName="AISAM.IntegrationTests.WorkspaceDomainFoundationTests.DbContext_ConfiguresUniqueWorkspaceMembership" computerName="DESKTOP-F8U90NP" duration="00:00:00.0390308" startTime="2026-09-04T17:38:17.8892242+07:00" endTime="2026-09-04T17:38:17.8892244+07:00" testType="13cdc9d9-ddb5-4fa4-a97d-d965ccfc6d4b" outcome="Passed" testListId="8c84fa94-04c1-424b-9868-57a2d4851a1d" relativeResultsDirectory="adeb9ef9-37c1-44f6-9846-f67265afe72c" />
    <UnitTestResult executionId="881a1ef3-b557-4fd1-a6be-c143cf85ebad" testId="b4a53208-641c-3acc-04f6-189cc02c2e99" testName="AISAM.IntegrationTests.AIControllerTests.Chat_ReturnsServiceStatusCode_WhenGeminiIsUnavailable" computerName="DESKTOP-F8U90NP" duration="00:00:00.0028004" startTime="2026-09-04T17:38:17.1353959+07:00" endTime="2026-09-04T17:38:17.1353959+07:00" testType="13cdc9d9-ddb5-4fa4-a97d-d965ccfc6d4b" outcome="Passed" testListId="8c84fa94-04c1-424b-9868-57a2d4851a1d" relativeResultsDirectory="881a1ef3-b557-4fd1-a6be-c143cf85ebad" />
    <UnitTestResult executionId="10610c55-c9dc-414d-ba8e-5a95226e4b5e" testId="18316c43-71f3-e080-2f4c-e64d3b592a6e" testName="AISAM.IntegrationTests.FacebookProviderTests.GetAuthUrlAsync_ThrowsClearError_WhenFacebookConfigIsMissing" computerName="DESKTOP-F8U90NP" duration="00:00:00.0007875" startTime="2026-09-04T17:38:17.1959364+07:00" endTime="2026-09-04T17:38:17.1959366+07:00" testType="13cdc9d9-ddb5-4fa4-a97d-d965ccfc6d4b" outcome="Passed" testListId="8c84fa94-04c1-424b-9868-57a2d4851a1d" relativeResultsDirectory="10610c55-c9dc-414d-ba8e-5a95226e4b5e" />
    <UnitTestResult executionId="b05ae695-fc65-46f9-b582-357aae984303" testId="7f7ad053-5fbb-4590-474c-cd517a669156" testName="AISAM.IntegrationTests.AutomationServiceTests.ImportCsvAsync_CombinesSimpleDateAndTimeColumns" computerName="DESKTOP-F8U90NP" duration="00:00:00.0208655" startTime="2026-09-04T17:38:17.2639432+07:00" endTime="2026-09-04T17:38:17.2639435+07:00" testType="13cdc9d9-ddb5-4fa4-a97d-d965ccfc6d4b" outcome="Passed" testListId="8c84fa94-04c1-424b-9868-57a2d4851a1d" relativeResultsDirectory="b05ae695-fc65-46f9-b582-357aae984303" />
    <UnitTestResult executionId="e0f16326-b6b2-404f-bda3-ff3604f19e57" testId="84d3c274-9cbc-9b4c-420c-f720753411cc" testName="AISAM.IntegrationTests.PostRepositoryTests.GetPagedByProfileIdAsync_AppliesOptionalBrandAndStatusFilters" computerName="DESKTOP-F8U90NP" duration="00:00:00.1328875" startTime="2026-09-04T17:38:18.7114484+07:00" endTime="2026-09-04T17:38:18.7114486+07:00" testType="13cdc9d9-ddb5-4fa4-a97d-d965ccfc6d4b" outcome="Passed" testListId="8c84fa94-04c1-424b-9868-57a2d4851a1d" relativeResultsDirectory="e0f16326-b6b2-404f-bda3-ff3604f19e57" />
    <UnitTestResult executionId="9ea80497-f435-4e4e-997d-dbd7b2735903" testId="671da23c-1161-4350-a940-70921c113b07" testName="AISAM.IntegrationTests.SocialServiceTests.UnlinkTargetAsync_SoftDeletesOnlyRequestedIntegration" computerName="DESKTOP-F8U90NP" duration="00:00:00.0025578" startTime="2026-09-04T17:38:17.1366333+07:00" endTime="2026-09-04T17:38:17.1366334+07:00" testType="13cdc9d9-ddb5-4fa4-a97d-d965ccfc6d4b" outcome="Passed" testListId="8c84fa94-04c1-424b-9868-57a2d4851a1d" relativeResultsDirectory="9ea80497-f435-4e4e-997d-dbd7b2735903" />
    <UnitTestResult executionId="e73f93fa-acc4-4e94-8b96-058d021da807" testId="5886f2e6-4c3a-4616-3965-652cabd98cc6" testName="AISAM.IntegrationTests.PaymentServiceTests.HandleWebhookAsync_RejectsCreditPackThatWouldExceedWorkspaceMaximumBalance" computerName="DESKTOP-F8U90NP" duration="00:00:00.0007196" startTime="2026-09-04T17:38:17.3068884+07:00" endTime="2026-09-04T17:38:17.3068886+07:00" testType="13cdc9d9-ddb5-4fa4-a97d-d965ccfc6d4b" outcome="Passed" testListId="8c84fa94-04c1-424b-9868-57a2d4851a1d" relativeResultsDirectory="e73f93fa-acc4-4e94-8b96-058d021da807" />
    <UnitTestResult executionId="890efdc7-16e2-4a88-89f3-a7e9c0cc53db" testId="57cdc0b7-beee-f06b-79f3-441f723ebb9a" testName="AISAM.IntegrationTests.ActiveWorkspaceMiddlewareTests.InvokeAsync_AllowsContentWritersToCreateAndSubmit(role: Owner, path: &quot;/api/content/11111111-1111-1111-1111-111111111111/&quot;···)" computerName="DESKTOP-F8U90NP" duration="00:00:00.0000192" startTime="2026-09-04T17:38:18.5188326+07:00" endTime="2026-09-04T17:38:18.5188327+07:00" testType="13cdc9d9-ddb5-4fa4-a97d-d965ccfc6d4b" outcome="Passed" testListId="8c84fa94-04c1-424b-9868-57a2d4851a1d" relativeResultsDirectory="890efdc7-16e2-4a88-89f3-a7e9c0cc53db" />
    <UnitTestResult executionId="6a6ebdfa-5986-4e8c-87a8-e3ce57cbbc51" testId="c4de5e84-b796-3e67-411a-78aca3fa5d19" testName="AISAM.IntegrationTests.WorkspaceDomainFoundationTests.Workspace_DefaultsToActiveWithEmptyMembers" computerName="DESKTOP-F8U90NP" duration="00:00:00.0001499" startTime="2026-09-04T17:38:17.8894233+07:00" endTime="2026-09-04T17:38:17.8894234+07:00" testType="13cdc9d9-ddb5-4fa4-a97d-d965ccfc6d4b" outcome="Passed" testListId="8c84fa94-04c1-424b-9868-57a2d4851a1d" relativeResultsDirectory="6a6ebdfa-5986-4e8c-87a8-e3ce57cbbc51" />
    <UnitTestResult executionId="d1d3ef39-886e-4bea-9812-42d1a9796d21" testId="a03403b9-5ae6-d66c-8fbb-c10576aa5577" testName="AISAM.IntegrationTests.PromptEnhancerTests.EnhanceVideoPromptAsync_ReturnsEnhancedEnglishPrompt_WhenGeminiSucceeds" computerName="DESKTOP-F8U90NP" duration="00:00:00.0166770" startTime="2026-09-04T17:38:18.5952742+07:00" endTime="2026-09-04T17:38:18.5952744+07:00" testType="13cdc9d9-ddb5-4fa4-a97d-d965ccfc6d4b" outcome="Passed" testListId="8c84fa94-04c1-424b-9868-57a2d4851a1d" relativeResultsDirectory="d1d3ef39-886e-4bea-9812-42d1a9796d21" />
    <UnitTestResult executionId="27a24ceb-3ef8-4015-9e34-23739ef4a2d5" testId="31304b44-750a-1df2-cc70-54a31e57352d" testName="AISAM.IntegrationTests.AuthRegistrationWorkspaceTests.RegisterAsync_CreatesExactlyOnePersonalWorkspace" computerName="DESKTOP-F8U90NP" duration="00:00:00.0916092" startTime="2026-09-04T17:38:18.6355681+07:00" endTime="2026-09-04T17:38:18.6355684+07:00" testType="13cdc9d9-ddb5-4fa4-a97d-d965ccfc6d4b" outcome="Passed" testListId="8c84fa94-04c1-424b-9868-57a2d4851a1d" relativeResultsDirectory="27a24ceb-3ef8-4015-9e34-23739ef4a2d5" />
    <UnitTestResult executionId="b5d4084f-7e52-4e09-97a9-d12de517760e" testId="73991ba4-fe39-25d7-e75d-8dbc987c9470" testName="AISAM.IntegrationTests.ExecutionSecurityTests.ExecutionIntegrity_DeniesTamperedRelationships(field: &quot;resource&quot;)" computerName="DESKTOP-F8U90NP" duration="00:00:00.0960889" startTime="2026-09-04T17:38:19.6682295+07:00" endTime="2026-09-04T17:38:19.6682297+07:00" testType="13cdc9d9-ddb5-4fa4-a97d-d965ccfc6d4b" outcome="Passed" testListId="8c84fa94-04c1-424b-9868-57a2d4851a1d" relativeResultsDirectory="b5d4084f-7e52-4e09-97a9-d12de517760e" />
    <UnitTestResult executionId="08bf6e71-8291-4ab6-95d7-11b0e8833f97" testId="a2b22097-248e-ee7d-9c48-acecea5204b2" testName="AISAM.IntegrationTests.ContentControllerTests.UploadMedia_UsesEndpointScopedMultipartAndTransportLimits" computerName="DESKTOP-F8U90NP" duration="00:00:00.0055212" startTime="2026-09-04T17:38:17.1355440+07:00" endTime="2026-09-04T17:38:17.1355441+07:00" testType="13cdc9d9-ddb5-4fa4-a97d-d965ccfc6d4b" outcome="Passed" testListId="8c84fa94-04c1-424b-9868-57a2d4851a1d" relativeResultsDirectory="08bf6e71-8291-4ab6-95d7-11b0e8833f97" />
    <UnitTestResult executionId="69af5b05-2bf2-42be-9175-3caf7a593d32" testId="77ba9e33-239d-948b-8b9d-023cc629395d" testName="AISAM.IntegrationTests.AdCampaignServiceTests.CreateAsync_WithValidData_ReturnsSuccess" computerName="DESKTOP-F8U90NP" duration="00:00:00.0020539" startTime="2026-09-04T17:38:17.1486061+07:00" endTime="2026-09-04T17:38:17.1486063+07:00" testType="13cdc9d9-ddb5-4fa4-a97d-d965ccfc6d4b" outcome="Passed" testListId="8c84fa94-04c1-424b-9868-57a2d4851a1d" relativeResultsDirectory="69af5b05-2bf2-42be-9175-3caf7a593d32" />
    <UnitTestResult executionId="05647746-4e81-43b7-981e-c0d36d9d0e1f" testId="5bfe832b-c107-2ac8-a6ad-525611cf54ed" testName="AISAM.IntegrationTests.PermissionHttpTests.ViewerMutation_IsDeniedBeforeControllerExecution(method: &quot;POST&quot;, path: &quot;/api/content-schedules&quot;)" computerName="DESKTOP-F8U90NP" duration="00:00:00.2213886" startTime="2026-09-04T17:38:21.0687032+07:00" endTime="2026-09-04T17:38:21.0687039+07:00" testType="13cdc9d9-ddb5-4fa4-a97d-d965ccfc6d4b" outcome="Passed" testListId="8c84fa94-04c1-424b-9868-57a2d4851a1d" relativeResultsDirectory="05647746-4e81-43b7-981e-c0d36d9d0e1f" />
    <UnitTestResult executionId="4446d304-c65f-4d72-a79d-99170a42aebf" testId="48d3cad1-748b-3b15-6d9f-dc78cc00a1d0" testName="AISAM.IntegrationTests.ExecutionSecurityTests.MissingLegacyContext_CannotFallBackToCurrentOwner" computerName="DESKTOP-F8U90NP" duration="00:00:00.1074948" startTime="2026-09-04T17:38:20.4837927+07:00" endTime="2026-09-04T17:38:20.4837928+07:00" testType="13cdc9d9-ddb5-4fa4-a97d-d965ccfc6d4b" outcome="Passed" testListId="8c84fa94-04c1-424b-9868-57a2d4851a1d" relativeResultsDirectory="4446d304-c65f-4d72-a79d-99170a42aebf" />
    <UnitTestResult executionId="0a295c02-b50f-444b-a785-1752676db483" testId="c0f9ecc7-6aad-28e0-7e17-2b8febb613a6" testName="AISAM.IntegrationTests.FacebookProviderTests.GetTargetsAsync_ReturnsAvailablePages" computerName="DESKTOP-F8U90NP" duration="00:00:00.0546977" startTime="2026-09-04T17:38:17.1908909+07:00" endTime="2026-09-04T17:38:17.1908910+07:00" testType="13cdc9d9-ddb5-4fa4-a97d-d965ccfc6d4b" outcome="Passed" testListId="8c84fa94-04c1-424b-9868-57a2d4851a1d" relativeResultsDirectory="0a295c02-b50f-444b-a785-1752676db483" />
    <UnitTestResult executionId="3488835e-2d3d-43dd-b441-edcfc7925b96" testId="9cb73d7d-5d4e-4b6f-37bd-51a6a2540422" testName="AISAM.IntegrationTests.ContentCalendarRepositoryTests.CalendarScope_RelationalQuery_EnforcesWorkspaceBrandChannelAndCurrentScope" computerName="DESKTOP-F8U90NP" duration="00:00:00.3101232" startTime="2026-09-04T17:38:19.0922629+07:00" endTime="2026-09-04T17:38:19.0922630+07:00" testType="13cdc9d9-ddb5-4fa4-a97d-d965ccfc6d4b" outcome="Passed" testListId="8c84fa94-04c1-424b-9868-57a2d4851a1d" relativeResultsDirectory="3488835e-2d3d-43dd-b441-edcfc7925b96" />
    <UnitTestResult executionId="d5799fc7-f5ba-46bf-85f4-82fc405ae3f4" testId="05b6d30a-c984-cfbf-cbe7-8a9d72380208" testName="AISAM.IntegrationTests.WorkspaceRepositoryTests.AddAsync_RejectsDuplicateMembershipInSameWorkspace" computerName="DESKTOP-F8U90NP" duration="00:00:00.0031319" startTime="2026-09-04T17:38:18.5295940+07:00" endTime="2026-09-04T17:38:18.5295941+07:00" testType="13cdc9d9-ddb5-4fa4-a97d-d965ccfc6d4b" outcome="Passed" testListId="8c84fa94-04c1-424b-9868-57a2d4851a1d" relativeResultsDirectory="d5799fc7-f5ba-46bf-85f4-82fc405ae3f4" />
    <UnitTestResult executionId="d0c7c369-f661-4ebb-893d-a65cee2e5ae6" testId="55703ffa-e372-6b98-9e0b-0fea11ed105e" testName="AISAM.IntegrationTests.AiJsonResponseParserTests.Parse_ReturnsJson_WhenResponseContainsRecoverableJson(response: &quot;Here is the result:\n\n{\&quot;name\&quot;:\&quot;test\&quot;,\&quot;value\&quot;···, expectedJson: &quot;{\&quot;name\&quot;:\&quot;test\&quot;,\&quot;value\&quot;:123}&quot;)" computerName="DESKTOP-F8U90NP" duration="00:00:00.0000040" startTime="2026-09-04T17:38:17.2432623+07:00" endTime="2026-09-04T17:38:17.2432624+07:00" testType="13cdc9d9-ddb5-4fa4-a97d-d965ccfc6d4b" outcome="Passed" testListId="8c84fa94-04c1-424b-9868-57a2d4851a1d" relativeResultsDirectory="d0c7c369-f661-4ebb-893d-a65cee2e5ae6" />
    <UnitTestResult executionId="3d2371e9-70dd-4391-bf86-2c97c5eef49b" testId="fab6ea3d-ee8a-ea74-502b-739e4a36761e" testName="AISAM.IntegrationTests.AIServiceTests.GenerateDraftAsync_ReturnsFailedGeneration_WhenGeminiConfigIsMissing" computerName="DESKTOP-F8U90NP" duration="00:00:00.0009720" startTime="2026-09-04T17:38:18.6186534+07:00" endTime="2026-09-04T17:38:18.6186536+07:00" testType="13cdc9d9-ddb5-4fa4-a97d-d965ccfc6d4b" outcome="Passed" testListId="8c84fa94-04c1-424b-9868-57a2d4851a1d" relativeResultsDirectory="3d2371e9-70dd-4391-bf86-2c97c5eef49b" />
    <UnitTestResult executionId="c005e831-b1b6-4666-b7fe-ef02cf33fcea" testId="e9bc1fe2-54e2-b1d6-10f1-d4ccba6fca0b" testName="AISAM.IntegrationTests.PaymentServiceTests.ExitCheckoutAsync_MarksPendingPaymentFailed" computerName="DESKTOP-F8U90NP" duration="00:00:00.0004675" startTime="2026-09-04T17:38:17.2968199+07:00" endTime="2026-09-04T17:38:17.2968199+07:00" testType="13cdc9d9-ddb5-4fa4-a97d-d965ccfc6d4b" outcome="Passed" testListId="8c84fa94-04c1-424b-9868-57a2d4851a1d" relativeResultsDirectory="c005e831-b1b6-4666-b7fe-ef02cf33fcea" />
    <UnitTestResult executionId="87870ed9-96bb-409e-b3f4-25ee1de23059" testId="18565436-a0e4-3f94-327d-fcf205d6e212" testName="AISAM.IntegrationTests.FoundationTests.ProfileService_ReturnsNotFound_WhenProfileIsOwnedByDifferentUserAsync" computerName="DESKTOP-F8U90NP" duration="00:00:00.0013221" startTime="2026-09-04T17:38:17.1606244+07:00" endTime="2026-09-04T17:38:17.1606246+07:00" testType="13cdc9d9-ddb5-4fa4-a97d-d965ccfc6d4b" outcome="Passed" testListId="8c84fa94-04c1-424b-9868-57a2d4851a1d" relativeResultsDirectory="87870ed9-96bb-409e-b3f4-25ee1de23059" />
    <UnitTestResult executionId="998d216d-071f-4667-8169-a1129509639f" testId="ecbac7c0-7541-a409-a33c-5cdbe1c53b81" testName="AISAM.IntegrationTests.QuotaServiceTests.EnsurePromptQuotaAsync_ReturnsForbiddenWithPromptErrorCode_WhenQuotaExceeded" computerName="DESKTOP-F8U90NP" duration="00:00:00.0017350" startTime="2026-09-04T17:38:18.3675045+07:00" endTime="2026-09-04T17:38:18.3675047+07:00" testType="13cdc9d9-ddb5-4fa4-a97d-d965ccfc6d4b" outcome="Passed" testListId="8c84fa94-04c1-424b-9868-57a2d4851a1d" relativeResultsDirectory="998d216d-071f-4667-8169-a1129509639f" />
    <UnitTestResult executionId="12e843e6-646b-4640-8462-00bb3c4d5583" testId="42585d1f-fa6e-4482-f6e9-79035f862bd4" testName="AISAM.IntegrationTests.AIServiceTests.ChatAsync_ConsumesOneWorkspaceCredit_AfterGeminiSucceeds" computerName="DESKTOP-F8U90NP" duration="00:00:00.0030727" startTime="2026-09-04T17:38:18.5995794+07:00" endTime="2026-09-04T17:38:18.5995796+07:00" testType="13cdc9d9-ddb5-4fa4-a97d-d965ccfc6d4b" outcome="Passed" testListId="8c84fa94-04c1-424b-9868-57a2d4851a1d" relativeResultsDirectory="12e843e6-646b-4640-8462-00bb3c4d5583" />
    <UnitTestResult executionId="eabc8f46-a4db-4519-8763-3dae52ecfa83" testId="9d40e1a1-a265-515c-820a-786d046dea16" testName="AISAM.IntegrationTests.AIServiceTests.CheckVideoStatusAsync_MarksExplicitProviderFailureFailed_AndStopsPolling" computerName="DESKTOP-F8U90NP" duration="00:00:00.0014850" startTime="2026-09-04T17:38:18.6098139+07:00" endTime="2026-09-04T17:38:18.6098140+07:00" testType="13cdc9d9-ddb5-4fa4-a97d-d965ccfc6d4b" outcome="Passed" testListId="8c84fa94-04c1-424b-9868-57a2d4851a1d" relativeResultsDirectory="eabc8f46-a4db-4519-8763-3dae52ecfa83" />
    <UnitTestResult executionId="f518516a-c9c4-4b5a-a8d4-33dd56f0f0b8" testId="65e223f5-d6eb-7116-a8db-aab68a96e8d7" testName="AISAM.IntegrationTests.WorkspaceDashboardTests.GetSummaryAsync_AggregatesOnlyActiveWorkspaceData" computerName="DESKTOP-F8U90NP" duration="00:00:01.5692932" startTime="2026-09-04T17:38:18.6649109+07:00" endTime="2026-09-04T17:38:18.6649110+07:00" testType="13cdc9d9-ddb5-4fa4-a97d-d965ccfc6d4b" outcome="Passed" testListId="8c84fa94-04c1-424b-9868-57a2d4851a1d" relativeResultsDirectory="f518516a-c9c4-4b5a-a8d4-33dd56f0f0b8" />
    <UnitTestResult executionId="39efe324-6748-421a-911e-b7796c0c8237" testId="471af0d8-8e0f-6cf0-527f-fdb484177d42" testName="AISAM.IntegrationTests.PermissionSecurityTests.AutomationCounts_UseOnlyAuthorizedItems" computerName="DESKTOP-F8U90NP" duration="00:00:00.2330767" startTime="2026-09-04T17:38:22.0164197+07:00" endTime="2026-09-04T17:38:22.0164198+07:00" testType="13cdc9d9-ddb5-4fa4-a97d-d965ccfc6d4b" outcome="Passed" testListId="8c84fa94-04c1-424b-9868-57a2d4851a1d" relativeResultsDirectory="39efe324-6748-421a-911e-b7796c0c8237" />
    <UnitTestResult executionId="e6c764a1-24a5-46c5-9bd6-0ee948e246ef" testId="1ef4dea6-d0b2-d60c-f68f-9f9be22834ed" testName="AISAM.IntegrationTests.ActiveWorkspaceMiddlewareTests.InvokeAsync_BlocksViewerFromDeletingSocialAccount" computerName="DESKTOP-F8U90NP" duration="00:00:00.0012374" startTime="2026-09-04T17:38:18.5583484+07:00" endTime="2026-09-04T17:38:18.5583485+07:00" testType="13cdc9d9-ddb5-4fa4-a97d-d965ccfc6d4b" outcome="Passed" testListId="8c84fa94-04c1-424b-9868-57a2d4851a1d" relativeResultsDirectory="e6c764a1-24a5-46c5-9bd6-0ee948e246ef" />
    <UnitTestResult executionId="f8306317-9a3b-44a9-b5ce-c32be336329b" testId="02a8c599-26a5-0889-e4c0-a5b266a088c6" testName="AISAM.IntegrationTests.ContentServiceTests.CreateAsync_FormatsSingleImageUrl_ForJsonbColumn" computerName="DESKTOP-F8U90NP" duration="00:00:00.0488855" startTime="2026-09-04T17:38:17.1852067+07:00" endTime="2026-09-04T17:38:17.1852068+07:00" testType="13cdc9d9-ddb5-4fa4-a97d-d965ccfc6d4b" outcome="Passed" testListId="8c84fa94-04c1-424b-9868-57a2d4851a1d" relativeResultsDirectory="f8306317-9a3b-44a9-b5ce-c32be336329b" />
    <UnitTestResult executionId="e91cad8f-a6e5-4475-895c-80df2b317987" testId="c1af34d9-1b89-7614-b197-82a4f4692968" testName="AISAM.IntegrationTests.PaymentServiceTests.HandleWebhookAsync_CreatesPaidBusinessWorkspaceExactlyOnce" computerName="DESKTOP-F8U90NP" duration="00:00:00.0079683" startTime="2026-09-04T17:38:17.2827566+07:00" endTime="2026-09-04T17:38:17.2827568+07:00" testType="13cdc9d9-ddb5-4fa4-a97d-d965ccfc6d4b" outcome="Passed" testListId="8c84fa94-04c1-424b-9868-57a2d4851a1d" relativeResultsDirectory="e91cad8f-a6e5-4475-895c-80df2b317987" />
    <UnitTestResult executionId="69afabbd-c780-44d7-b145-7d9deb97dd13" testId="47cef590-68ad-0af9-3221-33e7c5d8cbae" testName="AISAM.IntegrationTests.PaymentRepositoryTests.CountSuccessfulPostUsageAsync_CountsOnlyPublishedPostsInsideSubscriptionWindow" computerName="DESKTOP-F8U90NP" duration="00:00:00.0069736" startTime="2026-09-04T17:38:18.6391890+07:00" endTime="2026-09-04T17:38:18.6391891+07:00" testType="13cdc9d9-ddb5-4fa4-a97d-d965ccfc6d4b" outcome="Passed" testListId="8c84fa94-04c1-424b-9868-57a2d4851a1d" relativeResultsDirectory="69afabbd-c780-44d7-b145-7d9deb97dd13" />
    <UnitTestResult executionId="3626f0cd-7f8d-45d4-b9ae-e0735b35da80" testId="02afb8a0-6e2c-3d85-003d-537809b0a5df" testName="AISAM.IntegrationTests.PaymentRepositoryTests.GetHistoryByProfileIdAsync_ReturnsPaymentsSortedNewestFirst" computerName="DESKTOP-F8U90NP" duration="00:00:00.0947762" startTime="2026-09-04T17:38:18.7387464+07:00" endTime="2026-09-04T17:38:18.7387467+07:00" testType="13cdc9d9-ddb5-4fa4-a97d-d965ccfc6d4b" outcome="Passed" testListId="8c84fa94-04c1-424b-9868-57a2d4851a1d" relativeResultsDirectory="3626f0cd-7f8d-45d4-b9ae-e0735b35da80" />
    <UnitTestResult executionId="9d61f9b4-445e-4d8e-9e59-ee5e3c68ec79" testId="5c22ef57-fa49-e939-b29f-031c5ca39b1c" testName="AISAM.IntegrationTests.ActiveProfileMiddlewareTests.InvokeAsync_DoesNotRequireProfileHeaderForWorkspacePaymentRoutes(path: &quot;/api/payment/webhook&quot;)" computerName="DESKTOP-F8U90NP" duration="00:00:00.0009373" startTime="2026-09-04T17:38:17.2420948+07:00" endTime="2026-09-04T17:38:17.2420950+07:00" testType="13cdc9d9-ddb5-4fa4-a97d-d965ccfc6d4b" outcome="Passed" testListId="8c84fa94-04c1-424b-9868-57a2d4851a1d" relativeResultsDirectory="9d61f9b4-445e-4d8e-9e59-ee5e3c68ec79" />
    <UnitTestResult executionId="8d67cfba-7730-4c63-8163-73ed5529def5" testId="b3b9ffdb-6324-aa19-0116-b6a6befd1958" testName="AISAM.IntegrationTests.CreditServiceTests.ConsumeCreditsAsync_ResetsMonthlyAssignedUsageOnFirstDayOfMonth" computerName="DESKTOP-F8U90NP" duration="00:00:01.2542146" startTime="2026-09-04T17:38:18.4037596+07:00" endTime="2026-09-04T17:38:18.4037597+07:00" testType="13cdc9d9-ddb5-4fa4-a97d-d965ccfc6d4b" outcome="Passed" testListId="8c84fa94-04c1-424b-9868-57a2d4851a1d" relativeResultsDirectory="8d67cfba-7730-4c63-8163-73ed5529def5" />
    <UnitTestResult executionId="71dfc7cc-6d33-4383-b91a-582ed320c469" testId="c926f6b5-37df-935d-08f8-0a6b3f94aaf7" testName="AISAM.IntegrationTests.PostServiceTests.GetPagedAsync_AppliesOptionalBrandIdAndStatusFilters" computerName="DESKTOP-F8U90NP" duration="00:00:00.0021708" startTime="2026-09-04T17:38:17.1376515+07:00" endTime="2026-09-04T17:38:17.1376515+07:00" testType="13cdc9d9-ddb5-4fa4-a97d-d965ccfc6d4b" outcome="Passed" testListId="8c84fa94-04c1-424b-9868-57a2d4851a1d" relativeResultsDirectory="71dfc7cc-6d33-4383-b91a-582ed320c469" />
    <UnitTestResult executionId="14244dec-ac74-4aba-b160-a5e4406264e6" testId="ee7a3522-3f2c-70c7-2624-dff6dd4c49c0" testName="AISAM.IntegrationTests.CreditWalletRepositoryTests.Repository_ReusesExistingWalletForWorkspace" computerName="DESKTOP-F8U90NP" duration="00:00:01.1767262" startTime="2026-09-04T17:38:18.3061566+07:00" endTime="2026-09-04T17:38:18.3061568+07:00" testType="13cdc9d9-ddb5-4fa4-a97d-d965ccfc6d4b" outcome="Passed" testListId="8c84fa94-04c1-424b-9868-57a2d4851a1d" relativeResultsDirectory="14244dec-ac74-4aba-b160-a5e4406264e6" />
    <UnitTestResult executionId="b8335bac-1c23-4ea0-8837-2276c222d82a" testId="de982a55-9ba6-462f-50ec-9ef6de0ef079" testName="AISAM.IntegrationTests.ActiveProfileMiddlewareTests.InvokeAsync_DoesNotRequireProfileHeaderForWorkspaceDashboardSummary" computerName="DESKTOP-F8U90NP" duration="00:00:00.0004821" startTime="2026-09-04T17:38:17.2531206+07:00" endTime="2026-09-04T17:38:17.2531208+07:00" testType="13cdc9d9-ddb5-4fa4-a97d-d965ccfc6d4b" outcome="Passed" testListId="8c84fa94-04c1-424b-9868-57a2d4851a1d" relativeResultsDirectory="b8335bac-1c23-4ea0-8837-2276c222d82a" />
    <UnitTestResult executionId="fe3de26e-48cc-4efd-8e05-745c7eb5a5c0" testId="1283b213-e024-ccd8-c377-5dbbda441fa3" testName="AISAM.IntegrationTests.SocialRepositoryTests.UpdateAsync_PersistsSoftDeleteFlags_ForAccountAndIntegration_WithoutRemovingPosts" computerName="DESKTOP-F8U90NP" duration="00:00:00.1511245" startTime="2026-09-04T17:38:18.6568625+07:00" endTime="2026-09-04T17:38:18.6568626+07:00" testType="13cdc9d9-ddb5-4fa4-a97d-d965ccfc6d4b" outcome="Passed" testListId="8c84fa94-04c1-424b-9868-57a2d4851a1d" relativeResultsDirectory="fe3de26e-48cc-4efd-8e05-745c7eb5a5c0" />
    <UnitTestResult executionId="dca11684-4376-4bde-9474-21f73883ff8d" testId="2146111a-b795-1cbb-3d5e-c71b9ef159de" testName="AISAM.IntegrationTests.ActiveWorkspaceMiddlewareTests.InvokeAsync_RequiresWorkspaceHeader_ForPaymentWorkspaceRoute" computerName="DESKTOP-F8U90NP" duration="00:00:00.0006898" startTime="2026-09-04T17:38:18.5305283+07:00" endTime="2026-09-04T17:38:18.5305284+07:00" testType="13cdc9d9-ddb5-4fa4-a97d-d965ccfc6d4b" outcome="Passed" testListId="8c84fa94-04c1-424b-9868-57a2d4851a1d" relativeResultsDirectory="dca11684-4376-4bde-9474-21f73883ff8d" />
    <UnitTestResult executionId="2829e564-35e9-4af1-af35-a58f0fea1439" testId="9bd938a1-ecf9-4bbf-a614-9e02bb5e7f7e" testName="AISAM.IntegrationTests.ActiveWorkspaceMiddlewareTests.InvokeAsync_AllowsAnonymousFacebookCallbackRelay" computerName="DESKTOP-F8U90NP" duration="00:00:00.0027604" startTime="2026-09-04T17:38:18.5500337+07:00" endTime="2026-09-04T17:38:18.5500337+07:00" testType="13cdc9d9-ddb5-4fa4-a97d-d965ccfc6d4b" outcome="Passed" testListId="8c84fa94-04c1-424b-9868-57a2d4851a1d" relativeResultsDirectory="2829e564-35e9-4af1-af35-a58f0fea1439" />
    <UnitTestResult executionId="c989bb3f-a1ad-4066-8646-38a003d39215" testId="b52b12a4-3790-0fa2-a94c-57f027d142d1" testName="AISAM.IntegrationTests.ContentServiceTests.CloneAsync_CreatesNewDraft" computerName="DESKTOP-F8U90NP" duration="00:00:00.0015141" startTime="2026-09-04T17:38:17.1894422+07:00" endTime="2026-09-04T17:38:17.1894423+07:00" testType="13cdc9d9-ddb5-4fa4-a97d-d965ccfc6d4b" outcome="Passed" testListId="8c84fa94-04c1-424b-9868-57a2d4851a1d" relativeResultsDirectory="c989bb3f-a1ad-4066-8646-38a003d39215" />
    <UnitTestResult executionId="da0c1ca2-4a44-4fdc-9d80-6fe4a06ca2c5" testId="d6b4a8fa-b61e-44a1-e8ef-e8d3e69ba476" testName="AISAM.IntegrationTests.ActiveWorkspaceMiddlewareTests.InvokeAsync_BlocksContentCreatorFromReviewingPublishingAndManagingSchedules(path: &quot;/api/content-schedules&quot;)" computerName="DESKTOP-F8U90NP" duration="00:00:00.0016898" startTime="2026-09-04T17:38:18.5149836+07:00" endTime="2026-09-04T17:38:18.5149837+07:00" testType="13cdc9d9-ddb5-4fa4-a97d-d965ccfc6d4b" outcome="Passed" testListId="8c84fa94-04c1-424b-9868-57a2d4851a1d" relativeResultsDirectory="da0c1ca2-4a44-4fdc-9d80-6fe4a06ca2c5" />
    <UnitTestResult executionId="152deb1a-cf46-4c20-bcaf-c6cb25a228b1" testId="85bf7c41-5034-d97c-bd53-33dd36e90d8f" testName="AISAM.IntegrationTests.WorkspaceInvitationServiceTests.AcceptAsync_RejectsInvitationAfterWorkspaceLeavesActiveState" computerName="DESKTOP-F8U90NP" duration="00:00:00.0581476" startTime="2026-09-04T17:38:18.4534177+07:00" endTime="2026-09-04T17:38:18.4534179+07:00" testType="13cdc9d9-ddb5-4fa4-a97d-d965ccfc6d4b" outcome="Passed" testListId="8c84fa94-04c1-424b-9868-57a2d4851a1d" relativeResultsDirectory="152deb1a-cf46-4c20-bcaf-c6cb25a228b1" />
    <UnitTestResult executionId="d087e692-c22d-4715-8466-b8a6ac77a269" testId="ec05c899-6d94-9099-1a91-6b4299a697d4" testName="AISAM.IntegrationTests.AdCampaignServiceTests.DeployAsync_WithoutLandingUrl_ReturnsError" computerName="DESKTOP-F8U90NP" duration="00:00:00.0013087" startTime="2026-09-04T17:38:17.1755111+07:00" endTime="2026-09-04T17:38:17.1755113+07:00" testType="13cdc9d9-ddb5-4fa4-a97d-d965ccfc6d4b" outcome="Passed" testListId="8c84fa94-04c1-424b-9868-57a2d4851a1d" relativeResultsDirectory="d087e692-c22d-4715-8466-b8a6ac77a269" />
    <UnitTestResult executionId="43be69ba-6dd8-43f4-8dbd-34789e98cfac" testId="467ccfe8-cae6-98ec-9079-d1dcfe9526bb" testName="AISAM.IntegrationTests.ExecutionSecurityTests.UnapprovedDispatch_DeniesWithoutSelectingAuthority(operation: &quot;CampaignInsights&quot;)" computerName="DESKTOP-F8U90NP" duration="00:00:00.0003967" startTime="2026-09-04T17:38:20.3761204+07:00" endTime="2026-09-04T17:38:20.3761206+07:00" testType="13cdc9d9-ddb5-4fa4-a97d-d965ccfc6d4b" outcome="Passed" testListId="8c84fa94-04c1-424b-9868-57a2d4851a1d" relativeResultsDirectory="43be69ba-6dd8-43f4-8dbd-34789e98cfac" />
    <UnitTestResult executionId="8ddc8a6c-9b09-4a48-98ee-08a3bdde4d26" testId="2d18197e-880a-0e92-7e26-14391e548248" testName="AISAM.IntegrationTests.PermissionSecurityTests.CampaignMetadata_DoesNotSerializeProtectedMetrics(role: ContentCreator)" computerName="DESKTOP-F8U90NP" duration="00:00:02.1562807" startTime="2026-09-04T17:38:19.3097280+07:00" endTime="2026-09-04T17:38:19.3097281+07:00" testType="13cdc9d9-ddb5-4fa4-a97d-d965ccfc6d4b" outcome="Passed" testListId="8c84fa94-04c1-424b-9868-57a2d4851a1d" relativeResultsDirectory="8ddc8a6c-9b09-4a48-98ee-08a3bdde4d26" />
    <UnitTestResult executionId="4412fc26-46c3-43b0-93a9-46589c022a15" testId="9a08b9df-a99b-90d0-3206-f0cef811e6f8" testName="AISAM.IntegrationTests.WorkspaceRepositoryTests.RemoveAsync_RejectsRemovingWorkspaceOwner" computerName="DESKTOP-F8U90NP" duration="00:00:00.0152929" startTime="2026-09-04T17:38:18.5451486+07:00" endTime="2026-09-04T17:38:18.5451487+07:00" testType="13cdc9d9-ddb5-4fa4-a97d-d965ccfc6d4b" outcome="Passed" testListId="8c84fa94-04c1-424b-9868-57a2d4851a1d" relativeResultsDirectory="4412fc26-46c3-43b0-93a9-46589c022a15" />
    <UnitTestResult executionId="bfee18e5-4b69-4d70-ae5d-eb463846ac4b" testId="cb71399b-578c-3c95-d868-8a6d1475f977" testName="AISAM.IntegrationTests.PermissionSecurityTests.WorkspaceAccounting_IsIndependentOfVisibility(role: ContentCreator)" computerName="DESKTOP-F8U90NP" duration="00:00:00.1540145" startTime="2026-09-04T17:38:20.9101125+07:00" endTime="2026-09-04T17:38:20.9101126+07:00" testType="13cdc9d9-ddb5-4fa4-a97d-d965ccfc6d4b" outcome="Passed" testListId="8c84fa94-04c1-424b-9868-57a2d4851a1d" relativeResultsDirectory="bfee18e5-4b69-4d70-ae5d-eb463846ac4b" />
    <UnitTestResult executionId="7649f549-c928-4897-a28d-65da11ff62ce" testId="9eeec8b7-29cf-212d-3ded-dc7989f2bed3" testName="AISAM.IntegrationTests.QuotaControllerTests.GetCurrentWorkspaceQuota_UsesValidatedActiveWorkspaceFromHttpContext" computerName="DESKTOP-F8U90NP" duration="00:00:00.0024637" startTime="2026-09-04T17:38:17.1491297+07:00" endTime="2026-09-04T17:38:17.1491297+07:00" testType="13cdc9d9-ddb5-4fa4-a97d-d965ccfc6d4b" outcome="Passed" testListId="8c84fa94-04c1-424b-9868-57a2d4851a1d" relativeResultsDirectory="7649f549-c928-4897-a28d-65da11ff62ce" />
    <UnitTestResult executionId="50ca730e-1c76-4894-903c-26310d7b023e" testId="86cd3b70-94f4-cedf-5de1-f23eb73ec591" testName="AISAM.IntegrationTests.QuotaServiceTests.EnsurePostQuotaAsync_ReturnsForbiddenWithPostErrorCode_WhenQuotaExceeded" computerName="DESKTOP-F8U90NP" duration="00:00:00.0041775" startTime="2026-09-04T17:38:18.3626042+07:00" endTime="2026-09-04T17:38:18.3626043+07:00" testType="13cdc9d9-ddb5-4fa4-a97d-d965ccfc6d4b" outcome="Passed" testListId="8c84fa94-04c1-424b-9868-57a2d4851a1d" relativeResultsDirectory="50ca730e-1c76-4894-903c-26310d7b023e" />
    <UnitTestResult executionId="39f6d1f7-ec56-44a0-9a33-deaa3efd333d" testId="8e1f4a24-9e0f-488b-e109-0465e13e749a" testName="AISAM.IntegrationTests.ActiveWorkspaceMiddlewareTests.InvokeAsync_ReturnsForbidden_WhenFreePlanUsesAiImageFeature" computerName="DESKTOP-F8U90NP" duration="00:00:00.0009951" startTime="2026-09-04T17:38:18.5593061+07:00" endTime="2026-09-04T17:38:18.5593063+07:00" testType="13cdc9d9-ddb5-4fa4-a97d-d965ccfc6d4b" outcome="Passed" testListId="8c84fa94-04c1-424b-9868-57a2d4851a1d" relativeResultsDirectory="39f6d1f7-ec56-44a0-9a33-deaa3efd333d" />
    <UnitTestResult executionId="2ad7a4a5-4ca1-485a-b2a8-28efd1e50c87" testId="27213785-1083-d956-45c0-87fbd7ae72a0" testName="AISAM.IntegrationTests.FoundationTests.ProfileService_DoesNotDelete_WhenProfileIsOwnedByDifferentUserAsync" computerName="DESKTOP-F8U90NP" duration="00:00:00.0010546" startTime="2026-09-04T17:38:17.1637045+07:00" endTime="2026-09-04T17:38:17.1637047+07:00" testType="13cdc9d9-ddb5-4fa4-a97d-d965ccfc6d4b" outcome="Passed" testListId="8c84fa94-04c1-424b-9868-57a2d4851a1d" relativeResultsDirectory="2ad7a4a5-4ca1-485a-b2a8-28efd1e50c87" />
    <UnitTestResult executionId="f2e529b9-9ca8-4952-b021-42bee9699cf2" testId="ac96d1fa-957b-a3b8-5b20-50f84e3854b1" testName="AISAM.IntegrationTests.ScheduledPostingServiceTests.RunDueSchedulesAsync_MarksFailed_WhenPublishIsBlockedByPostQuota" computerName="DESKTOP-F8U90NP" duration="00:00:00.0019551" startTime="2026-09-04T17:38:17.1352940+07:00" endTime="2026-09-04T17:38:17.1352941+07:00" testType="13cdc9d9-ddb5-4fa4-a97d-d965ccfc6d4b" outcome="Passed" testListId="8c84fa94-04c1-424b-9868-57a2d4851a1d" relativeResultsDirectory="f2e529b9-9ca8-4952-b021-42bee9699cf2" />
    <UnitTestResult executionId="1edaa160-a57c-449a-960d-fcbd8c57b5cf" testId="3724496d-9c33-db56-0763-9c7c69c6d63d" testName="AISAM.IntegrationTests.PromptEnhancerTests.EnhanceImagePromptAsync_FallsBackToRawPrompt_WhenGeminiReturnsEmpty" computerName="DESKTOP-F8U90NP" duration="00:00:00.0017483" startTime="2026-09-04T17:38:18.5784382+07:00" endTime="2026-09-04T17:38:18.5784384+07:00" testType="13cdc9d9-ddb5-4fa4-a97d-d965ccfc6d4b" outcome="Passed" testListId="8c84fa94-04c1-424b-9868-57a2d4851a1d" relativeResultsDirectory="1edaa160-a57c-449a-960d-fcbd8c57b5cf" />
    <UnitTestResult executionId="201fa415-7460-4eb4-bac2-74aff933fbeb" testId="731a1e24-9274-5791-142b-6d5b2c59d01d" testName="AISAM.IntegrationTests.AuthRegistrationWorkspaceTests.RegisterAsync_DuplicateEmail_DoesNotCreateAnotherWorkspace" computerName="DESKTOP-F8U90NP" duration="00:00:00.0068017" startTime="2026-09-04T17:38:18.6424632+07:00" endTime="2026-09-04T17:38:18.6424634+07:00" testType="13cdc9d9-ddb5-4fa4-a97d-d965ccfc6d4b" outcome="Passed" testListId="8c84fa94-04c1-424b-9868-57a2d4851a1d" relativeResultsDirectory="201fa415-7460-4eb4-bac2-74aff933fbeb" />
    <UnitTestResult executionId="c92b324a-50b9-49bf-8c60-9dccc536a434" testId="8397fc4c-9cb0-be46-eae6-5e96eb12042d" testName="AISAM.IntegrationTests.FacebookProviderTests.PublishAsync_RetriesWithFreshPageToken_WhenInitialPageTokenFails" computerName="DESKTOP-F8U90NP" duration="00:00:00.0132413" startTime="2026-09-04T17:38:17.2195008+07:00" endTime="2026-09-04T17:38:17.2195011+07:00" testType="13cdc9d9-ddb5-4fa4-a97d-d965ccfc6d4b" outcome="Passed" testListId="8c84fa94-04c1-424b-9868-57a2d4851a1d" relativeResultsDirectory="c92b324a-50b9-49bf-8c60-9dccc536a434" />
    <UnitTestResult executionId="cf5b2de9-be93-4729-b937-adc645a1b61f" testId="c8338f6d-a0b1-ce90-7432-f65c92b05462" testName="AISAM.IntegrationTests.ExecutionSecurityTests.UnapprovedDispatch_DeniesWithoutSelectingAuthority(operation: &quot;AutomationOperations&quot;)" computerName="DESKTOP-F8U90NP" duration="00:00:00.0000037" startTime="2026-09-04T17:38:20.3766052+07:00" endTime="2026-09-04T17:38:20.3766053+07:00" testType="13cdc9d9-ddb5-4fa4-a97d-d965ccfc6d4b" outcome="Passed" testListId="8c84fa94-04c1-424b-9868-57a2d4851a1d" relativeResultsDirectory="cf5b2de9-be93-4729-b937-adc645a1b61f" />
    <UnitTestResult executionId="48582529-d0b8-4516-a15d-96f9137a900d" testId="9396e997-195c-1c6b-d7c7-2e75da8aca4b" testName="AISAM.IntegrationTests.SocialControllerTests.LinkTargets_ReturnsNotFound_WhenAccountBelongsToAnotherProfile" computerName="DESKTOP-F8U90NP" duration="00:00:00.0040220" startTime="2026-09-04T17:38:17.1355001+07:00" endTime="2026-09-04T17:38:17.1355002+07:00" testType="13cdc9d9-ddb5-4fa4-a97d-d965ccfc6d4b" outcome="Passed" testListId="8c84fa94-04c1-424b-9868-57a2d4851a1d" relativeResultsDirectory="48582529-d0b8-4516-a15d-96f9137a900d" />
    <UnitTestResult executionId="2c6ad229-5e4d-484e-ba9c-e33408ff1c91" testId="e7109be2-2e34-395b-8b3a-f2aa43f34c2e" testName="AISAM.IntegrationTests.PermissionSecurityTests.SettingAudit_NeverStoresArbitraryInput(key: &quot;nested_runtime_configuration&quot;, batch: True)" computerName="DESKTOP-F8U90NP" duration="00:00:00.1192057" startTime="2026-09-04T17:38:22.6214957+07:00" endTime="2026-09-04T17:38:22.6214959+07:00" testType="13cdc9d9-ddb5-4fa4-a97d-d965ccfc6d4b" outcome="Passed" testListId="8c84fa94-04c1-424b-9868-57a2d4851a1d" relativeResultsDirectory="2c6ad229-5e4d-484e-ba9c-e33408ff1c91" />
    <UnitTestResult executionId="da8fd9c8-8433-498f-848c-39d4bbb5db23" testId="3a52f9f5-f5fe-005b-0f0d-107b1d206ac4" testName="AISAM.IntegrationTests.PromptEnhancerTests.EnhanceImagePromptAsync_FallsBackToRawPrompt_WhenGeminiThrows" computerName="DESKTOP-F8U90NP" duration="00:00:00.0011892" startTime="2026-09-04T17:38:18.5990129+07:00" endTime="2026-09-04T17:38:18.5990130+07:00" testType="13cdc9d9-ddb5-4fa4-a97d-d965ccfc6d4b" outcome="Passed" testListId="8c84fa94-04c1-424b-9868-57a2d4851a1d" relativeResultsDirectory="da8fd9c8-8433-498f-848c-39d4bbb5db23" />
    <UnitTestResult executionId="abcdc516-dcae-43aa-a8f2-a4baecbc2d43" testId="1db830d3-7af0-8101-157b-5e75dbdc2ea4" testName="AISAM.IntegrationTests.DeApiVideoClientTests.StartAsync_ReturnsRetryGuidance_WhenProviderRateLimitsCreation" computerName="DESKTOP-F8U90NP" duration="00:00:00.0305093" startTime="2026-09-04T17:38:18.4435684+07:00" endTime="2026-09-04T17:38:18.4435686+07:00" testType="13cdc9d9-ddb5-4fa4-a97d-d965ccfc6d4b" outcome="Passed" testListId="8c84fa94-04c1-424b-9868-57a2d4851a1d" relativeResultsDirectory="abcdc516-dcae-43aa-a8f2-a4baecbc2d43" />
    <UnitTestResult executionId="bd6335bf-85cf-40f5-b507-2162f8ab821c" testId="430e13b1-becd-fc51-5768-bd893f87a3c7" testName="AISAM.IntegrationTests.BrandWorkspaceOwnershipTests.CreateAsync_CreatesCompatibilityProfile_WhenWorkspaceMemberHasNoProfile" computerName="DESKTOP-F8U90NP" duration="00:00:00.5078419" startTime="2026-09-04T17:38:18.4607064+07:00" endTime="2026-09-04T17:38:18.4607066+07:00" testType="13cdc9d9-ddb5-4fa4-a97d-d965ccfc6d4b" outcome="Passed" testListId="8c84fa94-04c1-424b-9868-57a2d4851a1d" relativeResultsDirectory="bd6335bf-85cf-40f5-b507-2162f8ab821c" />
    <UnitTestResult executionId="ed490d12-8ccd-4dfb-baae-1d4100de9be0" testId="226facba-0b09-cc1e-67cf-78ec654ea13a" testName="AISAM.IntegrationTests.DeApiVideoClientTests.PollAsync_ReturnsExplicitProviderFailure" computerName="DESKTOP-F8U90NP" duration="00:00:00.0049060" startTime="2026-09-04T17:38:18.4100592+07:00" endTime="2026-09-04T17:38:18.4100594+07:00" testType="13cdc9d9-ddb5-4fa4-a97d-d965ccfc6d4b" outcome="Passed" testListId="8c84fa94-04c1-424b-9868-57a2d4851a1d" relativeResultsDirectory="ed490d12-8ccd-4dfb-baae-1d4100de9be0" />
    <UnitTestResult executionId="0a3abcff-b959-4f39-8228-dcbbe39189ec" testId="fa1393ec-f6e0-6121-441f-1c2df7442a85" testName="AISAM.IntegrationTests.SocialServiceTests.UnlinkAccountAsync_SoftDeletesAccountAndIntegrations" computerName="DESKTOP-F8U90NP" duration="00:00:00.0017048" startTime="2026-09-04T17:38:17.1454914+07:00" endTime="2026-09-04T17:38:17.1454915+07:00" testType="13cdc9d9-ddb5-4fa4-a97d-d965ccfc6d4b" outcome="Passed" testListId="8c84fa94-04c1-424b-9868-57a2d4851a1d" relativeResultsDirectory="0a3abcff-b959-4f39-8228-dcbbe39189ec" />
    <UnitTestResult executionId="1e812f61-7365-49f7-9164-8369ff3e4bd8" testId="7996558b-afec-9662-f4bf-be050b26372e" testName="AISAM.IntegrationTests.AdCampaignServiceTests.DuplicateAsync_WithValidCampaign_CreatesCopy" computerName="DESKTOP-F8U90NP" duration="00:00:00.0032039" startTime="2026-09-04T17:38:17.1622854+07:00" endTime="2026-09-04T17:38:17.1622855+07:00" testType="13cdc9d9-ddb5-4fa4-a97d-d965ccfc6d4b" outcome="Passed" testListId="8c84fa94-04c1-424b-9868-57a2d4851a1d" relativeResultsDirectory="1e812f61-7365-49f7-9164-8369ff3e4bd8" />
    <UnitTestResult executionId="a2c5e3d8-5f09-4645-bd9d-c64169a41cb4" testId="7af4237c-279d-b51f-c353-938e43cb789c" testName="AISAM.IntegrationTests.PermissionSecurityTests.SettingAudit_NeverStoresArbitraryInput(key: &quot;display&quot;, batch: False)" computerName="DESKTOP-F8U90NP" duration="00:00:00.1093976" startTime="2026-09-04T17:38:22.7308843+07:00" endTime="2026-09-04T17:38:22.7308844+07:00" testType="13cdc9d9-ddb5-4fa4-a97d-d965ccfc6d4b" outcome="Passed" testListId="8c84fa94-04c1-424b-9868-57a2d4851a1d" relativeResultsDirectory="a2c5e3d8-5f09-4645-bd9d-c64169a41cb4" />
    <UnitTestResult executionId="2381a13d-2063-4ee0-8553-c8b2de26e0e6" testId="37b3646e-bc83-1909-0b5c-c89be585d20e" testName="AISAM.IntegrationTests.ActiveWorkspaceMiddlewareTests.InvokeAsync_AllowsOwnersAndManagersToReviewContent(role: Owner)" computerName="DESKTOP-F8U90NP" duration="00:00:00.0010564" startTime="2026-09-04T17:38:18.5295111+07:00" endTime="2026-09-04T17:38:18.5295112+07:00" testType="13cdc9d9-ddb5-4fa4-a97d-d965ccfc6d4b" outcome="Passed" testListId="8c84fa94-04c1-424b-9868-57a2d4851a1d" relativeResultsDirectory="2381a13d-2063-4ee0-8553-c8b2de26e0e6" />
    <UnitTestResult executionId="88c75342-0284-4a54-b7b0-455d40d03345" testId="269061e5-754b-5e4d-5811-112ab8a8c6d8" testName="AISAM.IntegrationTests.BrandWorkspaceOwnershipTests.CreateAndListAsync_IsolatesBrandsByActiveWorkspace" computerName="DESKTOP-F8U90NP" duration="00:00:00.2023375" startTime="2026-09-04T17:38:18.6631259+07:00" endTime="2026-09-04T17:38:18.6631260+07:00" testType="13cdc9d9-ddb5-4fa4-a97d-d965ccfc6d4b" outcome="Passed" testListId="8c84fa94-04c1-424b-9868-57a2d4851a1d" relativeResultsDirectory="88c75342-0284-4a54-b7b0-455d40d03345" />
    <UnitTestResult executionId="391d29b8-463a-4370-81da-18d92cd615a8" testId="037dc885-84f2-fa22-0298-2127b41b1d3d" testName="AISAM.IntegrationTests.PermissionSecurityTests.SettingAudit_NeverStoresArbitraryInput(key: &quot;credential_rotation&quot;, batch: True)" computerName="DESKTOP-F8U90NP" duration="00:00:00.2263281" startTime="2026-09-04T17:38:22.5021947+07:00" endTime="2026-09-04T17:38:22.5021949+07:00" testType="13cdc9d9-ddb5-4fa4-a97d-d965ccfc6d4b" outcome="Passed" testListId="8c84fa94-04c1-424b-9868-57a2d4851a1d" relativeResultsDirectory="391d29b8-463a-4370-81da-18d92cd615a8" />
    <UnitTestResult executionId="f083f5db-30c7-45f6-82cc-64c9e8d2e6cb" testId="906d80f0-8d12-c658-9f8f-eb47e0a0353d" testName="AISAM.IntegrationTests.AIServiceTests.ChatAsync_ReturnsClearErrorAndStoresAiErrorMessage_WhenGeminiFails" computerName="DESKTOP-F8U90NP" duration="00:00:00.0015127" startTime="2026-09-04T17:38:18.6127871+07:00" endTime="2026-09-04T17:38:18.6127872+07:00" testType="13cdc9d9-ddb5-4fa4-a97d-d965ccfc6d4b" outcome="Passed" testListId="8c84fa94-04c1-424b-9868-57a2d4851a1d" relativeResultsDirectory="f083f5db-30c7-45f6-82cc-64c9e8d2e6cb" />
    <UnitTestResult executionId="22f85ec5-e968-4fe2-8c84-fb5196022346" testId="2abb5eaf-1676-f904-40e2-23014ecdccab" testName="AISAM.IntegrationTests.PaymentRepositoryTests.CountSuccessfulPromptUsageAsync_CountsOnlyCompletedGenerationsInsideSubscriptionWindow" computerName="DESKTOP-F8U90NP" duration="00:00:00.0045363" startTime="2026-09-04T17:38:18.6438601+07:00" endTime="2026-09-04T17:38:18.6438602+07:00" testType="13cdc9d9-ddb5-4fa4-a97d-d965ccfc6d4b" outcome="Passed" testListId="8c84fa94-04c1-424b-9868-57a2d4851a1d" relativeResultsDirectory="22f85ec5-e968-4fe2-8c84-fb5196022346" />
    <UnitTestResult executionId="c4fb4cb9-815b-4b36-9077-11277be12ce8" testId="2f9e4ced-5030-95ff-5568-164e471fa908" testName="AISAM.IntegrationTests.PermissionSecurityTests.TemporaryExpiry_IsEnforcedWithoutWorker(seconds: 600, expected: True)" computerName="DESKTOP-F8U90NP" duration="00:00:00.1344731" startTime="2026-09-04T17:38:20.5115824+07:00" endTime="2026-09-04T17:38:20.5115827+07:00" testType="13cdc9d9-ddb5-4fa4-a97d-d965ccfc6d4b" outcome="Passed" testListId="8c84fa94-04c1-424b-9868-57a2d4851a1d" relativeResultsDirectory="c4fb4cb9-815b-4b36-9077-11277be12ce8" />
    <UnitTestResult executionId="fe9da42c-fed4-4e88-9128-640478203139" testId="a70ddbdf-19c5-e5df-033c-920b69d9ec68" testName="AISAM.IntegrationTests.AIServiceTests.ExtractGeneratedTitle_UsesCaptionFirstSentence_InsteadOfExplicitAiTitle_WhenNoUppercaseHeadline" computerName="DESKTOP-F8U90NP" duration="00:00:00.0002370" startTime="2026-09-04T17:38:18.6356617+07:00" endTime="2026-09-04T17:38:18.6356618+07:00" testType="13cdc9d9-ddb5-4fa4-a97d-d965ccfc6d4b" outcome="Passed" testListId="8c84fa94-04c1-424b-9868-57a2d4851a1d" relativeResultsDirectory="fe9da42c-fed4-4e88-9128-640478203139" />
    <UnitTestResult executionId="a637b0fd-0a9e-4c8b-97a0-77ec451cccc9" testId="c6f021cb-3334-6da1-fee8-bedb863fda92" testName="AISAM.IntegrationTests.AiJsonResponseParserTests.Parse_RejectsContentThatIsNotValidJson(response: &quot;{\&quot;name\&quot;: \&quot;test\&quot; /* comment */}&quot;)" computerName="DESKTOP-F8U90NP" duration="00:00:00.0001878" startTime="2026-09-04T17:38:17.2447390+07:00" endTime="2026-09-04T17:38:17.2447392+07:00" testType="13cdc9d9-ddb5-4fa4-a97d-d965ccfc6d4b" outcome="Passed" testListId="8c84fa94-04c1-424b-9868-57a2d4851a1d" relativeResultsDirectory="a637b0fd-0a9e-4c8b-97a0-77ec451cccc9" />
    <UnitTestResult executionId="0cc9df29-44ca-4d15-a294-b6b4ef41bf62" testId="c4d26846-a175-49d4-18db-3c7d3094ba64" testName="AISAM.IntegrationTests.WorkspaceServiceTests.CreateAsync_RejectsSecondPersonalWorkspaceForSameUser" computerName="DESKTOP-F8U90NP" duration="00:00:00.1510535" startTime="2026-09-04T17:38:18.5082459+07:00" endTime="2026-09-04T17:38:18.5082459+07:00" testType="13cdc9d9-ddb5-4fa4-a97d-d965ccfc6d4b" outcome="Passed" testListId="8c84fa94-04c1-424b-9868-57a2d4851a1d" relativeResultsDirectory="0cc9df29-44ca-4d15-a294-b6b4ef41bf62" />
    <UnitTestResult executionId="c7c468c4-8a27-459c-8b29-6f7a2d923fbb" testId="a080c26c-eac4-922b-ccaf-d15f5f09fafa" testName="AISAM.IntegrationTests.WorkspaceDomainFoundationTests.WorkspaceMember_DefaultsToSharedPoolAndActive" computerName="DESKTOP-F8U90NP" duration="00:00:00.0018117" startTime="2026-09-04T17:38:17.8913067+07:00" endTime="2026-09-04T17:38:17.8913068+07:00" testType="13cdc9d9-ddb5-4fa4-a97d-d965ccfc6d4b" outcome="Passed" testListId="8c84fa94-04c1-424b-9868-57a2d4851a1d" relativeResultsDirectory="c7c468c4-8a27-459c-8b29-6f7a2d923fbb" />
    <UnitTestResult executionId="ee1a4e53-642d-4487-a181-a94595e78799" testId="32c7798f-c085-0f46-6608-a44d0340afa2" testName="AISAM.IntegrationTests.PaymentControllerTests.CreateCheckout_ReturnsServiceUnavailable_WhenPayOsConfigMissingAsync" computerName="DESKTOP-F8U90NP" duration="00:00:00.0012455" startTime="2026-09-04T17:38:17.1366624+07:00" endTime="2026-09-04T17:38:17.1366625+07:00" testType="13cdc9d9-ddb5-4fa4-a97d-d965ccfc6d4b" outcome="Passed" testListId="8c84fa94-04c1-424b-9868-57a2d4851a1d" relativeResultsDirectory="ee1a4e53-642d-4487-a181-a94595e78799" />
    <UnitTestResult executionId="5aeba1cd-a375-499d-9245-579a139ddf69" testId="9de321e4-d7a0-a09e-058b-966b9e365cbd" testName="AISAM.IntegrationTests.CreditWalletRepositoryTests.Model_ConfiguresUniqueWalletPerWorkspace" computerName="DESKTOP-F8U90NP" duration="00:00:00.0016164" startTime="2026-09-04T17:38:18.3080889+07:00" endTime="2026-09-04T17:38:18.3080890+07:00" testType="13cdc9d9-ddb5-4fa4-a97d-d965ccfc6d4b" outcome="Passed" testListId="8c84fa94-04c1-424b-9868-57a2d4851a1d" relativeResultsDirectory="5aeba1cd-a375-499d-9245-579a139ddf69" />
    <UnitTestResult executionId="359b238a-26d6-41f3-8081-8389a1f4d523" testId="5ee8b9c2-b3e3-f806-e362-c533206218d8" testName="AISAM.IntegrationTests.ExecutionSecurityTests.DatabaseRejectsCrossWorkspaceTask_EvenWithUnscopedSynchronousWrite" computerName="DESKTOP-F8U90NP" duration="00:00:00.1144050" startTime="2026-09-04T17:38:21.5907330+07:00" endTime="2026-09-04T17:38:21.5907332+07:00" testType="13cdc9d9-ddb5-4fa4-a97d-d965ccfc6d4b" outcome="Passed" testListId="8c84fa94-04c1-424b-9868-57a2d4851a1d" relativeResultsDirectory="359b238a-26d6-41f3-8081-8389a1f4d523" />
    <UnitTestResult executionId="de9506d8-c801-49bf-9534-92c166f0b6c2" testId="ec49f7bd-1631-4ee9-2d20-89d7b2023b43" testName="AISAM.IntegrationTests.ContentServicePublishTests.PublishAsync_ReturnsForbiddenWithPostQuotaError_WhenPostQuotaExceeded" computerName="DESKTOP-F8U90NP" duration="00:00:00.0022614" startTime="2026-09-04T17:38:18.5311555+07:00" endTime="2026-09-04T17:38:18.5311556+07:00" testType="13cdc9d9-ddb5-4fa4-a97d-d965ccfc6d4b" outcome="Passed" testListId="8c84fa94-04c1-424b-9868-57a2d4851a1d" relativeResultsDirectory="de9506d8-c801-49bf-9534-92c166f0b6c2" />
    <UnitTestResult executionId="6d7b2ec2-af96-4229-b27c-f3a848696604" testId="9e32e450-d332-96c0-4b9f-6c0aa955f7a4" testName="AISAM.IntegrationTests.AdCampaignServiceTests.DeployAsync_CreatesObjectsInPausedAndDoesNotActivate" computerName="DESKTOP-F8U90NP" duration="00:00:00.0229627" startTime="2026-09-04T17:38:17.1412218+07:00" endTime="2026-09-04T17:38:17.1412219+07:00" testType="13cdc9d9-ddb5-4fa4-a97d-d965ccfc6d4b" outcome="Passed" testListId="8c84fa94-04c1-424b-9868-57a2d4851a1d" relativeResultsDirectory="6d7b2ec2-af96-4229-b27c-f3a848696604" />
    <UnitTestResult executionId="d069ceba-7484-47e8-ba12-9379d730a401" testId="b7adb93b-a7d6-c326-d986-b6168d100111" testName="AISAM.IntegrationTests.SubscriptionRepositoryTests.GetCurrentActiveByProfileIdAsync_ReturnsSubscriptionInsideActiveDates" computerName="DESKTOP-F8U90NP" duration="00:00:00.0777070" startTime="2026-09-04T17:38:18.3853437+07:00" endTime="2026-09-04T17:38:18.3853439+07:00" testType="13cdc9d9-ddb5-4fa4-a97d-d965ccfc6d4b" outcome="Passed" testListId="8c84fa94-04c1-424b-9868-57a2d4851a1d" relativeResultsDirectory="d069ceba-7484-47e8-ba12-9379d730a401" />
    <UnitTestResult executionId="cc23bb90-d617-4318-9064-7ca9d78d9f02" testId="0bd18b3c-047e-8a86-94d8-d2eca312b994" testName="AISAM.IntegrationTests.ActiveWorkspaceMiddlewareTests.InvokeAsync_AllowsContentWritersToCreateAndSubmit(role: Owner, path: &quot;/api/content&quot;)" computerName="DESKTOP-F8U90NP" duration="00:00:00.0000629" startTime="2026-09-04T17:38:18.5194795+07:00" endTime="2026-09-04T17:38:18.5194795+07:00" testType="13cdc9d9-ddb5-4fa4-a97d-d965ccfc6d4b" outcome="Passed" testListId="8c84fa94-04c1-424b-9868-57a2d4851a1d" relativeResultsDirectory="cc23bb90-d617-4318-9064-7ca9d78d9f02" />
    <UnitTestResult executionId="1d9ed47d-f58a-481f-985b-3a2a967e797b" testId="40bb6304-5853-c895-064c-29c2a89e7428" testName="AISAM.IntegrationTests.AiJsonResponseParserTests.Parse_ReturnsJson_WhenResponseContainsRecoverableJson(response: &quot;{\&quot;message\&quot;:\&quot;Example {text} with [brackets]\&quot;}&quot;, expectedJson: &quot;{\&quot;message\&quot;:\&quot;Example {text} with [brackets]\&quot;}&quot;)" computerName="DESKTOP-F8U90NP" duration="00:00:00.0000159" startTime="2026-09-04T17:38:17.2443332+07:00" endTime="2026-09-04T17:38:17.2443332+07:00" testType="13cdc9d9-ddb5-4fa4-a97d-d965ccfc6d4b" outcome="Passed" testListId="8c84fa94-04c1-424b-9868-57a2d4851a1d" relativeResultsDirectory="1d9ed47d-f58a-481f-985b-3a2a967e797b" />
    <UnitTestResult executionId="5b9fc844-ef7c-4568-aadf-90be7c1240da" testId="0646168a-c5d9-f92a-257d-3bee6b9d92b2" testName="AISAM.IntegrationTests.ActiveWorkspaceMiddlewareTests.InvokeAsync_RequiresWorkspaceHeader_ForContentRoute" computerName="DESKTOP-F8U90NP" duration="00:00:00.0006328" startTime="2026-09-04T17:38:18.5480874+07:00" endTime="2026-09-04T17:38:18.5480875+07:00" testType="13cdc9d9-ddb5-4fa4-a97d-d965ccfc6d4b" outcome="Passed" testListId="8c84fa94-04c1-424b-9868-57a2d4851a1d" relativeResultsDirectory="5b9fc844-ef7c-4568-aadf-90be7c1240da" />
    <UnitTestResult executionId="c994385b-ec3f-4b32-a99c-87985f884593" testId="d9b10d52-567f-1811-4b63-3ce616c601c9" testName="AISAM.IntegrationTests.WorkspaceMemberServiceTests.UpdateRoleAsync_RejectsNonOwnerAndOwnerTarget" computerName="DESKTOP-F8U90NP" duration="00:00:00.0035874" startTime="2026-09-04T17:38:18.5258537+07:00" endTime="2026-09-04T17:38:18.5258539+07:00" testType="13cdc9d9-ddb5-4fa4-a97d-d965ccfc6d4b" outcome="Passed" testListId="8c84fa94-04c1-424b-9868-57a2d4851a1d" relativeResultsDirectory="c994385b-ec3f-4b32-a99c-87985f884593" />
    <UnitTestResult executionId="f39f828d-51c2-478b-91cb-8f020830af18" testId="8ec79336-5cc2-f8be-d923-8f2b5de9e2e2" testName="AISAM.IntegrationTests.TikTokProviderTests.GetTargetsAsync_ReturnsTikTokAccountAsLinkableTarget" computerName="DESKTOP-F8U90NP" duration="00:00:00.0052842" startTime="2026-09-04T17:38:17.9270059+07:00" endTime="2026-09-04T17:38:17.9270061+07:00" testType="13cdc9d9-ddb5-4fa4-a97d-d965ccfc6d4b" outcome="Passed" testListId="8c84fa94-04c1-424b-9868-57a2d4851a1d" relativeResultsDirectory="f39f828d-51c2-478b-91cb-8f020830af18" />
    <UnitTestResult executionId="208ae059-089d-4e25-8439-290804d22476" testId="0b31f4dd-a7d1-bd12-d9d6-b38043be72d3" testName="AISAM.IntegrationTests.ScheduledPostingServiceTests.RunDueSchedulesAsync_MarksFailedAndCreatesNotification_WhenPublishFails" computerName="DESKTOP-F8U90NP" duration="00:00:00.0009162" startTime="2026-09-04T17:38:17.1354109+07:00" endTime="2026-09-04T17:38:17.1354109+07:00" testType="13cdc9d9-ddb5-4fa4-a97d-d965ccfc6d4b" outcome="Passed" testListId="8c84fa94-04c1-424b-9868-57a2d4851a1d" relativeResultsDirectory="208ae059-089d-4e25-8439-290804d22476" />
    <UnitTestResult executionId="f0283678-153d-4cac-846f-a75883aaf960" testId="8a2cc846-c2a9-a7cc-64c1-9db5aa0359ee" testName="AISAM.IntegrationTests.ContentServiceTests.RestoreAsync_ResetsStatusToDraft" computerName="DESKTOP-F8U90NP" duration="00:00:00.0019175" startTime="2026-09-04T17:38:17.1353496+07:00" endTime="2026-09-04T17:38:17.1353496+07:00" testType="13cdc9d9-ddb5-4fa4-a97d-d965ccfc6d4b" outcome="Passed" testListId="8c84fa94-04c1-424b-9868-57a2d4851a1d" relativeResultsDirectory="f0283678-153d-4cac-846f-a75883aaf960" />
    <UnitTestResult executionId="c5c3b7d0-9b26-4902-8272-98e7186f4308" testId="c6f956b4-5bac-6499-591b-24fe0533c613" testName="AISAM.IntegrationTests.AIServiceTests.CheckVideoStatusAsync_CompletedResult_SavesUploadedVideoUrl" computerName="DESKTOP-F8U90NP" duration="00:00:00.1302759" startTime="2026-09-04T17:38:18.5964449+07:00" endTime="2026-09-04T17:38:18.5964451+07:00" testType="13cdc9d9-ddb5-4fa4-a97d-d965ccfc6d4b" outcome="Passed" testListId="8c84fa94-04c1-424b-9868-57a2d4851a1d" relativeResultsDirectory="c5c3b7d0-9b26-4902-8272-98e7186f4308" />
    <UnitTestResult executionId="ca67ec78-7133-42f2-92c9-7aba732e165c" testId="2b8458a6-2f9c-8051-4d1e-28aea4df622c" testName="AISAM.IntegrationTests.ContentSchedulesControllerTests.Create_UsesValidatedActiveProfileFromHttpContext" computerName="DESKTOP-F8U90NP" duration="00:00:00.0027754" startTime="2026-09-04T17:38:17.2296057+07:00" endTime="2026-09-04T17:38:17.2296057+07:00" testType="13cdc9d9-ddb5-4fa4-a97d-d965ccfc6d4b" outcome="Passed" testListId="8c84fa94-04c1-424b-9868-57a2d4851a1d" relativeResultsDirectory="ca67ec78-7133-42f2-92c9-7aba732e165c" />
    <UnitTestResult executionId="518c124b-a852-40d9-85a8-a4e14e0eaf7a" testId="2969c757-8dec-ae10-8593-d6ab3223b8be" testName="AISAM.IntegrationTests.PermissionSecurityTests.PermissionRelations_RejectCrossWorkspaceWrites(relation: &quot;brand&quot;)" computerName="DESKTOP-F8U90NP" duration="00:00:00.1196507" startTime="2026-09-04T17:38:21.5295214+07:00" endTime="2026-09-04T17:38:21.5295216+07:00" testType="13cdc9d9-ddb5-4fa4-a97d-d965ccfc6d4b" outcome="Passed" testListId="8c84fa94-04c1-424b-9868-57a2d4851a1d" relativeResultsDirectory="518c124b-a852-40d9-85a8-a4e14e0eaf7a" />
    <UnitTestResult executionId="4272b7b9-b5a9-4c22-a783-c64c196118bf" testId="f2a03fd1-e9ff-9ae5-6653-b99e89d68c6c" testName="AISAM.IntegrationTests.ActiveWorkspaceMiddlewareTests.InvokeAsync_ReturnsForbidden_WhenViewerWritesContent(path: &quot;/api/content&quot;, method: &quot;POST&quot;)" computerName="DESKTOP-F8U90NP" duration="00:00:00.0012362" startTime="2026-09-04T17:38:18.5203409+07:00" endTime="2026-09-04T17:38:18.5203409+07:00" testType="13cdc9d9-ddb5-4fa4-a97d-d965ccfc6d4b" outcome="Passed" testListId="8c84fa94-04c1-424b-9868-57a2d4851a1d" relativeResultsDirectory="4272b7b9-b5a9-4c22-a783-c64c196118bf" />
    <UnitTestResult executionId="1af1919c-fa27-4cb4-877c-47cf0dbc9b80" testId="71389a9b-01a0-a583-dd71-ab5f3574188f" testName="AISAM.IntegrationTests.NotificationServiceTests.MarkAllReadAsync_OnlyMarksCurrentProfilesNotifications" computerName="DESKTOP-F8U90NP" duration="00:00:00.0013441" startTime="2026-09-04T17:38:17.2475219+07:00" endTime="2026-09-04T17:38:17.2475220+07:00" testType="13cdc9d9-ddb5-4fa4-a97d-d965ccfc6d4b" outcome="Passed" testListId="8c84fa94-04c1-424b-9868-57a2d4851a1d" relativeResultsDirectory="1af1919c-fa27-4cb4-877c-47cf0dbc9b80" />
    <UnitTestResult executionId="04291d2f-f5d7-4ca5-b661-185ad1257403" testId="4172570a-541b-4b2f-c7a4-0e76329df644" testName="AISAM.IntegrationTests.PermissionSecurityTests.WorkspaceAccounting_IsIndependentOfVisibility(role: Owner)" computerName="DESKTOP-F8U90NP" duration="00:00:00.1179381" startTime="2026-09-04T17:38:21.0282524+07:00" endTime="2026-09-04T17:38:21.0282525+07:00" testType="13cdc9d9-ddb5-4fa4-a97d-d965ccfc6d4b" outcome="Passed" testListId="8c84fa94-04c1-424b-9868-57a2d4851a1d" relativeResultsDirectory="04291d2f-f5d7-4ca5-b661-185ad1257403" />
    <UnitTestResult executionId="892fb74a-d14b-4b56-b4fa-e2fc1796a2f5" testId="234e8ecc-8b03-4e10-0d1d-6f2acdf87240" testName="AISAM.IntegrationTests.SubscriptionRepositoryTests.GetCurrentActiveByProfileIdAsync_IgnoresExpiredSubscription" computerName="DESKTOP-F8U90NP" duration="00:00:00.0027899" startTime="2026-09-04T17:38:18.3988178+07:00" endTime="2026-09-04T17:38:18.3988180+07:00" testType="13cdc9d9-ddb5-4fa4-a97d-d965ccfc6d4b" outcome="Passed" testListId="8c84fa94-04c1-424b-9868-57a2d4851a1d" relativeResultsDirectory="892fb74a-d14b-4b56-b4fa-e2fc1796a2f5" />
    <UnitTestResult executionId="38781a9a-8acf-47ed-b3ed-c3d967f2d35e" testId="4648b4bf-e140-a2b8-2221-06b691cd32dc" testName="AISAM.IntegrationTests.PermissionSecurityTests.TemporaryExpiry_IsEnforcedWithoutWorker(seconds: 0, expected: False)" computerName="DESKTOP-F8U90NP" duration="00:00:00.1246375" startTime="2026-09-04T17:38:20.6363774+07:00" endTime="2026-09-04T17:38:20.6363777+07:00" testType="13cdc9d9-ddb5-4fa4-a97d-d965ccfc6d4b" outcome="Passed" testListId="8c84fa94-04c1-424b-9868-57a2d4851a1d" relativeResultsDirectory="38781a9a-8acf-47ed-b3ed-c3d967f2d35e" />
    <UnitTestResult executionId="cc05d27e-679a-4e17-b6ab-c57da947e523" testId="7b5cc293-4cef-1a05-ccf1-2b1a5d923841" testName="AISAM.IntegrationTests.DevSchedulerControllerTests.RunNow_UsesValidatedActiveProfileAndReturnsOk_InDevelopment" computerName="DESKTOP-F8U90NP" duration="00:00:00.0009964" startTime="2026-09-04T17:38:17.1436590+07:00" endTime="2026-09-04T17:38:17.1436593+07:00" testType="13cdc9d9-ddb5-4fa4-a97d-d965ccfc6d4b" outcome="Passed" testListId="8c84fa94-04c1-424b-9868-57a2d4851a1d" relativeResultsDirectory="cc05d27e-679a-4e17-b6ab-c57da947e523" />
    <UnitTestResult executionId="b6111553-d28c-47eb-b833-dcfc0de31210" testId="5720ea1c-785e-2222-ff2b-87dd404b21bf" testName="AISAM.IntegrationTests.CreditServiceTests.ConsumeCreditsAsync_UsesSharedPoolForSharedPoolMember" computerName="DESKTOP-F8U90NP" duration="00:00:00.0190211" startTime="2026-09-04T17:38:18.5023401+07:00" endTime="2026-09-04T17:38:18.5023401+07:00" testType="13cdc9d9-ddb5-4fa4-a97d-d965ccfc6d4b" outcome="Passed" testListId="8c84fa94-04c1-424b-9868-57a2d4851a1d" relativeResultsDirectory="b6111553-d28c-47eb-b833-dcfc0de31210" />
    <UnitTestResult executionId="7475ba74-05c2-4398-9558-3b6ce9c5ea70" testId="7bb6cd06-e16c-cc24-5416-baa4d9333d69" testName="AISAM.IntegrationTests.AdCampaignServiceTests.GetByIdAsync_WithValidCampaign_ReturnsSuccess" computerName="DESKTOP-F8U90NP" duration="00:00:00.0018035" startTime="2026-09-04T17:38:17.1464880+07:00" endTime="2026-09-04T17:38:17.1464880+07:00" testType="13cdc9d9-ddb5-4fa4-a97d-d965ccfc6d4b" outcome="Passed" testListId="8c84fa94-04c1-424b-9868-57a2d4851a1d" relativeResultsDirectory="7475ba74-05c2-4398-9558-3b6ce9c5ea70" />
    <UnitTestResult executionId="765b61ba-72c9-4ca5-ac2f-f1148cfea099" testId="3189a4fd-db33-e068-0506-bc2d2a6a9f1a" testName="AISAM.IntegrationTests.NotificationsControllerTests.MarkRead_ReturnsServiceStatusCode_WhenNotificationBelongsToAnotherProfile" computerName="DESKTOP-F8U90NP" duration="00:00:00.0020156" startTime="2026-09-04T17:38:17.1400630+07:00" endTime="2026-09-04T17:38:17.1400631+07:00" testType="13cdc9d9-ddb5-4fa4-a97d-d965ccfc6d4b" outcome="Passed" testListId="8c84fa94-04c1-424b-9868-57a2d4851a1d" relativeResultsDirectory="765b61ba-72c9-4ca5-ac2f-f1148cfea099" />
    <UnitTestResult executionId="3b09f53b-c209-4e8b-941d-40603e92c936" testId="4f914b78-5872-5691-7f08-02bebdb445a2" testName="AISAM.IntegrationTests.AIServiceTests.CheckVideoStatusAsync_ProcessingResultPreservesGenerationAndJobId" computerName="DESKTOP-F8U90NP" duration="00:00:00.0013207" startTime="2026-09-04T17:38:18.6413647+07:00" endTime="2026-09-04T17:38:18.6413649+07:00" testType="13cdc9d9-ddb5-4fa4-a97d-d965ccfc6d4b" outcome="Passed" testListId="8c84fa94-04c1-424b-9868-57a2d4851a1d" relativeResultsDirectory="3b09f53b-c209-4e8b-941d-40603e92c936" />
    <UnitTestResult executionId="8beed21b-31d2-4a6e-b364-915fd948b4ba" testId="dafc67e1-33ef-cce0-a18a-31fcaeffa7af" testName="AISAM.IntegrationTests.AdCampaignServiceTests.DeployAsync_WhenExistingFacebookPostCreativeIsInvalid_RetriesWithLandingPageCreative" computerName="DESKTOP-F8U90NP" duration="00:00:00.0029055" startTime="2026-09-04T17:38:17.1446437+07:00" endTime="2026-09-04T17:38:17.1446437+07:00" testType="13cdc9d9-ddb5-4fa4-a97d-d965ccfc6d4b" outcome="Passed" testListId="8c84fa94-04c1-424b-9868-57a2d4851a1d" relativeResultsDirectory="8beed21b-31d2-4a6e-b364-915fd948b4ba" />
    <UnitTestResult executionId="cfeb4199-9001-4f50-baee-d1692273a8f8" testId="9a151c21-2761-90eb-cc15-8aa94b72ef41" testName="AISAM.IntegrationTests.AIServiceTests.GenerateDraftAsync_HidesGeneratedText_WhenFinalCreditChargeFails" computerName="DESKTOP-F8U90NP" duration="00:00:00.0046393" startTime="2026-09-04T17:38:18.6175810+07:00" endTime="2026-09-04T17:38:18.6175812+07:00" testType="13cdc9d9-ddb5-4fa4-a97d-d965ccfc6d4b" outcome="Passed" testListId="8c84fa94-04c1-424b-9868-57a2d4851a1d" relativeResultsDirectory="cfeb4199-9001-4f50-baee-d1692273a8f8" />
    <UnitTestResult executionId="c8076141-1957-4615-bd86-fceb4640e0b7" testId="fc1bd136-b35d-7029-ea6e-7c8e6ca016e8" testName="AISAM.IntegrationTests.SocialTokenProtectorTests.Protect_RoundTripsOriginalToken" computerName="DESKTOP-F8U90NP" duration="00:00:00.0903669" startTime="2026-09-04T17:38:17.1860108+07:00" endTime="2026-09-04T17:38:17.1860109+07:00" testType="13cdc9d9-ddb5-4fa4-a97d-d965ccfc6d4b" outcome="Passed" testListId="8c84fa94-04c1-424b-9868-57a2d4851a1d" relativeResultsDirectory="c8076141-1957-4615-bd86-fceb4640e0b7" />
    <UnitTestResult executionId="6b242a02-0517-44fc-af47-bc9f748ab051" testId="b06e4c0f-4dc7-d765-605e-1d0105f895d7" testName="AISAM.IntegrationTests.ActiveProfileMiddlewareTests.InvokeAsync_AutoCreatesProfile_WhenProfileHeaderIsInvalid" computerName="DESKTOP-F8U90NP" duration="00:00:00.0008178" startTime="2026-09-04T17:38:17.2433819+07:00" endTime="2026-09-04T17:38:17.2433820+07:00" testType="13cdc9d9-ddb5-4fa4-a97d-d965ccfc6d4b" outcome="Passed" testListId="8c84fa94-04c1-424b-9868-57a2d4851a1d" relativeResultsDirectory="6b242a02-0517-44fc-af47-bc9f748ab051" />
    <UnitTestResult executionId="aa09a2db-f698-43fc-92d8-d029807d8e1d" testId="c6907d93-5552-9e34-e768-c6b293d412f8" testName="AISAM.IntegrationTests.PromptEnhancerTests.EnhanceVideoPromptAsync_FallsBackToRawPrompt_WhenGeminiThrows" computerName="DESKTOP-F8U90NP" duration="00:00:00.0010245" startTime="2026-09-04T17:38:18.6064107+07:00" endTime="2026-09-04T17:38:18.6064108+07:00" testType="13cdc9d9-ddb5-4fa4-a97d-d965ccfc6d4b" outcome="Passed" testListId="8c84fa94-04c1-424b-9868-57a2d4851a1d" relativeResultsDirectory="aa09a2db-f698-43fc-92d8-d029807d8e1d" />
    <UnitTestResult executionId="b4912e54-359a-46d0-b5de-43bfc9cc6c06" testId="8748a0d8-e34a-a9e6-e5ab-e057567043b2" testName="AISAM.IntegrationTests.AdCampaignServiceTests.CreateAsync_WithUSDBudgetBelow100_ReturnsError" computerName="DESKTOP-F8U90NP" duration="00:00:00.0006690" startTime="2026-09-04T17:38:17.1787925+07:00" endTime="2026-09-04T17:38:17.1787927+07:00" testType="13cdc9d9-ddb5-4fa4-a97d-d965ccfc6d4b" outcome="Passed" testListId="8c84fa94-04c1-424b-9868-57a2d4851a1d" relativeResultsDirectory="b4912e54-359a-46d0-b5de-43bfc9cc6c06" />
    <UnitTestResult executionId="d6418a9c-7048-49fc-b3c0-033348e762be" testId="99c38eb2-1e4d-2e09-9130-20ba687c7158" testName="AISAM.IntegrationTests.WorkspaceLifecyclePolicyTests.SynchronizeStatus_AppliesBusinessExpirationLifecycle(expirationOffsetDays: -1, expected: Limited)" computerName="DESKTOP-F8U90NP" duration="00:00:00.0003786" startTime="2026-09-04T17:38:17.1457896+07:00" endTime="2026-09-04T17:38:17.1457897+07:00" testType="13cdc9d9-ddb5-4fa4-a97d-d965ccfc6d4b" outcome="Passed" testListId="8c84fa94-04c1-424b-9868-57a2d4851a1d" relativeResultsDirectory="d6418a9c-7048-49fc-b3c0-033348e762be" />
    <UnitTestResult executionId="dbd90678-7d8a-42dc-b839-e4e2cd18e6d9" testId="69f1a899-8e5c-2476-208b-7790927a1732" testName="AISAM.IntegrationTests.WorkspaceMemberServiceTests.TransferOwnershipAsync_RejectsNonOwnerNonManagerAndLimitedWorkspace" computerName="DESKTOP-F8U90NP" duration="00:00:01.2009507" startTime="2026-09-04T17:38:18.3999646+07:00" endTime="2026-09-04T17:38:18.3999647+07:00" testType="13cdc9d9-ddb5-4fa4-a97d-d965ccfc6d4b" outcome="Passed" testListId="8c84fa94-04c1-424b-9868-57a2d4851a1d" relativeResultsDirectory="dbd90678-7d8a-42dc-b839-e4e2cd18e6d9" />
    <UnitTestResult executionId="c9bfd9ef-e812-4caf-a527-b6c7980e4e2c" testId="c3a252e9-bd05-1968-7a5c-f1a338fac975" testName="AISAM.IntegrationTests.AiJsonResponseParserTests.Parse_RejectsTruncatedJson" computerName="DESKTOP-F8U90NP" duration="00:00:00.0000729" startTime="2026-09-04T17:38:17.2448696+07:00" endTime="2026-09-04T17:38:17.2448697+07:00" testType="13cdc9d9-ddb5-4fa4-a97d-d965ccfc6d4b" outcome="Passed" testListId="8c84fa94-04c1-424b-9868-57a2d4851a1d" relativeResultsDirectory="c9bfd9ef-e812-4caf-a527-b6c7980e4e2c" />
    <UnitTestResult executionId="48cc1b04-a6ba-41ac-8928-2f202a39499f" testId="dfaa1178-9363-c08f-ab4b-7a72a61291a9" testName="AISAM.IntegrationTests.QuotaServiceTests.EnsureWorkspacePostQuotaAsync_ReturnsForbidden_WhenWorkspacePostQuotaExceeded" computerName="DESKTOP-F8U90NP" duration="00:00:00.0066858" startTime="2026-09-04T17:38:18.3584213+07:00" endTime="2026-09-04T17:38:18.3584214+07:00" testType="13cdc9d9-ddb5-4fa4-a97d-d965ccfc6d4b" outcome="Passed" testListId="8c84fa94-04c1-424b-9868-57a2d4851a1d" relativeResultsDirectory="48cc1b04-a6ba-41ac-8928-2f202a39499f" />
    <UnitTestResult executionId="2dc2a917-c801-4865-b647-36fea9cdd4c3" testId="6c1560c7-206e-6c7c-02d5-ee30c099aec1" testName="AISAM.IntegrationTests.ContentControllerPublishTests.Publish_ReturnsServiceStatusCode_WhenIntegrationBelongsToAnotherProfile" computerName="DESKTOP-F8U90NP" duration="00:00:00.0011300" startTime="2026-09-04T17:38:18.5565540+07:00" endTime="2026-09-04T17:38:18.5565542+07:00" testType="13cdc9d9-ddb5-4fa4-a97d-d965ccfc6d4b" outcome="Passed" testListId="8c84fa94-04c1-424b-9868-57a2d4851a1d" relativeResultsDirectory="2dc2a917-c801-4865-b647-36fea9cdd4c3" />
    <UnitTestResult executionId="ddb9f1db-df43-437f-b740-6abfa80f84a8" testId="db4de9a9-e16d-cfd2-309f-e8f36db103d1" testName="AISAM.IntegrationTests.ExecutionSecurityTests.TemporaryCanEdit_DoesNotElevateNewActions(action: AiImprove)" computerName="DESKTOP-F8U90NP" duration="00:00:00.1168080" startTime="2026-09-04T17:38:21.3427681+07:00" endTime="2026-09-04T17:38:21.3427683+07:00" testType="13cdc9d9-ddb5-4fa4-a97d-d965ccfc6d4b" outcome="Passed" testListId="8c84fa94-04c1-424b-9868-57a2d4851a1d" relativeResultsDirectory="ddb9f1db-df43-437f-b740-6abfa80f84a8" />
    <UnitTestResult executionId="dc714c67-4f92-4a8b-b6cb-0d8a5a8a7faa" testId="1bfe01a3-d256-e659-f69e-9291ea4bfffb" testName="AISAM.IntegrationTests.PerformanceReportRepositoryTests.GetChannelBreakdownForAIAsync_AggregatesCorrectly" computerName="DESKTOP-F8U90NP" duration="00:00:01.8657092" startTime="2026-09-04T17:38:19.1315912+07:00" endTime="2026-09-04T17:38:19.1315914+07:00" testType="13cdc9d9-ddb5-4fa4-a97d-d965ccfc6d4b" outcome="Passed" testListId="8c84fa94-04c1-424b-9868-57a2d4851a1d" relativeResultsDirectory="dc714c67-4f92-4a8b-b6cb-0d8a5a8a7faa" />
    <UnitTestResult executionId="00fbf9b3-bcdf-471d-bb68-60326033436f" testId="a6b63e7b-1290-79f5-fc33-d2f84c3c36de" testName="AISAM.IntegrationTests.AutomationServiceTests.CreateAsync_SplitsOneRowIntoPlatformItemsWithStableUniqueKeys" computerName="DESKTOP-F8U90NP" duration="00:00:00.0161531" startTime="2026-09-04T17:38:17.2433434+07:00" endTime="2026-09-04T17:38:17.2433434+07:00" testType="13cdc9d9-ddb5-4fa4-a97d-d965ccfc6d4b" outcome="Passed" testListId="8c84fa94-04c1-424b-9868-57a2d4851a1d" relativeResultsDirectory="00fbf9b3-bcdf-471d-bb68-60326033436f" />
[...]
    <TestEntry testId="8e193f31-e3d7-bbf3-e838-7214a633c17a" executionId="f773ae7d-fcff-4a4e-97c2-c2f8884547ae" testListId="8c84fa94-04c1-424b-9868-57a2d4851a1d" />
    <TestEntry testId="a8f8ee71-ab44-7549-b3dd-9b910fb7a4f4" executionId="ae4fe4f9-11af-4500-8b4b-8700212c2327" testListId="8c84fa94-04c1-424b-9868-57a2d4851a1d" />
    <TestEntry testId="77b89489-5643-3011-5354-7932c1f741a3" executionId="a7e61cd6-0c35-4a31-bbec-fd3752ac4c7e" testListId="8c84fa94-04c1-424b-9868-57a2d4851a1d" />
    <TestEntry testId="31f85b47-d0e4-0b5d-648e-356657d0a891" executionId="2fe925e2-433f-4706-9eac-575daaf79854" testListId="8c84fa94-04c1-424b-9868-57a2d4851a1d" />
    <TestEntry testId="6b8b844a-5a8b-1837-e8e8-7f94d6068d44" executionId="539dd92f-7eb9-4dd7-9b36-91102b09829b" testListId="8c84fa94-04c1-424b-9868-57a2d4851a1d" />
    <TestEntry testId="802d3032-2053-6a4d-9903-3f87fb73faa4" executionId="292977df-5229-45fa-b16b-b91991c19dc3" testListId="8c84fa94-04c1-424b-9868-57a2d4851a1d" />
    <TestEntry testId="8aaceb92-a64a-0d1a-8c39-479bfd27e0b0" executionId="dfb34b50-43d7-49e3-b4ea-59df73a9b7c1" testListId="8c84fa94-04c1-424b-9868-57a2d4851a1d" />
    <TestEntry testId="6e09f47a-d6ea-18a0-0274-a25c5269de45" executionId="f8486799-94b7-424d-a587-4f0e91891c80" testListId="8c84fa94-04c1-424b-9868-57a2d4851a1d" />
    <TestEntry testId="be142cd6-b25a-4ca2-ec0f-5edb1bb26511" executionId="a946eae8-aaf2-4bd2-9d0d-9f6a06bd50d8" testListId="8c84fa94-04c1-424b-9868-57a2d4851a1d" />
    <TestEntry testId="d57e9270-ad2e-d98d-cd6e-c83d254d9fb5" executionId="5edd4400-c192-4ba3-bc6e-6b6d8a67d821" testListId="8c84fa94-04c1-424b-9868-57a2d4851a1d" />
    <TestEntry testId="dceb6d86-30fe-48f6-30c9-81af783bb667" executionId="c41be99e-8d98-41ac-b41c-67536f535344" testListId="8c84fa94-04c1-424b-9868-57a2d4851a1d" />
    <TestEntry testId="d5669c6c-523b-20eb-71cb-54388e66a10b" executionId="3481cd04-3bd1-403b-b8b5-f50cec0abbd6" testListId="8c84fa94-04c1-424b-9868-57a2d4851a1d" />
    <TestEntry testId="9a4a8d7f-6aff-3cf5-1af6-e06dea20a533" executionId="3cb50d96-8cec-4d5f-b8ff-1091bcb4b569" testListId="8c84fa94-04c1-424b-9868-57a2d4851a1d" />
    <TestEntry testId="d7e131d2-167e-7d1b-065c-4dbce4a9d81e" executionId="28142795-d2c1-45eb-b2c2-3e18c0ee37d6" testListId="8c84fa94-04c1-424b-9868-57a2d4851a1d" />
    <TestEntry testId="f3803eb1-426f-9107-e6c4-65022ed924fb" executionId="b306720e-9939-4b78-ae82-fd4304397f7d" testListId="8c84fa94-04c1-424b-9868-57a2d4851a1d" />
    <TestEntry testId="c67feb86-0b67-2966-28ef-2736de044918" executionId="8152198c-759b-4fc8-8d18-fa9bb0669207" testListId="8c84fa94-04c1-424b-9868-57a2d4851a1d" />
    <TestEntry testId="47e252da-f867-b2d6-f70f-3e2279767b79" executionId="71495266-98c6-4ed4-8df7-75aee6590ac4" testListId="8c84fa94-04c1-424b-9868-57a2d4851a1d" />
    <TestEntry testId="719d8cc1-0059-6c70-ab06-4662f633fb21" executionId="fc760792-6970-48a8-ac1c-dd975097659d" testListId="8c84fa94-04c1-424b-9868-57a2d4851a1d" />
    <TestEntry testId="2abe758c-8a5e-05a9-2b47-6aa7c2571246" executionId="71afca2e-a3a5-4f20-bba1-4d23bdf16375" testListId="8c84fa94-04c1-424b-9868-57a2d4851a1d" />
    <TestEntry testId="03d8dd15-cee1-bcfa-6348-39bb145e86d6" executionId="cf5270f5-0821-4d26-9a26-ac9b7a211bde" testListId="8c84fa94-04c1-424b-9868-57a2d4851a1d" />
    <TestEntry testId="21eb6ef3-de8b-1eb2-e9eb-a014d1fc291a" executionId="03625536-2ecb-4a8a-b1e2-088bfb2bffaa" testListId="8c84fa94-04c1-424b-9868-57a2d4851a1d" />
    <TestEntry testId="d1fa0e89-c895-ad91-6205-01bb084a5f22" executionId="dc334441-57aa-482a-8f82-5a88eee63ba1" testListId="8c84fa94-04c1-424b-9868-57a2d4851a1d" />
    <TestEntry testId="814f6684-b07c-f582-5cd5-0a7b371f624e" executionId="1ca5ced1-900b-4323-9995-bb24dc37159b" testListId="8c84fa94-04c1-424b-9868-57a2d4851a1d" />
    <TestEntry testId="a1996394-6543-9031-1464-0f80e4e6d28a" executionId="6ad66d41-2e87-419a-ac07-dd019860f263" testListId="8c84fa94-04c1-424b-9868-57a2d4851a1d" />
    <TestEntry testId="3319c657-ac6d-b24a-f06d-2427635b2015" executionId="ae539923-8961-4d4c-ad02-e7d3f49e4846" testListId="8c84fa94-04c1-424b-9868-57a2d4851a1d" />
    <TestEntry testId="ec4bb9f4-b79b-6ae0-a39d-334da8b9511c" executionId="c2f02c2a-7728-4f99-9272-aa93b330a81d" testListId="8c84fa94-04c1-424b-9868-57a2d4851a1d" />
    <TestEntry testId="da3c96a4-505d-4394-0665-521fcc691c33" executionId="cab465b7-a16d-4dff-92b9-63fe2b6549c1" testListId="8c84fa94-04c1-424b-9868-57a2d4851a1d" />
    <TestEntry testId="2db03d7f-ac2f-cb94-b7b0-f19c1a3406d8" executionId="08a67e19-4c08-4178-a802-f600f296cb57" testListId="8c84fa94-04c1-424b-9868-57a2d4851a1d" />
    <TestEntry testId="3ebcea35-182f-ae9c-4872-144c3520473e" executionId="c791b877-55e5-4486-b93f-0d1869b06e30" testListId="8c84fa94-04c1-424b-9868-57a2d4851a1d" />
    <TestEntry testId="48232128-7475-0e97-1877-073a2d3694ca" executionId="4078b46e-5965-49c3-8f89-55601f8f2882" testListId="8c84fa94-04c1-424b-9868-57a2d4851a1d" />
    <TestEntry testId="474d0854-bfae-377a-423d-4af357b6434b" executionId="e19d2275-7be0-4bd9-aff0-244161427985" testListId="8c84fa94-04c1-424b-9868-57a2d4851a1d" />
    <TestEntry testId="1a7d2e92-1340-08c3-d033-cc7e65a4c34e" executionId="22c4b23e-7010-435a-bd77-ed380f2972b8" testListId="8c84fa94-04c1-424b-9868-57a2d4851a1d" />
    <TestEntry testId="8286fad6-1ae1-7d99-763c-c46375cc859a" executionId="a61f4b5f-4376-40ec-9527-787876e0eab6" testListId="8c84fa94-04c1-424b-9868-57a2d4851a1d" />
    <TestEntry testId="5bc03789-e1c8-12f6-5de2-ad6dcfb8ae81" executionId="e12f354d-fc74-440b-883a-622dc5bfb943" testListId="8c84fa94-04c1-424b-9868-57a2d4851a1d" />
    <TestEntry testId="c45697b6-9eb1-7b4e-793c-c61c20dd8988" executionId="cf9da902-39c2-4fd9-ad23-3fbfb756525d" testListId="8c84fa94-04c1-424b-9868-57a2d4851a1d" />
    <TestEntry testId="d49dca8d-700e-7eba-e0d1-e9f0a7c7e143" executionId="1d37f292-d7c0-4190-8a27-8b3f8ade1a7f" testListId="8c84fa94-04c1-424b-9868-57a2d4851a1d" />
    <TestEntry testId="a896aea7-05a2-6931-a449-80cdaa11c4b7" executionId="e7449878-75d3-40ff-88e6-d1d9656d0770" testListId="8c84fa94-04c1-424b-9868-57a2d4851a1d" />
    <TestEntry testId="0c445002-ed02-2607-62c5-35e71981213f" executionId="8016276b-9958-49c8-88fe-49caf8eb561f" testListId="8c84fa94-04c1-424b-9868-57a2d4851a1d" />
    <TestEntry testId="4a55de19-e8f5-ff6e-2bb8-aceda143efef" executionId="8a072965-61c0-4226-a0c7-59ccc9e64a0f" testListId="8c84fa94-04c1-424b-9868-57a2d4851a1d" />
    <TestEntry testId="fb547726-2cf2-88b1-542c-a62d3cb84889" executionId="b31b0f9a-9578-4ff7-9745-deed5e2104ef" testListId="8c84fa94-04c1-424b-9868-57a2d4851a1d" />
    <TestEntry testId="631f70a2-62a1-1b5b-4898-5ee1846603f7" executionId="2318ed16-0bab-43a2-bada-8a9c1d041e9f" testListId="8c84fa94-04c1-424b-9868-57a2d4851a1d" />
    <TestEntry testId="d5a170fc-cb22-0078-895c-b2b3d65b3ca5" executionId="7f48c291-f7c5-49d9-882c-0f86a236b792" testListId="8c84fa94-04c1-424b-9868-57a2d4851a1d" />
    <TestEntry testId="e8332a65-7786-6da8-41aa-aecf7352d8bb" executionId="3f02beaa-1d7e-438a-8175-f894b4853364" testListId="8c84fa94-04c1-424b-9868-57a2d4851a1d" />
    <TestEntry testId="3f1d73c9-74dc-daf5-dccb-a1030dc16fdc" executionId="cdef3e4b-f7f1-494d-9842-d36feb4f16c9" testListId="8c84fa94-04c1-424b-9868-57a2d4851a1d" />
    <TestEntry testId="e1a46359-e667-e62a-50b9-361bc511f0da" executionId="a65f907a-1c21-425a-b04b-474414b3b1df" testListId="8c84fa94-04c1-424b-9868-57a2d4851a1d" />
    <TestEntry testId="e4631ead-456c-56b6-3c4f-3c3f95a0665a" executionId="7a1e6a17-5d43-4f9b-95ab-d5587a176280" testListId="8c84fa94-04c1-424b-9868-57a2d4851a1d" />
    <TestEntry testId="2941d105-5842-3154-221a-de619cac1e8a" executionId="f8000f26-5c73-47d3-932e-cfc961427ea7" testListId="8c84fa94-04c1-424b-9868-57a2d4851a1d" />
    <TestEntry testId="c271b9f0-1ef4-ff91-247e-4cf358225127" executionId="55d57201-36e9-4783-9410-314c53acf34f" testListId="8c84fa94-04c1-424b-9868-57a2d4851a1d" />
    <TestEntry testId="a2d3bb8d-7357-9e5f-5bfb-c3ecc6348a0a" executionId="1f36e778-2ef2-4188-a159-e0729150113b" testListId="8c84fa94-04c1-424b-9868-57a2d4851a1d" />
    <TestEntry testId="02488ee3-e776-7642-ebf7-68870aa95677" executionId="69913233-80bc-4851-88ce-1e32a283659b" testListId="8c84fa94-04c1-424b-9868-57a2d4851a1d" />
    <TestEntry testId="d97474ac-2621-600d-016b-7accc3eeb394" executionId="293814a4-948f-4724-b9ca-ac2073bbaf81" testListId="8c84fa94-04c1-424b-9868-57a2d4851a1d" />
    <TestEntry testId="b5231057-f66d-db6b-38dc-4df45386badc" executionId="e8cdd01c-d8fd-44df-85d5-b7a64b64a973" testListId="8c84fa94-04c1-424b-9868-57a2d4851a1d" />
    <TestEntry testId="4657cd5e-4c9c-1672-f049-367bcf56b2b7" executionId="2e39710c-d626-4e75-bcb2-be27f535270f" testListId="8c84fa94-04c1-424b-9868-57a2d4851a1d" />
    <TestEntry testId="4fd07a89-6a86-f34e-97f8-6206b997c087" executionId="6496f3a9-7899-4575-b1ad-6777c3fab27b" testListId="8c84fa94-04c1-424b-9868-57a2d4851a1d" />
    <TestEntry testId="fba7ef95-4d02-63d1-bb3a-77a4ad931313" executionId="edaa905d-f025-4dbc-8aa5-d31920c078bb" testListId="8c84fa94-04c1-424b-9868-57a2d4851a1d" />
    <TestEntry testId="386ec6dd-8a84-2ae7-4a8c-588fa840d03e" executionId="e759ce65-ccf4-427c-b41e-7ed6d1fce11f" testListId="8c84fa94-04c1-424b-9868-57a2d4851a1d" />
    <TestEntry testId="46986079-062f-19ea-27af-6ddb06b70209" executionId="940be8e0-2723-4097-a5b4-fddd3a29917c" testListId="8c84fa94-04c1-424b-9868-57a2d4851a1d" />
    <TestEntry testId="227ac7b6-ab70-5184-f679-6a4a8459f450" executionId="c210e84c-ef17-413a-ac9b-b0ddaf123cf7" testListId="8c84fa94-04c1-424b-9868-57a2d4851a1d" />
    <TestEntry testId="67e38e22-38cf-55ca-09c7-4f782bc142b6" executionId="585a78d4-f8cc-4184-a55c-d46b84bc1b80" testListId="8c84fa94-04c1-424b-9868-57a2d4851a1d" />
    <TestEntry testId="067584b0-39e4-dc05-8aa8-654bf2c5bf25" executionId="ef5c816e-f3f4-4375-bd39-63c702c538da" testListId="8c84fa94-04c1-424b-9868-57a2d4851a1d" />
    <TestEntry testId="ceae58d5-7730-75d3-aad7-4a6ecbe9ddbe" executionId="4529c6bf-0ef2-47d1-b1c1-8607165e5219" testListId="8c84fa94-04c1-424b-9868-57a2d4851a1d" />
    <TestEntry testId="14f5356f-fbf1-03a1-b515-deb55c7c39bc" executionId="99a4f166-a624-437b-a5b9-89f9d490843c" testListId="8c84fa94-04c1-424b-9868-57a2d4851a1d" />
    <TestEntry testId="2282c3b9-8944-b895-9c20-2a53b771d03a" executionId="958b1146-5419-4025-a79c-105efc3386ed" testListId="8c84fa94-04c1-424b-9868-57a2d4851a1d" />
    <TestEntry testId="22d27a21-9bfd-fd1c-545b-c7b8010c5145" executionId="4de05b86-bc17-4a47-96f0-801f1e0e6275" testListId="8c84fa94-04c1-424b-9868-57a2d4851a1d" />
    <TestEntry testId="f19a12fe-253d-9476-8f06-71a909ae6b3e" executionId="15d924de-93f3-4d63-ba2a-f91b2e4d1d78" testListId="8c84fa94-04c1-424b-9868-57a2d4851a1d" />
    <TestEntry testId="46ec19b2-9331-6f30-1e09-f9b3ab98fa0e" executionId="485614b4-aa55-48f0-aa81-68645e8b3eb9" testListId="8c84fa94-04c1-424b-9868-57a2d4851a1d" />
    <TestEntry testId="1bf69a5d-e30e-07ab-5f8a-94eb1633e5cc" executionId="6f9e6ad9-3b17-4893-b008-9cd106735b67" testListId="8c84fa94-04c1-424b-9868-57a2d4851a1d" />
    <TestEntry testId="bf663640-77f9-4e77-9b84-d895b574d4ff" executionId="1282b97d-f2da-4088-bb02-233f9747e387" testListId="8c84fa94-04c1-424b-9868-57a2d4851a1d" />
    <TestEntry testId="127082be-b2eb-ed68-de8f-55606ed12bc5" executionId="cc95e91e-6e12-45fe-810d-1ae3d3d1578b" testListId="8c84fa94-04c1-424b-9868-57a2d4851a1d" />
    <TestEntry testId="94852fc0-83e7-cd63-790a-6b87e7706401" executionId="705308a4-7838-4fa7-9b91-556ef5e0ac56" testListId="8c84fa94-04c1-424b-9868-57a2d4851a1d" />
    <TestEntry testId="7076e79c-1336-f564-223e-fcbd09c2a989" executionId="65902d6e-9812-449f-8582-88b35b87697e" testListId="8c84fa94-04c1-424b-9868-57a2d4851a1d" />
    <TestEntry testId="a749a2a5-7605-d0cd-a674-e8c168fbdeaf" executionId="f2fb94c9-e649-42c1-9433-81ab2e45517c" testListId="8c84fa94-04c1-424b-9868-57a2d4851a1d" />
    <TestEntry testId="72ef69da-08ad-e854-d9d5-657e9c026086" executionId="c4394fff-3b34-4864-9e66-c1a3f01fe227" testListId="8c84fa94-04c1-424b-9868-57a2d4851a1d" />
    <TestEntry testId="00ed4ad2-b730-f9bf-ddc2-2207800a1115" executionId="5cd188ed-2e4d-4a3f-9af0-7cac693275bf" testListId="8c84fa94-04c1-424b-9868-57a2d4851a1d" />
    <TestEntry testId="34816176-e6fc-c466-bd23-241ec843d506" executionId="048fd9df-9564-4aa2-9c3e-5b75c9d615d4" testListId="8c84fa94-04c1-424b-9868-57a2d4851a1d" />
    <TestEntry testId="7768c943-a536-890b-c3fa-414589060ae3" executionId="1af4986e-6a7b-42a8-8c38-8c02c4b19624" testListId="8c84fa94-04c1-424b-9868-57a2d4851a1d" />
    <TestEntry testId="97337d0d-a260-cbdc-0d49-be33c098c32b" executionId="02f32c17-7197-4cb1-83e0-acdf0c94bffd" testListId="8c84fa94-04c1-424b-9868-57a2d4851a1d" />
    <TestEntry testId="568a7f84-8963-8a5e-af6f-05301bc96ff0" executionId="601b99cb-7522-4198-8934-e01708e968b1" testListId="8c84fa94-04c1-424b-9868-57a2d4851a1d" />
    <TestEntry testId="e335ada4-641d-0be6-9a00-82e43804a9ab" executionId="d26cf5f1-03e8-4c47-be95-4a4849e4137d" testListId="8c84fa94-04c1-424b-9868-57a2d4851a1d" />
    <TestEntry testId="bd8e83aa-95b2-825d-b5bf-330cc1b8008d" executionId="875552ba-570c-42e5-a6da-55acc7dad89d" testListId="8c84fa94-04c1-424b-9868-57a2d4851a1d" />
    <TestEntry testId="0d058870-b730-ea89-f27a-297398445081" executionId="96a09f97-846b-4304-8b29-3d2206ffd283" testListId="8c84fa94-04c1-424b-9868-57a2d4851a1d" />
    <TestEntry testId="a324f5ea-e8da-97f3-a8ed-41131648bba0" executionId="ecb72af9-ff35-4492-818d-08b0e121b702" testListId="8c84fa94-04c1-424b-9868-57a2d4851a1d" />
    <TestEntry testId="4cf78448-f984-ed8b-341d-a84131ff79ae" executionId="43023641-5c8b-4942-abd9-444ff27a46db" testListId="8c84fa94-04c1-424b-9868-57a2d4851a1d" />
    <TestEntry testId="4f419028-3b98-f567-e4e8-9a3896ea964b" executionId="fff6c628-9996-4212-a854-dac8dd0993b0" testListId="8c84fa94-04c1-424b-9868-57a2d4851a1d" />
    <TestEntry testId="e29efcef-e23b-4ef8-bab4-14f57e52b2cd" executionId="15c618e5-4c4f-472d-9feb-97fb1ec2a7ac" testListId="8c84fa94-04c1-424b-9868-57a2d4851a1d" />
    <TestEntry testId="f923681b-6ca0-e440-9d3f-3366529c7518" executionId="ae117ba2-52a1-4f9b-aa2a-88d723dbf16b" testListId="8c84fa94-04c1-424b-9868-57a2d4851a1d" />
  </TestEntries>
  <TestLists>
    <TestList name="Results Not in a List" id="8c84fa94-04c1-424b-9868-57a2d4851a1d" />
    <TestList name="All Loaded Results" id="19431567-8539-422a-85d7-44ee4e166bda" />
  </TestLists>
  <ResultSummary outcome="Completed">
    <Counters total="503" executed="503" passed="503" failed="0" error="0" timeout="0" aborted="0" inconclusive="0" passedButRunAborted="0" notRunnable="0" notExecuted="0" disconnected="0" warning="0" completed="0" inProgress="0" pending="0" />
    <Output>
      <StdOut>[xUnit.net 00:00:00.00] xUnit.net VSTest Adapter v2.5.3.1+6b60a9e56a (64-bit .NET 8.0.20)&#xD;
[xUnit.net 00:00:00.09]   Discovering: AISAM.IntegrationTests&#xD;
[xUnit.net 00:00:00.17]   Discovered:  AISAM.IntegrationTests&#xD;
[xUnit.net 00:00:00.17]   Starting:    AISAM.IntegrationTests&#xD;
[AIService.ChatInternalAsync] profileId=a7fd2f33-7c51-47ba-b17c-c9e5f692ca31, workspaceId=1d09dc48-e467-472e-9db7-444e2fd467a1, userId=b1e733a7-c7a9-441b-a33a-42d08d500e8f, message=User message&#xD;
[AIService.ChatInternalAsync] User message saved. ConversationId=39ee75d0-4643-4909-b387-9282706d5f4a&#xD;
[AIService.ChatInternalAsync] Parsed AI intent=, effectiveIntent=. ConversationId=39ee75d0-4643-4909-b387-9282706d5f4a&#xD;
[AIService.ChatInternalAsync] Attempting to deduct credits. workspaceId=1d09dc48-e467-472e-9db7-444e2fd467a1, userId=b1e733a7-c7a9-441b-a33a-42d08d500e8f&#xD;
[AIService.ChatInternalAsync] Credit deduction result: success=False, message=Workspace does not have enough credits.&#xD;
[AIService.ChatInternalAsync] profileId=669c800a-1108-4e0b-83dd-3dac13f0905f, workspaceId=c1e98018-daf7-438f-a2a6-18ad64dc748c, userId=217cf242-9b22-46e6-9f72-9a1ae042de6a, message=User message&#xD;
[AIService.ChatInternalAsync] User message saved. ConversationId=689c2392-71f4-4879-8d2b-3d8448986387&#xD;
[AIService.ChatInternalAsync] Parsed AI intent=, effectiveIntent=. ConversationId=689c2392-71f4-4879-8d2b-3d8448986387&#xD;
[AIService.ChatInternalAsync] Attempting to deduct credits. workspaceId=c1e98018-daf7-438f-a2a6-18ad64dc748c, userId=217cf242-9b22-46e6-9f72-9a1ae042de6a&#xD;
[AIService.ChatInternalAsync] Credit deduction result: success=True, message=Operation successful&#xD;
[AIService.ChatInternalAsync] profileId=9119138a-2b8b-46b5-9387-0b204b961076, workspaceId=6f58b6a0-6002-4faf-a7b6-7c1cd068f988, userId=32e76a8f-c3e3-46bd-932d-6188702469ad, message=Xin chao, noi tieng Viet duoc khong?&#xD;
[AIService.ChatInternalAsync] User message saved. ConversationId=edebe253-39a8-4f9c-abdf-c8ac734bc406&#xD;
[AIService.ChatInternalAsync] Parsed AI intent=chat, effectiveIntent=chat. ConversationId=edebe253-39a8-4f9c-abdf-c8ac734bc406&#xD;
[AIService.ChatInternalAsync] Attempting to deduct credits. workspaceId=6f58b6a0-6002-4faf-a7b6-7c1cd068f988, userId=32e76a8f-c3e3-46bd-932d-6188702469ad&#xD;
[AIService.ChatInternalAsync] Credit deduction result: success=True, message=Operation successful&#xD;
[AIService.ChatInternalAsync] profileId=1a572b39-90d2-448a-b909-6bb924966b9e, workspaceId=11ac9bce-af77-48c0-be45-ae3fc45ed13a, userId=4dbf954e-a318-455b-ab7e-2de1df5b1dc4, message=User message&#xD;
[AIService.ChatInternalAsync] User message saved. ConversationId=af426d0e-e0c5-4fa4-8afd-5aaed4042e69&#xD;
[AIService.ChatInternalAsync] Exception: Gemini API key is not configured.&#xD;
[AIService.ChatInternalAsync] profileId=01b7b1ae-19ce-480a-82ad-e226325cc142, workspaceId=01b7b1ae-19ce-480a-82ad-e226325cc142, userId=67e9424f-5c47-4ec4-bb41-700487a66844, message=User message&#xD;
[AIService.ChatInternalAsync] User message saved. ConversationId=8750f7b2-c577-475e-9a9a-f1f434369e55&#xD;
[AIService.ChatInternalAsync] Parsed AI intent=, effectiveIntent=. ConversationId=8750f7b2-c577-475e-9a9a-f1f434369e55&#xD;
[AIService.ChatInternalAsync] Attempting to deduct credits. workspaceId=01b7b1ae-19ce-480a-82ad-e226325cc142, userId=67e9424f-5c47-4ec4-bb41-700487a66844&#xD;
[AIService.ChatInternalAsync] Credit deduction result: success=True, message=Operation successful&#xD;
[AIService.ChatInternalAsync] profileId=6f810f14-7613-4f11-b584-a1c90dacb537, workspaceId=5aea39db-fc4a-44a5-a33e-7e1d09e4abdf, userId=4e76f04b-7d41-413b-a687-1822eca51a97, message=Hay xem thong tin san pham hien tai.&#xD;
[AIService.ChatInternalAsync] User message saved. ConversationId=0a011474-a28e-42db-8db6-f280c93654ad&#xD;
[AIService.ChatInternalAsync] Parsed AI intent=chat, effectiveIntent=chat. ConversationId=0a011474-a28e-42db-8db6-f280c93654ad&#xD;
[AIService.ChatInternalAsync] Attempting to deduct credits. workspaceId=5aea39db-fc4a-44a5-a33e-7e1d09e4abdf, userId=4e76f04b-7d41-413b-a687-1822eca51a97&#xD;
[AIService.ChatInternalAsync] Credit deduction result: success=True, message=Operation successful&#xD;
[AIService.ChatInternalAsync] profileId=dedec694-619f-468d-9ea0-57ac0547d409, workspaceId=e15bdfba-e89f-489e-9938-cc2dd51ec9db, userId=ce0bb76d-cbb9-4b0c-a58c-33e11f0bfdd5, message=Viet cho toi mot bai quang cao.&#xD;
[AIService.ChatInternalAsync] User message saved. ConversationId=c6fd7d6b-23fd-4e37-a5eb-9f9a723893fb&#xD;
[AIService.ChatInternalAsync] Parsed AI intent=content, effectiveIntent=content. ConversationId=c6fd7d6b-23fd-4e37-a5eb-9f9a723893fb&#xD;
[AIService.ChatInternalAsync] Attempting to deduct credits. workspaceId=e15bdfba-e89f-489e-9938-cc2dd51ec9db, userId=ce0bb76d-cbb9-4b0c-a58c-33e11f0bfdd5&#xD;
[AIService.ChatInternalAsync] Credit deduction result: success=True, message=Operation successful&#xD;
[AIService.ChatInternalAsync] profileId=a0eaad43-9c46-450a-af46-cf38914c1721, workspaceId=, userId=, message=User message&#xD;
[xUnit.net 00:00:07.15]   Finished:    AISAM.IntegrationTests&#xD;
</StdOut>
    </Output>
  </ResultSummary>
</TestRun>