<?xml version="1.0" encoding="utf-8"?>
<TestRun id="143809fd-3c4c-4a3b-a4bc-6d33b4f790b4" name="ADMIN@DESKTOP-F8U90NP 2026-09-04 17:06:01" runUser="DESKTOP-F8U90NP\CodexSandboxOffline" xmlns="http://microsoft.com/schemas/VisualStudio/TeamTest/2010">
  <Times creation="2026-09-04T17:06:01.9240061+07:00" queuing="2026-09-04T17:06:01.9240066+07:00" start="2026-09-04T17:06:01.2399083+07:00" finish="2026-09-04T17:06:09.5466125+07:00" />
  <TestSettings name="default" id="524de6bf-e645-4efb-a1d6-830990be7fc3">
    <Deployment runDeploymentRoot="ADMIN_DESKTOP-F8U90NP_2026-09-04_17_06_01" />
  </TestSettings>
  <Results>
    <UnitTestResult executionId="9d37b8a1-b256-4715-a74f-0df4b4dd5029" testId="a4b7cb61-4f5b-63fc-c612-44387dc87487" testName="AISAM.IntegrationTests.DeApiVideoClientTests.TryExtractVideoUrl_Should_Return_Null_When_No_Url_Field_Exists" computerName="DESKTOP-F8U90NP" duration="00:00:00.0013307" startTime="2026-09-04T17:06:01.9232858+07:00" endTime="2026-09-04T17:06:01.9232859+07:00" testType="13cdc9d9-ddb5-4fa4-a97d-d965ccfc6d4b" outcome="Passed" testListId="8c84fa94-04c1-424b-9868-57a2d4851a1d" relativeResultsDirectory="9d37b8a1-b256-4715-a74f-0df4b4dd5029" />
    <UnitTestResult executionId="25892524-db78-40fd-9241-d5467ff74d86" testId="e4a4af31-16d4-1e0a-4d67-4eeb88ba8bbf" testName="AISAM.IntegrationTests.QuotaServiceTests.GetSummaryAsync_CountsPromptUsageForCurrentUtcDay" computerName="DESKTOP-F8U90NP" duration="00:00:00.0016464" startTime="2026-09-04T17:06:03.1515175+07:00" endTime="2026-09-04T17:06:03.1515175+07:00" testType="13cdc9d9-ddb5-4fa4-a97d-d965ccfc6d4b" outcome="Passed" testListId="8c84fa94-04c1-424b-9868-57a2d4851a1d" relativeResultsDirectory="25892524-db78-40fd-9241-d5467ff74d86" />
    <UnitTestResult executionId="84e8dbdd-cb70-41c2-a020-2bca6e395190" testId="dda59a3f-8bae-28f5-98bb-019399b89736" testName="AISAM.IntegrationTests.SocialServiceTests.GetAuthUrlAsync_CreatesStateForActiveProfile" computerName="DESKTOP-F8U90NP" duration="00:00:00.0035027" startTime="2026-09-04T17:06:03.0825516+07:00" endTime="2026-09-04T17:06:03.0825518+07:00" testType="13cdc9d9-ddb5-4fa4-a97d-d965ccfc6d4b" outcome="Passed" testListId="8c84fa94-04c1-424b-9868-57a2d4851a1d" relativeResultsDirectory="84e8dbdd-cb70-41c2-a020-2bca6e395190" />
    <UnitTestResult executionId="8f6670bc-de7d-43b3-aa44-02d673422a3f" testId="48bc0c69-98ae-9379-3f28-f3ebe57939e5" testName="AISAM.IntegrationTests.TikTokProviderTests.ExchangeCodeAsync_ReturnsTokensAndValidatedOpenId" computerName="DESKTOP-F8U90NP" duration="00:00:00.0068967" startTime="2026-09-04T17:06:01.9884273+07:00" endTime="2026-09-04T17:06:01.9884274+07:00" testType="13cdc9d9-ddb5-4fa4-a97d-d965ccfc6d4b" outcome="Passed" testListId="8c84fa94-04c1-424b-9868-57a2d4851a1d" relativeResultsDirectory="8f6670bc-de7d-43b3-aa44-02d673422a3f" />
    <UnitTestResult executionId="296f3078-cb52-439f-ae39-1115f69c9c6b" testId="f2bae1b5-45a4-143f-47af-69787fcc1b51" testName="AISAM.IntegrationTests.PostServiceTests.GetPagedAsync_ReturnsOnlyPostsForActiveProfile" computerName="DESKTOP-F8U90NP" duration="00:00:00.0314942" startTime="2026-09-04T17:06:01.9048866+07:00" endTime="2026-09-04T17:06:01.9048866+07:00" testType="13cdc9d9-ddb5-4fa4-a97d-d965ccfc6d4b" outcome="Passed" testListId="8c84fa94-04c1-424b-9868-57a2d4851a1d" relativeResultsDirectory="296f3078-cb52-439f-ae39-1115f69c9c6b" />
    <UnitTestResult executionId="f89193f5-c994-4f4e-91ee-bfaee0b70d03" testId="9e32e450-d332-96c0-4b9f-6c0aa955f7a4" testName="AISAM.IntegrationTests.AdCampaignServiceTests.DeployAsync_CreatesObjectsInPausedAndDoesNotActivate" computerName="DESKTOP-F8U90NP" duration="00:00:00.0210865" startTime="2026-09-04T17:06:01.9144148+07:00" endTime="2026-09-04T17:06:01.9144149+07:00" testType="13cdc9d9-ddb5-4fa4-a97d-d965ccfc6d4b" outcome="Passed" testListId="8c84fa94-04c1-424b-9868-57a2d4851a1d" relativeResultsDirectory="f89193f5-c994-4f4e-91ee-bfaee0b70d03" />
    <UnitTestResult executionId="b3993026-38f3-4e66-8582-63d342f4ca36" testId="234e8ecc-8b03-4e10-0d1d-6f2acdf87240" testName="AISAM.IntegrationTests.SubscriptionRepositoryTests.GetCurrentActiveByProfileIdAsync_IgnoresExpiredSubscription" computerName="DESKTOP-F8U90NP" duration="00:00:00.0029291" startTime="2026-09-04T17:06:03.1434349+07:00" endTime="2026-09-04T17:06:03.1434350+07:00" testType="13cdc9d9-ddb5-4fa4-a97d-d965ccfc6d4b" outcome="Passed" testListId="8c84fa94-04c1-424b-9868-57a2d4851a1d" relativeResultsDirectory="b3993026-38f3-4e66-8582-63d342f4ca36" />
    <UnitTestResult executionId="f7c036e8-54f8-4669-bb33-e48c59c55473" testId="99c38eb2-1e4d-2e09-9130-20ba687c7158" testName="AISAM.IntegrationTests.WorkspaceLifecyclePolicyTests.SynchronizeStatus_AppliesBusinessExpirationLifecycle(expirationOffsetDays: -1, expected: Limited)" computerName="DESKTOP-F8U90NP" duration="00:00:00.0005749" startTime="2026-09-04T17:06:01.8927620+07:00" endTime="2026-09-04T17:06:01.8927621+07:00" testType="13cdc9d9-ddb5-4fa4-a97d-d965ccfc6d4b" outcome="Passed" testListId="8c84fa94-04c1-424b-9868-57a2d4851a1d" relativeResultsDirectory="f7c036e8-54f8-4669-bb33-e48c59c55473" />
    <UnitTestResult executionId="b88b73ea-a47c-41e7-9fd4-0654fceb9cec" testId="e2e3daed-fa1c-ad0c-b2d6-c94e4c601c4d" testName="AISAM.IntegrationTests.AdCampaignServiceTests.SoftDeleteAsync_WithValidCampaign_MarksDeleted" computerName="DESKTOP-F8U90NP" duration="00:00:00.0031850" startTime="2026-09-04T17:06:01.9567985+07:00" endTime="2026-09-04T17:06:01.9567987+07:00" testType="13cdc9d9-ddb5-4fa4-a97d-d965ccfc6d4b" outcome="Passed" testListId="8c84fa94-04c1-424b-9868-57a2d4851a1d" relativeResultsDirectory="b88b73ea-a47c-41e7-9fd4-0654fceb9cec" />
    <UnitTestResult executionId="13713861-cdd5-45ce-9052-c53a7463ff4e" testId="b3b9ffdb-6324-aa19-0116-b6a6befd1958" testName="AISAM.IntegrationTests.CreditServiceTests.ConsumeCreditsAsync_ResetsMonthlyAssignedUsageOnFirstDayOfMonth" computerName="DESKTOP-F8U90NP" duration="00:00:00.0674903" startTime="2026-09-04T17:06:03.2179730+07:00" endTime="2026-09-04T17:06:03.2179731+07:00" testType="13cdc9d9-ddb5-4fa4-a97d-d965ccfc6d4b" outcome="Passed" testListId="8c84fa94-04c1-424b-9868-57a2d4851a1d" relativeResultsDirectory="13713861-cdd5-45ce-9052-c53a7463ff4e" />
    <UnitTestResult executionId="8e0f26b0-5882-493a-8ce4-e04febe3c70c" testId="8ca04916-6019-73b4-3f7d-f8b981546df3" testName="AISAM.IntegrationTests.AIServiceTests.CheckVideoStatusAsync_TimesOutStaleJob_WithoutCallingProvider" computerName="DESKTOP-F8U90NP" duration="00:00:00.0009489" startTime="2026-09-04T17:06:03.3733273+07:00" endTime="2026-09-04T17:06:03.3733274+07:00" testType="13cdc9d9-ddb5-4fa4-a97d-d965ccfc6d4b" outcome="Passed" testListId="8c84fa94-04c1-424b-9868-57a2d4851a1d" relativeResultsDirectory="8e0f26b0-5882-493a-8ce4-e04febe3c70c" />
    <UnitTestResult executionId="2ec7588b-ee3f-4c09-aa9f-41bdc067062b" testId="21d2a748-cb79-ad43-4a5a-b8e23a7b476d" testName="AISAM.IntegrationTests.ContentScheduleServiceTests.UpdateAsync_ReturnsBadRequest_WhenScheduleAlreadyCompleted" computerName="DESKTOP-F8U90NP" duration="00:00:00.0084805" startTime="2026-09-04T17:06:03.1232082+07:00" endTime="2026-09-04T17:06:03.1232084+07:00" testType="13cdc9d9-ddb5-4fa4-a97d-d965ccfc6d4b" outcome="Passed" testListId="8c84fa94-04c1-424b-9868-57a2d4851a1d" relativeResultsDirectory="2ec7588b-ee3f-4c09-aa9f-41bdc067062b" />
    <UnitTestResult executionId="efa1af1d-fc48-4634-ae65-8c54c7502e90" testId="814f6684-b07c-f582-5cd5-0a7b371f624e" testName="AISAM.IntegrationTests.PermissionHttpTests.ViewerCannotBypassAnalyticsThroughRouteVariants(path: &quot;/api/dashboard/summary/&quot;)" computerName="DESKTOP-F8U90NP" duration="00:00:00.2033107" startTime="2026-09-04T17:06:07.6609279+07:00" endTime="2026-09-04T17:06:07.6609281+07:00" testType="13cdc9d9-ddb5-4fa4-a97d-d965ccfc6d4b" outcome="Passed" testListId="8c84fa94-04c1-424b-9868-57a2d4851a1d" relativeResultsDirectory="efa1af1d-fc48-4634-ae65-8c54c7502e90" />
    <UnitTestResult executionId="b079df29-4f9a-4b32-963b-eaaf5e11662e" testId="75d8e5f2-e16e-0093-7dec-b420188804df" testName="AISAM.IntegrationTests.FacebookProviderTests.CreateAdSetAsync_AwarenessObjective_UsesReachOptimization" computerName="DESKTOP-F8U90NP" duration="00:00:00.0012451" startTime="2026-09-04T17:06:02.9729070+07:00" endTime="2026-09-04T17:06:02.9729072+07:00" testType="13cdc9d9-ddb5-4fa4-a97d-d965ccfc6d4b" outcome="Passed" testListId="8c84fa94-04c1-424b-9868-57a2d4851a1d" relativeResultsDirectory="b079df29-4f9a-4b32-963b-eaaf5e11662e" />
    <UnitTestResult executionId="6b98589f-2f81-43a6-8ac1-83af30c6f15a" testId="e9bc1fe2-54e2-b1d6-10f1-d4ccba6fca0b" testName="AISAM.IntegrationTests.PaymentServiceTests.ExitCheckoutAsync_MarksPendingPaymentFailed" computerName="DESKTOP-F8U90NP" duration="00:00:00.0005878" startTime="2026-09-04T17:06:01.9744283+07:00" endTime="2026-09-04T17:06:01.9744284+07:00" testType="13cdc9d9-ddb5-4fa4-a97d-d965ccfc6d4b" outcome="Passed" testListId="8c84fa94-04c1-424b-9868-57a2d4851a1d" relativeResultsDirectory="6b98589f-2f81-43a6-8ac1-83af30c6f15a" />
    <UnitTestResult executionId="384b5bc6-552a-45e7-981e-03e6b12977c8" testId="5720ea1c-785e-2222-ff2b-87dd404b21bf" testName="AISAM.IntegrationTests.CreditServiceTests.ConsumeCreditsAsync_UsesSharedPoolForSharedPoolMember" computerName="DESKTOP-F8U90NP" duration="00:00:00.0228160" startTime="2026-09-04T17:06:03.2989579+07:00" endTime="2026-09-04T17:06:03.2989581+07:00" testType="13cdc9d9-ddb5-4fa4-a97d-d965ccfc6d4b" outcome="Passed" testListId="8c84fa94-04c1-424b-9868-57a2d4851a1d" relativeResultsDirectory="384b5bc6-552a-45e7-981e-03e6b12977c8" />
    <UnitTestResult executionId="38b7f5b7-cb53-451b-ae9b-77374a9bc839" testId="225921e3-e63b-c818-b933-3d335a30c92b" testName="AISAM.IntegrationTests.WorkspaceLifecyclePolicyTests.SynchronizeStatus_AppliesBusinessExpirationLifecycle(expirationOffsetDays: -181, expected: EligibleForDeletion)" computerName="DESKTOP-F8U90NP" duration="00:00:00.0176938" startTime="2026-09-04T17:06:01.8775740+07:00" endTime="2026-09-04T17:06:01.8775975+07:00" testType="13cdc9d9-ddb5-4fa4-a97d-d965ccfc6d4b" outcome="Passed" testListId="8c84fa94-04c1-424b-9868-57a2d4851a1d" relativeResultsDirectory="38b7f5b7-cb53-451b-ae9b-77374a9bc839" />
    <UnitTestResult executionId="bc5b7aea-d294-4f6a-a7bd-a4ab4233f91a" testId="ceae58d5-7730-75d3-aad7-4a6ecbe9ddbe" testName="AISAM.IntegrationTests.FoundationTests.ProfileController_ReturnsForbidden_WhenRouteUserDoesNotMatchJwtUserAsync" computerName="DESKTOP-F8U90NP" duration="00:00:00.0017038" startTime="2026-09-04T17:06:02.0096944+07:00" endTime="2026-09-04T17:06:02.0096946+07:00" testType="13cdc9d9-ddb5-4fa4-a97d-d965ccfc6d4b" outcome="Passed" testListId="8c84fa94-04c1-424b-9868-57a2d4851a1d" relativeResultsDirectory="bc5b7aea-d294-4f6a-a7bd-a4ab4233f91a" />
    <UnitTestResult executionId="e3a428a7-dce5-459f-8e5a-ea6a9eb59ddd" testId="5c22ef57-fa49-e939-b29f-031c5ca39b1c" testName="AISAM.IntegrationTests.ActiveProfileMiddlewareTests.InvokeAsync_DoesNotRequireProfileHeaderForWorkspacePaymentRoutes(path: &quot;/api/payment/webhook&quot;)" computerName="DESKTOP-F8U90NP" duration="00:00:00.0007022" startTime="2026-09-04T17:06:03.1579071+07:00" endTime="2026-09-04T17:06:03.1579072+07:00" testType="13cdc9d9-ddb5-4fa4-a97d-d965ccfc6d4b" outcome="Passed" testListId="8c84fa94-04c1-424b-9868-57a2d4851a1d" relativeResultsDirectory="e3a428a7-dce5-459f-8e5a-ea6a9eb59ddd" />
    <UnitTestResult executionId="1e85ee21-6a96-47c9-aaba-7927560651b2" testId="27c4c9a5-e943-0410-1181-4db980c776c6" testName="AISAM.IntegrationTests.WorkspaceLifecyclePolicyTests.SynchronizeStatus_DoesNotApplyBusinessLifecycleToPersonalWorkspace" computerName="DESKTOP-F8U90NP" duration="00:00:00.0002049" startTime="2026-09-04T17:06:01.9049261+07:00" endTime="2026-09-04T17:06:01.9049262+07:00" testType="13cdc9d9-ddb5-4fa4-a97d-d965ccfc6d4b" outcome="Passed" testListId="8c84fa94-04c1-424b-9868-57a2d4851a1d" relativeResultsDirectory="1e85ee21-6a96-47c9-aaba-7927560651b2" />
    <UnitTestResult executionId="e695e188-788f-4613-a829-cb7de8b711ba" testId="c45697b6-9eb1-7b4e-793c-c61c20dd8988" testName="AISAM.IntegrationTests.PermissionHttpTests.ViewerCannotBypassAnalyticsThroughRouteVariants(path: &quot;/api/analytics/overview/&quot;)" computerName="DESKTOP-F8U90NP" duration="00:00:00.2215477" startTime="2026-09-04T17:06:08.3018186+07:00" endTime="2026-09-04T17:06:08.3018190+07:00" testType="13cdc9d9-ddb5-4fa4-a97d-d965ccfc6d4b" outcome="Passed" testListId="8c84fa94-04c1-424b-9868-57a2d4851a1d" relativeResultsDirectory="e695e188-788f-4613-a829-cb7de8b711ba" />
    <UnitTestResult executionId="4c1f561e-a3f2-4730-bc5d-0de152c4bcd6" testId="4e93dc94-0969-ce9d-1d54-f87b052494e3" testName="AISAM.IntegrationTests.AdCampaignServiceTests.ActivateAsync_OnlyWhenDeployedCompleted" computerName="DESKTOP-F8U90NP" duration="00:00:00.0028457" startTime="2026-09-04T17:06:01.9429167+07:00" endTime="2026-09-04T17:06:01.9429169+07:00" testType="13cdc9d9-ddb5-4fa4-a97d-d965ccfc6d4b" outcome="Passed" testListId="8c84fa94-04c1-424b-9868-57a2d4851a1d" relativeResultsDirectory="4c1f561e-a3f2-4730-bc5d-0de152c4bcd6" />
    <UnitTestResult executionId="10b83800-2abd-4fe5-bdf0-3bc5938f96bf" testId="afd2212a-327a-d633-be2e-5904b0a6f352" testName="AISAM.IntegrationTests.SocialServiceTests.LinkSelectedTargetsForAccountAsync_ReturnsBrandError_WhenBrandBelongsToAnotherProfile" computerName="DESKTOP-F8U90NP" duration="00:00:00.0044648" startTime="2026-09-04T17:06:03.0652411+07:00" endTime="2026-09-04T17:06:03.0652415+07:00" testType="13cdc9d9-ddb5-4fa4-a97d-d965ccfc6d4b" outcome="Passed" testListId="8c84fa94-04c1-424b-9868-57a2d4851a1d" relativeResultsDirectory="10b83800-2abd-4fe5-bdf0-3bc5938f96bf" />
    <UnitTestResult executionId="f4018ce0-5c57-4115-8b7a-c9caba8e8236" testId="2d1e222d-6e75-fb66-27bc-4dc9c092492c" testName="AISAM.IntegrationTests.BrandWorkspaceOwnershipTests.GetByIdAsync_ReturnsNotFoundAcrossWorkspaceBoundary" computerName="DESKTOP-F8U90NP" duration="00:00:00.1097513" startTime="2026-09-04T17:06:03.5003654+07:00" endTime="2026-09-04T17:06:03.5003657+07:00" testType="13cdc9d9-ddb5-4fa4-a97d-d965ccfc6d4b" outcome="Passed" testListId="8c84fa94-04c1-424b-9868-57a2d4851a1d" relativeResultsDirectory="f4018ce0-5c57-4115-8b7a-c9caba8e8236" />
    <UnitTestResult executionId="86310966-abae-4b25-a9a9-319df1168c61" testId="8a47b356-2144-e6d6-e54c-d95d1f2978ac" testName="AISAM.IntegrationTests.AdCampaignServiceTests.DeployAsync_AlreadyCompleted_ReturnsAlreadyDeployed" computerName="DESKTOP-F8U90NP" duration="00:00:00.0010848" startTime="2026-09-04T17:06:01.9593151+07:00" endTime="2026-09-04T17:06:01.9593152+07:00" testType="13cdc9d9-ddb5-4fa4-a97d-d965ccfc6d4b" outcome="Passed" testListId="8c84fa94-04c1-424b-9868-57a2d4851a1d" relativeResultsDirectory="86310966-abae-4b25-a9a9-319df1168c61" />
    <UnitTestResult executionId="8cacc1dd-a0d1-427d-911f-1b775edde0a0" testId="ee7a3522-3f2c-70c7-2624-dff6dd4c49c0" testName="AISAM.IntegrationTests.CreditWalletRepositoryTests.Repository_ReusesExistingWalletForWorkspace" computerName="DESKTOP-F8U90NP" duration="00:00:01.1250864" startTime="2026-09-04T17:06:03.0192051+07:00" endTime="2026-09-04T17:06:03.0192056+07:00" testType="13cdc9d9-ddb5-4fa4-a97d-d965ccfc6d4b" outcome="Passed" testListId="8c84fa94-04c1-424b-9868-57a2d4851a1d" relativeResultsDirectory="8cacc1dd-a0d1-427d-911f-1b775edde0a0" />
    <UnitTestResult executionId="23747643-b789-4fbe-bea7-adfe07ffce5f" testId="b9513bb7-e5e2-3853-6e18-d3ee65df7dd1" testName="AISAM.IntegrationTests.ContentScheduleServiceTests.CreateAsync_ReturnsNotFound_WhenIntegrationBelongsToAnotherProfile" computerName="DESKTOP-F8U90NP" duration="00:00:00.0084731" startTime="2026-09-04T17:06:03.1502585+07:00" endTime="2026-09-04T17:06:03.1502586+07:00" testType="13cdc9d9-ddb5-4fa4-a97d-d965ccfc6d4b" outcome="Passed" testListId="8c84fa94-04c1-424b-9868-57a2d4851a1d" relativeResultsDirectory="23747643-b789-4fbe-bea7-adfe07ffce5f" />
    <UnitTestResult executionId="31647edd-f0a2-44e1-9ba7-45262d956b3f" testId="3b734228-3fc8-e2a6-a8f7-4186918546c7" testName="AISAM.IntegrationTests.WorkspaceMemberServiceTests.TransferOwnershipAsync_AllowsOwnerToTransferToManager" computerName="DESKTOP-F8U90NP" duration="00:00:00.0070422" startTime="2026-09-04T17:06:03.3085518+07:00" endTime="2026-09-04T17:06:03.3085520+07:00" testType="13cdc9d9-ddb5-4fa4-a97d-d965ccfc6d4b" outcome="Passed" testListId="8c84fa94-04c1-424b-9868-57a2d4851a1d" relativeResultsDirectory="31647edd-f0a2-44e1-9ba7-45262d956b3f" />
    <UnitTestResult executionId="62f02a45-4852-4699-b614-6b2d72454ecd" testId="a46cd579-d3a7-bdc2-7028-3b3f96be2229" testName="AISAM.IntegrationTests.ActiveWorkspaceMiddlewareTests.InvokeAsync_BlocksContentCreatorFromReviewingPublishingAndManagingSchedules(path: &quot;/api/content/11111111-1111-1111-1111-111111111111/&quot;···)" computerName="DESKTOP-F8U90NP" duration="00:00:00.0001213" startTime="2026-09-04T17:06:01.9615184+07:00" endTime="2026-09-04T17:06:01.9615185+07:00" testType="13cdc9d9-ddb5-4fa4-a97d-d965ccfc6d4b" outcome="Passed" testListId="8c84fa94-04c1-424b-9868-57a2d4851a1d" relativeResultsDirectory="62f02a45-4852-4699-b614-6b2d72454ecd" />
    <UnitTestResult executionId="58ca2d28-b965-4980-be32-127fc728fbe4" testId="94852fc0-83e7-cd63-790a-6b87e7706401" testName="AISAM.IntegrationTests.PermissionHttpTests.TemporaryEdit_UsesRealMutationServiceAndImmediatelyDeniesRevocation" computerName="DESKTOP-F8U90NP" duration="00:00:01.3257760" startTime="2026-09-04T17:06:05.4985151+07:00" endTime="2026-09-04T17:06:05.4985152+07:00" testType="13cdc9d9-ddb5-4fa4-a97d-d965ccfc6d4b" outcome="Passed" testListId="8c84fa94-04c1-424b-9868-57a2d4851a1d" relativeResultsDirectory="58ca2d28-b965-4980-be32-127fc728fbe4" />
    <UnitTestResult executionId="987c9750-253f-4f09-9876-97ad8e7c11a5" testId="3e8b7b1b-8b63-d5e3-a129-951096565451" testName="AISAM.IntegrationTests.PermissionSecurityTests.TemporaryCanEdit_DoesNotGrantOtherActions(action: Assign, expected: False)" computerName="DESKTOP-F8U90NP" duration="00:00:00.1535041" startTime="2026-09-04T17:06:04.8401380+07:00" endTime="2026-09-04T17:06:04.8401383+07:00" testType="13cdc9d9-ddb5-4fa4-a97d-d965ccfc6d4b" outcome="Passed" testListId="8c84fa94-04c1-424b-9868-57a2d4851a1d" relativeResultsDirectory="987c9750-253f-4f09-9876-97ad8e7c11a5" />
    <UnitTestResult executionId="7b07f39e-91f4-43e2-bc0b-751ade11a1df" testId="06c835a2-b114-2f94-8c8a-55283982be32" testName="AISAM.IntegrationTests.ScheduledPostingServiceTests.RunDueSchedulesAsync_PublishesDueScheduleAndMarksCompleted_WhenPublishSucceeds" computerName="DESKTOP-F8U90NP" duration="00:00:00.0041982" startTime="2026-09-04T17:06:02.0338439+07:00" endTime="2026-09-04T17:06:02.0338441+07:00" testType="13cdc9d9-ddb5-4fa4-a97d-d965ccfc6d4b" outcome="Passed" testListId="8c84fa94-04c1-424b-9868-57a2d4851a1d" relativeResultsDirectory="7b07f39e-91f4-43e2-bc0b-751ade11a1df" />
    <UnitTestResult executionId="dacd163f-91f9-4620-b2e3-cd48788c189f" testId="c4de5e84-b796-3e67-411a-78aca3fa5d19" testName="AISAM.IntegrationTests.WorkspaceDomainFoundationTests.Workspace_DefaultsToActiveWithEmptyMembers" computerName="DESKTOP-F8U90NP" duration="00:00:00.0002044" startTime="2026-09-04T17:06:02.7633772+07:00" endTime="2026-09-04T17:06:02.7633773+07:00" testType="13cdc9d9-ddb5-4fa4-a97d-d965ccfc6d4b" outcome="Passed" testListId="8c84fa94-04c1-424b-9868-57a2d4851a1d" relativeResultsDirectory="dacd163f-91f9-4620-b2e3-cd48788c189f" />
    <UnitTestResult executionId="90f259fb-1c58-4bab-968d-152ecef60aa2" testId="c6907d93-5552-9e34-e768-c6b293d412f8" testName="AISAM.IntegrationTests.PromptEnhancerTests.EnhanceVideoPromptAsync_FallsBackToRawPrompt_WhenGeminiThrows" computerName="DESKTOP-F8U90NP" duration="00:00:00.0009167" startTime="2026-09-04T17:06:01.9728057+07:00" endTime="2026-09-04T17:06:01.9728059+07:00" testType="13cdc9d9-ddb5-4fa4-a97d-d965ccfc6d4b" outcome="Passed" testListId="8c84fa94-04c1-424b-9868-57a2d4851a1d" relativeResultsDirectory="90f259fb-1c58-4bab-968d-152ecef60aa2" />
    <UnitTestResult executionId="3491b8c2-9120-4c4c-999a-79bd417bf4d7" testId="462a2856-7a89-2c0d-a0ee-dad79f166bdf" testName="AISAM.IntegrationTests.ScheduledPostingServiceTests.RunDueSchedulesAsync_BlocksExpiredWorkspaceWithoutFallingBackToLegacyProfilePublish" computerName="DESKTOP-F8U90NP" duration="00:00:00.0084794" startTime="2026-09-04T17:06:02.0275743+07:00" endTime="2026-09-04T17:06:02.0275745+07:00" testType="13cdc9d9-ddb5-4fa4-a97d-d965ccfc6d4b" outcome="Passed" testListId="8c84fa94-04c1-424b-9868-57a2d4851a1d" relativeResultsDirectory="3491b8c2-9120-4c4c-999a-79bd417bf4d7" />
    <UnitTestResult executionId="442aff14-85c7-4800-9678-5b9c530d4167" testId="377f4ddf-1eb1-7124-32c2-29faec54c82d" testName="AISAM.IntegrationTests.ActiveWorkspaceMiddlewareTests.InvokeAsync_AllowsFreePlanToReadContentSchedules" computerName="DESKTOP-F8U90NP" duration="00:00:00.0011777" startTime="2026-09-04T17:06:01.9666647+07:00" endTime="2026-09-04T17:06:01.9666647+07:00" testType="13cdc9d9-ddb5-4fa4-a97d-d965ccfc6d4b" outcome="Passed" testListId="8c84fa94-04c1-424b-9868-57a2d4851a1d" relativeResultsDirectory="442aff14-85c7-4800-9678-5b9c530d4167" />
    <UnitTestResult executionId="d5c27df7-1208-4db0-97f8-1280bcbd038e" testId="719d8cc1-0059-6c70-ab06-4662f633fb21" testName="AISAM.IntegrationTests.QuotaServiceTests.GetWorkspaceSummaryAsync_UsesOnlyActiveWorkspaceUsage" computerName="DESKTOP-F8U90NP" duration="00:00:00.0012060" startTime="2026-09-04T17:06:03.1484122+07:00" endTime="2026-09-04T17:06:03.1484124+07:00" testType="13cdc9d9-ddb5-4fa4-a97d-d965ccfc6d4b" outcome="Passed" testListId="8c84fa94-04c1-424b-9868-57a2d4851a1d" relativeResultsDirectory="d5c27df7-1208-4db0-97f8-1280bcbd038e" />
    <UnitTestResult executionId="bcbe88c7-7852-4eba-a1bc-1f91de7700c6" testId="44d0fdcc-575c-4e15-06ab-e03d97ff2c4e" testName="AISAM.IntegrationTests.AdCampaignServiceTests.CreateAsync_WithValidVariants_CreatesAdSets" computerName="DESKTOP-F8U90NP" duration="00:00:00.0039337" startTime="2026-09-04T17:06:01.9253684+07:00" endTime="2026-09-04T17:06:01.9253684+07:00" testType="13cdc9d9-ddb5-4fa4-a97d-d965ccfc6d4b" outcome="Passed" testListId="8c84fa94-04c1-424b-9868-57a2d4851a1d" relativeResultsDirectory="bcbe88c7-7852-4eba-a1bc-1f91de7700c6" />
    <UnitTestResult executionId="7eac77f9-a510-4ae5-b03a-43abc451090e" testId="a238832c-a6d8-39a4-a4cd-8806624edc91" testName="AISAM.IntegrationTests.SocialControllerTests.GetAccounts_ReturnsOnlyActiveProfilesAccounts" computerName="DESKTOP-F8U90NP" duration="00:00:00.0015832" startTime="2026-09-04T17:06:01.9341844+07:00" endTime="2026-09-04T17:06:01.9341845+07:00" testType="13cdc9d9-ddb5-4fa4-a97d-d965ccfc6d4b" outcome="Passed" testListId="8c84fa94-04c1-424b-9868-57a2d4851a1d" relativeResultsDirectory="7eac77f9-a510-4ae5-b03a-43abc451090e" />
    <UnitTestResult executionId="66d9bd00-cdde-4af0-a15a-90d6d391e484" testId="42585d1f-fa6e-4482-f6e9-79035f862bd4" testName="AISAM.IntegrationTests.AIServiceTests.ChatAsync_ConsumesOneWorkspaceCredit_AfterGeminiSucceeds" computerName="DESKTOP-F8U90NP" duration="00:00:00.0048436" startTime="2026-09-04T17:06:03.2117086+07:00" endTime="2026-09-04T17:06:03.2117088+07:00" testType="13cdc9d9-ddb5-4fa4-a97d-d965ccfc6d4b" outcome="Passed" testListId="8c84fa94-04c1-424b-9868-57a2d4851a1d" relativeResultsDirectory="66d9bd00-cdde-4af0-a15a-90d6d391e484" />
    <UnitTestResult executionId="7d5195ab-0375-4627-b067-ffcafc80ed57" testId="c5a0d706-47e1-a0e8-0356-bae3c24d7212" testName="AISAM.IntegrationTests.AIControllerTests.GenerateDraft_UsesValidatedActiveProfileFromHttpContext" computerName="DESKTOP-F8U90NP" duration="00:00:00.0029476" startTime="2026-09-04T17:06:01.9777484+07:00" endTime="2026-09-04T17:06:01.9777485+07:00" testType="13cdc9d9-ddb5-4fa4-a97d-d965ccfc6d4b" outcome="Passed" testListId="8c84fa94-04c1-424b-9868-57a2d4851a1d" relativeResultsDirectory="7d5195ab-0375-4627-b067-ffcafc80ed57" />
    <UnitTestResult executionId="f53b5a37-f811-44c0-823b-d9fec641d773" testId="09908490-43df-3789-84c5-84ba383232ef" testName="AISAM.IntegrationTests.ContentServicePublishTests.PublishAsync_ReturnsNotFound_WhenIntegrationBelongsToAnotherProfile" computerName="DESKTOP-F8U90NP" duration="00:00:00.0012041" startTime="2026-09-04T17:06:01.9086469+07:00" endTime="2026-09-04T17:06:01.9086470+07:00" testType="13cdc9d9-ddb5-4fa4-a97d-d965ccfc6d4b" outcome="Passed" testListId="8c84fa94-04c1-424b-9868-57a2d4851a1d" relativeResultsDirectory="f53b5a37-f811-44c0-823b-d9fec641d773" />
    <UnitTestResult executionId="3da87dd6-c50d-46f1-ab72-e87b318e5476" testId="d97474ac-2621-600d-016b-7accc3eeb394" testName="AISAM.IntegrationTests.WorkspaceInvitationServiceTests.InviteAsync_PersistsMonthlyAssignedLimitForBusinessPro" computerName="DESKTOP-F8U90NP" duration="00:00:00.0043961" startTime="2026-09-04T17:06:03.3360945+07:00" endTime="2026-09-04T17:06:03.3360947+07:00" testType="13cdc9d9-ddb5-4fa4-a97d-d965ccfc6d4b" outcome="Passed" testListId="8c84fa94-04c1-424b-9868-57a2d4851a1d" relativeResultsDirectory="3da87dd6-c50d-46f1-ab72-e87b318e5476" />
    <UnitTestResult executionId="3c0a2590-48c8-48db-99bf-f4a85d78d345" testId="08a539a2-f5ed-462e-cb6b-585aecd5d4b3" testName="AISAM.IntegrationTests.ContentServicePublishTests.PublishAsync_ReturnsReconnectRequired_WhenTokenKeyIsUnavailable" computerName="DESKTOP-F8U90NP" duration="00:00:00.0017301" startTime="2026-09-04T17:06:01.9075043+07:00" endTime="2026-09-04T17:06:01.9075043+07:00" testType="13cdc9d9-ddb5-4fa4-a97d-d965ccfc6d4b" outcome="Passed" testListId="8c84fa94-04c1-424b-9868-57a2d4851a1d" relativeResultsDirectory="3c0a2590-48c8-48db-99bf-f4a85d78d345" />
    <UnitTestResult executionId="113f4a1f-2d15-402d-9d28-f76e614c9896" testId="31304b44-750a-1df2-cc70-54a31e57352d" testName="AISAM.IntegrationTests.AuthRegistrationWorkspaceTests.RegisterAsync_CreatesExactlyOnePersonalWorkspace" computerName="DESKTOP-F8U90NP" duration="00:00:01.2815737" startTime="2026-09-04T17:06:03.2254259+07:00" endTime="2026-09-04T17:06:03.2254260+07:00" testType="13cdc9d9-ddb5-4fa4-a97d-d965ccfc6d4b" outcome="Passed" testListId="8c84fa94-04c1-424b-9868-57a2d4851a1d" relativeResultsDirectory="113f4a1f-2d15-402d-9d28-f76e614c9896" />
    <UnitTestResult executionId="90574a1f-345c-4a72-ba69-fc0978abbb54" testId="9396e997-195c-1c6b-d7c7-2e75da8aca4b" testName="AISAM.IntegrationTests.SocialControllerTests.LinkTargets_ReturnsNotFound_WhenAccountBelongsToAnotherProfile" computerName="DESKTOP-F8U90NP" duration="00:00:00.0026646" startTime="2026-09-04T17:06:01.9289415+07:00" endTime="2026-09-04T17:06:01.9289416+07:00" testType="13cdc9d9-ddb5-4fa4-a97d-d965ccfc6d4b" outcome="Passed" testListId="8c84fa94-04c1-424b-9868-57a2d4851a1d" relativeResultsDirectory="90574a1f-345c-4a72-ba69-fc0978abbb54" />
    <UnitTestResult executionId="6bce4158-5455-4a7d-aaa7-13356b2e9c1a" testId="f3803eb1-426f-9107-e6c4-65022ed924fb" testName="AISAM.IntegrationTests.AIServiceTests.GenerateDraftAsync_ConsumesOneWorkspaceCredit_AfterGeminiSucceeds" computerName="DESKTOP-F8U90NP" duration="00:00:00.0035106" startTime="2026-09-04T17:06:03.2225782+07:00" endTime="2026-09-04T17:06:03.2225782+07:00" testType="13cdc9d9-ddb5-4fa4-a97d-d965ccfc6d4b" outcome="Passed" testListId="8c84fa94-04c1-424b-9868-57a2d4851a1d" relativeResultsDirectory="6bce4158-5455-4a7d-aaa7-13356b2e9c1a" />
    <UnitTestResult executionId="30bc6e1f-8654-4fb0-92d0-7d2a35c76233" testId="22d27a21-9bfd-fd1c-545b-c7b8010c5145" testName="AISAM.IntegrationTests.ActiveWorkspaceMiddlewareTests.InvokeAsync_BlocksContentCreatorFromReviewingPublishingAndManagingSchedules(path: &quot;/api/content/11111111-1111-1111-1111-111111111111/&quot;···)" computerName="DESKTOP-F8U90NP" duration="00:00:00.0000981" startTime="2026-09-04T17:06:01.9616439+07:00" endTime="2026-09-04T17:06:01.9616440+07:00" testType="13cdc9d9-ddb5-4fa4-a97d-d965ccfc6d4b" outcome="Passed" testListId="8c84fa94-04c1-424b-9868-57a2d4851a1d" relativeResultsDirectory="30bc6e1f-8654-4fb0-92d0-7d2a35c76233" />
    <UnitTestResult executionId="f2c40d9b-78e9-4843-b21a-ff77966a8310" testId="f1b6c1f5-0164-e3c2-f8e0-ef4ef650d2fb" testName="AISAM.IntegrationTests.PaymentServiceTests.GetCurrentSubscriptionAsync_DoesNotRequirePayOsOutboundConfig" computerName="DESKTOP-F8U90NP" duration="00:00:00.0014904" startTime="2026-09-04T17:06:01.9933740+07:00" endTime="2026-09-04T17:06:01.9933741+07:00" testType="13cdc9d9-ddb5-4fa4-a97d-d965ccfc6d4b" outcome="Passed" testListId="8c84fa94-04c1-424b-9868-57a2d4851a1d" relativeResultsDirectory="f2c40d9b-78e9-4843-b21a-ff77966a8310" />
    <UnitTestResult executionId="033c69c5-d0f4-4698-b3a1-7b4fa6149dde" testId="d5ad8770-c8fb-f234-5b8d-5cff0f794e76" testName="AISAM.IntegrationTests.WorkspaceLifecyclePolicyTests.SynchronizeStatus_AppliesBusinessExpirationLifecycle(expirationOffsetDays: -89, expected: Limited)" computerName="DESKTOP-F8U90NP" duration="00:00:00.0000113" startTime="2026-09-04T17:06:01.8930910+07:00" endTime="2026-09-04T17:06:01.8930911+07:00" testType="13cdc9d9-ddb5-4fa4-a97d-d965ccfc6d4b" outcome="Passed" testListId="8c84fa94-04c1-424b-9868-57a2d4851a1d" relativeResultsDirectory="033c69c5-d0f4-4698-b3a1-7b4fa6149dde" />
    <UnitTestResult executionId="128eab43-749c-46e2-a884-da15d9493f08" testId="2f9e4ced-5030-95ff-5568-164e471fa908" testName="AISAM.IntegrationTests.PermissionSecurityTests.TemporaryExpiry_IsEnforcedWithoutWorker(seconds: 600, expected: True)" computerName="DESKTOP-F8U90NP" duration="00:00:00.1396158" startTime="2026-09-04T17:06:05.5620866+07:00" endTime="2026-09-04T17:06:05.5620869+07:00" testType="13cdc9d9-ddb5-4fa4-a97d-d965ccfc6d4b" outcome="Passed" testListId="8c84fa94-04c1-424b-9868-57a2d4851a1d" relativeResultsDirectory="128eab43-749c-46e2-a884-da15d9493f08" />
    <UnitTestResult executionId="96e1dfbb-35ca-483d-ac2b-f4fc6ba84717" testId="678ebdfe-901c-9a3a-82eb-0fe3fbe88dcf" testName="AISAM.IntegrationTests.PostServiceTests.GetByIdAsync_ReturnsNotFound_ForAnotherProfilesPost" computerName="DESKTOP-F8U90NP" duration="00:00:00.0018086" startTime="2026-09-04T17:06:01.9058884+07:00" endTime="2026-09-04T17:06:01.9058884+07:00" testType="13cdc9d9-ddb5-4fa4-a97d-d965ccfc6d4b" outcome="Passed" testListId="8c84fa94-04c1-424b-9868-57a2d4851a1d" relativeResultsDirectory="96e1dfbb-35ca-483d-ac2b-f4fc6ba84717" />
    <UnitTestResult executionId="446ef8c0-376a-4b33-ab9d-42257b885f9b" testId="3ef57d66-0dfb-9303-1b5d-9fc02a30e488" testName="AISAM.IntegrationTests.ActiveWorkspaceMiddlewareTests.InvokeAsync_StoresActiveWorkspaceAndMembership_WhenMembershipIsValid" computerName="DESKTOP-F8U90NP" duration="00:00:00.0007984" startTime="2026-09-04T17:06:01.9791202+07:00" endTime="2026-09-04T17:06:01.9791203+07:00" testType="13cdc9d9-ddb5-4fa4-a97d-d965ccfc6d4b" outcome="Passed" testListId="8c84fa94-04c1-424b-9868-57a2d4851a1d" relativeResultsDirectory="446ef8c0-376a-4b33-ab9d-42257b885f9b" />
    <UnitTestResult executionId="7c2b5053-7799-42a2-a1d9-b0d5364fe340" testId="037dc885-84f2-fa22-0298-2127b41b1d3d" testName="AISAM.IntegrationTests.PermissionSecurityTests.SettingAudit_NeverStoresArbitraryInput(key: &quot;credential_rotation&quot;, batch: True)" computerName="DESKTOP-F8U90NP" duration="00:00:00.3095751" startTime="2026-09-04T17:06:07.7083101+07:00" endTime="2026-09-04T17:06:07.7083103+07:00" testType="13cdc9d9-ddb5-4fa4-a97d-d965ccfc6d4b" outcome="Passed" testListId="8c84fa94-04c1-424b-9868-57a2d4851a1d" relativeResultsDirectory="7c2b5053-7799-42a2-a1d9-b0d5364fe340" />
    <UnitTestResult executionId="b1d395d2-c994-4a1c-93c5-5dae508cac3d" testId="df8e0596-6e16-430d-c144-5bd092c3ef93" testName="AISAM.IntegrationTests.ActiveWorkspaceMiddlewareTests.InvokeAsync_AllowsMemberReadRequestInArchivedWorkspace" computerName="DESKTOP-F8U90NP" duration="00:00:00.0005930" startTime="2026-09-04T17:06:01.9774649+07:00" endTime="2026-09-04T17:06:01.9774651+07:00" testType="13cdc9d9-ddb5-4fa4-a97d-d965ccfc6d4b" outcome="Passed" testListId="8c84fa94-04c1-424b-9868-57a2d4851a1d" relativeResultsDirectory="b1d395d2-c994-4a1c-93c5-5dae508cac3d" />
    <UnitTestResult executionId="c09232e3-2837-4e90-8141-5f0c33d3a33a" testId="af2fa528-cdcb-8264-2e33-fc78ad33bd29" testName="AISAM.IntegrationTests.PaymentRepositoryTests.GetCurrentActiveByWorkspaceIdAsync_ReturnsOnlyWorkspaceSubscription" computerName="DESKTOP-F8U90NP" duration="00:00:00.0036375" startTime="2026-09-04T17:06:03.5498533+07:00" endTime="2026-09-04T17:06:03.5498535+07:00" testType="13cdc9d9-ddb5-4fa4-a97d-d965ccfc6d4b" outcome="Passed" testListId="8c84fa94-04c1-424b-9868-57a2d4851a1d" relativeResultsDirectory="c09232e3-2837-4e90-8141-5f0c33d3a33a" />
    <UnitTestResult executionId="8edb00af-6e50-49fe-9afb-b7f3a396e897" testId="72e4ea89-1659-765d-7d02-9e8a9582d41a" testName="AISAM.IntegrationTests.SocialAuthRelayControllerTests.RelayFacebookCallback_RedirectsToFrontendAndPreservesOAuthQuery" computerName="DESKTOP-F8U90NP" duration="00:00:00.0185043" startTime="2026-09-04T17:06:01.8912156+07:00" endTime="2026-09-04T17:06:01.8912157+07:00" testType="13cdc9d9-ddb5-4fa4-a97d-d965ccfc6d4b" outcome="Passed" testListId="8c84fa94-04c1-424b-9868-57a2d4851a1d" relativeResultsDirectory="8edb00af-6e50-49fe-9afb-b7f3a396e897" />
    <UnitTestResult executionId="2a7bfb05-054e-4440-ba30-e828926cf0d2" testId="1bf69a5d-e30e-07ab-5f8a-94eb1633e5cc" testName="AISAM.IntegrationTests.ContentServiceTests.RejectAsync_ReturnsBadRequest_WhenNotesAreMissingOrTooShort(notes: &quot;....&quot;)" computerName="DESKTOP-F8U90NP" duration="00:00:00.0000249" startTime="2026-09-04T17:06:01.9084311+07:00" endTime="2026-09-04T17:06:01.9084312+07:00" testType="13cdc9d9-ddb5-4fa4-a97d-d965ccfc6d4b" outcome="Passed" testListId="8c84fa94-04c1-424b-9868-57a2d4851a1d" relativeResultsDirectory="2a7bfb05-054e-4440-ba30-e828926cf0d2" />
    <UnitTestResult executionId="588505a1-c468-4b00-87e5-797ff720f75f" testId="018adc89-92d2-0904-f2a2-cbb2c2eec4af" testName="AISAM.IntegrationTests.ContentControllerTests.UploadMedia_AcceptsSupportedVideo_AndPreservesOriginalFileNameInResponse" computerName="DESKTOP-F8U90NP" duration="00:00:00.0017297" startTime="2026-09-04T17:06:01.9074757+07:00" endTime="2026-09-04T17:06:01.9074758+07:00" testType="13cdc9d9-ddb5-4fa4-a97d-d965ccfc6d4b" outcome="Passed" testListId="8c84fa94-04c1-424b-9868-57a2d4851a1d" relativeResultsDirectory="588505a1-c468-4b00-87e5-797ff720f75f" />
    <UnitTestResult executionId="2be2bcf6-ad06-4e98-9863-129d7c6acd11" testId="b000a762-0e3c-5f89-958e-77647b5ac1bf" testName="AISAM.IntegrationTests.ContentServiceTests.RejectAsync_PersistsNotesAndIncludesThemInNotification" computerName="DESKTOP-F8U90NP" duration="00:00:00.0037865" startTime="2026-09-04T17:06:01.9503348+07:00" endTime="2026-09-04T17:06:01.9503349+07:00" testType="13cdc9d9-ddb5-4fa4-a97d-d965ccfc6d4b" outcome="Passed" testListId="8c84fa94-04c1-424b-9868-57a2d4851a1d" relativeResultsDirectory="2be2bcf6-ad06-4e98-9863-129d7c6acd11" />
    <UnitTestResult executionId="f53fb917-eaa9-42e6-80d8-a7d576863ae9" testId="b09d15d7-881b-a75d-729f-e588ded7859a" testName="AISAM.IntegrationTests.WorkspaceInvitationServiceTests.InviteAsync_AllowsMoreThanTenSlotsWhenWorkspaceLimitIsFifty" computerName="DESKTOP-F8U90NP" duration="00:00:00.0040028" startTime="2026-09-04T17:06:03.3402009+07:00" endTime="2026-09-04T17:06:03.3402012+07:00" testType="13cdc9d9-ddb5-4fa4-a97d-d965ccfc6d4b" outcome="Passed" testListId="8c84fa94-04c1-424b-9868-57a2d4851a1d" relativeResultsDirectory="f53fb917-eaa9-42e6-80d8-a7d576863ae9" />
    <UnitTestResult executionId="1154515f-c17c-4b06-a744-0a1e24e6aa4d" testId="9eeec8b7-29cf-212d-3ded-dc7989f2bed3" testName="AISAM.IntegrationTests.QuotaControllerTests.GetCurrentWorkspaceQuota_UsesValidatedActiveWorkspaceFromHttpContext" computerName="DESKTOP-F8U90NP" duration="00:00:00.0103510" startTime="2026-09-04T17:06:02.0188495+07:00" endTime="2026-09-04T17:06:02.0188497+07:00" testType="13cdc9d9-ddb5-4fa4-a97d-d965ccfc6d4b" outcome="Passed" testListId="8c84fa94-04c1-424b-9868-57a2d4851a1d" relativeResultsDirectory="1154515f-c17c-4b06-a744-0a1e24e6aa4d" />
    <UnitTestResult executionId="9e859706-2772-4569-b0aa-6cb09f1b66cb" testId="e1a46359-e667-e62a-50b9-361bc511f0da" testName="AISAM.IntegrationTests.PermissionHttpTests.ViewerCannotBypassAnalyticsThroughRouteVariants(path: &quot;/api/credit-usage/&quot;)" computerName="DESKTOP-F8U90NP" duration="00:00:00.2172100" startTime="2026-09-04T17:06:07.8782749+07:00" endTime="2026-09-04T17:06:07.8782751+07:00" testType="13cdc9d9-ddb5-4fa4-a97d-d965ccfc6d4b" outcome="Passed" testListId="8c84fa94-04c1-424b-9868-57a2d4851a1d" relativeResultsDirectory="9e859706-2772-4569-b0aa-6cb09f1b66cb" />
    <UnitTestResult executionId="6f6d6556-3d69-4a2a-baf1-e8d0d772ea96" testId="5b4b5901-e14e-97a5-235b-2c7b19791c9f" testName="AISAM.IntegrationTests.WorkspaceInvitationRepositoryTests.AcceptAsync_ReactivatesExistingInactiveMembershipAndAcceptsInvitation" computerName="DESKTOP-F8U90NP" duration="00:00:00.0308407" startTime="2026-09-04T17:06:03.1464451+07:00" endTime="2026-09-04T17:06:03.1464452+07:00" testType="13cdc9d9-ddb5-4fa4-a97d-d965ccfc6d4b" outcome="Passed" testListId="8c84fa94-04c1-424b-9868-57a2d4851a1d" relativeResultsDirectory="6f6d6556-3d69-4a2a-baf1-e8d0d772ea96" />
    <UnitTestResult executionId="0ee736bc-2c73-4c3c-8c02-d96966297a13" testId="9c3d5644-df75-602f-54fb-26a56de01f19" testName="AISAM.IntegrationTests.SocialTokenProtectorTests.Protect_ReturnsCiphertextDifferentFromPlaintext" computerName="DESKTOP-F8U90NP" duration="00:00:00.0414617" startTime="2026-09-04T17:06:03.2768093+07:00" endTime="2026-09-04T17:06:03.2768093+07:00" testType="13cdc9d9-ddb5-4fa4-a97d-d965ccfc6d4b" outcome="Passed" testListId="8c84fa94-04c1-424b-9868-57a2d4851a1d" relativeResultsDirectory="0ee736bc-2c73-4c3c-8c02-d96966297a13" />
    <UnitTestResult executionId="dc08e726-1482-48fd-a21c-c9a30a9a91f2" testId="d1fa0e89-c895-ad91-6205-01bb084a5f22" testName="AISAM.IntegrationTests.CreditServiceTests.EnsureCurrentFreeCreditsAsync_ResetsPersonalFreeWalletAtNewSevenDayCycle" computerName="DESKTOP-F8U90NP" duration="00:00:00.0224165" startTime="2026-09-04T17:06:03.3215277+07:00" endTime="2026-09-04T17:06:03.3215279+07:00" testType="13cdc9d9-ddb5-4fa4-a97d-d965ccfc6d4b" outcome="Passed" testListId="8c84fa94-04c1-424b-9868-57a2d4851a1d" relativeResultsDirectory="dc08e726-1482-48fd-a21c-c9a30a9a91f2" />
    <UnitTestResult executionId="e6e2c6f8-414e-43f3-857b-6fe4e8d1ae52" testId="de982a55-9ba6-462f-50ec-9ef6de0ef079" testName="AISAM.IntegrationTests.ActiveProfileMiddlewareTests.InvokeAsync_DoesNotRequireProfileHeaderForWorkspaceDashboardSummary" computerName="DESKTOP-F8U90NP" duration="00:00:00.0011909" startTime="2026-09-04T17:06:03.1699757+07:00" endTime="2026-09-04T17:06:03.1699758+07:00" testType="13cdc9d9-ddb5-4fa4-a97d-d965ccfc6d4b" outcome="Passed" testListId="8c84fa94-04c1-424b-9868-57a2d4851a1d" relativeResultsDirectory="e6e2c6f8-414e-43f3-857b-6fe4e8d1ae52" />
    <UnitTestResult executionId="b5921365-ef9f-4922-92d3-dcd7b1a519a7" testId="7c7b96a2-e501-e186-fb4f-e1672d1b2e7d" testName="AISAM.IntegrationTests.AiJsonResponseParserTests.Parse_ReturnsJson_WhenResponseContainsRecoverableJson(response: &quot;```json\n{\&quot;name\&quot;:\&quot;test\&quot;,\&quot;value\&quot;:123}\n```&quot;, expectedJson: &quot;{\&quot;name\&quot;:\&quot;test\&quot;,\&quot;value\&quot;:123}&quot;)" computerName="DESKTOP-F8U90NP" duration="00:00:00.0000155" startTime="2026-09-04T17:06:01.9049865+07:00" endTime="2026-09-04T17:06:01.9049865+07:00" testType="13cdc9d9-ddb5-4fa4-a97d-d965ccfc6d4b" outcome="Passed" testListId="8c84fa94-04c1-424b-9868-57a2d4851a1d" relativeResultsDirectory="b5921365-ef9f-4922-92d3-dcd7b1a519a7" />
    <UnitTestResult executionId="b3d47f73-6725-444b-8156-02cf3b1c6fa5" testId="cc4de8ac-db03-0982-ec33-58332e297b5a" testName="AISAM.IntegrationTests.AdCampaignServiceTests.ActivateAsync_NotDeployed_ReturnsError" computerName="DESKTOP-F8U90NP" duration="00:00:00.0030104" startTime="2026-09-04T17:06:01.9310843+07:00" endTime="2026-09-04T17:06:01.9310844+07:00" testType="13cdc9d9-ddb5-4fa4-a97d-d965ccfc6d4b" outcome="Passed" testListId="8c84fa94-04c1-424b-9868-57a2d4851a1d" relativeResultsDirectory="b3d47f73-6725-444b-8156-02cf3b1c6fa5" />
    <UnitTestResult executionId="516e4b33-bbc4-4f32-95b6-7d1bbcbf472d" testId="0bccbb87-236e-c914-c25f-6a9070254c9c" testName="AISAM.IntegrationTests.PermissionSecurityTests.CampaignMetadata_DoesNotSerializeProtectedMetrics(role: Viewer)" computerName="DESKTOP-F8U90NP" duration="00:00:00.1134271" startTime="2026-09-04T17:06:04.2746883+07:00" endTime="2026-09-04T17:06:04.2746884+07:00" testType="13cdc9d9-ddb5-4fa4-a97d-d965ccfc6d4b" outcome="Passed" testListId="8c84fa94-04c1-424b-9868-57a2d4851a1d" relativeResultsDirectory="516e4b33-bbc4-4f32-95b6-7d1bbcbf472d" />
    <UnitTestResult executionId="c64d11bb-c7ac-459f-8012-97e5071d84b8" testId="c6107fda-c438-8f17-a79a-a713e00fa030" testName="AISAM.IntegrationTests.AIServiceTests.ExtractGeneratedTitle_UsesUppercaseCaptionHeadline_InsteadOfAiTitle" computerName="DESKTOP-F8U90NP" duration="00:00:00.0217943" startTime="2026-09-04T17:06:03.3010092+07:00" endTime="2026-09-04T17:06:03.3010093+07:00" testType="13cdc9d9-ddb5-4fa4-a97d-d965ccfc6d4b" outcome="Passed" testListId="8c84fa94-04c1-424b-9868-57a2d4851a1d" relativeResultsDirectory="c64d11bb-c7ac-459f-8012-97e5071d84b8" />
    <UnitTestResult executionId="74380975-9620-4a91-9274-2e1bc220d7e7" testId="47cef590-68ad-0af9-3221-33e7c5d8cbae" testName="AISAM.IntegrationTests.PaymentRepositoryTests.CountSuccessfulPostUsageAsync_CountsOnlyPublishedPostsInsideSubscriptionWindow" computerName="DESKTOP-F8U90NP" duration="00:00:00.0067075" startTime="2026-09-04T17:06:03.4488610+07:00" endTime="2026-09-04T17:06:03.4488612+07:00" testType="13cdc9d9-ddb5-4fa4-a97d-d965ccfc6d4b" outcome="Passed" testListId="8c84fa94-04c1-424b-9868-57a2d4851a1d" relativeResultsDirectory="74380975-9620-4a91-9274-2e1bc220d7e7" />
    <UnitTestResult executionId="94018bd6-5144-41b0-862c-5da6bbf7df05" testId="1283b213-e024-ccd8-c377-5dbbda441fa3" testName="AISAM.IntegrationTests.SocialRepositoryTests.UpdateAsync_PersistsSoftDeleteFlags_ForAccountAndIntegration_WithoutRemovingPosts" computerName="DESKTOP-F8U90NP" duration="00:00:00.1075568" startTime="2026-09-04T17:06:03.4674263+07:00" endTime="2026-09-04T17:06:03.4674266+07:00" testType="13cdc9d9-ddb5-4fa4-a97d-d965ccfc6d4b" outcome="Passed" testListId="8c84fa94-04c1-424b-9868-57a2d4851a1d" relativeResultsDirectory="94018bd6-5144-41b0-862c-5da6bbf7df05" />
    <UnitTestResult executionId="84e0a5c6-8a74-4ac4-b5c7-9013c910c7b3" testId="85cb1fab-2213-dff1-dafa-232b9d2424ba" testName="AISAM.IntegrationTests.ContentServiceTests.CreateAsync_UsesActiveProfile_WhenBrandBelongsToProfile" computerName="DESKTOP-F8U90NP" duration="00:00:00.0013096" startTime="2026-09-04T17:06:01.9515958+07:00" endTime="2026-09-04T17:06:01.9515960+07:00" testType="13cdc9d9-ddb5-4fa4-a97d-d965ccfc6d4b" outcome="Passed" testListId="8c84fa94-04c1-424b-9868-57a2d4851a1d" relativeResultsDirectory="84e0a5c6-8a74-4ac4-b5c7-9013c910c7b3" />
    <UnitTestResult executionId="bf6dccc2-bb47-4c1b-b1b1-9a0e900b20a5" testId="e7109be2-2e34-395b-8b3a-f2aa43f34c2e" testName="AISAM.IntegrationTests.PermissionSecurityTests.SettingAudit_NeverStoresArbitraryInput(key: &quot;nested_runtime_configuration&quot;, batch: True)" computerName="DESKTOP-F8U90NP" duration="00:00:00.1226321" startTime="2026-09-04T17:06:07.8309198+07:00" endTime="2026-09-04T17:06:07.8309200+07:00" testType="13cdc9d9-ddb5-4fa4-a97d-d965ccfc6d4b" outcome="Passed" testListId="8c84fa94-04c1-424b-9868-57a2d4851a1d" relativeResultsDirectory="bf6dccc2-bb47-4c1b-b1b1-9a0e900b20a5" />
    <UnitTestResult executionId="7e0fef93-0b52-4404-a743-f33f40b9fa09" testId="d497318a-7064-4ba6-fdc7-8ee6ded14472" testName="AISAM.IntegrationTests.ActiveWorkspaceMiddlewareTests.InvokeAsync_ReturnsForbidden_WhenNonOwnerAccessesBillingRoute" computerName="DESKTOP-F8U90NP" duration="00:00:00.0005867" startTime="2026-09-04T17:06:01.9867927+07:00" endTime="2026-09-04T17:06:01.9867929+07:00" testType="13cdc9d9-ddb5-4fa4-a97d-d965ccfc6d4b" outcome="Passed" testListId="8c84fa94-04c1-424b-9868-57a2d4851a1d" relativeResultsDirectory="7e0fef93-0b52-4404-a743-f33f40b9fa09" />
    <UnitTestResult executionId="6a3d4bd5-86ab-4a9b-b508-5f6a25be84b2" testId="7e31acc9-7684-5c6b-bc1b-00a96ee5aca0" testName="AISAM.IntegrationTests.OAuthStateStoreTests.ConsumeAsync_ReturnsNull_WhenProfileIdDoesNotMatch" computerName="DESKTOP-F8U90NP" duration="00:00:00.0109379" startTime="2026-09-04T17:06:01.9052360+07:00" endTime="2026-09-04T17:06:01.9052361+07:00" testType="13cdc9d9-ddb5-4fa4-a97d-d965ccfc6d4b" outcome="Passed" testListId="8c84fa94-04c1-424b-9868-57a2d4851a1d" relativeResultsDirectory="6a3d4bd5-86ab-4a9b-b508-5f6a25be84b2" />
    <UnitTestResult executionId="4d068eb9-1eae-4414-8b9c-18e176e2b203" testId="63fa1c67-648f-a858-2306-23d4566ac700" testName="AISAM.IntegrationTests.AiJsonResponseParserTests.Parse_ReturnsJson_WhenResponseContainsRecoverableJson(response: &quot;Here is the result:\n\n{\&quot;name\&quot;:\&quot;test\&quot;,\&quot;value\&quot;···, expectedJson: &quot;{\&quot;name\&quot;:\&quot;test\&quot;,\&quot;value\&quot;:123}&quot;)" computerName="DESKTOP-F8U90NP" duration="00:00:00.0003034" startTime="2026-09-04T17:06:01.9049422+07:00" endTime="2026-09-04T17:06:01.9049422+07:00" testType="13cdc9d9-ddb5-4fa4-a97d-d965ccfc6d4b" outcome="Passed" testListId="8c84fa94-04c1-424b-9868-57a2d4851a1d" relativeResultsDirectory="4d068eb9-1eae-4414-8b9c-18e176e2b203" />
    <UnitTestResult executionId="0d6fe13e-e51a-4b3d-8ac9-ba6244412311" testId="dca0edbc-5ce8-87ab-0b33-28f8366bdb4f" testName="AISAM.IntegrationTests.FacebookProviderTests.ExchangeCodeAsync_ReturnsSocialAccountDto_WhenFacebookReturnsTokenAndProfile" computerName="DESKTOP-F8U90NP" duration="00:00:00.0094581" startTime="2026-09-04T17:06:02.9293419+07:00" endTime="2026-09-04T17:06:02.9293422+07:00" testType="13cdc9d9-ddb5-4fa4-a97d-d965ccfc6d4b" outcome="Passed" testListId="8c84fa94-04c1-424b-9868-57a2d4851a1d" relativeResultsDirectory="0d6fe13e-e51a-4b3d-8ac9-ba6244412311" />
    <UnitTestResult executionId="aaea18ae-1d4e-486e-948f-1be56fe651b5" testId="48232128-7475-0e97-1877-073a2d3694ca" testName="AISAM.IntegrationTests.FoundationTests.EmailService_ReturnsFalse_WhenSmtpIsNotConfiguredAsync" computerName="DESKTOP-F8U90NP" duration="00:00:00.0026558" startTime="2026-09-04T17:06:01.9986609+07:00" endTime="2026-09-04T17:06:01.9986610+07:00" testType="13cdc9d9-ddb5-4fa4-a97d-d965ccfc6d4b" outcome="Passed" testListId="8c84fa94-04c1-424b-9868-57a2d4851a1d" relativeResultsDirectory="aaea18ae-1d4e-486e-948f-1be56fe651b5" />
    <UnitTestResult executionId="74add3cf-cd04-4bcd-a9b9-3ff81f3b826c" testId="3bc69801-d150-2c9d-829a-9f053b55e8ee" testName="AISAM.IntegrationTests.GeminiTextClientTests.GenerateAsync_ThrowsClearErrorBeforeHttpCall_WhenApiKeyIsMissing" computerName="DESKTOP-F8U90NP" duration="00:00:00.0040126" startTime="2026-09-04T17:06:03.1111236+07:00" endTime="2026-09-04T17:06:03.1111238+07:00" testType="13cdc9d9-ddb5-4fa4-a97d-d965ccfc6d4b" outcome="Passed" testListId="8c84fa94-04c1-424b-9868-57a2d4851a1d" relativeResultsDirectory="74add3cf-cd04-4bcd-a9b9-3ff81f3b826c" />
    <UnitTestResult executionId="d648072a-5fb2-452c-8870-241281e34f5f" testId="c3cad27b-5101-f7c5-71b7-991cc7a73e49" testName="AISAM.IntegrationTests.DashboardControllerTests.GetSummary_UsesValidatedActiveWorkspaceFromHttpContext" computerName="DESKTOP-F8U90NP" duration="00:00:00.0022257" startTime="2026-09-04T17:06:01.9563433+07:00" endTime="2026-09-04T17:06:01.9563434+07:00" testType="13cdc9d9-ddb5-4fa4-a97d-d965ccfc6d4b" outcome="Passed" testListId="8c84fa94-04c1-424b-9868-57a2d4851a1d" relativeResultsDirectory="d648072a-5fb2-452c-8870-241281e34f5f" />
    <UnitTestResult executionId="3f8dc02b-8963-4099-81a3-05217f21ae9a" testId="f71198b3-1337-14dc-b81f-e9a638b4ca9b" testName="AISAM.IntegrationTests.AdCampaignServiceTests.CreateAsync_WithBudgetBelowMinimum_ReturnsError" computerName="DESKTOP-F8U90NP" duration="00:00:00.0008705" startTime="2026-09-04T17:06:01.9602844+07:00" endTime="2026-09-04T17:06:01.9602845+07:00" testType="13cdc9d9-ddb5-4fa4-a97d-d965ccfc6d4b" outcome="Passed" testListId="8c84fa94-04c1-424b-9868-57a2d4851a1d" relativeResultsDirectory="3f8dc02b-8963-4099-81a3-05217f21ae9a" />
    <UnitTestResult executionId="1b0c4651-5a12-4416-a751-5a158085e340" testId="02488ee3-e776-7642-ebf7-68870aa95677" testName="AISAM.IntegrationTests.DeApiVideoClientTests.StartAsync_UsesV2VideoGenerationEndpoint_WhenLegacyBaseUrlIsConfigured" computerName="DESKTOP-F8U90NP" duration="00:00:00.0008517" startTime="2026-09-04T17:06:01.9587884+07:00" endTime="2026-09-04T17:06:01.9587885+07:00" testType="13cdc9d9-ddb5-4fa4-a97d-d965ccfc6d4b" outcome="Passed" testListId="8c84fa94-04c1-424b-9868-57a2d4851a1d" relativeResultsDirectory="1b0c4651-5a12-4416-a751-5a158085e340" />
    <UnitTestResult executionId="bb29f466-efbc-4dbe-9efe-a8eca43011a1" testId="36fabaec-11d1-674e-4a3b-8ddb8327f5e0" testName="AISAM.IntegrationTests.SocialServiceTests.LinkSelectedTargetsInWorkspaceAsync_AllowsMemberWhoseProfileDoesNotOwnBrand" computerName="DESKTOP-F8U90NP" duration="00:00:00.0226664" startTime="2026-09-04T17:06:03.0609765+07:00" endTime="2026-09-04T17:06:03.0609771+07:00" testType="13cdc9d9-ddb5-4fa4-a97d-d965ccfc6d4b" outcome="Passed" testListId="8c84fa94-04c1-424b-9868-57a2d4851a1d" relativeResultsDirectory="bb29f466-efbc-4dbe-9efe-a8eca43011a1" />
    <UnitTestResult executionId="47c59db0-7709-4598-9df3-3831e46d17a2" testId="b7adb93b-a7d6-c326-d986-b6168d100111" testName="AISAM.IntegrationTests.SubscriptionRepositoryTests.GetCurrentActiveByProfileIdAsync_ReturnsSubscriptionInsideActiveDates" computerName="DESKTOP-F8U90NP" duration="00:00:01.1531317" startTime="2026-09-04T17:06:03.0847684+07:00" endTime="2026-09-04T17:06:03.0847687+07:00" testType="13cdc9d9-ddb5-4fa4-a97d-d965ccfc6d4b" outcome="Passed" testListId="8c84fa94-04c1-424b-9868-57a2d4851a1d" relativeResultsDirectory="47c59db0-7709-4598-9df3-3831e46d17a2" />
    <UnitTestResult executionId="8d8e9245-99ee-47ef-8e06-cb2d6c024362" testId="474d0854-bfae-377a-423d-4af357b6434b" testName="AISAM.IntegrationTests.WorkspaceInvitationRepositoryTests.GetPendingByWorkspaceAndEmailAsync_NormalizesLookupEmail" computerName="DESKTOP-F8U90NP" duration="00:00:00.0584133" startTime="2026-09-04T17:06:03.2676655+07:00" endTime="2026-09-04T17:06:03.2676657+07:00" testType="13cdc9d9-ddb5-4fa4-a97d-d965ccfc6d4b" outcome="Passed" testListId="8c84fa94-04c1-424b-9868-57a2d4851a1d" relativeResultsDirectory="8d8e9245-99ee-47ef-8e06-cb2d6c024362" />
    <UnitTestResult executionId="b8df39f1-3f1c-4969-95b9-be6122fa6bbd" testId="0266c8ff-dbb4-c006-68b9-3f8492f426e0" testName="AISAM.IntegrationTests.BrandWorkspaceOwnershipTests.CreateAsync_UsesCreatorsProfile_WhenWorkspaceRequestOmitsProfileId" computerName="DESKTOP-F8U90NP" duration="00:00:00.0084119" startTime="2026-09-04T17:06:03.3904333+07:00" endTime="2026-09-04T17:06:03.3904335+07:00" testType="13cdc9d9-ddb5-4fa4-a97d-d965ccfc6d4b" outcome="Passed" testListId="8c84fa94-04c1-424b-9868-57a2d4851a1d" relativeResultsDirectory="b8df39f1-3f1c-4969-95b9-be6122fa6bbd" />
    <UnitTestResult executionId="decd5aea-6b2b-4341-9acf-3f365f9da7c8" testId="635f191e-89b1-9a88-e473-5271de553c0e" testName="AISAM.IntegrationTests.WorkspaceInvitationControllerTests.Invite_UsesActiveWorkspaceAndAuthenticatedUser" computerName="DESKTOP-F8U90NP" duration="00:00:00.0021402" startTime="2026-09-04T17:06:02.0082627+07:00" endTime="2026-09-04T17:06:02.0082629+07:00" testType="13cdc9d9-ddb5-4fa4-a97d-d965ccfc6d4b" outcome="Passed" testListId="8c84fa94-04c1-424b-9868-57a2d4851a1d" relativeResultsDirectory="decd5aea-6b2b-4341-9acf-3f365f9da7c8" />
    <UnitTestResult executionId="6fc928e5-01c5-44cd-ba32-5827f266bdeb" testId="7f7ad053-5fbb-4590-474c-cd517a669156" testName="AISAM.IntegrationTests.AutomationServiceTests.ImportCsvAsync_CombinesSimpleDateAndTimeColumns" computerName="DESKTOP-F8U90NP" duration="00:00:00.0307404" startTime="2026-09-04T17:06:02.0318464+07:00" endTime="2026-09-04T17:06:02.0318466+07:00" testType="13cdc9d9-ddb5-4fa4-a97d-d965ccfc6d4b" outcome="Passed" testListId="8c84fa94-04c1-424b-9868-57a2d4851a1d" relativeResultsDirectory="6fc928e5-01c5-44cd-ba32-5827f266bdeb" />
    <UnitTestResult executionId="8abe46a5-24f6-4766-83ee-61043d8e9ca1" testId="ada1c676-5198-5a30-228d-c3110100c76e" testName="AISAM.IntegrationTests.CreditServiceTests.RecordUsageAsync_StoresCreditUsageMetadataWithoutPromptContent" computerName="DESKTOP-F8U90NP" duration="00:00:00.0163315" startTime="2026-09-04T17:06:03.2761030+07:00" endTime="2026-09-04T17:06:03.2761032+07:00" testType="13cdc9d9-ddb5-4fa4-a97d-d965ccfc6d4b" outcome="Passed" testListId="8c84fa94-04c1-424b-9868-57a2d4851a1d" relativeResultsDirectory="8abe46a5-24f6-4766-83ee-61043d8e9ca1" />
    <UnitTestResult executionId="4a680237-ae7f-441a-a934-6da93c55947b" testId="b8fd414a-680c-f9ce-b766-d34cf165b0f2" testName="AISAM.IntegrationTests.WorkspaceMemberServiceTests.RemoveAsync_AllowsOwnerToRemoveNonOwner" computerName="DESKTOP-F8U90NP" duration="00:00:00.0278823" startTime="2026-09-04T17:06:03.1768475+07:00" endTime="2026-09-04T17:06:03.1768478+07:00" testType="13cdc9d9-ddb5-4fa4-a97d-d965ccfc6d4b" outcome="Passed" testListId="8c84fa94-04c1-424b-9868-57a2d4851a1d" relativeResultsDirectory="4a680237-ae7f-441a-a934-6da93c55947b" />
    <UnitTestResult executionId="0f3614e0-85a5-42b5-b426-fed81f8ddbd7" testId="8e193f31-e3d7-bbf3-e838-7214a633c17a" testName="AISAM.IntegrationTests.WorkspaceControllerTests.Create_UsesAuthenticatedUserAndReturnsCreated" computerName="DESKTOP-F8U90NP" duration="00:00:00.0033510" startTime="2026-09-04T17:06:03.1514874+07:00" endTime="2026-09-04T17:06:03.1514877+07:00" testType="13cdc9d9-ddb5-4fa4-a97d-d965ccfc6d4b" outcome="Passed" testListId="8c84fa94-04c1-424b-9868-57a2d4851a1d" relativeResultsDirectory="0f3614e0-85a5-42b5-b426-fed81f8ddbd7" />
    <UnitTestResult executionId="e948e91b-22a3-4052-b596-208f53994e10" testId="dff8a469-202b-e148-d68b-ad214e4e7a72" testName="AISAM.IntegrationTests.TikTokProviderTests.PublishAsync_RequiresVideo" computerName="DESKTOP-F8U90NP" duration="00:00:00.0010607" startTime="2026-09-04T17:06:01.9814696+07:00" endTime="2026-09-04T17:06:01.9814698+07:00" testType="13cdc9d9-ddb5-4fa4-a97d-d965ccfc6d4b" outcome="Passed" testListId="8c84fa94-04c1-424b-9868-57a2d4851a1d" relativeResultsDirectory="e948e91b-22a3-4052-b596-208f53994e10" />
    <UnitTestResult executionId="464f1f87-184c-4a46-974a-4885839833c9" testId="ec4bb9f4-b79b-6ae0-a39d-334da8b9511c" testName="AISAM.IntegrationTests.PermissionHttpTests.WorkspaceRoleDowngrade_UsesDatabaseRoleImmediately" computerName="DESKTOP-F8U90NP" duration="00:00:00.2155953" startTime="2026-09-04T17:06:09.2191105+07:00" endTime="2026-09-04T17:06:09.2191107+07:00" testType="13cdc9d9-ddb5-4fa4-a97d-d965ccfc6d4b" outcome="Passed" testListId="8c84fa94-04c1-424b-9868-57a2d4851a1d" relativeResultsDirectory="464f1f87-184c-4a46-974a-4885839833c9" />
    <UnitTestResult executionId="8f48b607-b7f0-4370-b193-5e080bac17a9" testId="d417cf38-4c82-4b92-1f70-062ab5ffaa94" testName="AISAM.IntegrationTests.ScheduledPostingServiceTests.RunDueSchedulesAsync_DoesNotReprocessCompletedSchedules" computerName="DESKTOP-F8U90NP" duration="00:00:00.0004035" startTime="2026-09-04T17:06:02.0296215+07:00" endTime="2026-09-04T17:06:02.0296215+07:00" testType="13cdc9d9-ddb5-4fa4-a97d-d965ccfc6d4b" outcome="Passed" testListId="8c84fa94-04c1-424b-9868-57a2d4851a1d" relativeResultsDirectory="8f48b607-b7f0-4370-b193-5e080bac17a9" />
    <UnitTestResult executionId="d90d20cf-8a3d-4bf1-964c-7c858685bcde" testId="9b4354b3-3c70-f221-34d9-246713c6bfe7" testName="AISAM.IntegrationTests.AdCampaignServiceTests.CreateAsync_WithVNDBudget30k_ReturnsSuccess" computerName="DESKTOP-F8U90NP" duration="00:00:00.0006385" startTime="2026-09-04T17:06:01.9436236+07:00" endTime="2026-09-04T17:06:01.9436237+07:00" testType="13cdc9d9-ddb5-4fa4-a97d-d965ccfc6d4b" outcome="Passed" testListId="8c84fa94-04c1-424b-9868-57a2d4851a1d" relativeResultsDirectory="d90d20cf-8a3d-4bf1-964c-7c858685bcde" />
    <UnitTestResult executionId="263fd0a1-c0e9-4c43-bbc8-70d1ffe16cbc" testId="f37c5710-a7f1-9921-8441-663d77a6d24d" testName="AISAM.IntegrationTests.WorkspaceRepositoryTests.AddAsync_RejectsAssigningOwnerRole" computerName="DESKTOP-F8U90NP" duration="00:00:00.0063327" startTime="2026-09-04T17:06:03.1835804+07:00" endTime="2026-09-04T17:06:03.1835807+07:00" testType="13cdc9d9-ddb5-4fa4-a97d-d965ccfc6d4b" outcome="Passed" testListId="8c84fa94-04c1-424b-9868-57a2d4851a1d" relativeResultsDirectory="263fd0a1-c0e9-4c43-bbc8-70d1ffe16cbc" />
    <UnitTestResult executionId="a2e32b67-5625-4a7d-a3a2-169756774ab3" testId="9bd938a1-ecf9-4bbf-a614-9e02bb5e7f7e" testName="AISAM.IntegrationTests.ActiveWorkspaceMiddlewareTests.InvokeAsync_AllowsAnonymousFacebookCallbackRelay" computerName="DESKTOP-F8U90NP" duration="00:00:00.0004958" startTime="2026-09-04T17:06:01.9803595+07:00" endTime="2026-09-04T17:06:01.9803595+07:00" testType="13cdc9d9-ddb5-4fa4-a97d-d965ccfc6d4b" outcome="Passed" testListId="8c84fa94-04c1-424b-9868-57a2d4851a1d" relativeResultsDirectory="a2e32b67-5625-4a7d-a3a2-169756774ab3" />
    <UnitTestResult executionId="4df69929-ad64-453f-ad8a-1a1ba6d5b851" testId="ec05c899-6d94-9099-1a91-6b4299a697d4" testName="AISAM.IntegrationTests.AdCampaignServiceTests.DeployAsync_WithoutLandingUrl_ReturnsError" computerName="DESKTOP-F8U90NP" duration="00:00:00.0009180" startTime="2026-09-04T17:06:01.9509862+07:00" endTime="2026-09-04T17:06:01.9509864+07:00" testType="13cdc9d9-ddb5-4fa4-a97d-d965ccfc6d4b" outcome="Passed" testListId="8c84fa94-04c1-424b-9868-57a2d4851a1d" relativeResultsDirectory="4df69929-ad64-453f-ad8a-1a1ba6d5b851" />
    <UnitTestResult executionId="70ef486b-24dc-4cf4-8845-8ea18a5aaee7" testId="430e13b1-becd-fc51-5768-bd893f87a3c7" testName="AISAM.IntegrationTests.BrandWorkspaceOwnershipTests.CreateAsync_CreatesCompatibilityProfile_WhenWorkspaceMemberHasNoProfile" computerName="DESKTOP-F8U90NP" duration="00:00:00.1816676" startTime="2026-09-04T17:06:03.2037907+07:00" endTime="2026-09-04T17:06:03.2037909+07:00" testType="13cdc9d9-ddb5-4fa4-a97d-d965ccfc6d4b" outcome="Passed" testListId="8c84fa94-04c1-424b-9868-57a2d4851a1d" relativeResultsDirectory="70ef486b-24dc-4cf4-8845-8ea18a5aaee7" />
    <UnitTestResult executionId="56bdb27c-e051-4a48-9ed4-430c56be1ebb" testId="76f32eb4-fd69-2289-d81e-29b7c1df7969" testName="AISAM.IntegrationTests.AdCampaignServiceTests.RestoreAsync_WithNotDeletedCampaign_ReturnsError" computerName="DESKTOP-F8U90NP" duration="00:00:00.0020862" startTime="2026-09-04T17:06:01.9332138+07:00" endTime="2026-09-04T17:06:01.9332138+07:00" testType="13cdc9d9-ddb5-4fa4-a97d-d965ccfc6d4b" outcome="Passed" testListId="8c84fa94-04c1-424b-9868-57a2d4851a1d" relativeResultsDirectory="56bdb27c-e051-4a48-9ed4-430c56be1ebb" />
    <UnitTestResult executionId="671dd7ce-e0ab-483d-9771-e49d10fa35cc" testId="3ca790df-8cf1-0dfc-fca5-84b22f85e306" testName="AISAM.IntegrationTests.ContentControllerTests.Create_ReturnsServiceStatusCode_WhenValidationFails" computerName="DESKTOP-F8U90NP" duration="00:00:00.0049365" startTime="2026-09-04T17:06:01.9085594+07:00" endTime="2026-09-04T17:06:01.9085594+07:00" testType="13cdc9d9-ddb5-4fa4-a97d-d965ccfc6d4b" outcome="Passed" testListId="8c84fa94-04c1-424b-9868-57a2d4851a1d" relativeResultsDirectory="671dd7ce-e0ab-483d-9771-e49d10fa35cc" />
    <UnitTestResult executionId="6d217064-8291-4851-b325-163877249d8d" testId="123d09c5-2d0a-0378-4023-8ff2fd0cf632" testName="AISAM.IntegrationTests.WorkspaceRepositoryTests.TransferOwnershipAsync_RejectsInvalidOwnerInvariantWithoutChangingRoles" computerName="DESKTOP-F8U90NP" duration="00:00:01.2841564" startTime="2026-09-04T17:06:03.1404979+07:00" endTime="2026-09-04T17:06:03.1404980+07:00" testType="13cdc9d9-ddb5-4fa4-a97d-d965ccfc6d4b" outcome="Passed" testListId="8c84fa94-04c1-424b-9868-57a2d4851a1d" relativeResultsDirectory="6d217064-8291-4851-b325-163877249d8d" />
    <UnitTestResult executionId="c5d01f7d-c178-4605-805e-9db3466348a2" testId="a23b5c95-a5be-26b2-8d01-809962f547b8" testName="AISAM.IntegrationTests.WorkspaceDomainFoundationTests.UserCanBeRepresentedAsMemberOfMultipleWorkspaces" computerName="DESKTOP-F8U90NP" duration="00:00:00.0002080" startTime="2026-09-04T17:06:02.7660887+07:00" endTime="2026-09-04T17:06:02.7660889+07:00" testType="13cdc9d9-ddb5-4fa4-a97d-d965ccfc6d4b" outcome="Passed" testListId="8c84fa94-04c1-424b-9868-57a2d4851a1d" relativeResultsDirectory="c5d01f7d-c178-4605-805e-9db3466348a2" />
    <UnitTestResult executionId="ed1af0d6-3212-4310-bf5e-1a39be4e3fd8" testId="1f4fa6de-be3f-3571-24f5-697642788940" testName="AISAM.IntegrationTests.WorkspaceInvitationServiceTests.AcceptAsync_RejectsWhenWorkspaceReachedLimitAfterInvitationCreation" computerName="DESKTOP-F8U90NP" duration="00:00:00.0037131" startTime="2026-09-04T17:06:03.3316054+07:00" endTime="2026-09-04T17:06:03.3316056+07:00" testType="13cdc9d9-ddb5-4fa4-a97d-d965ccfc6d4b" outcome="Passed" testListId="8c84fa94-04c1-424b-9868-57a2d4851a1d" relativeResultsDirectory="ed1af0d6-3212-4310-bf5e-1a39be4e3fd8" />
    <UnitTestResult executionId="665862a8-68d3-4af3-9f9e-86a4aaa77213" testId="413c08c1-27db-f786-49d3-0449c128790d" testName="AISAM.IntegrationTests.AIServiceTests.ApproveGenerationAsync_CopiesTextAndSetsPendingApproval" computerName="DESKTOP-F8U90NP" duration="00:00:00.0021543" startTime="2026-09-04T17:06:03.2726430+07:00" endTime="2026-09-04T17:06:03.2726430+07:00" testType="13cdc9d9-ddb5-4fa4-a97d-d965ccfc6d4b" outcome="Passed" testListId="8c84fa94-04c1-424b-9868-57a2d4851a1d" relativeResultsDirectory="665862a8-68d3-4af3-9f9e-86a4aaa77213" />
    <UnitTestResult executionId="c99e5df6-7078-416a-9868-cb3d3e1a4b0b" testId="ac429296-9ba1-4f41-ff43-931fc7a4f131" testName="AISAM.IntegrationTests.ActiveWorkspaceMiddlewareTests.InvokeAsync_AllowsViewerToReadContent" computerName="DESKTOP-F8U90NP" duration="00:00:00.0005656" startTime="2026-09-04T17:06:01.9768481+07:00" endTime="2026-09-04T17:06:01.9768482+07:00" testType="13cdc9d9-ddb5-4fa4-a97d-d965ccfc6d4b" outcome="Passed" testListId="8c84fa94-04c1-424b-9868-57a2d4851a1d" relativeResultsDirectory="c99e5df6-7078-416a-9868-cb3d3e1a4b0b" />
    <UnitTestResult executionId="1562c88c-602d-4ae0-bf1c-e3355900b74a" testId="3a52f9f5-f5fe-005b-0f0d-107b1d206ac4" testName="AISAM.IntegrationTests.PromptEnhancerTests.EnhanceImagePromptAsync_FallsBackToRawPrompt_WhenGeminiThrows" computerName="DESKTOP-F8U90NP" duration="00:00:00.0005798" startTime="2026-09-04T17:06:01.9660955+07:00" endTime="2026-09-04T17:06:01.9660956+07:00" testType="13cdc9d9-ddb5-4fa4-a97d-d965ccfc6d4b" outcome="Passed" testListId="8c84fa94-04c1-424b-9868-57a2d4851a1d" relativeResultsDirectory="1562c88c-602d-4ae0-bf1c-e3355900b74a" />
    <UnitTestResult executionId="7e3ca158-f3b0-4e1e-ab26-027a47556e83" testId="7a292477-500a-ae8f-7404-ff3667e0e25a" testName="AISAM.IntegrationTests.AIServiceTests.ChatAsync_SavesUserAndAiMessages_WhenGeminiSucceeds" computerName="DESKTOP-F8U90NP" duration="00:00:00.0208311" startTime="2026-09-04T17:06:03.2530067+07:00" endTime="2026-09-04T17:06:03.2530069+07:00" testType="13cdc9d9-ddb5-4fa4-a97d-d965ccfc6d4b" outcome="Passed" testListId="8c84fa94-04c1-424b-9868-57a2d4851a1d" relativeResultsDirectory="7e3ca158-f3b0-4e1e-ab26-027a47556e83" />
    <UnitTestResult executionId="e4f7ed85-ccee-4adf-b7a5-296d7a856715" testId="4cf78448-f984-ed8b-341d-a84131ff79ae" testName="AISAM.IntegrationTests.AdCampaignServiceTests.CreateAsync_WithVariants_NotSummingTo100_ReturnsError" computerName="DESKTOP-F8U90NP" duration="00:00:00.0008443" startTime="2026-09-04T17:06:01.9518803+07:00" endTime="2026-09-04T17:06:01.9518804+07:00" testType="13cdc9d9-ddb5-4fa4-a97d-d965ccfc6d4b" outcome="Passed" testListId="8c84fa94-04c1-424b-9868-57a2d4851a1d" relativeResultsDirectory="e4f7ed85-ccee-4adf-b7a5-296d7a856715" />
    <UnitTestResult executionId="47f0ebfd-5acc-4867-ac26-c5aba1824580" testId="47e252da-f867-b2d6-f70f-3e2279767b79" testName="AISAM.IntegrationTests.WorkspaceServiceTests.UpdateAsync_AllowsOwnerToRenameWorkspace" computerName="DESKTOP-F8U90NP" duration="00:00:01.1828992" startTime="2026-09-04T17:06:03.1396528+07:00" endTime="2026-09-04T17:06:03.1396530+07:00" testType="13cdc9d9-ddb5-4fa4-a97d-d965ccfc6d4b" outcome="Passed" testListId="8c84fa94-04c1-424b-9868-57a2d4851a1d" relativeResultsDirectory="47f0ebfd-5acc-4867-ac26-c5aba1824580" />
    <UnitTestResult executionId="5dbf3138-f566-40c2-af73-1fcfa2638015" testId="b12d837c-e027-0fc9-dae7-eebb1cd09481" testName="AISAM.IntegrationTests.WorkspaceLifecyclePolicyTests.SynchronizeStatus_AppliesBusinessExpirationLifecycle(expirationOffsetDays: -180, expected: Archived)" computerName="DESKTOP-F8U90NP" duration="00:00:00.0000102" startTime="2026-09-04T17:06:01.9031815+07:00" endTime="2026-09-04T17:06:01.9031816+07:00" testType="13cdc9d9-ddb5-4fa4-a97d-d965ccfc6d4b" outcome="Passed" testListId="8c84fa94-04c1-424b-9868-57a2d4851a1d" relativeResultsDirectory="5dbf3138-f566-40c2-af73-1fcfa2638015" />
    <UnitTestResult executionId="8fa34aa6-e736-4614-ade5-49c8821aa703" testId="568a7f84-8963-8a5e-af6f-05301bc96ff0" testName="AISAM.IntegrationTests.TikTokProviderTests.PublishAsync_UploadsVideoWithPrivateDirectPost" computerName="DESKTOP-F8U90NP" duration="00:00:00.1176781" startTime="2026-09-04T17:06:01.9735590+07:00" endTime="2026-09-04T17:06:01.9735592+07:00" testType="13cdc9d9-ddb5-4fa4-a97d-d965ccfc6d4b" outcome="Passed" testListId="8c84fa94-04c1-424b-9868-57a2d4851a1d" relativeResultsDirectory="8fa34aa6-e736-4614-ade5-49c8821aa703" />
    <UnitTestResult executionId="73ff7a39-6e8c-488b-b83b-f7d5e724973b" testId="346ae3c3-1b4c-ca0d-f9de-625b695f77ad" testName="AISAM.IntegrationTests.ContentServiceTests.GetByIdInWorkspaceAsync_MapsRejectionReason_Correctly_WhenRejected" computerName="DESKTOP-F8U90NP" duration="00:00:00.0057698" startTime="2026-09-04T17:06:01.9112266+07:00" endTime="2026-09-04T17:06:01.9112268+07:00" testType="13cdc9d9-ddb5-4fa4-a97d-d965ccfc6d4b" outcome="Passed" testListId="8c84fa94-04c1-424b-9868-57a2d4851a1d" relativeResultsDirectory="73ff7a39-6e8c-488b-b83b-f7d5e724973b" />
    <UnitTestResult executionId="3804ac53-8262-4063-b524-6040c761d227" testId="b4792e22-73aa-ad98-9cd9-4c756df35319" testName="AISAM.IntegrationTests.DeApiVideoClientTests.PollAsync_KeepsJobProcessing_WhenProviderRateLimitsStatusCheck" computerName="DESKTOP-F8U90NP" duration="00:00:00.0024195" startTime="2026-09-04T17:06:01.9133330+07:00" endTime="2026-09-04T17:06:01.9133333+07:00" testType="13cdc9d9-ddb5-4fa4-a97d-d965ccfc6d4b" outcome="Passed" testListId="8c84fa94-04c1-424b-9868-57a2d4851a1d" relativeResultsDirectory="3804ac53-8262-4063-b524-6040c761d227" />
    <UnitTestResult executionId="7e1ab2dd-a7b0-4f80-bf00-76735e99efd5" testId="c1af34d9-1b89-7614-b197-82a4f4692968" testName="AISAM.IntegrationTests.PaymentServiceTests.HandleWebhookAsync_CreatesPaidBusinessWorkspaceExactlyOnce" computerName="DESKTOP-F8U90NP" duration="00:00:00.0120275" startTime="2026-09-04T17:06:01.9557857+07:00" endTime="2026-09-04T17:06:01.9557859+07:00" testType="13cdc9d9-ddb5-4fa4-a97d-d965ccfc6d4b" outcome="Passed" testListId="8c84fa94-04c1-424b-9868-57a2d4851a1d" relativeResultsDirectory="7e1ab2dd-a7b0-4f80-bf00-76735e99efd5" />
    <UnitTestResult executionId="4aff9ca1-8b62-4c9d-a870-f1485145e32f" testId="7768c943-a536-890b-c3fa-414589060ae3" testName="AISAM.IntegrationTests.PostsControllerTests.GetById_ReturnsServiceStatusCode_WhenPostBelongsToAnotherProfile" computerName="DESKTOP-F8U90NP" duration="00:00:00.0050199" startTime="2026-09-04T17:06:01.9065066+07:00" endTime="2026-09-04T17:06:01.9065066+07:00" testType="13cdc9d9-ddb5-4fa4-a97d-d965ccfc6d4b" outcome="Passed" testListId="8c84fa94-04c1-424b-9868-57a2d4851a1d" relativeResultsDirectory="4aff9ca1-8b62-4c9d-a870-f1485145e32f" />
    <UnitTestResult executionId="a0aa293a-4545-4cc7-9832-0ca34c0b95af" testId="3c8adda9-53fd-4411-8c67-f834757dbd92" testName="AISAM.IntegrationTests.WorkspaceServiceTests.GetByIdAsync_SynchronizesExpiredBusinessWorkspaceLifecycle" computerName="DESKTOP-F8U90NP" duration="00:00:00.0053223" startTime="2026-09-04T17:06:03.3719074+07:00" endTime="2026-09-04T17:06:03.3719077+07:00" testType="13cdc9d9-ddb5-4fa4-a97d-d965ccfc6d4b" outcome="Passed" testListId="8c84fa94-04c1-424b-9868-57a2d4851a1d" relativeResultsDirectory="a0aa293a-4545-4cc7-9832-0ca34c0b95af" />
    <UnitTestResult executionId="31832abc-75e8-41dd-899a-bc6e6fe859a5" testId="8b40b91b-8e21-b68a-e051-d5f9438f08f9" testName="AISAM.IntegrationTests.ActiveWorkspaceMiddlewareTests.InvokeAsync_ReturnsForbidden_WhenViewerWritesContent(path: &quot;/api/content/11111111-1111-1111-1111-111111111111/&quot;···, method: &quot;POST&quot;)" computerName="DESKTOP-F8U90NP" duration="00:00:00.0009104" startTime="2026-09-04T17:06:01.9649706+07:00" endTime="2026-09-04T17:06:01.9649708+07:00" testType="13cdc9d9-ddb5-4fa4-a97d-d965ccfc6d4b" outcome="Passed" testListId="8c84fa94-04c1-424b-9868-57a2d4851a1d" relativeResultsDirectory="31832abc-75e8-41dd-899a-bc6e6fe859a5" />
    <UnitTestResult executionId="b46f650b-90e2-4237-abc7-6d1b0661f74e" testId="8e1f4a24-9e0f-488b-e109-0465e13e749a" testName="AISAM.IntegrationTests.ActiveWorkspaceMiddlewareTests.InvokeAsync_ReturnsForbidden_WhenFreePlanUsesAiImageFeature" computerName="DESKTOP-F8U90NP" duration="00:00:00.0009393" startTime="2026-09-04T17:06:01.9860730+07:00" endTime="2026-09-04T17:06:01.9860731+07:00" testType="13cdc9d9-ddb5-4fa4-a97d-d965ccfc6d4b" outcome="Passed" testListId="8c84fa94-04c1-424b-9868-57a2d4851a1d" relativeResultsDirectory="b46f650b-90e2-4237-abc7-6d1b0661f74e" />
    <UnitTestResult executionId="8aa3f2b3-f835-42da-ab6b-dc04623cdb29" testId="48dc47c8-9bf8-9ce5-cad4-1278c7ff0f5e" testName="AISAM.IntegrationTests.InstagramProviderTests.PublishAsync_Reel_WaitsUntilFinishedThenPublishes" computerName="DESKTOP-F8U90NP" duration="00:00:00.0988531" startTime="2026-09-04T17:06:01.9547192+07:00" endTime="2026-09-04T17:06:01.9547192+07:00" testType="13cdc9d9-ddb5-4fa4-a97d-d965ccfc6d4b" outcome="Passed" testListId="8c84fa94-04c1-424b-9868-57a2d4851a1d" relativeResultsDirectory="8aa3f2b3-f835-42da-ab6b-dc04623cdb29" />
    <UnitTestResult executionId="577d61c9-2c49-4e50-9997-c823b2cdfc72" testId="d6b4a8fa-b61e-44a1-e8ef-e8d3e69ba476" testName="AISAM.IntegrationTests.ActiveWorkspaceMiddlewareTests.InvokeAsync_BlocksContentCreatorFromReviewingPublishingAndManagingSchedules(path: &quot;/api/content-schedules&quot;)" computerName="DESKTOP-F8U90NP" duration="00:00:00.0015437" startTime="2026-09-04T17:06:01.9613604+07:00" endTime="2026-09-04T17:06:01.9613606+07:00" testType="13cdc9d9-ddb5-4fa4-a97d-d965ccfc6d4b" outcome="Passed" testListId="8c84fa94-04c1-424b-9868-57a2d4851a1d" relativeResultsDirectory="577d61c9-2c49-4e50-9997-c823b2cdfc72" />
    <UnitTestResult executionId="16fe5829-ce3e-498b-acd7-660f45e0ed69" testId="c6f956b4-5bac-6499-591b-24fe0533c613" testName="AISAM.IntegrationTests.AIServiceTests.CheckVideoStatusAsync_CompletedResult_SavesUploadedVideoUrl" computerName="DESKTOP-F8U90NP" duration="00:00:00.3976517" startTime="2026-09-04T17:06:03.2067138+07:00" endTime="2026-09-04T17:06:03.2067140+07:00" testType="13cdc9d9-ddb5-4fa4-a97d-d965ccfc6d4b" outcome="Passed" testListId="8c84fa94-04c1-424b-9868-57a2d4851a1d" relativeResultsDirectory="16fe5829-ce3e-498b-acd7-660f45e0ed69" />
    <UnitTestResult executionId="caf49b6a-27c9-4573-a614-67cd47d02619" testId="21b2c412-cc8a-143e-be10-2c8930e7ada9" testName="AISAM.IntegrationTests.WorkspaceMemberControllerTests.Endpoints_UseActiveWorkspaceAndAuthenticatedUser" computerName="DESKTOP-F8U90NP" duration="00:00:00.0099666" startTime="2026-09-04T17:06:03.0019310+07:00" endTime="2026-09-04T17:06:03.0019313+07:00" testType="13cdc9d9-ddb5-4fa4-a97d-d965ccfc6d4b" outcome="Passed" testListId="8c84fa94-04c1-424b-9868-57a2d4851a1d" relativeResultsDirectory="caf49b6a-27c9-4573-a614-67cd47d02619" />
    <UnitTestResult executionId="00fa72ec-eca9-4b82-a903-dfa3fa7d721b" testId="dbfbc6ad-105c-92d2-712a-89cc5587a348" testName="AISAM.IntegrationTests.PaymentServiceTests.HandleWebhookAsync_CreditPackAddsCreditsWithoutChangingSubscription" computerName="DESKTOP-F8U90NP" duration="00:00:00.0068231" startTime="2026-09-04T17:06:01.9331539+07:00" endTime="2026-09-04T17:06:01.9331540+07:00" testType="13cdc9d9-ddb5-4fa4-a97d-d965ccfc6d4b" outcome="Passed" testListId="8c84fa94-04c1-424b-9868-57a2d4851a1d" relativeResultsDirectory="00fa72ec-eca9-4b82-a903-dfa3fa7d721b" />
    <UnitTestResult executionId="2e2cc0df-939a-4adf-a7c9-f241f044356c" testId="f923681b-6ca0-e440-9d3f-3366529c7518" testName="AISAM.IntegrationTests.PaymentServiceTests.HandleWebhookAsync_AcceptsPayOsSignature_WhenSignedDataContainsNullValue" computerName="DESKTOP-F8U90NP" duration="00:00:00.0223848" startTime="2026-09-04T17:06:01.9262639+07:00" endTime="2026-09-04T17:06:01.9262639+07:00" testType="13cdc9d9-ddb5-4fa4-a97d-d965ccfc6d4b" outcome="Passed" testListId="8c84fa94-04c1-424b-9868-57a2d4851a1d" relativeResultsDirectory="2e2cc0df-939a-4adf-a7c9-f241f044356c" />
    <UnitTestResult executionId="5f3802ba-b1e7-4c24-968d-55bf89d591f9" testId="d82364ac-0fb1-8702-3df4-0422346dfadd" testName="AISAM.IntegrationTests.WorkspaceInvitationServiceTests.InviteAsync_RejectsDuplicatePendingInvitation" computerName="DESKTOP-F8U90NP" duration="00:00:00.0531719" startTime="2026-09-04T17:06:03.2725760+07:00" endTime="2026-09-04T17:06:03.2725761+07:00" testType="13cdc9d9-ddb5-4fa4-a97d-d965ccfc6d4b" outcome="Passed" testListId="8c84fa94-04c1-424b-9868-57a2d4851a1d" relativeResultsDirectory="5f3802ba-b1e7-4c24-968d-55bf89d591f9" />
    <UnitTestResult executionId="75804c51-0c29-43e0-8bf1-f1c4be328144" testId="a03403b9-5ae6-d66c-8fbb-c10576aa5577" testName="AISAM.IntegrationTests.PromptEnhancerTests.EnhanceVideoPromptAsync_ReturnsEnhancedEnglishPrompt_WhenGeminiSucceeds" computerName="DESKTOP-F8U90NP" duration="00:00:00.0008477" startTime="2026-09-04T17:06:01.9638808+07:00" endTime="2026-09-04T17:06:01.9638809+07:00" testType="13cdc9d9-ddb5-4fa4-a97d-d965ccfc6d4b" outcome="Passed" testListId="8c84fa94-04c1-424b-9868-57a2d4851a1d" relativeResultsDirectory="75804c51-0c29-43e0-8bf1-f1c4be328144" />
    <UnitTestResult executionId="aa85ec75-266b-4f4e-9296-817c56c6e363" testId="ec84cbe0-54ed-bcd8-5646-24f135978b9f" testName="AISAM.IntegrationTests.ContentScheduleServiceTests.CreateAsync_CreatesPendingSchedule_WhenContentAndIntegrationBelongToProfile" computerName="DESKTOP-F8U90NP" duration="00:00:00.0017087" startTime="2026-09-04T17:06:03.1433793+07:00" endTime="2026-09-04T17:06:03.1433798+07:00" testType="13cdc9d9-ddb5-4fa4-a97d-d965ccfc6d4b" outcome="Passed" testListId="8c84fa94-04c1-424b-9868-57a2d4851a1d" relativeResultsDirectory="aa85ec75-266b-4f4e-9296-817c56c6e363" />
    <UnitTestResult executionId="690ebcb7-460c-4275-9746-46e2e0a7ea22" testId="a2e81877-825d-70af-b1e8-d80105a03dd2" testName="AISAM.IntegrationTests.NotificationServiceTests.GetUnreadCountAsync_ReturnsProfilesUnreadCount" computerName="DESKTOP-F8U90NP" duration="00:00:00.0012099" startTime="2026-09-04T17:06:01.9914639+07:00" endTime="2026-09-04T17:06:01.9914641+07:00" testType="13cdc9d9-ddb5-4fa4-a97d-d965ccfc6d4b" outcome="Passed" testListId="8c84fa94-04c1-424b-9868-57a2d4851a1d" relativeResultsDirectory="690ebcb7-460c-4275-9746-46e2e0a7ea22" />
    <UnitTestResult executionId="b7bd8a8e-4ce0-4d4f-8a99-15daca555ae3" testId="fa5b97e2-5310-aea2-91a3-515a18a30cc1" testName="AISAM.IntegrationTests.CreditServiceTests.ConsumeCreditsAsync_RejectsLifetimeAssignedMemberWhenLimitExceededEvenIfWorkspaceHasBalance" computerName="DESKTOP-F8U90NP" duration="00:00:00.0043780" startTime="2026-09-04T17:06:03.2224852+07:00" endTime="2026-09-04T17:06:03.2224854+07:00" testType="13cdc9d9-ddb5-4fa4-a97d-d965ccfc6d4b" outcome="Passed" testListId="8c84fa94-04c1-424b-9868-57a2d4851a1d" relativeResultsDirectory="b7bd8a8e-4ce0-4d4f-8a99-15daca555ae3" />
    <UnitTestResult executionId="0c2f003d-e66f-4f94-8b57-9f1cb42a0d8c" testId="8cc5ad64-f185-2373-4e9b-378add887566" testName="AISAM.IntegrationTests.PermissionHttpTests.SessionChange_InvalidatesExistingSignedToken(change: &quot;expired&quot;)" computerName="DESKTOP-F8U90NP" duration="00:00:00.1973264" startTime="2026-09-04T17:06:09.0033536+07:00" endTime="2026-09-04T17:06:09.0033538+07:00" testType="13cdc9d9-ddb5-4fa4-a97d-d965ccfc6d4b" outcome="Passed" testListId="8c84fa94-04c1-424b-9868-57a2d4851a1d" relativeResultsDirectory="0c2f003d-e66f-4f94-8b57-9f1cb42a0d8c" />
    <UnitTestResult executionId="f0a436a4-2aba-4807-a00b-e551d1ee3311" testId="cb919530-e3f1-abea-f898-0086b4cdfeba" testName="AISAM.IntegrationTests.GeminiTextClientTests.GenerateAsync_ReturnsTrimmedText_WhenGeminiResponseIsValid" computerName="DESKTOP-F8U90NP" duration="00:00:00.0076614" startTime="2026-09-04T17:06:03.0968112+07:00" endTime="2026-09-04T17:06:03.0968116+07:00" testType="13cdc9d9-ddb5-4fa4-a97d-d965ccfc6d4b" outcome="Passed" testListId="8c84fa94-04c1-424b-9868-57a2d4851a1d" relativeResultsDirectory="f0a436a4-2aba-4807-a00b-e551d1ee3311" />
    <UnitTestResult executionId="2099bf7e-6462-4b2f-8206-7e67aacf1d39" testId="a70ddbdf-19c5-e5df-033c-920b69d9ec68" testName="AISAM.IntegrationTests.AIServiceTests.ExtractGeneratedTitle_UsesCaptionFirstSentence_InsteadOfExplicitAiTitle_WhenNoUppercaseHeadline" computerName="DESKTOP-F8U90NP" duration="00:00:00.0002935" startTime="2026-09-04T17:06:03.2677055+07:00" endTime="2026-09-04T17:06:03.2677055+07:00" testType="13cdc9d9-ddb5-4fa4-a97d-d965ccfc6d4b" outcome="Passed" testListId="8c84fa94-04c1-424b-9868-57a2d4851a1d" relativeResultsDirectory="2099bf7e-6462-4b2f-8206-7e67aacf1d39" />
    <UnitTestResult executionId="1707d414-cbae-4f69-8de5-31aed4010306" testId="05b6d30a-c984-cfbf-cbe7-8a9d72380208" testName="AISAM.IntegrationTests.WorkspaceRepositoryTests.AddAsync_RejectsDuplicateMembershipInSameWorkspace" computerName="DESKTOP-F8U90NP" duration="00:00:00.0021916" startTime="2026-09-04T17:06:03.2751841+07:00" endTime="2026-09-04T17:06:03.2751844+07:00" testType="13cdc9d9-ddb5-4fa4-a97d-d965ccfc6d4b" outcome="Passed" testListId="8c84fa94-04c1-424b-9868-57a2d4851a1d" relativeResultsDirectory="1707d414-cbae-4f69-8de5-31aed4010306" />
    <UnitTestResult executionId="92f9e173-9639-49a4-a882-9aee5620c8af" testId="b8741a96-422f-a7be-e927-cdb2ae5648eb" testName="AISAM.IntegrationTests.WorkspaceServiceTests.CreateAsync_CreatesWorkspaceWithExactlyOneOwner" computerName="DESKTOP-F8U90NP" duration="00:00:00.0421243" startTime="2026-09-04T17:06:03.3664470+07:00" endTime="2026-09-04T17:06:03.3664474+07:00" testType="13cdc9d9-ddb5-4fa4-a97d-d965ccfc6d4b" outcome="Passed" testListId="8c84fa94-04c1-424b-9868-57a2d4851a1d" relativeResultsDirectory="92f9e173-9639-49a4-a882-9aee5620c8af" />
    <UnitTestResult executionId="922b6c7e-514b-4686-93ea-d4dcca366f8e" testId="b4a53208-641c-3acc-04f6-189cc02c2e99" testName="AISAM.IntegrationTests.AIControllerTests.Chat_ReturnsServiceStatusCode_WhenGeminiIsUnavailable" computerName="DESKTOP-F8U90NP" duration="00:00:00.0027835" startTime="2026-09-04T17:06:01.9805963+07:00" endTime="2026-09-04T17:06:01.9805963+07:00" testType="13cdc9d9-ddb5-4fa4-a97d-d965ccfc6d4b" outcome="Passed" testListId="8c84fa94-04c1-424b-9868-57a2d4851a1d" relativeResultsDirectory="922b6c7e-514b-4686-93ea-d4dcca366f8e" />
[...]
    <TestEntry testId="6138d70d-a56d-fc4f-af98-d45469a08809" executionId="217dd7ac-b2ab-4f2f-bcf4-4fa9e217be46" testListId="8c84fa94-04c1-424b-9868-57a2d4851a1d" />
    <TestEntry testId="8748a0d8-e34a-a9e6-e5ab-e057567043b2" executionId="d699ded0-1d5d-4cdb-ae3c-4a9a52e0fb07" testListId="8c84fa94-04c1-424b-9868-57a2d4851a1d" />
    <TestEntry testId="4eeb1e0a-dd39-547e-e83f-1b1eb4bd7a7e" executionId="dfaf0bdd-93af-4d57-8144-034af1632cbc" testListId="8c84fa94-04c1-424b-9868-57a2d4851a1d" />
    <TestEntry testId="73a0a6b1-82ad-7309-a91f-425fe0e97861" executionId="420be987-6238-41a9-bd23-7ab86273be91" testListId="8c84fa94-04c1-424b-9868-57a2d4851a1d" />
    <TestEntry testId="a896aea7-05a2-6931-a449-80cdaa11c4b7" executionId="a8c2a881-2981-4973-a32a-8419f842d552" testListId="8c84fa94-04c1-424b-9868-57a2d4851a1d" />
    <TestEntry testId="ecbac7c0-7541-a409-a33c-5cdbe1c53b81" executionId="6aab245e-b635-41dc-8010-5fb1ffe0afc0" testListId="8c84fa94-04c1-424b-9868-57a2d4851a1d" />
    <TestEntry testId="e8470eac-d4d4-1f5b-58a4-87503d15ce0a" executionId="32dd86e5-5701-4d49-978a-98703d590f1f" testListId="8c84fa94-04c1-424b-9868-57a2d4851a1d" />
    <TestEntry testId="9de321e4-d7a0-a09e-058b-966b9e365cbd" executionId="bb9a7482-03cc-443c-b494-9fa1417ee3d3" testListId="8c84fa94-04c1-424b-9868-57a2d4851a1d" />
    <TestEntry testId="02afb8a0-6e2c-3d85-003d-537809b0a5df" executionId="789f2f38-2e0d-4557-9e07-b8a78e33816a" testListId="8c84fa94-04c1-424b-9868-57a2d4851a1d" />
    <TestEntry testId="fb547726-2cf2-88b1-542c-a62d3cb84889" executionId="9216e0fe-10d3-4215-a8a7-a1a9f0d02301" testListId="8c84fa94-04c1-424b-9868-57a2d4851a1d" />
    <TestEntry testId="782752eb-45f4-e533-5cf2-280918bd8fcd" executionId="8855c37c-6f6e-401a-b181-bc956cd52be2" testListId="8c84fa94-04c1-424b-9868-57a2d4851a1d" />
    <TestEntry testId="b5231057-f66d-db6b-38dc-4df45386badc" executionId="e9264cda-19ad-42f2-b3ea-d48edde6f4b8" testListId="8c84fa94-04c1-424b-9868-57a2d4851a1d" />
    <TestEntry testId="81f030fb-f85a-a901-9946-4a247f3d621a" executionId="b4a274a5-07b6-416b-b2f4-07892a3da15b" testListId="8c84fa94-04c1-424b-9868-57a2d4851a1d" />
    <TestEntry testId="af90a7d3-afb3-9961-7ef0-7ad6f9a14839" executionId="5a679c07-69f2-45e0-8d11-ed8ef65e4fad" testListId="8c84fa94-04c1-424b-9868-57a2d4851a1d" />
    <TestEntry testId="7c0f16d6-b40f-b15e-6eec-815fdf3ffe83" executionId="d2e39647-3bea-4be9-8dfb-921b6b803678" testListId="8c84fa94-04c1-424b-9868-57a2d4851a1d" />
    <TestEntry testId="012effeb-9863-2723-3bc8-afbb5237629e" executionId="d1550c12-6e2b-424a-95c5-c09c9cf70663" testListId="8c84fa94-04c1-424b-9868-57a2d4851a1d" />
    <TestEntry testId="6a4ed56d-b62b-661d-1537-acdcf1f147c8" executionId="6e373592-2122-4923-a3a8-31de8470c0b2" testListId="8c84fa94-04c1-424b-9868-57a2d4851a1d" />
    <TestEntry testId="2969c757-8dec-ae10-8593-d6ab3223b8be" executionId="a215a294-ecbe-48aa-bb21-3cb0f6f2b351" testListId="8c84fa94-04c1-424b-9868-57a2d4851a1d" />
    <TestEntry testId="fab6ea3d-ee8a-ea74-502b-739e4a36761e" executionId="d6da4c06-19ca-4894-97e2-bb5d1d1867e5" testListId="8c84fa94-04c1-424b-9868-57a2d4851a1d" />
    <TestEntry testId="7111bbc3-460d-aaac-1ed1-9929d2e02fe1" executionId="745dae1a-2b97-477c-a612-4d31c32fffc9" testListId="8c84fa94-04c1-424b-9868-57a2d4851a1d" />
    <TestEntry testId="067584b0-39e4-dc05-8aa8-654bf2c5bf25" executionId="b62b34d0-e1cd-4f3d-b779-b4d1349bddfe" testListId="8c84fa94-04c1-424b-9868-57a2d4851a1d" />
    <TestEntry testId="84d3c274-9cbc-9b4c-420c-f720753411cc" executionId="0a447cc5-7fb1-473e-bd1f-5275ec868f5c" testListId="8c84fa94-04c1-424b-9868-57a2d4851a1d" />
    <TestEntry testId="9215a641-b5f1-0a9b-d62e-56906c197c66" executionId="86bafd9e-1dd1-4d6c-86a9-e96d9cf28fa3" testListId="8c84fa94-04c1-424b-9868-57a2d4851a1d" />
    <TestEntry testId="4a5898a0-b6d4-85ca-5588-79417fdf46cf" executionId="fb7e8d5a-31d3-4419-b354-bd3cc85acfd8" testListId="8c84fa94-04c1-424b-9868-57a2d4851a1d" />
    <TestEntry testId="a639e708-a0a5-e8e6-ad86-f29414fb683e" executionId="bccf0a42-9b25-41f9-a9d3-c426630cb949" testListId="8c84fa94-04c1-424b-9868-57a2d4851a1d" />
    <TestEntry testId="aa5e79e6-0486-3907-7401-f20d34b2bc1f" executionId="2e1d9c92-ec0b-4f19-bd9e-0a7df9a0b1f0" testListId="8c84fa94-04c1-424b-9868-57a2d4851a1d" />
    <TestEntry testId="d5669c6c-523b-20eb-71cb-54388e66a10b" executionId="4f95eeb4-8689-490a-8ca9-6cd8d9e0e36c" testListId="8c84fa94-04c1-424b-9868-57a2d4851a1d" />
    <TestEntry testId="2fde13de-9025-1b15-73e8-69972a290e99" executionId="c088d37e-e3ba-4877-8211-5a6737f8fae7" testListId="8c84fa94-04c1-424b-9868-57a2d4851a1d" />
    <TestEntry testId="8397fc4c-9cb0-be46-eae6-5e96eb12042d" executionId="e40d5afb-0042-4fb1-a537-8db64045207c" testListId="8c84fa94-04c1-424b-9868-57a2d4851a1d" />
    <TestEntry testId="b6fbea1d-7508-3d6f-97c9-1549a8fc62be" executionId="4f9cfa37-643a-4c20-a65a-af014fa1fad5" testListId="8c84fa94-04c1-424b-9868-57a2d4851a1d" />
    <TestEntry testId="4fd07a89-6a86-f34e-97f8-6206b997c087" executionId="9b26fdbd-dbcb-4f2c-a890-3de91dce30c8" testListId="8c84fa94-04c1-424b-9868-57a2d4851a1d" />
    <TestEntry testId="1de44543-12e1-d398-9f14-dd45267c33c7" executionId="89cb641d-a0d6-4283-b21b-a24328eb764b" testListId="8c84fa94-04c1-424b-9868-57a2d4851a1d" />
    <TestEntry testId="55703ffa-e372-6b98-9e0b-0fea11ed105e" executionId="78d31dda-4393-4887-8940-8fb06e1fc624" testListId="8c84fa94-04c1-424b-9868-57a2d4851a1d" />
    <TestEntry testId="d9b10d52-567f-1811-4b63-3ce616c601c9" executionId="12513c4a-9708-4a7e-9b56-2056e6deaeb1" testListId="8c84fa94-04c1-424b-9868-57a2d4851a1d" />
    <TestEntry testId="83b8f026-d624-e67b-8d47-0c364bbc350e" executionId="49e62743-4098-4378-a09d-76ff3090e1fa" testListId="8c84fa94-04c1-424b-9868-57a2d4851a1d" />
    <TestEntry testId="b6d7be73-47d0-44e6-fbee-51bc1cf8fe25" executionId="d7b5dc45-bc68-4024-bb7e-b06c2a8b7c59" testListId="8c84fa94-04c1-424b-9868-57a2d4851a1d" />
    <TestEntry testId="d92ab6c9-ba0d-b82a-7340-851da8d7ef19" executionId="3e005bb3-2b89-4879-8868-6285349f6d47" testListId="8c84fa94-04c1-424b-9868-57a2d4851a1d" />
    <TestEntry testId="8015f57e-c77e-c530-4da7-349d2f54ea2d" executionId="331e04b6-b183-436e-84cd-519c2d731ca0" testListId="8c84fa94-04c1-424b-9868-57a2d4851a1d" />
    <TestEntry testId="8286fad6-1ae1-7d99-763c-c46375cc859a" executionId="dfe5a593-22ff-4769-8b53-4b99e5af9f80" testListId="8c84fa94-04c1-424b-9868-57a2d4851a1d" />
    <TestEntry testId="3724496d-9c33-db56-0763-9c7c69c6d63d" executionId="23d4b43e-dfc9-4b4e-901a-a086d5c81b1b" testListId="8c84fa94-04c1-424b-9868-57a2d4851a1d" />
    <TestEntry testId="b9990326-ece5-0d87-e317-7ceaf733af39" executionId="83d6bf1b-0511-49f7-8d49-5641c38dade7" testListId="8c84fa94-04c1-424b-9868-57a2d4851a1d" />
    <TestEntry testId="b128285c-91e8-2f63-6d7c-48ddbdeb2b44" executionId="1e688003-61b4-4eac-b2d3-876e8a042176" testListId="8c84fa94-04c1-424b-9868-57a2d4851a1d" />
    <TestEntry testId="d5a170fc-cb22-0078-895c-b2b3d65b3ca5" executionId="b5daf16c-1f7f-4cb7-af1e-1143032d4967" testListId="8c84fa94-04c1-424b-9868-57a2d4851a1d" />
    <TestEntry testId="8fada356-5404-e8bf-6ed5-8735e5c616d6" executionId="dda46344-ddcd-47bb-971f-05861438b3fa" testListId="8c84fa94-04c1-424b-9868-57a2d4851a1d" />
    <TestEntry testId="f4db6ee6-bb27-1679-3863-b78452f0687c" executionId="a2a06e5e-77c5-451f-9d7d-fac698b32cfc" testListId="8c84fa94-04c1-424b-9868-57a2d4851a1d" />
    <TestEntry testId="8bd8ec0c-bb95-bd60-57db-5133d49d50d2" executionId="46fa8b36-f075-4521-8a01-d170f76dc8bf" testListId="8c84fa94-04c1-424b-9868-57a2d4851a1d" />
    <TestEntry testId="0d058870-b730-ea89-f27a-297398445081" executionId="1f1faa22-ead3-4f52-8e37-84a171378206" testListId="8c84fa94-04c1-424b-9868-57a2d4851a1d" />
    <TestEntry testId="1545a7b6-0de5-5d02-33d7-9c07c0e136d8" executionId="3779643d-f177-4ccb-9693-2b2e2b170441" testListId="8c84fa94-04c1-424b-9868-57a2d4851a1d" />
    <TestEntry testId="59c09c09-5df5-dd98-44ed-82a6ecf160d1" executionId="fc58a80d-b29a-49cc-b5f6-4a06a81f1b89" testListId="8c84fa94-04c1-424b-9868-57a2d4851a1d" />
    <TestEntry testId="1ed2b859-3bd8-1a19-c207-4fc8bd3b9f4d" executionId="e1c3740d-5b73-4cbf-9a6a-67752c090e4a" testListId="8c84fa94-04c1-424b-9868-57a2d4851a1d" />
    <TestEntry testId="6e09f47a-d6ea-18a0-0274-a25c5269de45" executionId="0eccb389-0a91-44d2-a84f-811b9fed1d20" testListId="8c84fa94-04c1-424b-9868-57a2d4851a1d" />
    <TestEntry testId="44aef806-f14e-65b5-b343-6622c0556ee7" executionId="22e7def4-31b0-4835-8281-42562de333c6" testListId="8c84fa94-04c1-424b-9868-57a2d4851a1d" />
    <TestEntry testId="0b31f4dd-a7d1-bd12-d9d6-b38043be72d3" executionId="a171d6d0-d649-4c79-abd8-ae871bd672ca" testListId="8c84fa94-04c1-424b-9868-57a2d4851a1d" />
    <TestEntry testId="7af4237c-279d-b51f-c353-938e43cb789c" executionId="c7f3b1c0-469f-41ee-a817-bfa30819bba7" testListId="8c84fa94-04c1-424b-9868-57a2d4851a1d" />
    <TestEntry testId="4172570a-541b-4b2f-c7a4-0e76329df644" executionId="c09cddf8-573a-4847-b0c9-b14c0510b001" testListId="8c84fa94-04c1-424b-9868-57a2d4851a1d" />
    <TestEntry testId="a48155b4-c5a6-b990-7ce7-222ee6fe9ddb" executionId="d7324881-d0da-4543-a08a-e73cd76742af" testListId="8c84fa94-04c1-424b-9868-57a2d4851a1d" />
    <TestEntry testId="80de22e5-ba87-3894-4c83-3794a4e5d4cd" executionId="16701db6-def7-4ae2-a393-684502e4dda4" testListId="8c84fa94-04c1-424b-9868-57a2d4851a1d" />
    <TestEntry testId="2c460500-7bdd-1e89-770f-04dffe41d8dc" executionId="343ac46e-f862-4655-99d7-f1b426411cb9" testListId="8c84fa94-04c1-424b-9868-57a2d4851a1d" />
    <TestEntry testId="dafc67e1-33ef-cce0-a18a-31fcaeffa7af" executionId="2b49a258-1b4d-435b-97ea-4228355db17d" testListId="8c84fa94-04c1-424b-9868-57a2d4851a1d" />
    <TestEntry testId="78c1cf46-6400-fc66-e8ff-f757bd21a0f3" executionId="f5d358c0-5da0-4741-99c6-d13b764e76e0" testListId="8c84fa94-04c1-424b-9868-57a2d4851a1d" />
    <TestEntry testId="ce6e4c2e-086a-1857-619d-646e24f91acf" executionId="ad0a4ac9-3c20-4386-b1bc-2ad8b952295f" testListId="8c84fa94-04c1-424b-9868-57a2d4851a1d" />
    <TestEntry testId="c271b9f0-1ef4-ff91-247e-4cf358225127" executionId="16a6fb15-9d3b-4a68-8ae0-a7ee4e6900aa" testListId="8c84fa94-04c1-424b-9868-57a2d4851a1d" />
    <TestEntry testId="1e720ca9-e17e-aa15-9acb-d4d360cd91ac" executionId="23c28b6c-3943-4c5b-a571-94016acabff7" testListId="8c84fa94-04c1-424b-9868-57a2d4851a1d" />
    <TestEntry testId="bcf9b6b4-7fdc-28aa-b2e9-f3044c37a89f" executionId="e87bfcef-e6da-4748-92bf-22c71e6f41b0" testListId="8c84fa94-04c1-424b-9868-57a2d4851a1d" />
    <TestEntry testId="4885fdf4-b44b-a993-fad7-41270d1a0f9e" executionId="a14d36ad-a58b-4926-b11b-c9b422a4581b" testListId="8c84fa94-04c1-424b-9868-57a2d4851a1d" />
    <TestEntry testId="6c8ee082-d732-1ccb-72ab-8aa8938f3fa6" executionId="1a79806d-a99f-4278-8f9f-599d9c74281d" testListId="8c84fa94-04c1-424b-9868-57a2d4851a1d" />
    <TestEntry testId="b52b12a4-3790-0fa2-a94c-57f027d142d1" executionId="5809958c-2d81-4080-9723-f66adf388e5f" testListId="8c84fa94-04c1-424b-9868-57a2d4851a1d" />
    <TestEntry testId="e890d247-2e29-bbb7-2b4b-df43fe4e03ee" executionId="5775448f-534c-4442-abc2-0e1555d76da3" testListId="8c84fa94-04c1-424b-9868-57a2d4851a1d" />
    <TestEntry testId="b3542913-11d8-1edb-214c-929c8e02134f" executionId="d793b7eb-bc88-449e-87ea-c8e596c842c6" testListId="8c84fa94-04c1-424b-9868-57a2d4851a1d" />
    <TestEntry testId="3319c657-ac6d-b24a-f06d-2427635b2015" executionId="a1da4189-d2ee-4129-ae39-2a77f3eaf294" testListId="8c84fa94-04c1-424b-9868-57a2d4851a1d" />
    <TestEntry testId="8920a5c4-d137-3c5b-e123-c30b1b9fc408" executionId="28b9c854-9929-4086-bfcb-9fe534dbbb17" testListId="8c84fa94-04c1-424b-9868-57a2d4851a1d" />
    <TestEntry testId="471af0d8-8e0f-6cf0-527f-fdb484177d42" executionId="08c0afb0-e209-4d8d-baa2-e136f23230d0" testListId="8c84fa94-04c1-424b-9868-57a2d4851a1d" />
    <TestEntry testId="5e783c98-0fe9-e203-c883-7735964ff0fa" executionId="51b79b85-1cad-4f1b-909f-511fa88badf9" testListId="8c84fa94-04c1-424b-9868-57a2d4851a1d" />
    <TestEntry testId="942ea93e-f895-53b0-3be5-6e66900c370c" executionId="a9bedd7d-4fcb-4e60-8607-4da524817d4a" testListId="8c84fa94-04c1-424b-9868-57a2d4851a1d" />
    <TestEntry testId="02a8c599-26a5-0889-e4c0-a5b266a088c6" executionId="2da1dad6-24e1-4ea3-b1ba-98c382e73e25" testListId="8c84fa94-04c1-424b-9868-57a2d4851a1d" />
    <TestEntry testId="7996558b-afec-9662-f4bf-be050b26372e" executionId="ca32696d-802b-46b3-8058-03d8604a56fe" testListId="8c84fa94-04c1-424b-9868-57a2d4851a1d" />
    <TestEntry testId="b36edde6-2b7e-3eda-4ba2-51dc5895490e" executionId="54d70a38-d8a0-49d2-8f44-cf171416dca5" testListId="8c84fa94-04c1-424b-9868-57a2d4851a1d" />
    <TestEntry testId="fba7ef95-4d02-63d1-bb3a-77a4ad931313" executionId="30c9b4da-f082-4293-b18b-bbe17307dcea" testListId="8c84fa94-04c1-424b-9868-57a2d4851a1d" />
    <TestEntry testId="b80f42f3-f3a0-b521-af7f-7d65056239e8" executionId="f080e4d7-142b-48d1-83e8-fd578fe9fe8d" testListId="8c84fa94-04c1-424b-9868-57a2d4851a1d" />
    <TestEntry testId="86c6cc22-9c9e-3918-8826-5f78e8b081e7" executionId="dbcb539d-abd5-4da5-88ab-7492495e6617" testListId="8c84fa94-04c1-424b-9868-57a2d4851a1d" />
    <TestEntry testId="6b8b844a-5a8b-1837-e8e8-7f94d6068d44" executionId="e83423f5-e278-4f94-9ba0-f88bc2f10445" testListId="8c84fa94-04c1-424b-9868-57a2d4851a1d" />
    <TestEntry testId="ad54bc10-f43f-80d3-dd15-657ca31cf12d" executionId="6d751b70-c158-4494-a36a-64e0299da625" testListId="8c84fa94-04c1-424b-9868-57a2d4851a1d" />
    <TestEntry testId="ae3a5065-f15d-629c-55fc-ce6af7736779" executionId="08570034-d308-43a7-8c92-314f6d8c1701" testListId="8c84fa94-04c1-424b-9868-57a2d4851a1d" />
    <TestEntry testId="34816176-e6fc-c466-bd23-241ec843d506" executionId="ddb7a2bb-b73d-43c7-9339-45a5bcb52e37" testListId="8c84fa94-04c1-424b-9868-57a2d4851a1d" />
    <TestEntry testId="57ce4ff7-192c-075c-d664-760154dbbf10" executionId="22096f79-f583-4bec-83c2-e8d67ca6bcb9" testListId="8c84fa94-04c1-424b-9868-57a2d4851a1d" />
    <TestEntry testId="3822e406-80f8-411a-7636-993881a2a518" executionId="2d744bec-a2d0-4f0b-ad20-9c9748f4c38d" testListId="8c84fa94-04c1-424b-9868-57a2d4851a1d" />
  </TestEntries>
  <TestLists>
    <TestList name="Results Not in a List" id="8c84fa94-04c1-424b-9868-57a2d4851a1d" />
    <TestList name="All Loaded Results" id="19431567-8539-422a-85d7-44ee4e166bda" />
  </TestLists>
  <ResultSummary outcome="Completed">
    <Counters total="477" executed="477" passed="477" failed="0" error="0" timeout="0" aborted="0" inconclusive="0" passedButRunAborted="0" notRunnable="0" notExecuted="0" disconnected="0" warning="0" completed="0" inProgress="0" pending="0" />
    <Output>
      <StdOut>[xUnit.net 00:00:00.00] xUnit.net VSTest Adapter v2.5.3.1+6b60a9e56a (64-bit .NET 8.0.20)&#xD;
[xUnit.net 00:00:00.10]   Discovering: AISAM.IntegrationTests&#xD;
[xUnit.net 00:00:00.20]   Discovered:  AISAM.IntegrationTests&#xD;
[xUnit.net 00:00:00.20]   Starting:    AISAM.IntegrationTests&#xD;
[AIService.ChatInternalAsync] profileId=ee22e4fb-fee9-4850-b5cb-9011692d85df, workspaceId=57e51573-7b9c-4d04-91aa-33b9716400e6, userId=4963853d-b6c5-4778-8fc4-31bc68ab6f91, message=User message&#xD;
[AIService.ChatInternalAsync] User message saved. ConversationId=ee58c2bc-1a16-45d4-a36b-d1d4dbfcdb94&#xD;
[AIService.ChatInternalAsync] Parsed AI intent=, effectiveIntent=. ConversationId=ee58c2bc-1a16-45d4-a36b-d1d4dbfcdb94&#xD;
[AIService.ChatInternalAsync] Attempting to deduct credits. workspaceId=57e51573-7b9c-4d04-91aa-33b9716400e6, userId=4963853d-b6c5-4778-8fc4-31bc68ab6f91&#xD;
[AIService.ChatInternalAsync] Credit deduction result: success=False, message=Workspace does not have enough credits.&#xD;
[AIService.ChatInternalAsync] profileId=c1c6f724-b439-4182-8ad7-1f8646175fcb, workspaceId=7d116be1-ac56-4b90-a0cb-9ae4bf3d0509, userId=2472ab62-8a26-4bc1-ade7-52fa972247f6, message=User message&#xD;
[AIService.ChatInternalAsync] User message saved. ConversationId=e2beeb84-d859-4eed-9b71-879189ae36b3&#xD;
[AIService.ChatInternalAsync] Parsed AI intent=, effectiveIntent=. ConversationId=e2beeb84-d859-4eed-9b71-879189ae36b3&#xD;
[AIService.ChatInternalAsync] Attempting to deduct credits. workspaceId=7d116be1-ac56-4b90-a0cb-9ae4bf3d0509, userId=2472ab62-8a26-4bc1-ade7-52fa972247f6&#xD;
[AIService.ChatInternalAsync] Credit deduction result: success=True, message=Operation successful&#xD;
[AIService.ChatInternalAsync] profileId=8ee55f21-e683-44a0-87fb-213544cbed20, workspaceId=656b310e-26c0-485d-99d9-afa566a7de73, userId=dc6508e6-1054-4522-85ed-adf6e6e3f954, message=Xin chao, noi tieng Viet duoc khong?&#xD;
[AIService.ChatInternalAsync] User message saved. ConversationId=69ac6866-fd5c-4498-8922-e4d7e470da5e&#xD;
[AIService.ChatInternalAsync] Parsed AI intent=chat, effectiveIntent=chat. ConversationId=69ac6866-fd5c-4498-8922-e4d7e470da5e&#xD;
[AIService.ChatInternalAsync] Attempting to deduct credits. workspaceId=656b310e-26c0-485d-99d9-afa566a7de73, userId=dc6508e6-1054-4522-85ed-adf6e6e3f954&#xD;
[AIService.ChatInternalAsync] Credit deduction result: success=True, message=Operation successful&#xD;
[AIService.ChatInternalAsync] profileId=d908fa3f-b22a-4ea2-a465-59392ff9e747, workspaceId=c3f5e45f-10cf-47a7-ad5a-303b782ab1da, userId=7e7bf879-3d62-4c3c-a5c9-509f1d82d566, message=User message&#xD;
[AIService.ChatInternalAsync] User message saved. ConversationId=7a3c9cc7-f29d-4761-be3c-4ba950deae9e&#xD;
[AIService.ChatInternalAsync] Exception: Gemini API key is not configured.&#xD;
[AIService.ChatInternalAsync] profileId=dcbafa83-38b2-4a9d-8029-d4af99a93d9a, workspaceId=dcbafa83-38b2-4a9d-8029-d4af99a93d9a, userId=69960f25-bbdc-46b9-9ea3-cd35e849d16e, message=User message&#xD;
[AIService.ChatInternalAsync] User message saved. ConversationId=23447888-c975-439c-894e-787b7eb053ab&#xD;
[AIService.ChatInternalAsync] Parsed AI intent=, effectiveIntent=. ConversationId=23447888-c975-439c-894e-787b7eb053ab&#xD;
[AIService.ChatInternalAsync] Attempting to deduct credits. workspaceId=dcbafa83-38b2-4a9d-8029-d4af99a93d9a, userId=69960f25-bbdc-46b9-9ea3-cd35e849d16e&#xD;
[AIService.ChatInternalAsync] Credit deduction result: success=True, message=Operation successful&#xD;
[AIService.ChatInternalAsync] profileId=776a5905-fb0f-469f-9023-195cfc6c3e2b, workspaceId=de67619e-8c03-4db6-897b-7d379ad8eb04, userId=017f3ad0-0207-4c35-b462-f7c4b033c834, message=Hay xem thong tin san pham hien tai.&#xD;
[AIService.ChatInternalAsync] User message saved. ConversationId=8e8db164-0ac6-4b2d-8bc8-baf282f1d1c6&#xD;
[AIService.ChatInternalAsync] Parsed AI intent=chat, effectiveIntent=chat. ConversationId=8e8db164-0ac6-4b2d-8bc8-baf282f1d1c6&#xD;
[AIService.ChatInternalAsync] Attempting to deduct credits. workspaceId=de67619e-8c03-4db6-897b-7d379ad8eb04, userId=017f3ad0-0207-4c35-b462-f7c4b033c834&#xD;
[AIService.ChatInternalAsync] Credit deduction result: success=True, message=Operation successful&#xD;
[AIService.ChatInternalAsync] profileId=6dbdba6e-1bd7-46c7-a4a6-3a4af95fc216, workspaceId=8cb599b8-e609-40f1-85f1-178bdc7ffcd1, userId=18113510-cf69-4011-9cde-31dd9975ff39, message=Viet cho toi mot bai quang cao.&#xD;
[AIService.ChatInternalAsync] User message saved. ConversationId=548f785d-220b-477e-a494-9c1a860fdaf5&#xD;
[AIService.ChatInternalAsync] Parsed AI intent=content, effectiveIntent=content. ConversationId=548f785d-220b-477e-a494-9c1a860fdaf5&#xD;
[AIService.ChatInternalAsync] Attempting to deduct credits. workspaceId=8cb599b8-e609-40f1-85f1-178bdc7ffcd1, userId=18113510-cf69-4011-9cde-31dd9975ff39&#xD;
[AIService.ChatInternalAsync] Credit deduction result: success=True, message=Operation successful&#xD;
[AIService.ChatInternalAsync] profileId=14dda0f9-d486-47c3-ac77-9ec0d5777400, workspaceId=, userId=, message=User message&#xD;
[xUnit.net 00:00:07.85]   Finished:    AISAM.IntegrationTests&#xD;
</StdOut>
    </Output>
  </ResultSummary>
</TestRun>